PLINK v2.00a3LM 64-bit Intel (20 Apr 2021)
Options in effect:
  --bfile ./input/nfam_100_nindep_0_step1_includeMoreRareVariants_poly_22chr
  --keep ./input/nfam_100_nindep_0_step1_includeMoreRareVariants_poly_22chr_400.fam
  --make-bed
  --out ./input/nfam_100_nindep_0_step1_includeMoreRareVariants_poly_22chr_400_temp

Hostname: mendel
Working directory: /net/hunt/zhowei/project/imbalancedCaseCtrlMixedModel/Rpackage_SPAGMMAT/SAIGE_newgit/SAIGE_1.1.3/SAIGE/extdata
Start time: Tue Aug  9 21:46:04 2022

Random number seed: 1660095964
257569 MiB RAM detected; reserving 128784 MiB for main workspace.
Allocated 54330 MiB successfully, after larger attempt(s) failed.
Using up to 88 threads (change this with --threads).
1000 samples (0 females, 0 males, 1000 ambiguous; 1000 founders) loaded from
./input/nfam_100_nindep_0_step1_includeMoreRareVariants_poly_22chr.fam.
128868 variants loaded from
./input/nfam_100_nindep_0_step1_includeMoreRareVariants_poly_22chr.bim.
Note: No phenotype data present.
--keep: 400 samples remaining.
400 samples (0 females, 0 males, 400 ambiguous; 400 founders) remaining after
main filters.
Writing
./input/nfam_100_nindep_0_step1_includeMoreRareVariants_poly_22chr_400_temp.fam
... done.
Writing
./input/nfam_100_nindep_0_step1_includeMoreRareVariants_poly_22chr_400_temp.bim
... done.
Writing
./input/nfam_100_nindep_0_step1_includeMoreRareVariants_poly_22chr_400_temp.bed
... done.

End time: Tue Aug  9 21:46:04 2022
