Loading required package: optparse
R version 4.2.0 (2022-04-22)
Platform: x86_64-pc-linux-gnu (64-bit)
Running under: Ubuntu 18.04.5 LTS

Matrix products: default
BLAS:   /usr/lib/x86_64-linux-gnu/openblas/libblas.so.3
LAPACK: /usr/lib/x86_64-linux-gnu/libopenblasp-r0.2.20.so

locale:
 [1] LC_CTYPE=en_US.UTF-8       LC_NUMERIC=C              
 [3] LC_TIME=en_US.UTF-8        LC_COLLATE=en_US.UTF-8    
 [5] LC_MONETARY=en_US.UTF-8    LC_MESSAGES=en_US.UTF-8   
 [7] LC_PAPER=en_US.UTF-8       LC_NAME=C                 
 [9] LC_ADDRESS=C               LC_TELEPHONE=C            
[11] LC_MEASUREMENT=en_US.UTF-8 LC_IDENTIFICATION=C       

attached base packages:
[1] stats     graphics  grDevices utils     datasets  methods   base     

other attached packages:
[1] optparse_1.7.1 SAIGE_1.1.4   

loaded via a namespace (and not attached):
[1] compiler_4.2.0     Matrix_1.4-1       Rcpp_1.0.7         getopt_1.20.3     
[5] grid_4.2.0         data.table_1.14.2  RcppParallel_5.0.2 lattice_0.20-45   
$plinkFile
[1] ""

$bedFile
[1] ""

$bimFile
[1] ""

$famFile
[1] ""

$phenoFile
[1] "./GMMAT_pheno.txt"

$phenoCol
[1] "disease"

$traitType
[1] "binary"

$invNormalize
[1] FALSE

$covarColList
[1] "age,sex"

$longlCol
[1] ""

$qCovarColList
[1] ""

$sampleIDColinphenoFile
[1] "id"

$tol
[1] 0.02

$maxiter
[1] 20

$tolPCG
[1] 1e-05

$maxiterPCG
[1] 500

$nThreads
[1] 1

$SPAcutoff
[1] 2

$numRandomMarkerforVarianceRatio
[1] 30

$skipModelFitting
[1] FALSE

$skipVarianceRatioEstimation
[1] TRUE

$memoryChunk
[1] 2

$tauInit
[1] "0,0"

$LOCO
[1] TRUE

$isLowMemLOCO
[1] FALSE

$traceCVcutoff
[1] 0.0025

$nrun
[1] 30

$ratioCVcutoff
[1] 0.001

$outputPrefix
[1] "GMMAT_binary_multiV_1.1.4"

$outputPrefix_varRatio
[1] ""

$IsOverwriteVarianceRatioFile
[1] FALSE

$sparseGRMFile
[1] "./GMMAT_GRM.mtx"

$sparseGRMSampleIDFile
[1] "./GMMAT_sampleID.txt"

$isCateVarianceRatio
[1] FALSE

$relatednessCutoff
[1] 0

$cateVarRatioMinMACVecExclude
[1] "10,20.5"

$cateVarRatioMaxMACVecInclude
[1] "20.5"

$isCovariateTransform
[1] FALSE

$isDiagofKinSetAsOne
[1] FALSE

$useSparseGRMtoFitNULL
[1] TRUE

$useSparseGRMforVarRatio
[1] FALSE

$minMAFforGRM
[1] 0.01

$maxMissingRateforGRM
[1] 0.15

$minCovariateCount
[1] -1

$includeNonautoMarkersforVarRatio
[1] FALSE

$FemaleOnly
[1] FALSE

$MaleOnly
[1] FALSE

$sexCol
[1] ""

$FemaleCode
[1] "1"

$MaleCode
[1] "0"

$isCovariateOffset
[1] FALSE

$SampleIDIncludeFile
[1] ""

$VmatFilelist
[1] ""

$VmatSampleFilelist
[1] ""

$help
[1] FALSE

tauInit  is  0 0 
cateVarRatioMinMACVecExclude  is  10 20.5 
cateVarRatioMaxMACVecInclude  is  20.5 
Sparse GRM is used to fit the null model and plink file is not specified, so variance ratios won't be estimated
Variance ratio estimation will be skipped
.Leave-one-chromosome-out is not applied
400  samples are in the sparse GRM
formula is  disease~age+sex 
400  samples have non-missing phenotypes
[1] "Test"
    IID X.Intercept. age sex disease IndexPheno IndexGeno
1     1            1  61   0       1          1         1
112   2            1  50   1       1          2         2
223   3            1  54   0       0          3         3
334   4            1  48   1       1          4         4
346   5            1  49   0       1          5         5
357   6            1  50   1       0          6         6
400  samples in geno file do not have phenotypes
0  samples will be used for analysis
[1] "Test3"
    IID X.Intercept. age sex disease IndexPheno IndexGeno
1     1            1  61   0       1          1         1
112   2            1  50   1       1          2         2
223   3            1  54   0       0          3         3
334   4            1  48   1       1          4         4
346   5            1  49   0       1          5         5
357   6            1  50   1       0          6         6
[1] "Test4"
    IID X.Intercept. age sex disease IndexPheno IndexGeno
1     1            1  61   0       1          1         1
112   2            1  50   1       1          2         2
223   3            1  54   0       0          3         3
334   4            1  48   1       1          4         4
346   5            1  49   0       1          5         5
357   6            1  50   1       0          6         6
extract sparse GRM
[1] 160000
set elements in the sparse GRM <=  0  to zero
400  samples have been used to fit the glmm null model
Markers in the Plink file with MAF <  0.01  will be removed before constructing GRM
Markers in the Plink file with missing rate >  0.15  will be removed before constructing GRM
disease  is a binary trait
[1] "formula.new"
disease ~ age + sex
<environment: 0x5611131bd798>
[1] "head(data.new)"
    IID X.Intercept. age sex disease IndexPheno IndexGeno covoffset
1     1            1  61   0       1          1         1         0
112   2            1  50   1       1          2         2         0
223   3            1  54   0       0          3         3         0
334   4            1  48   1       1          4         4         0
346   5            1  49   0       1          5         5         0
357   6            1  50   1       0          6         6         0
glm:

Call:  glm(formula = formula.new, family = binomial, data = data.new)

Coefficients:
(Intercept)          age          sex  
   0.382356    -0.006742    -0.085932  

Degrees of Freedom: 399 Total (i.e. Null);  397 Residual
Null Deviance:	    554.5 
Residual Deviance: 554.2 	AIC: 560.2
Start fitting the NULL GLMM
   user  system elapsed 
  1.252   0.125   1.384 
   user  system elapsed 
  1.340   0.125   1.472 
[1] "Start reading genotype plink file here"
Error! fam file not open!time: 0.088
[1] "Genotype reading is done"
tauInit[1] 0 0
fixtau  1 0 
tauInit  1 0 
inital tau is  1 0.1 
[1] "tau"
[1] 1.0 0.1
use sparse kinship to fit the model 
tauVec(0) 1
after Sigma_iY
use sparse kinship to fit the model 
tauVec(0) 1
use sparse kinship to fit the model 
tauVec(0) 1
use sparse kinship to fit the model 
tauVec(0) 1
Tau:
[1] 1.0 0.1
Fixed-effect coefficients:
             [,1]
[1,]  0.417619646
[2,] -0.006695113
[3,] -0.085788473
[1] "y[1]"
1 
1 
[1] "y[2]"
112 
  1 
[1] "alpha"
             [,1]
[1,]  0.417619646
[2,] -0.006695113
[3,] -0.085788473
k1 2
use sparse kinship to fit the model 
tauVec(0) 1
AI
         0         0
         0   67.6372
idxtau
        1
use sparse kinship to fit the model 
tauVec(0) 1
use sparse kinship to fit the model 
tauVec(0) 1
use sparse kinship to fit the model 
tauVec(0) 1
use sparse kinship to fit the model 
tauVec(0) 1
use sparse kinship to fit the model 
tauVec(0) 1
use sparse kinship to fit the model 
tauVec(0) 1
use sparse kinship to fit the model 
tauVec(0) 1
use sparse kinship to fit the model 
tauVec(0) 1
use sparse kinship to fit the model 
tauVec(0) 1
use sparse kinship to fit the model 
tauVec(0) 1
use sparse kinship to fit the model 
tauVec(0) 1
use sparse kinship to fit the model 
tauVec(0) 1
use sparse kinship to fit the model 
tauVec(0) 1
use sparse kinship to fit the model 
tauVec(0) 1
use sparse kinship to fit the model 
tauVec(0) 1
use sparse kinship to fit the model 
tauVec(0) 1
use sparse kinship to fit the model 
tauVec(0) 1
use sparse kinship to fit the model 
tauVec(0) 1
use sparse kinship to fit the model 
tauVec(0) 1
use sparse kinship to fit the model 
tauVec(0) 1
use sparse kinship to fit the model 
tauVec(0) 1
use sparse kinship to fit the model 
tauVec(0) 1
use sparse kinship to fit the model 
tauVec(0) 1
use sparse kinship to fit the model 
tauVec(0) 1
use sparse kinship to fit the model 
tauVec(0) 1
use sparse kinship to fit the model 
tauVec(0) 1
use sparse kinship to fit the model 
tauVec(0) 1
use sparse kinship to fit the model 
tauVec(0) 1
use sparse kinship to fit the model 
tauVec(0) 1
use sparse kinship to fit the model 
tauVec(0) 1
dim temp_mat_update30 1
YPAPY_update
   1.0119e+02
Trace
   87.7469
[1] "tau0_q2 a"
[1] 0.1
[1] "idxtau"
[1] 2
[1] "re$YPAPY"
         [,1]
[1,] 101.1889
[1] "re$Trace"
         [,1]
[1,] 87.74694
Variance component estimates:
[1] 1.000000 0.100336

Iteration  1 1 0.100336 :
tau0_v1:  1 0.100336 
use sparse kinship to fit the model 
tauVec(0) 1
after Sigma_iY
use sparse kinship to fit the model 
tauVec(0) 1
use sparse kinship to fit the model 
tauVec(0) 1
use sparse kinship to fit the model 
tauVec(0) 1
Tau:
[1] 1.000000 0.100336
Fixed-effect coefficients:
             [,1]
[1,]  0.417729795
[2,] -0.006695353
[3,] -0.085787646
[1] "y[1]"
1 
1 
[1] "y[2]"
112 
  1 
[1] "alpha"
             [,1]
[1,]  0.417729795
[2,] -0.006695353
[3,] -0.085787646
t_end_Get_Coef - t_begin_Get_Coef
   user  system elapsed 
  0.035   0.000   0.034 
k1 2
use sparse kinship to fit the model 
tauVec(0) 1
AI
         0         0
         0   67.5081
idxtau
        1
use sparse kinship to fit the model 
tauVec(0) 1
use sparse kinship to fit the model 
tauVec(0) 1
use sparse kinship to fit the model 
tauVec(0) 1
use sparse kinship to fit the model 
tauVec(0) 1
use sparse kinship to fit the model 
tauVec(0) 1
use sparse kinship to fit the model 
tauVec(0) 1
use sparse kinship to fit the model 
tauVec(0) 1
use sparse kinship to fit the model 
tauVec(0) 1
use sparse kinship to fit the model 
tauVec(0) 1
use sparse kinship to fit the model 
tauVec(0) 1
use sparse kinship to fit the model 
tauVec(0) 1
use sparse kinship to fit the model 
tauVec(0) 1
use sparse kinship to fit the model 
tauVec(0) 1
use sparse kinship to fit the model 
tauVec(0) 1
use sparse kinship to fit the model 
tauVec(0) 1
use sparse kinship to fit the model 
tauVec(0) 1
use sparse kinship to fit the model 
tauVec(0) 1
use sparse kinship to fit the model 
tauVec(0) 1
use sparse kinship to fit the model 
tauVec(0) 1
use sparse kinship to fit the model 
tauVec(0) 1
use sparse kinship to fit the model 
tauVec(0) 1
use sparse kinship to fit the model 
tauVec(0) 1
use sparse kinship to fit the model 
tauVec(0) 1
use sparse kinship to fit the model 
tauVec(0) 1
use sparse kinship to fit the model 
tauVec(0) 1
use sparse kinship to fit the model 
tauVec(0) 1
use sparse kinship to fit the model 
tauVec(0) 1
use sparse kinship to fit the model 
tauVec(0) 1
use sparse kinship to fit the model 
tauVec(0) 1
use sparse kinship to fit the model 
tauVec(0) 1
dim temp_mat_update30 1
YPAPY_update
   1.0115e+02
Trace
   87.7363
YPAPY
   1.0115e+02
Trace
   87.7363
score
   13.4100
Dtau
   0.1986
score1
   13.4100
AI1
   67.5081
k1 2
fixtauVec
        1
        0
i 0
i 1
Dtau_k1
        0
   0.1986
t_end_fitglmmaiRPCG - t_begin_fitglmmaiRPCG
   user  system elapsed 
  0.263   0.016   0.281 
[1] 0.0000000 0.4737312
tau:  1 0.2989784 
tau0:  1 0.100336 

Iteration  2 1 0.2989784 :
tau0_v1:  1 0.2989784 
use sparse kinship to fit the model 
tauVec(0) 1
after Sigma_iY
use sparse kinship to fit the model 
tauVec(0) 1
use sparse kinship to fit the model 
tauVec(0) 1
use sparse kinship to fit the model 
tauVec(0) 1
Tau:
[1] 1.0000000 0.2989784
Fixed-effect coefficients:
             [,1]
[1,]  0.463652283
[2,] -0.006776734
[3,] -0.086140826
[1] "y[1]"
1 
1 
[1] "y[2]"
112 
  1 
[1] "alpha"
             [,1]
[1,]  0.463652283
[2,] -0.006776734
[3,] -0.086140826
t_end_Get_Coef - t_begin_Get_Coef
   user  system elapsed 
  0.031   0.004   0.035 
k1 2
use sparse kinship to fit the model 
tauVec(0) 1
AI
         0         0
         0   31.1553
idxtau
        1
use sparse kinship to fit the model 
tauVec(0) 1
use sparse kinship to fit the model 
tauVec(0) 1
use sparse kinship to fit the model 
tauVec(0) 1
use sparse kinship to fit the model 
tauVec(0) 1
use sparse kinship to fit the model 
tauVec(0) 1
use sparse kinship to fit the model 
tauVec(0) 1
use sparse kinship to fit the model 
tauVec(0) 1
use sparse kinship to fit the model 
tauVec(0) 1
use sparse kinship to fit the model 
tauVec(0) 1
use sparse kinship to fit the model 
tauVec(0) 1
use sparse kinship to fit the model 
tauVec(0) 1
use sparse kinship to fit the model 
tauVec(0) 1
use sparse kinship to fit the model 
tauVec(0) 1
use sparse kinship to fit the model 
tauVec(0) 1
use sparse kinship to fit the model 
tauVec(0) 1
use sparse kinship to fit the model 
tauVec(0) 1
use sparse kinship to fit the model 
tauVec(0) 1
use sparse kinship to fit the model 
tauVec(0) 1
use sparse kinship to fit the model 
tauVec(0) 1
use sparse kinship to fit the model 
tauVec(0) 1
use sparse kinship to fit the model 
tauVec(0) 1
use sparse kinship to fit the model 
tauVec(0) 1
use sparse kinship to fit the model 
tauVec(0) 1
use sparse kinship to fit the model 
tauVec(0) 1
use sparse kinship to fit the model 
tauVec(0) 1
use sparse kinship to fit the model 
tauVec(0) 1
use sparse kinship to fit the model 
tauVec(0) 1
use sparse kinship to fit the model 
tauVec(0) 1
use sparse kinship to fit the model 
tauVec(0) 1
use sparse kinship to fit the model 
tauVec(0) 1
dim temp_mat_update30 1
YPAPY_update
   84.0246
Trace
   82.2221
YPAPY
   84.0246
Trace
   82.2221
score
   1.8024
Dtau
   0.0579
score1
   1.8024
AI1
   31.1553
k1 2
fixtauVec
        1
        0
i 0
i 1
Dtau_k1
        0
   0.0579
t_end_fitglmmaiRPCG - t_begin_fitglmmaiRPCG
   user  system elapsed 
  0.265   0.008   0.273 
[1] 0.00000000 0.08560462
tau:  1 0.3568308 
tau0:  1 0.2989784 

Iteration  3 1 0.3568308 :
tau0_v1:  1 0.3568308 
use sparse kinship to fit the model 
tauVec(0) 1
after Sigma_iY
use sparse kinship to fit the model 
tauVec(0) 1
use sparse kinship to fit the model 
tauVec(0) 1
use sparse kinship to fit the model 
tauVec(0) 1
Tau:
[1] 1.0000000 0.3568308
Fixed-effect coefficients:
            [,1]
[1,]  0.47525120
[2,] -0.00682974
[3,] -0.08648182
[1] "y[1]"
1 
1 
[1] "y[2]"
112 
  1 
[1] "alpha"
            [,1]
[1,]  0.47525120
[2,] -0.00682974
[3,] -0.08648182
t_end_Get_Coef - t_begin_Get_Coef
   user  system elapsed 
  0.030   0.004   0.034 
k1 2
use sparse kinship to fit the model 
tauVec(0) 1
AI
         0         0
         0   26.9733
idxtau
        1
use sparse kinship to fit the model 
tauVec(0) 1
use sparse kinship to fit the model 
tauVec(0) 1
use sparse kinship to fit the model 
tauVec(0) 1
use sparse kinship to fit the model 
tauVec(0) 1
use sparse kinship to fit the model 
tauVec(0) 1
use sparse kinship to fit the model 
tauVec(0) 1
use sparse kinship to fit the model 
tauVec(0) 1
use sparse kinship to fit the model 
tauVec(0) 1
use sparse kinship to fit the model 
tauVec(0) 1
use sparse kinship to fit the model 
tauVec(0) 1
use sparse kinship to fit the model 
tauVec(0) 1
use sparse kinship to fit the model 
tauVec(0) 1
use sparse kinship to fit the model 
tauVec(0) 1
use sparse kinship to fit the model 
tauVec(0) 1
use sparse kinship to fit the model 
tauVec(0) 1
use sparse kinship to fit the model 
tauVec(0) 1
use sparse kinship to fit the model 
tauVec(0) 1
use sparse kinship to fit the model 
tauVec(0) 1
use sparse kinship to fit the model 
tauVec(0) 1
use sparse kinship to fit the model 
tauVec(0) 1
use sparse kinship to fit the model 
tauVec(0) 1
use sparse kinship to fit the model 
tauVec(0) 1
use sparse kinship to fit the model 
tauVec(0) 1
use sparse kinship to fit the model 
tauVec(0) 1
use sparse kinship to fit the model 
tauVec(0) 1
use sparse kinship to fit the model 
tauVec(0) 1
use sparse kinship to fit the model 
tauVec(0) 1
use sparse kinship to fit the model 
tauVec(0) 1
use sparse kinship to fit the model 
tauVec(0) 1
use sparse kinship to fit the model 
tauVec(0) 1
dim temp_mat_update30 1
YPAPY_update
   80.7902
Trace
   80.8228
YPAPY
   80.7902
Trace
   80.8228
score
  -0.0326
Dtau
  -0.0012
score1
  -0.0326
AI1
   26.9733
k1 2
fixtauVec
        1
        0
i 0
i 1
Dtau_k1
        0
  -0.0012
t_end_fitglmmaiRPCG - t_begin_fitglmmaiRPCG
   user  system elapsed 
  0.266   0.012   0.278 
[1] 0.000000000 0.001651258
tau:  1 0.3556213 
tau0:  1 0.3568308 

Final  1 0.3556213 :
use sparse kinship to fit the model 
tauVec(0) 1
after Sigma_iY
use sparse kinship to fit the model 
tauVec(0) 1
use sparse kinship to fit the model 
tauVec(0) 1
use sparse kinship to fit the model 
tauVec(0) 1
Tau:
[1] 1.0000000 0.3556213
Fixed-effect coefficients:
             [,1]
[1,]  0.475136489
[2,] -0.006829943
[3,] -0.086489454
[1] "y[1]"
1 
1 
[1] "y[2]"
112 
  1 
[1] "alpha"
             [,1]
[1,]  0.475136489
[2,] -0.006829943
[3,] -0.086489454
t_end_null - t_begin, fitting the NULL model without LOCO took
   user  system elapsed 
  1.293   0.076   1.372 
    IID X.Intercept. age sex disease IndexPheno IndexGeno covoffset
1     1            1  61   0       1          1         1         0
112   2            1  50   1       1          2         2         0
223   3            1  54   0       0          3         3         0
334   4            1  48   1       1          4         4         0
346   5            1  49   0       1          5         5         0
357   6            1  50   1       0          6         6         0
    age sex
1    61   0
112  50   1
223  54   0
334  48   1
346  49   0
357  50   1
[1] -0.006829943 -0.086489454
use sparse kinship to fit the model 
tauVec(0) 1
use sparse kinship to fit the model 
tauVec(0) 1
use sparse kinship to fit the model 
tauVec(0) 1
   user  system elapsed 
  2.666   0.201   2.878 
t_end - t_begin, fitting the NULL model took
   user  system elapsed 
  1.414   0.076   1.494 
Skip estimating variance ratios
closed the plinkFile!
