[1] "check here"
[1] "check here 2"
[1] "check here 2a"
[1] "check here 3a"
[1] "length(kins) 0"
[1] 1
[1] "ng"
[1] 1
[1] "length(kins)"
[1] 1
[1] "covariance.ids"
NULL
[1] "group.idx"
[[1]]
  [1]   1   2   3   4   5   6   7   8   9  10  11  12  13  14  15  16  17  18
 [19]  19  20  21  22  23  24  25  26  27  28  29  30  31  32  33  34  35  36
 [37]  37  38  39  40  41  42  43  44  45  46  47  48  49  50  51  52  53  54
 [55]  55  56  57  58  59  60  61  62  63  64  65  66  67  68  69  70  71  72
 [73]  73  74  75  76  77  78  79  80  81  82  83  84  85  86  87  88  89  90
 [91]  91  92  93  94  95  96  97  98  99 100 101 102 103 104 105 106 107 108
[109] 109 110 111 112 113 114 115 116 117 118 119 120 121 122 123 124 125 126
[127] 127 128 129 130 131 132 133 134 135 136 137 138 139 140 141 142 143 144
[145] 145 146 147 148 149 150 151 152 153 154 155 156 157 158 159 160 161 162
[163] 163 164 165 166 167 168 169 170 171 172 173 174 175 176 177 178 179 180
[181] 181 182 183 184 185 186 187 188 189 190 191 192 193 194 195 196 197 198
[199] 199 200 201 202 203 204 205 206 207 208 209 210 211 212 213 214 215 216
[217] 217 218 219 220 221 222 223 224 225 226 227 228 229 230 231 232 233 234
[235] 235 236 237 238 239 240 241 242 243 244 245 246 247 248 249 250 251 252
[253] 253 254 255 256 257 258 259 260 261 262 263 264 265 266 267 268 269 270
[271] 271 272 273 274 275 276 277 278 279 280 281 282 283 284 285 286 287 288
[289] 289 290 291 292 293 294 295 296 297 298 299 300 301 302 303 304 305 306
[307] 307 308 309 310 311 312 313 314 315 316 317 318 319 320 321 322 323 324
[325] 325 326 327 328 329 330 331 332 333 334 335 336 337 338 339 340 341 342
[343] 343 344 345 346 347 348 349 350 351 352 353 354 355 356 357 358 359 360
[361] 361 362 363 364 365 366 367 368 369 370 371 372 373 374 375 376 377 378
[379] 379 380 381 382 383 384 385 386 387 388 389 390 391 392 393 394 395 396
[397] 397 398 399 400

[1] "n"
[1] 400
[1] "y[1]"
1 
1 
[1] "y[2]"
2 
1 
Fixed-effect coefficients:
 (Intercept)          age          sex 
 0.382355586 -0.006742281 -0.085931966 
[1] "tau here"
[1] 4.015433
[1] 2
[1] 1
[1] 1 0
[1] 2
[1] "tau here2"
[1] 1.0 0.1
[1] 1
[1] 0.1
[1] 1.029211
[1] "tau here3"
[1] 1.0 0.1
[1] "tau"
[1] 1.0 0.1
[1] "sum(Y* PAPY)"
[1] 101.1519
[1] "(sum(Sigma_i*kins[[idxtau[i]-ng]])-sum(Sigma_iX*crossprod(kins[[idxtau[i]-ng]],Sigma_iXcov)))"
[1] 88.9526
[1] "tau0[idxtau[i]]"
[1] 0.1

Iteration  1 :
alpha
   0.4177
  -0.0067
  -0.0858
YPAPY 101.113
trace 88.9427
AI
   63.4749
score
   12.1705
Variance component estimates:
[1] 1.0000000 0.2920414
Fixed-effect coefficients:
[1]  0.417717973 -0.006695294 -0.085788275

Iteration  2 :
alpha
   0.4624
  -0.0068
  -0.0861
YPAPY 84.4112
trace 83.5973
AI
   31.3159
score
   0.8138
Variance component estimates:
[1] 1.0000000 0.3180292
Fixed-effect coefficients:
[1]  0.462430409 -0.006773459 -0.086135340

Iteration  3 :
alpha
   0.4686
  -0.0068
  -0.0864
YPAPY 82.9365
trace 82.4164
AI
   29.0705
score
   0.5201
Variance component estimates:
[1] 1.0000000 0.3359196
Fixed-effect coefficients:
[1]  0.46857863 -0.00680608 -0.08639375

Iteration  4 :
alpha
   0.4718
  -0.0068
  -0.0864
YPAPY 81.9213
trace 81.93
AI
   27.8364
score
  -0.0087
Variance component estimates:
[1] 1.0000000 0.3356087
Fixed-effect coefficients:
[1]  0.471758339 -0.006817406 -0.086439330

Iteration  5 :
alpha
   0.4717
  -0.0068
  -0.0864
YPAPY 81.9393
trace 81.8739
AI
   27.8204
score
   0.0653
Variance component estimates:
[1] 1.0000000 0.3379575
Fixed-effect coefficients:
[1]  0.471711945 -0.006817296 -0.086439479

Iteration  6 :
alpha
   0.4721
  -0.0068
  -0.0864
YPAPY 81.8089
trace 81.824
AI
   27.6742
score
  -0.0151
Variance component estimates:
[1] 1.0000000 0.3374126
Fixed-effect coefficients:
[1]  0.472120337 -0.006818776 -0.086445292

Iteration  7 :
alpha
   0.4720
  -0.0068
  -0.0864
YPAPY 81.8391
trace 81.8275
AI
   27.7034
score
   0.0116
Variance component estimates:
[1] 1.0000000 0.3378304
Fixed-effect coefficients:
[1]  0.472025839 -0.006818433 -0.086443954

Iteration  8 :
alpha
   0.4721
  -0.0068
  -0.0864
YPAPY 81.816
trace 81.8204
AI
   27.6785
score
  -0.0044
Variance component estimates:
[1] 1.0000000 0.3376705
Fixed-effect coefficients:
[1]  0.472098388 -0.006818697 -0.086444991

Iteration  9 :
alpha
   0.4721
  -0.0068
  -0.0864
YPAPY 81.8248
trace 81.8224
AI
   27.6876
score
   0.0024
Variance component estimates:
[1] 1.0000000 0.3377584
Fixed-effect coefficients:
[1]  0.472070631 -0.006818596 -0.086444595

Iteration  10 :
alpha
   0.4721
  -0.0068
  -0.0864
YPAPY 81.8199
trace 81.821
AI
   27.6825
score
  -0.0011
Variance component estimates:
[1] 1.000000 0.337719
Fixed-effect coefficients:
[1]  0.472085899 -0.006818652 -0.086444813

Iteration  11 :
alpha
   0.4721
  -0.0068
  -0.0864
YPAPY 81.8221
trace 81.8216
AI
   27.6847
score
   0.0005
Variance component estimates:
[1] 1.0000000 0.3377387
Fixed-effect coefficients:
[1]  0.472079052 -0.006818627 -0.086444715

Iteration  12 :
alpha
   0.4721
  -0.0068
  -0.0864
YPAPY 81.821
trace 81.8213
AI
   27.6836
score
  -0.0003
Variance component estimates:
[1] 1.0000000 0.3377294
Fixed-effect coefficients:
[1]  0.472082483 -0.006818639 -0.086444764

Iteration  13 :
alpha
   0.4721
  -0.0068
  -0.0864
YPAPY 81.8215
trace 81.8214
AI
   27.6841
score
   0.0001
Variance component estimates:
[1] 1.000000 0.337734
Fixed-effect coefficients:
[1]  0.472080866 -0.006818633 -0.086444741

Iteration  14 :
alpha
   0.4721
  -0.0068
  -0.0864
YPAPY 81.8213
trace 81.8214
AI
   27.6839
score
  -6.0075e-05
Variance component estimates:
[1] 1.0000000 0.3377318
Fixed-effect coefficients:
[1]  0.472081654 -0.006818636 -0.086444752
[1] "check here 4"
