Loading required package: optparse
R version 4.2.1 (2022-06-23)
Platform: x86_64-pc-linux-gnu (64-bit)
Running under: Ubuntu 18.04.5 LTS

Matrix products: default
BLAS:   /usr/lib/x86_64-linux-gnu/openblas/libblas.so.3
LAPACK: /usr/lib/x86_64-linux-gnu/libopenblasp-r0.2.20.so

locale:
 [1] LC_CTYPE=en_US.UTF-8       LC_NUMERIC=C              
 [3] LC_TIME=en_US.UTF-8        LC_COLLATE=en_US.UTF-8    
 [5] LC_MONETARY=en_US.UTF-8    LC_MESSAGES=en_US.UTF-8   
 [7] LC_PAPER=en_US.UTF-8       LC_NAME=C                 
 [9] LC_ADDRESS=C               LC_TELEPHONE=C            
[11] LC_MEASUREMENT=en_US.UTF-8 LC_IDENTIFICATION=C       

attached base packages:
[1] stats     graphics  grDevices utils     datasets  methods   base     

other attached packages:
[1] optparse_1.7.1 SAIGE_1.1.4   

loaded via a namespace (and not attached):
[1] compiler_4.2.1     Matrix_1.4-1       Rcpp_1.0.7         getopt_1.20.3     
[5] grid_4.2.1         data.table_1.14.2  RcppParallel_5.0.2 lattice_0.20-45   
$plinkFile
[1] ""

$bedFile
[1] ""

$bimFile
[1] ""

$famFile
[1] ""

$phenoFile
[1] "./GMMAT_pheno_quantitative_repeat.txt_withwts"

$phenoCol
[1] "y.repeated"

$traitType
[1] "quantitative"

$invNormalize
[1] FALSE

$covarColList
[1] "sex"

$longlCol
[1] ""

$qCovarColList
[1] ""

$sampleIDColinphenoFile
[1] "id"

$tol
[1] 0.02

$maxiter
[1] 20

$tolPCG
[1] 1e-05

$maxiterPCG
[1] 500

$nThreads
[1] 1

$SPAcutoff
[1] 2

$numRandomMarkerforVarianceRatio
[1] 30

$skipModelFitting
[1] FALSE

$skipVarianceRatioEstimation
[1] TRUE

$memoryChunk
[1] 2

$tauInit
[1] "0,0"

$LOCO
[1] TRUE

$isLowMemLOCO
[1] FALSE

$traceCVcutoff
[1] 0.0025

$nrun
[1] 30

$ratioCVcutoff
[1] 0.001

$outputPrefix
[1] "GMMAT_quantitative_1.1.4"

$outputPrefix_varRatio
[1] ""

$IsOverwriteVarianceRatioFile
[1] FALSE

$sparseGRMFile
[1] "./GMMAT_GRM.mtx"

$sparseGRMSampleIDFile
[1] "./GMMAT_sampleID.txt"

$isCateVarianceRatio
[1] FALSE

$relatednessCutoff
[1] 0

$cateVarRatioMinMACVecExclude
[1] "10,20.5"

$cateVarRatioMaxMACVecInclude
[1] "20.5"

$isCovariateTransform
[1] FALSE

$isDiagofKinSetAsOne
[1] FALSE

$useSparseGRMtoFitNULL
[1] TRUE

$useSparseGRMforVarRatio
[1] FALSE

$minMAFforGRM
[1] 0.01

$maxMissingRateforGRM
[1] 0.15

$minCovariateCount
[1] -1

$includeNonautoMarkersforVarRatio
[1] FALSE

$FemaleOnly
[1] FALSE

$MaleOnly
[1] FALSE

$sexCol
[1] ""

$FemaleCode
[1] "1"

$MaleCode
[1] "0"

$isCovariateOffset
[1] FALSE

$SampleIDIncludeFile
[1] ""

$VmatFilelist
[1] ""

$VmatSampleFilelist
[1] ""

$useGRMtoFitNULL
[1] TRUE

$help
[1] FALSE

tauInit  is  0 0 
cateVarRatioMinMACVecExclude  is  10 20.5 
cateVarRatioMaxMACVecInclude  is  20.5 
Sparse GRM is used to fit the null model and plink file is not specified, so variance ratios won't be estimated
Variance ratio estimation will be skipped
.Leave-one-chromosome-out is not applied
400  samples are in the sparse GRM
formula is  y.repeated~sex 
2000  samples have non-missing phenotypes
400  samples are in the sparse GRM
2000  samples who have non-missing phenotypes are also in the sparse GRM
Duplicated sample IDs are detected in the phenotype file. Assuming repeated measurements
[1] "Test"
    IID X.Intercept. sex y.repeated IndexPheno IndexGeno
1     1            1   0       1.74        752         1
2     1            1   0       1.58       1537         1
3     1            1   0       2.20        885         1
4     1            1   0       2.41       1117         1
5     1            1   0       1.83       1036         1
556   2            1   1       2.11       1517         2
400  samples in geno file do not have phenotypes
0  samples will be used for analysis
2000  observations will be used for analysis
[1] "Test3"
    IID X.Intercept. sex y.repeated IndexPheno IndexGeno
1     1            1   0       1.74        752         1
2     1            1   0       1.58       1537         1
3     1            1   0       2.20        885         1
4     1            1   0       2.41       1117         1
5     1            1   0       1.83       1036         1
556   2            1   1       2.11       1517         2
[1] "Test4"
    IID X.Intercept. sex y.repeated IndexPheno IndexGeno
1     1            1   0       1.74        752         1
2     1            1   0       1.58       1537         1
3     1            1   0       2.20        885         1
4     1            1   0       2.41       1117         1
5     1            1   0       1.83       1036         1
556   2            1   1       2.11       1517         2
extract sparse GRM
[1] 160000
set elements in the sparse GRM <=  0  to zero
400  samples have been used to fit the glmm null model
numofV  0 
num_Kmat  3 
Markers in the Plink file with MAF <  0.01  will be removed before constructing GRM
Markers in the Plink file with missing rate >  0.15  will be removed before constructing GRM
y.repeated  is a quantitative trait
glm:

Call:  glm(formula = formula.new, family = gaussian(link = "identity"), 
    data = data.new, weights = varWeights)

Coefficients:
(Intercept)          sex  
     1.0237       0.6141  

Degrees of Freedom: 1999 Total (i.e. Null);  1998 Residual
Null Deviance:	    2076 
Residual Deviance: 1888 	AIC: 5566
[1] "isStoreSigma"
[1] FALSE
Start fitting the NULL GLMM
   user  system elapsed 
  1.381   0.145   1.531 
   user  system elapsed 
  1.480   0.145   1.630 
[1] "Start reading genotype plink file here"
    IID X.Intercept. sex y.repeated IndexPheno IndexGeno
1     1            1   0       1.74        752         1
2     1            1   0       1.58       1537         1
3     1            1   0       2.20        885         1
4     1            1   0       2.41       1117         1
5     1            1   0       1.83       1036         1
556   2            1   1       2.11       1517         2
[1] "Genotype reading is done"
tauInit[1] 0 0 0
inital tau is  0.3461869 0.3461869 0.3461869 
[1] "tau"
[1] 0.3461869 0.3461869 0.3461869
before Sigma_iY
Yvec.n_elem 2000
iter from getPCG1ofSigmaAndVector 17
after Sigma_iY
iter from getPCG1ofSigmaAndVector 8
iter from getPCG1ofSigmaAndVector 9
cov
   0.0342  -0.0035
  -0.0035   0.0070
Tau:
[1] 0.3461869 0.3461869 0.3461869
Fixed-effect coefficients:
          [,1]
[1,] 0.9869528
[2,] 0.6133764
[1] "alpha"
          [,1]
[1,] 0.9869528
[2,] 0.6133764
[1] "alpha0"
(Intercept)         sex 
     1.0237      0.6141 
[1] "y[1]"
   1 
1.74 
[1] "y[2]"
   2 
1.58 
[1] "alpha"
          [,1]
[1,] 0.9869528
[2,] 0.6133764
fixtauVec
        0
        0
        0
k1 3
Ibvec.n_elem 400
g_I_longl_mat.n_rows 2000
iter from getPCG1ofSigmaAndVector 19
GRM_I_bvec.n_elem 400
iter from getPCG1ofSigmaAndVector 10
iter from getPCG1ofSigmaAndVector 10
AI
   1.9652e+04   9.7247e+01   1.1584e+02
   9.7247e+01   4.3043e+02   4.8624e+02
   1.1584e+02   4.8624e+02   5.7920e+02
YPAPY
   6.8772e+03
   3.5100e+02
   4.0894e+02
YPAPY
   6.8772e+03
   3.5100e+02
   4.0894e+02
idxtau
        0
        1
        2
iter from getPCG1ofSigmaAndVector 18
iter from getPCG1ofSigmaAndVector 17
iter from getPCG1ofSigmaAndVector 16
iter from getPCG1ofSigmaAndVector 17
iter from getPCG1ofSigmaAndVector 17
iter from getPCG1ofSigmaAndVector 17
iter from getPCG1ofSigmaAndVector 17
iter from getPCG1ofSigmaAndVector 16
iter from getPCG1ofSigmaAndVector 17
iter from getPCG1ofSigmaAndVector 16
iter from getPCG1ofSigmaAndVector 17
iter from getPCG1ofSigmaAndVector 16
iter from getPCG1ofSigmaAndVector 17
iter from getPCG1ofSigmaAndVector 17
iter from getPCG1ofSigmaAndVector 16
iter from getPCG1ofSigmaAndVector 16
iter from getPCG1ofSigmaAndVector 16
iter from getPCG1ofSigmaAndVector 16
iter from getPCG1ofSigmaAndVector 16
iter from getPCG1ofSigmaAndVector 17
iter from getPCG1ofSigmaAndVector 16
iter from getPCG1ofSigmaAndVector 16
iter from getPCG1ofSigmaAndVector 16
iter from getPCG1ofSigmaAndVector 16
iter from getPCG1ofSigmaAndVector 17
iter from getPCG1ofSigmaAndVector 16
iter from getPCG1ofSigmaAndVector 17
iter from getPCG1ofSigmaAndVector 17
iter from getPCG1ofSigmaAndVector 16
iter from getPCG1ofSigmaAndVector 17
dim temp_mat_update30 3
Trace
   4.7309e+03
   4.8137e+02
   5.5864e+02
[1] "tau0_q2 a"
[1] 0.3461869 0.3461869 0.3461869
[1] "idxtau"
[1] 1 2 3
[1] "re$YPAPY"
          [,1]
[1,] 6877.1895
[2,]  351.0018
[3,]  408.9443
[1] "re$Trace"
          [,1]
[1,] 4730.8906
[2,]  481.3662
[3,]  558.6419
Variance component estimates:
[1] 0.4747988 0.3383751 0.3372166

Iteration  1 0.4747988 0.3383751 0.3372166 :
tau0_v1:  0.4747988 0.3383751 0.3372166 
before Sigma_iY
Yvec.n_elem 2000
iter from getPCG1ofSigmaAndVector 16
after Sigma_iY
iter from getPCG1ofSigmaAndVector 8
iter from getPCG1ofSigmaAndVector 9
cov
   0.0335  -0.0035
  -0.0035   0.0071
Tau:
[1] 0.4747988 0.3383751 0.3372166
Fixed-effect coefficients:
          [,1]
[1,] 0.9870881
[2,] 0.6134012
[1] "alpha"
          [,1]
[1,] 0.9870881
[2,] 0.6134012
[1] "alpha0"
          [,1]
[1,] 0.9869528
[2,] 0.6133764
[1] "y[1]"
   1 
1.74 
[1] "y[2]"
   2 
1.58 
[1] "alpha"
          [,1]
[1,] 0.9870881
[2,] 0.6134012
t_end_Get_Coef - t_begin_Get_Coef
   user  system elapsed 
  0.015   0.000   0.016 
check 1
fixtauVec
        0
        0
        0
k1 3
Ibvec.n_elem 400
g_I_longl_mat.n_rows 2000
iter from getPCG1ofSigmaAndVector 15
GRM_I_bvec.n_elem 400
iter from getPCG1ofSigmaAndVector 10
iter from getPCG1ofSigmaAndVector 9
AI
   7.6308e+03   9.3205e+01   1.1093e+02
   9.3205e+01   4.1448e+02   4.6603e+02
   1.1093e+02   4.6603e+02   5.5464e+02
YPAPY
   3.6921e+03
   3.4165e+02
   3.9739e+02
YPAPY
   3.6921e+03
   3.4165e+02
   3.9739e+02
idxtau
        0
        1
        2
iter from getPCG1ofSigmaAndVector 16
iter from getPCG1ofSigmaAndVector 15
iter from getPCG1ofSigmaAndVector 16
iter from getPCG1ofSigmaAndVector 16
iter from getPCG1ofSigmaAndVector 15
iter from getPCG1ofSigmaAndVector 15
iter from getPCG1ofSigmaAndVector 15
iter from getPCG1ofSigmaAndVector 16
iter from getPCG1ofSigmaAndVector 16
iter from getPCG1ofSigmaAndVector 16
iter from getPCG1ofSigmaAndVector 16
iter from getPCG1ofSigmaAndVector 16
iter from getPCG1ofSigmaAndVector 16
iter from getPCG1ofSigmaAndVector 15
iter from getPCG1ofSigmaAndVector 16
iter from getPCG1ofSigmaAndVector 16
iter from getPCG1ofSigmaAndVector 16
iter from getPCG1ofSigmaAndVector 16
iter from getPCG1ofSigmaAndVector 16
iter from getPCG1ofSigmaAndVector 16
iter from getPCG1ofSigmaAndVector 16
iter from getPCG1ofSigmaAndVector 15
iter from getPCG1ofSigmaAndVector 16
iter from getPCG1ofSigmaAndVector 16
iter from getPCG1ofSigmaAndVector 16
iter from getPCG1ofSigmaAndVector 16
iter from getPCG1ofSigmaAndVector 16
iter from getPCG1ofSigmaAndVector 16
iter from getPCG1ofSigmaAndVector 16
iter from getPCG1ofSigmaAndVector 16
dim temp_mat_update30 3
Trace
   3.4781e+03
   4.7494e+02
   5.5072e+02
check 2
score1
   2.1397e+02
  -1.3328e+02
  -1.5333e+02
YPAPY
   3.6921e+03
   3.4165e+02
   3.9739e+02
Trace
   3.4781e+03
   4.7494e+02
   5.5072e+02
score
   2.1397e+02
  -1.3328e+02
  -1.5333e+02
Dtau
   0.0322
  -0.1941
  -0.1198
score1
   2.1397e+02
  -1.3328e+02
  -1.5333e+02
AI1
   7.6308e+03   9.3205e+01   1.1093e+02
   9.3205e+01   4.1448e+02   4.6603e+02
   1.1093e+02   4.6603e+02   5.5464e+02
k1 3
fixtauVec
        0
        0
        0
i 0
i 1
i 2
Dtau_k1
   0.0322
  -0.1941
  -0.1198
t_end_fitglmmaiRPCG - t_begin_fitglmmaiRPCG
   user  system elapsed 
  0.255   0.000   0.257 
[1] 0.03209638 0.38618914 0.20844026
tau:  0.5069514 0.1442621 0.2174359 
tau0:  0.4747988 0.3383751 0.3372166 

Iteration  2 0.5069514 0.1442621 0.2174359 :
tau0_v1:  0.5069514 0.1442621 0.2174359 
before Sigma_iY
Yvec.n_elem 2000
iter from getPCG1ofSigmaAndVector 13
after Sigma_iY
iter from getPCG1ofSigmaAndVector 8
iter from getPCG1ofSigmaAndVector 8
cov
   0.0150  -0.0022
  -0.0022   0.0044
Tau:
[1] 0.5069514 0.1442621 0.2174359
Fixed-effect coefficients:
          [,1]
[1,] 0.9887300
[2,] 0.6136063
[1] "alpha"
          [,1]
[1,] 0.9887300
[2,] 0.6136063
[1] "alpha0"
          [,1]
[1,] 0.9870881
[2,] 0.6134012
[1] "y[1]"
   1 
1.74 
[1] "y[2]"
   2 
1.58 
[1] "alpha"
          [,1]
[1,] 0.9887300
[2,] 0.6136063
t_end_Get_Coef - t_begin_Get_Coef
   user  system elapsed 
  0.015   0.000   0.015 
check 1
fixtauVec
        0
        0
        0
k1 3
Ibvec.n_elem 400
g_I_longl_mat.n_rows 2000
iter from getPCG1ofSigmaAndVector 12
GRM_I_bvec.n_elem 400
iter from getPCG1ofSigmaAndVector 9
iter from getPCG1ofSigmaAndVector 9
AI
   6.3464e+03   4.0606e+02   4.7794e+02
   4.0606e+02   1.9223e+03   2.0303e+03
   4.7794e+02   2.0303e+03   2.3897e+03
YPAPY
   3.3798e+03
   9.2463e+02
   1.0548e+03
YPAPY
   3.3798e+03
   9.2463e+02
   1.0548e+03
idxtau
        0
        1
        2
iter from getPCG1ofSigmaAndVector 12
iter from getPCG1ofSigmaAndVector 12
iter from getPCG1ofSigmaAndVector 13
iter from getPCG1ofSigmaAndVector 12
iter from getPCG1ofSigmaAndVector 13
iter from getPCG1ofSigmaAndVector 12
iter from getPCG1ofSigmaAndVector 13
iter from getPCG1ofSigmaAndVector 12
iter from getPCG1ofSigmaAndVector 13
iter from getPCG1ofSigmaAndVector 13
iter from getPCG1ofSigmaAndVector 13
iter from getPCG1ofSigmaAndVector 12
iter from getPCG1ofSigmaAndVector 12
iter from getPCG1ofSigmaAndVector 13
iter from getPCG1ofSigmaAndVector 12
iter from getPCG1ofSigmaAndVector 13
iter from getPCG1ofSigmaAndVector 13
iter from getPCG1ofSigmaAndVector 13
iter from getPCG1ofSigmaAndVector 12
iter from getPCG1ofSigmaAndVector 13
iter from getPCG1ofSigmaAndVector 13
iter from getPCG1ofSigmaAndVector 13
iter from getPCG1ofSigmaAndVector 13
iter from getPCG1ofSigmaAndVector 13
iter from getPCG1ofSigmaAndVector 13
iter from getPCG1ofSigmaAndVector 13
iter from getPCG1ofSigmaAndVector 12
iter from getPCG1ofSigmaAndVector 13
iter from getPCG1ofSigmaAndVector 12
iter from getPCG1ofSigmaAndVector 12
dim temp_mat_update30 3
Trace
   3.3338e+03
   7.8055e+02
   8.9738e+02
check 2
score1
   4.6015e+01
   1.4408e+02
   1.5741e+02
YPAPY
   3.3798e+03
   9.2463e+02
   1.0548e+03
Trace
   3.3338e+03
   7.8055e+02
   8.9738e+02
score
   4.6015e+01
   1.4408e+02
   1.5741e+02
Dtau
   0.0023
   0.0524
   0.0209
score1
   4.6015e+01
   1.4408e+02
   1.5741e+02
AI1
   6.3464e+03   4.0606e+02   4.7794e+02
   4.0606e+02   1.9223e+03   2.0303e+03
   4.7794e+02   2.0303e+03   2.3897e+03
k1 3
fixtauVec
        0
        0
        0
i 0
i 1
i 2
Dtau_k1
   0.0023
   0.0524
   0.0209
t_end_fitglmmaiRPCG - t_begin_fitglmmaiRPCG
   user  system elapsed 
  0.204   0.000   0.205 
[1] 0.002243541 0.145179877 0.043905232
tau:  0.5092762 0.1966608 0.2383242 
tau0:  0.5069514 0.1442621 0.2174359 

Iteration  3 0.5092762 0.1966608 0.2383242 :
tau0_v1:  0.5092762 0.1966608 0.2383242 
before Sigma_iY
Yvec.n_elem 2000
iter from getPCG1ofSigmaAndVector 15
after Sigma_iY
iter from getPCG1ofSigmaAndVector 8
iter from getPCG1ofSigmaAndVector 9
cov
   0.0200  -0.0025
  -0.0025   0.0050
Tau:
[1] 0.5092762 0.1966608 0.2383242
Fixed-effect coefficients:
          [,1]
[1,] 0.9878814
[2,] 0.6135202
[1] "alpha"
          [,1]
[1,] 0.9878814
[2,] 0.6135202
[1] "alpha0"
          [,1]
[1,] 0.9887300
[2,] 0.6136063
[1] "y[1]"
   1 
1.74 
[1] "y[2]"
   2 
1.58 
[1] "alpha"
          [,1]
[1,] 0.9878814
[2,] 0.6135202
t_end_Get_Coef - t_begin_Get_Coef
   user  system elapsed 
  0.015   0.000   0.015 
check 1
fixtauVec
        0
        0
        0
k1 3
Ibvec.n_elem 400
g_I_longl_mat.n_rows 2000
iter from getPCG1ofSigmaAndVector 13
GRM_I_bvec.n_elem 400
iter from getPCG1ofSigmaAndVector 10
iter from getPCG1ofSigmaAndVector 9
AI
   6.2287e+03   2.6657e+02   3.1558e+02
   2.6657e+02   1.2205e+03   1.3329e+03
   3.1558e+02   1.3329e+03   1.5779e+03
YPAPY
   3.2998e+03
   6.9344e+02
   7.9889e+02
YPAPY
   3.2998e+03
   6.9344e+02
   7.9889e+02
idxtau
        0
        1
        2
iter from getPCG1ofSigmaAndVector 13
iter from getPCG1ofSigmaAndVector 14
iter from getPCG1ofSigmaAndVector 15
iter from getPCG1ofSigmaAndVector 14
iter from getPCG1ofSigmaAndVector 14
iter from getPCG1ofSigmaAndVector 14
iter from getPCG1ofSigmaAndVector 14
iter from getPCG1ofSigmaAndVector 14
iter from getPCG1ofSigmaAndVector 14
iter from getPCG1ofSigmaAndVector 13
iter from getPCG1ofSigmaAndVector 14
iter from getPCG1ofSigmaAndVector 14
iter from getPCG1ofSigmaAndVector 14
iter from getPCG1ofSigmaAndVector 14
iter from getPCG1ofSigmaAndVector 14
iter from getPCG1ofSigmaAndVector 14
iter from getPCG1ofSigmaAndVector 14
iter from getPCG1ofSigmaAndVector 14
iter from getPCG1ofSigmaAndVector 14
iter from getPCG1ofSigmaAndVector 14
iter from getPCG1ofSigmaAndVector 14
iter from getPCG1ofSigmaAndVector 13
iter from getPCG1ofSigmaAndVector 14
iter from getPCG1ofSigmaAndVector 14
iter from getPCG1ofSigmaAndVector 14
iter from getPCG1ofSigmaAndVector 15
iter from getPCG1ofSigmaAndVector 14
iter from getPCG1ofSigmaAndVector 14
iter from getPCG1ofSigmaAndVector 14
iter from getPCG1ofSigmaAndVector 14
dim temp_mat_update30 3
Trace
   3.2961e+03
   6.7651e+02
   7.8097e+02
check 2
score1
    3.6482
   16.9333
   17.9153
YPAPY
   3.2998e+03
   6.9344e+02
   7.9889e+02
Trace
   3.2961e+03
   6.7651e+02
   7.8097e+02
score
    3.6482
   16.9333
   17.9153
Dtau
   1.0566e-05
   1.9014e-02
  -4.7097e-03
score1
    3.6482
   16.9333
   17.9153
AI1
   6.2287e+03   2.6657e+02   3.1558e+02
   2.6657e+02   1.2205e+03   1.3329e+03
   3.1558e+02   1.3329e+03   1.5779e+03
k1 3
fixtauVec
        0
        0
        0
i 0
i 1
i 2
Dtau_k1
   1.0566e-05
   1.9014e-02
  -4.7097e-03
t_end_fitglmmaiRPCG - t_begin_fitglmmaiRPCG
   user  system elapsed 
  0.226   0.000   0.227 
[1] 1.015829e-05 4.398051e-02 9.573733e-03
tau:  0.5092868 0.2156752 0.2336145 
tau0:  0.5092762 0.1966608 0.2383242 

Iteration  4 0.5092868 0.2156752 0.2336145 :
tau0_v1:  0.5092868 0.2156752 0.2336145 
before Sigma_iY
Yvec.n_elem 2000
iter from getPCG1ofSigmaAndVector 15
after Sigma_iY
iter from getPCG1ofSigmaAndVector 8
iter from getPCG1ofSigmaAndVector 9
cov
   0.0217  -0.0026
  -0.0026   0.0051
Tau:
[1] 0.5092868 0.2156752 0.2336145
Fixed-effect coefficients:
          [,1]
[1,] 0.9875694
[2,] 0.6134793
[1] "alpha"
          [,1]
[1,] 0.9875694
[2,] 0.6134793
[1] "alpha0"
          [,1]
[1,] 0.9878814
[2,] 0.6135202
[1] "y[1]"
   1 
1.74 
[1] "y[2]"
   2 
1.58 
[1] "alpha"
          [,1]
[1,] 0.9875694
[2,] 0.6134793
t_end_Get_Coef - t_begin_Get_Coef
   user  system elapsed 
  0.016   0.000   0.016 
check 1
fixtauVec
        0
        0
        0
k1 3
Ibvec.n_elem 400
g_I_longl_mat.n_rows 2000
iter from getPCG1ofSigmaAndVector 14
GRM_I_bvec.n_elem 400
iter from getPCG1ofSigmaAndVector 10
iter from getPCG1ofSigmaAndVector 9
AI
   6.2243e+03   2.4909e+02   2.9549e+02
   2.4909e+02   1.1274e+03   1.2455e+03
   2.9549e+02   1.2455e+03   1.4775e+03
YPAPY
   3.2927e+03
   6.6097e+02
   7.6426e+02
YPAPY
   3.2927e+03
   6.6097e+02
   7.6426e+02
idxtau
        0
        1
        2
iter from getPCG1ofSigmaAndVector 14
iter from getPCG1ofSigmaAndVector 14
iter from getPCG1ofSigmaAndVector 14
iter from getPCG1ofSigmaAndVector 14
iter from getPCG1ofSigmaAndVector 14
iter from getPCG1ofSigmaAndVector 14
iter from getPCG1ofSigmaAndVector 15
iter from getPCG1ofSigmaAndVector 14
iter from getPCG1ofSigmaAndVector 14
iter from getPCG1ofSigmaAndVector 14
iter from getPCG1ofSigmaAndVector 15
iter from getPCG1ofSigmaAndVector 15
iter from getPCG1ofSigmaAndVector 14
iter from getPCG1ofSigmaAndVector 14
iter from getPCG1ofSigmaAndVector 14
iter from getPCG1ofSigmaAndVector 14
iter from getPCG1ofSigmaAndVector 14
iter from getPCG1ofSigmaAndVector 14
iter from getPCG1ofSigmaAndVector 15
iter from getPCG1ofSigmaAndVector 14
iter from getPCG1ofSigmaAndVector 14
iter from getPCG1ofSigmaAndVector 13
iter from getPCG1ofSigmaAndVector 14
iter from getPCG1ofSigmaAndVector 14
iter from getPCG1ofSigmaAndVector 13
iter from getPCG1ofSigmaAndVector 15
iter from getPCG1ofSigmaAndVector 14
iter from getPCG1ofSigmaAndVector 14
iter from getPCG1ofSigmaAndVector 14
iter from getPCG1ofSigmaAndVector 14
dim temp_mat_update30 3
Trace
   3.2926e+03
   6.6058e+02
   7.6383e+02
check 2
score1
   0.0872
   0.3922
   0.4325
YPAPY
   3.2927e+03
   6.6097e+02
   7.6426e+02
Trace
   3.2926e+03
   6.6058e+02
   7.6383e+02
score
   0.0872
   0.3922
   0.4325
Dtau
   1.0696e-07
   3.5639e-04
  -7.7222e-06
score1
   0.0872
   0.3922
   0.4325
AI1
   6.2243e+03   2.4909e+02   2.9549e+02
   2.4909e+02   1.1274e+03   1.2455e+03
   2.9549e+02   1.2455e+03   1.4775e+03
k1 3
fixtauVec
        0
        0
        0
i 0
i 1
i 2
Dtau_k1
   1.0696e-07
   3.5639e-04
  -7.7222e-06
t_end_fitglmmaiRPCG - t_begin_fitglmmaiRPCG
   user  system elapsed 
  0.226   0.000   0.226 
[1] 1.147817e-07 7.889877e-04 1.584249e-05
tau:  0.5092869 0.2160316 0.2336068 
tau0:  0.5092868 0.2156752 0.2336145 

Final  0.5092869 0.2160316 0.2336068 :
before Sigma_iY
Yvec.n_elem 2000
iter from getPCG1ofSigmaAndVector 15
after Sigma_iY
iter from getPCG1ofSigmaAndVector 8
iter from getPCG1ofSigmaAndVector 8
cov
   0.0217  -0.0026
  -0.0026   0.0051
Tau:
[1] 0.5092869 0.2160316 0.2336068
Fixed-effect coefficients:
          [,1]
[1,] 0.9875507
[2,] 0.6134804
[1] "alpha"
          [,1]
[1,] 0.9875507
[2,] 0.6134804
[1] "alpha0"
          [,1]
[1,] 0.9875694
[2,] 0.6134793
[1] "y[1]"
   1 
1.74 
[1] "y[2]"
   2 
1.58 
[1] "alpha"
          [,1]
[1,] 0.9875507
[2,] 0.6134804
t_end_null - t_begin, fitting the NULL model without LOCO took
   user  system elapsed 
  1.273   0.001   1.276 
    IID X.Intercept. sex y.repeated IndexPheno IndexGeno covoffset
1     1            1   0       1.74        752         1         0
2     1            1   0       1.58       1537         1         0
3     1            1   0       2.20        885         1         0
4     1            1   0       2.41       1117         1         0
5     1            1   0       1.83       1036         1         0
556   2            1   1       2.11       1517         2         0
    sex
1     0
2     0
3     0
4     0
5     0
556   1
[1] 0.6134804
iter from getPCG1ofSigmaAndVector 8
iter from getPCG1ofSigmaAndVector 8
   user  system elapsed 
  2.775   0.146   2.929 
t_end - t_begin, fitting the NULL model took
   user  system elapsed 
  1.394   0.001   1.398 
Skip estimating variance ratios
