Loading required package: optparse
R version 4.2.0 (2022-04-22)
Platform: x86_64-pc-linux-gnu (64-bit)
Running under: Ubuntu 18.04.5 LTS

Matrix products: default
BLAS:   /usr/lib/x86_64-linux-gnu/openblas/libblas.so.3
LAPACK: /usr/lib/x86_64-linux-gnu/libopenblasp-r0.2.20.so

locale:
 [1] LC_CTYPE=en_US.UTF-8       LC_NUMERIC=C              
 [3] LC_TIME=en_US.UTF-8        LC_COLLATE=en_US.UTF-8    
 [5] LC_MONETARY=en_US.UTF-8    LC_MESSAGES=en_US.UTF-8   
 [7] LC_PAPER=en_US.UTF-8       LC_NAME=C                 
 [9] LC_ADDRESS=C               LC_TELEPHONE=C            
[11] LC_MEASUREMENT=en_US.UTF-8 LC_IDENTIFICATION=C       

attached base packages:
[1] stats     graphics  grDevices utils     datasets  methods   base     

other attached packages:
[1] optparse_1.7.1 SAIGE_1.1.4   

loaded via a namespace (and not attached):
[1] compiler_4.2.0     Matrix_1.4-1       Rcpp_1.0.7         getopt_1.20.3     
[5] grid_4.2.0         data.table_1.14.2  RcppParallel_5.0.2 lattice_0.20-45   
$plinkFile
[1] ""

$bedFile
[1] ""

$bimFile
[1] ""

$famFile
[1] ""

$phenoFile
[1] "./GMMAT_pheno_quantitative.txt"

$phenoCol
[1] "y.repeated"

$traitType
[1] "quantitative"

$invNormalize
[1] FALSE

$covarColList
[1] "sex"

$longlCol
[1] ""

$qCovarColList
[1] ""

$sampleIDColinphenoFile
[1] "id"

$tol
[1] 0.02

$maxiter
[1] 20

$tolPCG
[1] 1e-05

$maxiterPCG
[1] 500

$nThreads
[1] 1

$SPAcutoff
[1] 2

$numRandomMarkerforVarianceRatio
[1] 30

$skipModelFitting
[1] FALSE

$skipVarianceRatioEstimation
[1] TRUE

$memoryChunk
[1] 2

$tauInit
[1] "0,0"

$LOCO
[1] TRUE

$isLowMemLOCO
[1] FALSE

$traceCVcutoff
[1] 0.0025

$nrun
[1] 30

$ratioCVcutoff
[1] 0.001

$outputPrefix
[1] "GMMAT_quantitative_1.1.4"

$outputPrefix_varRatio
[1] ""

$IsOverwriteVarianceRatioFile
[1] FALSE

$sparseGRMFile
[1] "./GMMAT_GRM.mtx"

$sparseGRMSampleIDFile
[1] "./GMMAT_sampleID.txt"

$isCateVarianceRatio
[1] FALSE

$relatednessCutoff
[1] 0

$cateVarRatioMinMACVecExclude
[1] "10,20.5"

$cateVarRatioMaxMACVecInclude
[1] "20.5"

$isCovariateTransform
[1] FALSE

$isDiagofKinSetAsOne
[1] FALSE

$useSparseGRMtoFitNULL
[1] TRUE

$useSparseGRMforVarRatio
[1] FALSE

$minMAFforGRM
[1] 0.01

$maxMissingRateforGRM
[1] 0.15

$minCovariateCount
[1] -1

$includeNonautoMarkersforVarRatio
[1] FALSE

$FemaleOnly
[1] FALSE

$MaleOnly
[1] FALSE

$sexCol
[1] ""

$FemaleCode
[1] "1"

$MaleCode
[1] "0"

$isCovariateOffset
[1] FALSE

$SampleIDIncludeFile
[1] ""

$VmatFilelist
[1] ""

$VmatSampleFilelist
[1] ""

$help
[1] FALSE

tauInit  is  0 0 
cateVarRatioMinMACVecExclude  is  10 20.5 
cateVarRatioMaxMACVecInclude  is  20.5 
Sparse GRM is used to fit the null model and plink file is not specified, so variance ratios won't be estimated
Variance ratio estimation will be skipped
.Leave-one-chromosome-out is not applied
400  samples are in the sparse GRM
formula is  y.repeated~sex 
400  samples have non-missing phenotypes
[1] "Test"
    IID X.Intercept. sex y.repeated IndexPheno IndexGeno
111 199            1   0       1.02          1       199
339  43            1   0       1.55          2        43
373  74            1   1       1.07          3        74
149 232            1   1       3.01          4       232
118 204            1   1       2.15          5       204
218 295            1   0       2.06          6       295
400  samples in geno file do not have phenotypes
0  samples will be used for analysis
[1] "Test3"
    IID X.Intercept. sex y.repeated IndexPheno IndexGeno
111 199            1   0       1.02          1       199
339  43            1   0       1.55          2        43
373  74            1   1       1.07          3        74
149 232            1   1       3.01          4       232
118 204            1   1       2.15          5       204
218 295            1   0       2.06          6       295
[1] "Test4"
    IID X.Intercept. sex y.repeated IndexPheno IndexGeno
111 199            1   0       1.02          1       199
339  43            1   0       1.55          2        43
373  74            1   1       1.07          3        74
149 232            1   1       3.01          4       232
118 204            1   1       2.15          5       204
218 295            1   0       2.06          6       295
extract sparse GRM
[1] 160000
set elements in the sparse GRM <=  0  to zero
400  samples have been used to fit the glmm null model
Markers in the Plink file with MAF <  0.01  will be removed before constructing GRM
Markers in the Plink file with missing rate >  0.15  will be removed before constructing GRM
y.repeated  is a quantitative trait
glm:

Call:  glm(formula = formula.new, family = gaussian(link = "identity"), 
    data = data.new)

Coefficients:
(Intercept)          sex  
     1.0729       0.5333  

Degrees of Freedom: 399 Total (i.e. Null);  398 Residual
Null Deviance:	    393 
Residual Deviance: 364.6 	AIC: 1104
Start fitting the NULL GLMM
   user  system elapsed 
  1.308   0.108   1.425 
   user  system elapsed 
  1.399   0.108   1.516 
[1] "Start reading genotype plink file here"
Error! fam file not open!time: 0.135
[1] "Genotype reading is done"
tauInit[1] 0 0
inital tau is  1 0 
[1] "tau"
[1] 1 0
use sparse kinship to fit the model 
tauVec(0) 1
after Sigma_iY
use sparse kinship to fit the model 
tauVec(0) 1
use sparse kinship to fit the model 
tauVec(0) 1
Tau:
[1] 1 0
Fixed-effect coefficients:
          [,1]
[1,] 1.0728502
[2,] 0.5332994
[1] "y[1]"
 111 
1.02 
[1] "y[2]"
 339 
1.55 
[1] "alpha"
          [,1]
[1,] 1.0728502
[2,] 0.5332994
k1 2
use sparse kinship to fit the model 
tauVec(0) 1
use sparse kinship to fit the model 
tauVec(0) 1
AI
   3.6459e+02   3.8352e+02
   3.8352e+02   1.1125e+03
idxtau
        0
        1
use sparse kinship to fit the model 
tauVec(0) 1
use sparse kinship to fit the model 
tauVec(0) 1
use sparse kinship to fit the model 
tauVec(0) 1
use sparse kinship to fit the model 
tauVec(0) 1
use sparse kinship to fit the model 
tauVec(0) 1
use sparse kinship to fit the model 
tauVec(0) 1
use sparse kinship to fit the model 
tauVec(0) 1
use sparse kinship to fit the model 
tauVec(0) 1
use sparse kinship to fit the model 
tauVec(0) 1
use sparse kinship to fit the model 
tauVec(0) 1
use sparse kinship to fit the model 
tauVec(0) 1
use sparse kinship to fit the model 
tauVec(0) 1
use sparse kinship to fit the model 
tauVec(0) 1
use sparse kinship to fit the model 
tauVec(0) 1
use sparse kinship to fit the model 
tauVec(0) 1
use sparse kinship to fit the model 
tauVec(0) 1
use sparse kinship to fit the model 
tauVec(0) 1
use sparse kinship to fit the model 
tauVec(0) 1
use sparse kinship to fit the model 
tauVec(0) 1
use sparse kinship to fit the model 
tauVec(0) 1
use sparse kinship to fit the model 
tauVec(0) 1
use sparse kinship to fit the model 
tauVec(0) 1
use sparse kinship to fit the model 
tauVec(0) 1
use sparse kinship to fit the model 
tauVec(0) 1
use sparse kinship to fit the model 
tauVec(0) 1
use sparse kinship to fit the model 
tauVec(0) 1
use sparse kinship to fit the model 
tauVec(0) 1
use sparse kinship to fit the model 
tauVec(0) 1
use sparse kinship to fit the model 
tauVec(0) 1
use sparse kinship to fit the model 
tauVec(0) 1
dim temp_mat_update30 2
CV for trace random estimator using 30 runs is    0.0002
   0.0028
 > 0.0025
try 40runs
use sparse kinship to fit the model 
tauVec(0) 1
use sparse kinship to fit the model 
tauVec(0) 1
use sparse kinship to fit the model 
tauVec(0) 1
use sparse kinship to fit the model 
tauVec(0) 1
use sparse kinship to fit the model 
tauVec(0) 1
use sparse kinship to fit the model 
tauVec(0) 1
use sparse kinship to fit the model 
tauVec(0) 1
use sparse kinship to fit the model 
tauVec(0) 1
use sparse kinship to fit the model 
tauVec(0) 1
use sparse kinship to fit the model 
tauVec(0) 1
dim temp_mat_update40 2
YPAPY_update
   3.6459e+02
   3.8352e+02
Trace
   3.9812e+02
   3.7148e+02
[1] "tau0_q2 a"
[1] 1 0
[1] "idxtau"
[1] 1 2
[1] "re$YPAPY"
         [,1]
[1,] 364.5940
[2,] 383.5219
[1] "re$Trace"
        [,1]
[1,] 398.125
[2,] 371.475
Variance component estimates:
[1] 0.9161726 0.0000000

Iteration  1 0.9161726 0 :
tau0_v1:  0.9161726 0 
use sparse kinship to fit the model 
tauVec(0) 0.916173
after Sigma_iY
use sparse kinship to fit the model 
tauVec(0) 0.916173
use sparse kinship to fit the model 
tauVec(0) 0.916173
Tau:
[1] 0.9161726 0.0000000
Fixed-effect coefficients:
          [,1]
[1,] 1.0728545
[2,] 0.5332932
[1] "y[1]"
 111 
1.02 
[1] "y[2]"
 339 
1.55 
[1] "alpha"
          [,1]
[1,] 1.0728545
[2,] 0.5332932
t_end_Get_Coef - t_begin_Get_Coef
   user  system elapsed 
      0       0       0 
k1 2
use sparse kinship to fit the model 
tauVec(0) 0.916173
use sparse kinship to fit the model 
tauVec(0) 0.916173
AI
   4.7411e+02   4.9872e+02
   4.9872e+02   1.4327e+03
idxtau
        0
        1
use sparse kinship to fit the model 
tauVec(0) 0.916173
use sparse kinship to fit the model 
tauVec(0) 0.916173
use sparse kinship to fit the model 
tauVec(0) 0.916173
use sparse kinship to fit the model 
tauVec(0) 0.916173
use sparse kinship to fit the model 
tauVec(0) 0.916173
use sparse kinship to fit the model 
tauVec(0) 0.916173
use sparse kinship to fit the model 
tauVec(0) 0.916173
use sparse kinship to fit the model 
tauVec(0) 0.916173
use sparse kinship to fit the model 
tauVec(0) 0.916173
use sparse kinship to fit the model 
tauVec(0) 0.916173
use sparse kinship to fit the model 
tauVec(0) 0.916173
use sparse kinship to fit the model 
tauVec(0) 0.916173
use sparse kinship to fit the model 
tauVec(0) 0.916173
use sparse kinship to fit the model 
tauVec(0) 0.916173
use sparse kinship to fit the model 
tauVec(0) 0.916173
use sparse kinship to fit the model 
tauVec(0) 0.916173
use sparse kinship to fit the model 
tauVec(0) 0.916173
use sparse kinship to fit the model 
tauVec(0) 0.916173
use sparse kinship to fit the model 
tauVec(0) 0.916173
use sparse kinship to fit the model 
tauVec(0) 0.916173
use sparse kinship to fit the model 
tauVec(0) 0.916173
use sparse kinship to fit the model 
tauVec(0) 0.916173
use sparse kinship to fit the model 
tauVec(0) 0.916173
use sparse kinship to fit the model 
tauVec(0) 0.916173
use sparse kinship to fit the model 
tauVec(0) 0.916173
use sparse kinship to fit the model 
tauVec(0) 0.916173
use sparse kinship to fit the model 
tauVec(0) 0.916173
use sparse kinship to fit the model 
tauVec(0) 0.916173
use sparse kinship to fit the model 
tauVec(0) 0.916173
use sparse kinship to fit the model 
tauVec(0) 0.916173
dim temp_mat_update30 2
CV for trace random estimator using 30 runs is    0.0002
   0.0028
 > 0.0025
try 40runs
use sparse kinship to fit the model 
tauVec(0) 0.916173
use sparse kinship to fit the model 
tauVec(0) 0.916173
use sparse kinship to fit the model 
tauVec(0) 0.916173
use sparse kinship to fit the model 
tauVec(0) 0.916173
use sparse kinship to fit the model 
tauVec(0) 0.916173
use sparse kinship to fit the model 
tauVec(0) 0.916173
use sparse kinship to fit the model 
tauVec(0) 0.916173
use sparse kinship to fit the model 
tauVec(0) 0.916173
use sparse kinship to fit the model 
tauVec(0) 0.916173
use sparse kinship to fit the model 
tauVec(0) 0.916173
dim temp_mat_update40 2
YPAPY_update
   4.3437e+02
   4.5691e+02
Trace
   4.3455e+02
   4.0546e+02
YPAPY
   4.3437e+02
   4.5691e+02
Trace
   4.3455e+02
   4.0546e+02
score
   -0.1873
   51.4506
Dtau
  -0.0602
   0.0569
score1
   -0.1873
   51.4506
AI1
   4.7411e+02   4.9872e+02
   4.9872e+02   1.4327e+03
k1 2
fixtauVec
        0
        0
i 0
i 1
Dtau_k1
  -0.0602
   0.0569
t_end_fitglmmaiRPCG - t_begin_fitglmmaiRPCG
   user  system elapsed 
  0.019   0.000   0.021 
[1] 0.03360256 0.73982879
tau:  0.8559526 0.05687246 
tau0:  0.9161726 0 

Iteration  2 0.8559526 0.05687246 :
tau0_v1:  0.8559526 0.05687246 
use sparse kinship to fit the model 
tauVec(0) 0.855953
after Sigma_iY
use sparse kinship to fit the model 
tauVec(0) 0.855953
use sparse kinship to fit the model 
tauVec(0) 0.855953
Tau:
[1] 0.85595256 0.05687246
Fixed-effect coefficients:
          [,1]
[1,] 1.0541039
[2,] 0.5332417
[1] "y[1]"
 111 
1.02 
[1] "y[2]"
 339 
1.55 
[1] "alpha"
          [,1]
[1,] 1.0541039
[2,] 0.5332417
t_end_Get_Coef - t_begin_Get_Coef
   user  system elapsed 
  0.017   0.008   0.025 
k1 2
use sparse kinship to fit the model 
tauVec(0) 0.855953
use sparse kinship to fit the model 
tauVec(0) 0.855953
AI
   4.8496e+02   4.3751e+02
   4.3751e+02   6.2831e+02
idxtau
        0
        1
use sparse kinship to fit the model 
tauVec(0) 0.855953
use sparse kinship to fit the model 
tauVec(0) 0.855953
use sparse kinship to fit the model 
tauVec(0) 0.855953
use sparse kinship to fit the model 
tauVec(0) 0.855953
use sparse kinship to fit the model 
tauVec(0) 0.855953
use sparse kinship to fit the model 
tauVec(0) 0.855953
use sparse kinship to fit the model 
tauVec(0) 0.855953
use sparse kinship to fit the model 
tauVec(0) 0.855953
use sparse kinship to fit the model 
tauVec(0) 0.855953
use sparse kinship to fit the model 
tauVec(0) 0.855953
use sparse kinship to fit the model 
tauVec(0) 0.855953
use sparse kinship to fit the model 
tauVec(0) 0.855953
use sparse kinship to fit the model 
tauVec(0) 0.855953
use sparse kinship to fit the model 
tauVec(0) 0.855953
use sparse kinship to fit the model 
tauVec(0) 0.855953
use sparse kinship to fit the model 
tauVec(0) 0.855953
use sparse kinship to fit the model 
tauVec(0) 0.855953
use sparse kinship to fit the model 
tauVec(0) 0.855953
use sparse kinship to fit the model 
tauVec(0) 0.855953
use sparse kinship to fit the model 
tauVec(0) 0.855953
use sparse kinship to fit the model 
tauVec(0) 0.855953
use sparse kinship to fit the model 
tauVec(0) 0.855953
use sparse kinship to fit the model 
tauVec(0) 0.855953
use sparse kinship to fit the model 
tauVec(0) 0.855953
use sparse kinship to fit the model 
tauVec(0) 0.855953
use sparse kinship to fit the model 
tauVec(0) 0.855953
use sparse kinship to fit the model 
tauVec(0) 0.855953
use sparse kinship to fit the model 
tauVec(0) 0.855953
use sparse kinship to fit the model 
tauVec(0) 0.855953
use sparse kinship to fit the model 
tauVec(0) 0.855953
dim temp_mat_update30 2
YPAPY_update
   4.4001e+02
   4.1022e+02
Trace
   4.3873e+02
   3.9427e+02
YPAPY
   4.4001e+02
   4.1022e+02
Trace
   4.3873e+02
   3.9427e+02
score
    1.2791
   15.9485
Dtau
  -0.0545
   0.0633
score1
    1.2791
   15.9485
AI1
   4.8496e+02   4.3751e+02
   4.3751e+02   6.2831e+02
k1 2
fixtauVec
        0
        0
i 0
i 1
Dtau_k1
  -0.0545
   0.0633
t_end_fitglmmaiRPCG - t_begin_fitglmmaiRPCG
   user  system elapsed 
  0.274   0.000   0.274 
[1] 0.03248709 0.32134653
tau:  0.8014584 0.1202015 
tau0:  0.8559526 0.05687246 

Iteration  3 0.8014584 0.1202015 :
tau0_v1:  0.8014584 0.1202015 
use sparse kinship to fit the model 
tauVec(0) 0.801458
after Sigma_iY
use sparse kinship to fit the model 
tauVec(0) 0.801458
use sparse kinship to fit the model 
tauVec(0) 0.801458
Tau:
[1] 0.8014584 0.1202015
Fixed-effect coefficients:
          [,1]
[1,] 1.0465832
[2,] 0.5331692
[1] "y[1]"
 111 
1.02 
[1] "y[2]"
 339 
1.55 
[1] "alpha"
          [,1]
[1,] 1.0465832
[2,] 0.5331692
t_end_Get_Coef - t_begin_Get_Coef
   user  system elapsed 
  0.017   0.008   0.024 
k1 2
use sparse kinship to fit the model 
tauVec(0) 0.801458
use sparse kinship to fit the model 
tauVec(0) 0.801458
AI
   4.8453e+02   4.1943e+02
   4.1943e+02   4.5470e+02
idxtau
        0
        1
use sparse kinship to fit the model 
tauVec(0) 0.801458
use sparse kinship to fit the model 
tauVec(0) 0.801458
use sparse kinship to fit the model 
tauVec(0) 0.801458
use sparse kinship to fit the model 
tauVec(0) 0.801458
use sparse kinship to fit the model 
tauVec(0) 0.801458
use sparse kinship to fit the model 
tauVec(0) 0.801458
use sparse kinship to fit the model 
tauVec(0) 0.801458
use sparse kinship to fit the model 
tauVec(0) 0.801458
use sparse kinship to fit the model 
tauVec(0) 0.801458
use sparse kinship to fit the model 
tauVec(0) 0.801458
use sparse kinship to fit the model 
tauVec(0) 0.801458
use sparse kinship to fit the model 
tauVec(0) 0.801458
use sparse kinship to fit the model 
tauVec(0) 0.801458
use sparse kinship to fit the model 
tauVec(0) 0.801458
use sparse kinship to fit the model 
tauVec(0) 0.801458
use sparse kinship to fit the model 
tauVec(0) 0.801458
use sparse kinship to fit the model 
tauVec(0) 0.801458
use sparse kinship to fit the model 
tauVec(0) 0.801458
use sparse kinship to fit the model 
tauVec(0) 0.801458
use sparse kinship to fit the model 
tauVec(0) 0.801458
use sparse kinship to fit the model 
tauVec(0) 0.801458
use sparse kinship to fit the model 
tauVec(0) 0.801458
use sparse kinship to fit the model 
tauVec(0) 0.801458
use sparse kinship to fit the model 
tauVec(0) 0.801458
use sparse kinship to fit the model 
tauVec(0) 0.801458
use sparse kinship to fit the model 
tauVec(0) 0.801458
use sparse kinship to fit the model 
tauVec(0) 0.801458
use sparse kinship to fit the model 
tauVec(0) 0.801458
use sparse kinship to fit the model 
tauVec(0) 0.801458
use sparse kinship to fit the model 
tauVec(0) 0.801458
dim temp_mat_update30 2
YPAPY_update
   4.3876e+02
   3.9081e+02
Trace
   4.3842e+02
   3.8730e+02
YPAPY
   4.3876e+02
   3.9081e+02
Trace
   4.3842e+02
   3.8730e+02
score
   0.3387
   3.5142
Dtau
  -0.0297
   0.0352
score1
   0.3387
   3.5142
AI1
   4.8453e+02   4.1943e+02
   4.1943e+02   4.5470e+02
k1 2
fixtauVec
        0
        0
i 0
i 1
Dtau_k1
  -0.0297
   0.0352
t_end_fitglmmaiRPCG - t_begin_fitglmmaiRPCG
   user  system elapsed 
  0.256   0.020   0.277 
[1] 0.01866141 0.11893958
tau:  0.7717273 0.1553548 
tau0:  0.8014584 0.1202015 

Iteration  4 0.7717273 0.1553548 :
tau0_v1:  0.7717273 0.1553548 
use sparse kinship to fit the model 
tauVec(0) 0.771727
after Sigma_iY
use sparse kinship to fit the model 
tauVec(0) 0.771727
use sparse kinship to fit the model 
tauVec(0) 0.771727
Tau:
[1] 0.7717273 0.1553548
Fixed-effect coefficients:
          [,1]
[1,] 1.0443995
[2,] 0.5331275
[1] "y[1]"
 111 
1.02 
[1] "y[2]"
 339 
1.55 
[1] "alpha"
          [,1]
[1,] 1.0443995
[2,] 0.5331275
t_end_Get_Coef - t_begin_Get_Coef
   user  system elapsed 
  0.025   0.000   0.026 
k1 2
use sparse kinship to fit the model 
tauVec(0) 0.771727
use sparse kinship to fit the model 
tauVec(0) 0.771727
AI
   4.8433e+02   4.1493e+02
   4.1493e+02   4.1763e+02
idxtau
        0
        1
use sparse kinship to fit the model 
tauVec(0) 0.771727
use sparse kinship to fit the model 
tauVec(0) 0.771727
use sparse kinship to fit the model 
tauVec(0) 0.771727
use sparse kinship to fit the model 
tauVec(0) 0.771727
use sparse kinship to fit the model 
tauVec(0) 0.771727
use sparse kinship to fit the model 
tauVec(0) 0.771727
use sparse kinship to fit the model 
tauVec(0) 0.771727
use sparse kinship to fit the model 
tauVec(0) 0.771727
use sparse kinship to fit the model 
tauVec(0) 0.771727
use sparse kinship to fit the model 
tauVec(0) 0.771727
use sparse kinship to fit the model 
tauVec(0) 0.771727
use sparse kinship to fit the model 
tauVec(0) 0.771727
use sparse kinship to fit the model 
tauVec(0) 0.771727
use sparse kinship to fit the model 
tauVec(0) 0.771727
use sparse kinship to fit the model 
tauVec(0) 0.771727
use sparse kinship to fit the model 
tauVec(0) 0.771727
use sparse kinship to fit the model 
tauVec(0) 0.771727
use sparse kinship to fit the model 
tauVec(0) 0.771727
use sparse kinship to fit the model 
tauVec(0) 0.771727
use sparse kinship to fit the model 
tauVec(0) 0.771727
use sparse kinship to fit the model 
tauVec(0) 0.771727
use sparse kinship to fit the model 
tauVec(0) 0.771727
use sparse kinship to fit the model 
tauVec(0) 0.771727
use sparse kinship to fit the model 
tauVec(0) 0.771727
use sparse kinship to fit the model 
tauVec(0) 0.771727
use sparse kinship to fit the model 
tauVec(0) 0.771727
use sparse kinship to fit the model 
tauVec(0) 0.771727
use sparse kinship to fit the model 
tauVec(0) 0.771727
use sparse kinship to fit the model 
tauVec(0) 0.771727
use sparse kinship to fit the model 
tauVec(0) 0.771727
dim temp_mat_update30 2
YPAPY_update
   4.3824e+02
   3.8509e+02
Trace
   4.3817e+02
   3.8472e+02
YPAPY
   4.3824e+02
   3.8509e+02
Trace
   4.3817e+02
   3.8472e+02
score
   0.0662
   0.3689
Dtau
  -0.0042
   0.0050
score1
   0.0662
   0.3689
AI1
   4.8433e+02   4.1493e+02
   4.1493e+02   4.1763e+02
k1 2
fixtauVec
        0
        0
i 0
i 1
Dtau_k1
  -0.0042
   0.0050
t_end_fitglmmaiRPCG - t_begin_fitglmmaiRPCG
   user  system elapsed 
  0.266   0.008   0.273 
[1] 0.002671851 0.014960005
tau:  0.7675611 0.1603774 
tau0:  0.7717273 0.1553548 

Final  0.7675611 0.1603774 :
use sparse kinship to fit the model 
tauVec(0) 0.767561
after Sigma_iY
use sparse kinship to fit the model 
tauVec(0) 0.767561
use sparse kinship to fit the model 
tauVec(0) 0.767561
Tau:
[1] 0.7675611 0.1603774
Fixed-effect coefficients:
          [,1]
[1,] 1.0441532
[2,] 0.5331215
[1] "y[1]"
 111 
1.02 
[1] "y[2]"
 339 
1.55 
[1] "alpha"
          [,1]
[1,] 1.0441532
[2,] 0.5331215
t_end_null - t_begin, fitting the NULL model without LOCO took
   user  system elapsed 
  1.011   0.044   1.058 
    IID X.Intercept. sex y.repeated IndexPheno IndexGeno covoffset
111 199            1   0       1.02          1       199         0
339  43            1   0       1.55          2        43         0
373  74            1   1       1.07          3        74         0
149 232            1   1       3.01          4       232         0
118 204            1   1       2.15          5       204         0
218 295            1   0       2.06          6       295         0
    sex
111   0
339   0
373   1
149   1
118   1
218   0
[1] 0.5331215
use sparse kinship to fit the model 
tauVec(0) 0.767561
use sparse kinship to fit the model 
tauVec(0) 0.767561
   user  system elapsed 
  2.428   0.156   2.597 
t_end - t_begin, fitting the NULL model took
   user  system elapsed 
  1.120   0.048   1.172 
Skip estimating variance ratios
closed the plinkFile!
