Loading required package: optparse
R version 4.2.0 (2022-04-22)
Platform: x86_64-pc-linux-gnu (64-bit)
Running under: Ubuntu 18.04.5 LTS

Matrix products: default
BLAS:   /usr/lib/x86_64-linux-gnu/openblas/libblas.so.3
LAPACK: /usr/lib/x86_64-linux-gnu/libopenblasp-r0.2.20.so

locale:
 [1] LC_CTYPE=en_US.UTF-8       LC_NUMERIC=C              
 [3] LC_TIME=en_US.UTF-8        LC_COLLATE=en_US.UTF-8    
 [5] LC_MONETARY=en_US.UTF-8    LC_MESSAGES=en_US.UTF-8   
 [7] LC_PAPER=en_US.UTF-8       LC_NAME=C                 
 [9] LC_ADDRESS=C               LC_TELEPHONE=C            
[11] LC_MEASUREMENT=en_US.UTF-8 LC_IDENTIFICATION=C       

attached base packages:
[1] stats     graphics  grDevices utils     datasets  methods   base     

other attached packages:
[1] optparse_1.7.1 SAIGE_1.1.3   

loaded via a namespace (and not attached):
[1] compiler_4.2.0     Matrix_1.4-1       Rcpp_1.0.7         getopt_1.20.3     
[5] grid_4.2.0         data.table_1.14.2  RcppParallel_5.0.2 lattice_0.20-45   
$plinkFile
[1] ""

$bedFile
[1] ""

$bimFile
[1] ""

$famFile
[1] ""

$phenoFile
[1] "./GMMAT_pheno_quantitative.txt"

$phenoCol
[1] "y.repeated"

$traitType
[1] "quantitative"

$invNormalize
[1] FALSE

$covarColList
[1] "sex"

$qCovarColList
[1] ""

$sampleIDColinphenoFile
[1] "id"

$tol
[1] 0.02

$maxiter
[1] 20

$tolPCG
[1] 1e-05

$maxiterPCG
[1] 500

$nThreads
[1] 1

$SPAcutoff
[1] 2

$numRandomMarkerforVarianceRatio
[1] 30

$skipModelFitting
[1] FALSE

$skipVarianceRatioEstimation
[1] TRUE

$memoryChunk
[1] 2

$tauInit
[1] "0,0"

$LOCO
[1] TRUE

$isLowMemLOCO
[1] FALSE

$traceCVcutoff
[1] 0.0025

$nrun
[1] 30

$ratioCVcutoff
[1] 0.001

$outputPrefix
[1] "GMMAT_quantitative_1.1.4"

$outputPrefix_varRatio
[1] ""

$IsOverwriteVarianceRatioFile
[1] FALSE

$sparseGRMFile
[1] "./GMMAT_GRM.mtx"

$sparseGRMSampleIDFile
[1] "./GMMAT_sampleID.txt"

$isCateVarianceRatio
[1] FALSE

$relatednessCutoff
[1] 0

$cateVarRatioMinMACVecExclude
[1] "10,20.5"

$cateVarRatioMaxMACVecInclude
[1] "20.5"

$isCovariateTransform
[1] FALSE

$isDiagofKinSetAsOne
[1] FALSE

$useSparseGRMtoFitNULL
[1] TRUE

$useSparseGRMforVarRatio
[1] FALSE

$minMAFforGRM
[1] 0.01

$maxMissingRateforGRM
[1] 0.15

$minCovariateCount
[1] -1

$includeNonautoMarkersforVarRatio
[1] FALSE

$FemaleOnly
[1] FALSE

$MaleOnly
[1] FALSE

$sexCol
[1] ""

$FemaleCode
[1] "1"

$MaleCode
[1] "0"

$isCovariateOffset
[1] FALSE

$SampleIDIncludeFile
[1] ""

$help
[1] FALSE

tauInit  is  0 0 
cateVarRatioMinMACVecExclude  is  10 20.5 
cateVarRatioMaxMACVecInclude  is  20.5 
Sparse GRM is used to fit the null model and plink file is not specified, so variance ratios won't be estimated
Variance ratio estimation will be skipped
.Leave-one-chromosome-out is not applied
400  samples are in the sparse GRM
formula is  y.repeated~sex 
400  samples have non-missing phenotypes
400  samples will be used for analysis
    IID X.Intercept. sex y.repeated IndexPheno IndexGeno
1     1            1   0       1.83        207         1
112   2            1   1       1.43        301         2
223   3            1   0       1.29        108         3
334   4            1   1       2.04        122         4
346   5            1   0       0.68        349         5
357   6            1   1       2.00         31         6
extract sparse GRM
[1] 160000
set elements in the sparse GRM <=  0  to zero
[1] 160000
400  samples have been used to fit the glmm null model
Setting up sparse GRM using  ./GMMAT_GRM.mtx  and  ./GMMAT_sampleID.txt 
Dimension of the sparse GRM is  400 400 
2 locationMat.n_rows 
160000 locationMat.n_cols 
160000 valueVec.n_elem 
Markers in the Plink file with MAF <  0.01  will be removed before constructing GRM
Markers in the Plink file with missing rate >  0.15  will be removed before constructing GRM
y.repeated  is a quantitative trait
glm:

Call:  glm(formula = formula.new, family = gaussian(link = "identity"), 
    data = data.new)

Coefficients:
(Intercept)          sex  
     1.0728       0.5333  

Degrees of Freedom: 399 Total (i.e. Null);  398 Residual
Null Deviance:	    393 
Residual Deviance: 364.6 	AIC: 1104
   user  system elapsed 
  1.170   0.137   1.335 
Start fitting the NULL GLMM
   user  system elapsed 
  1.274   0.137   1.439 
[1] "Start reading genotype plink file here"
Error! fam file not open!time: 0.05
[1] "Genotype reading is done"
[1] "Genotype reading is done"
Fixed-effect coefficients:
(Intercept)         sex 
    1.07285     0.53330 
initial tau is  1 0 
use sparse kinship to fit the model 
use sparse kinship to fit the model 
use sparse kinship to fit the model 
Tau:
[1] 1 0
Fixed-effect coefficients:
          [,1]
[1,] 1.0728501
[2,] 0.5332994
use sparse kinship to fit the model 
use sparse kinship to fit the model 
use sparse kinship to fit the model 
use sparse kinship to fit the model 
use sparse kinship to fit the model 
use sparse kinship to fit the model 
use sparse kinship to fit the model 
use sparse kinship to fit the model 
use sparse kinship to fit the model 
use sparse kinship to fit the model 
use sparse kinship to fit the model 
use sparse kinship to fit the model 
use sparse kinship to fit the model 
use sparse kinship to fit the model 
use sparse kinship to fit the model 
use sparse kinship to fit the model 
use sparse kinship to fit the model 
use sparse kinship to fit the model 
use sparse kinship to fit the model 
use sparse kinship to fit the model 
use sparse kinship to fit the model 
use sparse kinship to fit the model 
use sparse kinship to fit the model 
use sparse kinship to fit the model 
use sparse kinship to fit the model 
use sparse kinship to fit the model 
use sparse kinship to fit the model 
use sparse kinship to fit the model 
use sparse kinship to fit the model 
use sparse kinship to fit the model 
use sparse kinship to fit the model 
use sparse kinship to fit the model 
Variance component estimates:
[1] 0.9172751 0.0000000

Iteration  1 :
use sparse kinship to fit the model 
use sparse kinship to fit the model 
use sparse kinship to fit the model 
Tau:
[1] 0.9172751 0.0000000
Fixed-effect coefficients:
          [,1]
[1,] 1.0728557
[2,] 0.5332925
use sparse kinship to fit the model 
use sparse kinship to fit the model 
use sparse kinship to fit the model 
use sparse kinship to fit the model 
use sparse kinship to fit the model 
use sparse kinship to fit the model 
use sparse kinship to fit the model 
use sparse kinship to fit the model 
use sparse kinship to fit the model 
use sparse kinship to fit the model 
use sparse kinship to fit the model 
use sparse kinship to fit the model 
use sparse kinship to fit the model 
use sparse kinship to fit the model 
use sparse kinship to fit the model 
use sparse kinship to fit the model 
use sparse kinship to fit the model 
use sparse kinship to fit the model 
use sparse kinship to fit the model 
use sparse kinship to fit the model 
use sparse kinship to fit the model 
use sparse kinship to fit the model 
use sparse kinship to fit the model 
use sparse kinship to fit the model 
use sparse kinship to fit the model 
use sparse kinship to fit the model 
use sparse kinship to fit the model 
use sparse kinship to fit the model 
use sparse kinship to fit the model 
use sparse kinship to fit the model 
use sparse kinship to fit the model 
use sparse kinship to fit the model 
cov:  0.004586395 -0.004586395 -0.004586395 0.009172766 
Variance component estimates:
[1] 0.84998900 0.06350708
Fixed-effect coefficients:
          [,1]
[1,] 1.0728557
[2,] 0.5332925

Iteration  2 :
use sparse kinship to fit the model 
use sparse kinship to fit the model 
use sparse kinship to fit the model 
Tau:
[1] 0.84998900 0.06350708
Fixed-effect coefficients:
          [,1]
[1,] 1.0529566
[2,] 0.5332339
use sparse kinship to fit the model 
use sparse kinship to fit the model 
use sparse kinship to fit the model 
use sparse kinship to fit the model 
use sparse kinship to fit the model 
use sparse kinship to fit the model 
use sparse kinship to fit the model 
use sparse kinship to fit the model 
use sparse kinship to fit the model 
use sparse kinship to fit the model 
use sparse kinship to fit the model 
use sparse kinship to fit the model 
use sparse kinship to fit the model 
use sparse kinship to fit the model 
use sparse kinship to fit the model 
use sparse kinship to fit the model 
use sparse kinship to fit the model 
use sparse kinship to fit the model 
use sparse kinship to fit the model 
use sparse kinship to fit the model 
use sparse kinship to fit the model 
use sparse kinship to fit the model 
use sparse kinship to fit the model 
use sparse kinship to fit the model 
use sparse kinship to fit the model 
use sparse kinship to fit the model 
use sparse kinship to fit the model 
use sparse kinship to fit the model 
use sparse kinship to fit the model 
use sparse kinship to fit the model 
use sparse kinship to fit the model 
use sparse kinship to fit the model 
cov:  0.01033051 -0.004510218 -0.004510218 0.009027327 
Variance component estimates:
[1] 0.7900990 0.1336727
Fixed-effect coefficients:
          [,1]
[1,] 1.0529566
[2,] 0.5332339

Iteration  3 :
use sparse kinship to fit the model 
use sparse kinship to fit the model 
use sparse kinship to fit the model 
Tau:
[1] 0.7900990 0.1336727
Fixed-effect coefficients:
          [,1]
[1,] 1.0456406
[2,] 0.5331533
use sparse kinship to fit the model 
use sparse kinship to fit the model 
use sparse kinship to fit the model 
use sparse kinship to fit the model 
use sparse kinship to fit the model 
use sparse kinship to fit the model 
use sparse kinship to fit the model 
use sparse kinship to fit the model 
use sparse kinship to fit the model 
use sparse kinship to fit the model 
use sparse kinship to fit the model 
use sparse kinship to fit the model 
use sparse kinship to fit the model 
use sparse kinship to fit the model 
use sparse kinship to fit the model 
use sparse kinship to fit the model 
use sparse kinship to fit the model 
use sparse kinship to fit the model 
use sparse kinship to fit the model 
use sparse kinship to fit the model 
use sparse kinship to fit the model 
use sparse kinship to fit the model 
use sparse kinship to fit the model 
use sparse kinship to fit the model 
use sparse kinship to fit the model 
use sparse kinship to fit the model 
use sparse kinship to fit the model 
use sparse kinship to fit the model 
use sparse kinship to fit the model 
use sparse kinship to fit the model 
use sparse kinship to fit the model 
use sparse kinship to fit the model 
cov:  0.01657304 -0.004498199 -0.004498199 0.009011061 
Variance component estimates:
[1] 0.7631254 0.1660459
Fixed-effect coefficients:
          [,1]
[1,] 1.0456406
[2,] 0.5331533

Iteration  4 :
use sparse kinship to fit the model 
use sparse kinship to fit the model 
use sparse kinship to fit the model 
Tau:
[1] 0.7631254 0.1660459
Fixed-effect coefficients:
          [,1]
[1,] 1.0438919
[2,] 0.5331153
use sparse kinship to fit the model 
use sparse kinship to fit the model 
use sparse kinship to fit the model 
use sparse kinship to fit the model 
use sparse kinship to fit the model 
use sparse kinship to fit the model 
use sparse kinship to fit the model 
use sparse kinship to fit the model 
use sparse kinship to fit the model 
use sparse kinship to fit the model 
use sparse kinship to fit the model 
use sparse kinship to fit the model 
use sparse kinship to fit the model 
use sparse kinship to fit the model 
use sparse kinship to fit the model 
use sparse kinship to fit the model 
use sparse kinship to fit the model 
use sparse kinship to fit the model 
use sparse kinship to fit the model 
use sparse kinship to fit the model 
use sparse kinship to fit the model 
use sparse kinship to fit the model 
use sparse kinship to fit the model 
use sparse kinship to fit the model 
use sparse kinship to fit the model 
use sparse kinship to fit the model 
use sparse kinship to fit the model 
use sparse kinship to fit the model 
use sparse kinship to fit the model 
use sparse kinship to fit the model 
use sparse kinship to fit the model 
use sparse kinship to fit the model 
cov:  0.01943468 -0.004495924 -0.004495924 0.009010104 
Variance component estimates:
[1] 0.7629380 0.1664662
Fixed-effect coefficients:
          [,1]
[1,] 1.0438919
[2,] 0.5331153

Final  0.762938 0.1664662 :
t_end_null - t_begin, fitting the NULL model without LOCO took
   user  system elapsed 
  1.118   0.035   1.154 
use sparse kinship to fit the model 
use sparse kinship to fit the model 
use sparse kinship to fit the model 
Tau:
[1] 0.7629380 0.1664662
Fixed-effect coefficients:
          [,1]
[1,] 1.0438749
[2,] 0.5331151
Error in data.new %*% (as.vector(modglmm$coefficients[-1])) : 
  non-conformable arguments
Calls: fitNULLGLMM
Execution halted
