Loading required package: optparse
R version 4.2.0 (2022-04-22)
Platform: x86_64-pc-linux-gnu (64-bit)
Running under: Ubuntu 18.04.5 LTS

Matrix products: default
BLAS:   /usr/lib/x86_64-linux-gnu/openblas/libblas.so.3
LAPACK: /usr/lib/x86_64-linux-gnu/libopenblasp-r0.2.20.so

locale:
 [1] LC_CTYPE=en_US.UTF-8       LC_NUMERIC=C              
 [3] LC_TIME=en_US.UTF-8        LC_COLLATE=en_US.UTF-8    
 [5] LC_MONETARY=en_US.UTF-8    LC_MESSAGES=en_US.UTF-8   
 [7] LC_PAPER=en_US.UTF-8       LC_NAME=C                 
 [9] LC_ADDRESS=C               LC_TELEPHONE=C            
[11] LC_MEASUREMENT=en_US.UTF-8 LC_IDENTIFICATION=C       

attached base packages:
[1] stats     graphics  grDevices utils     datasets  methods   base     

other attached packages:
[1] optparse_1.7.1 SAIGE_1.1.4   

loaded via a namespace (and not attached):
[1] compiler_4.2.0     Matrix_1.4-1       Rcpp_1.0.7         getopt_1.20.3     
[5] grid_4.2.0         data.table_1.14.2  RcppParallel_5.0.2 lattice_0.20-45   
$plinkFile
[1] ""

$bedFile
[1] ""

$bimFile
[1] ""

$famFile
[1] ""

$phenoFile
[1] "./GMMAT_pheno_quantitative.txt"

$phenoCol
[1] "y.repeated"

$traitType
[1] "quantitative"

$invNormalize
[1] FALSE

$covarColList
[1] "sex"

$qCovarColList
[1] ""

$sampleIDColinphenoFile
[1] "id"

$tol
[1] 0.02

$maxiter
[1] 20

$tolPCG
[1] 1e-05

$maxiterPCG
[1] 500

$nThreads
[1] 1

$SPAcutoff
[1] 2

$numRandomMarkerforVarianceRatio
[1] 30

$skipModelFitting
[1] FALSE

$skipVarianceRatioEstimation
[1] TRUE

$memoryChunk
[1] 2

$tauInit
[1] "0,0"

$LOCO
[1] TRUE

$isLowMemLOCO
[1] FALSE

$traceCVcutoff
[1] 0.0025

$nrun
[1] 100

$ratioCVcutoff
[1] 0.001

$outputPrefix
[1] "GMMAT_quantitative_multiV_1.1.4"

$outputPrefix_varRatio
[1] ""

$IsOverwriteVarianceRatioFile
[1] FALSE

$sparseGRMFile
[1] "./GMMAT_GRM.mtx"

$sparseGRMSampleIDFile
[1] "./GMMAT_sampleID.txt"

$isCateVarianceRatio
[1] FALSE

$relatednessCutoff
[1] 0

$cateVarRatioMinMACVecExclude
[1] "10,20.5"

$cateVarRatioMaxMACVecInclude
[1] "20.5"

$isCovariateTransform
[1] FALSE

$isDiagofKinSetAsOne
[1] FALSE

$useSparseGRMtoFitNULL
[1] TRUE

$useSparseGRMforVarRatio
[1] FALSE

$minMAFforGRM
[1] 0.01

$maxMissingRateforGRM
[1] 0.15

$minCovariateCount
[1] -1

$includeNonautoMarkersforVarRatio
[1] FALSE

$FemaleOnly
[1] FALSE

$MaleOnly
[1] FALSE

$sexCol
[1] ""

$FemaleCode
[1] "1"

$MaleCode
[1] "0"

$isCovariateOffset
[1] FALSE

$SampleIDIncludeFile
[1] ""

$VmatFilelist
[1] "GMMAT_M10.mtx"

$VmatSampleFilelist
[1] "./GMMAT_sampleID.txt"

$help
[1] FALSE

tauInit  is  0 0 
cateVarRatioMinMACVecExclude  is  10 20.5 
cateVarRatioMaxMACVecInclude  is  20.5 
Sparse GRM is used to fit the null model and plink file is not specified, so variance ratios won't be estimated
Variance ratio estimation will be skipped
.Leave-one-chromosome-out is not applied
400  samples are in the sparse GRM
formula is  y.repeated~sex 
400  samples have non-missing phenotypes
400  samples in geno file do not have phenotypes
0  samples will be used for analysis
    IID X.Intercept. sex y.repeated IndexPheno IndexGeno
1     1            1   0       1.83        207         1
112   2            1   1       1.43        301         2
223   3            1   0       1.29        108         3
334   4            1   1       2.04        122         4
346   5            1   0       0.68        349         5
357   6            1   1       2.00         31         6
extract sparse GRM
[1] 160000
set elements in the sparse GRM <=  0  to zero
400  samples have been used to fit the glmm null model
Setting up sparse GRM using  ./GMMAT_GRM.mtx  and  ./GMMAT_sampleID.txt 
Dimension of the sparse GRM is  400 400 
2 locationMat.n_rows 
160000 locationMat.n_cols 
160000 valueVec.n_elem 
1  additional variance covariance matrices are specified
Extract matrix in  GMMAT_M10.mtx 
[1] 4000
400  samples have been used to fit the glmm null model
Kmat_vec.size() 1
Markers in the Plink file with MAF <  0.01  will be removed before constructing GRM
Markers in the Plink file with missing rate >  0.15  will be removed before constructing GRM
y.repeated  is a quantitative trait
glm:

Call:  glm(formula = formula.new, family = gaussian(link = "identity"), 
    data = data.new)

Coefficients:
(Intercept)          sex  
     1.0728       0.5333  

Degrees of Freedom: 399 Total (i.e. Null);  398 Residual
Null Deviance:	    393 
Residual Deviance: 364.6 	AIC: 1104
Start fitting the NULL GLMM
   user  system elapsed 
  1.171   0.146   1.321 
   user  system elapsed 
  1.273   0.147   1.423 
[1] "Start reading genotype plink file here"
Error! fam file not open!time: 0.041
[1] "Genotype reading is done"
tauInit[1] 0 0 0
inital tau is  1 0 0 
use sparse kinship to fit the model 
after Sigma_iY
use sparse kinship to fit the model 
use sparse kinship to fit the model 
Tau:
[1] 1 0 0
Fixed-effect coefficients:
          [,1]
[1,] 1.0728501
[2,] 0.5332994
[1] "alpha"
          [,1]
[1,] 1.0728501
[2,] 0.5332994
k1 3
use sparse kinship to fit the model 
use sparse kinship to fit the model 
use sparse kinship to fit the model 
AI
   3.6459e+02   3.8352e+02   3.6371e+02
   3.8352e+02   1.1125e+03   1.0992e+03
   3.6371e+02   1.0992e+03   3.6371e+03
idxtau
        0
        1
        2
use sparse kinship to fit the model 
use sparse kinship to fit the model 
use sparse kinship to fit the model 
use sparse kinship to fit the model 
use sparse kinship to fit the model 
use sparse kinship to fit the model 
use sparse kinship to fit the model 
use sparse kinship to fit the model 
use sparse kinship to fit the model 
use sparse kinship to fit the model 
use sparse kinship to fit the model 
use sparse kinship to fit the model 
use sparse kinship to fit the model 
use sparse kinship to fit the model 
use sparse kinship to fit the model 
use sparse kinship to fit the model 
use sparse kinship to fit the model 
use sparse kinship to fit the model 
use sparse kinship to fit the model 
use sparse kinship to fit the model 
use sparse kinship to fit the model 
use sparse kinship to fit the model 
use sparse kinship to fit the model 
use sparse kinship to fit the model 
use sparse kinship to fit the model 
use sparse kinship to fit the model 
use sparse kinship to fit the model 
use sparse kinship to fit the model 
use sparse kinship to fit the model 
use sparse kinship to fit the model 
use sparse kinship to fit the model 
use sparse kinship to fit the model 
use sparse kinship to fit the model 
use sparse kinship to fit the model 
use sparse kinship to fit the model 
use sparse kinship to fit the model 
use sparse kinship to fit the model 
use sparse kinship to fit the model 
use sparse kinship to fit the model 
use sparse kinship to fit the model 
use sparse kinship to fit the model 
use sparse kinship to fit the model 
use sparse kinship to fit the model 
use sparse kinship to fit the model 
use sparse kinship to fit the model 
use sparse kinship to fit the model 
use sparse kinship to fit the model 
use sparse kinship to fit the model 
use sparse kinship to fit the model 
use sparse kinship to fit the model 
use sparse kinship to fit the model 
use sparse kinship to fit the model 
use sparse kinship to fit the model 
use sparse kinship to fit the model 
use sparse kinship to fit the model 
use sparse kinship to fit the model 
use sparse kinship to fit the model 
use sparse kinship to fit the model 
use sparse kinship to fit the model 
use sparse kinship to fit the model 
use sparse kinship to fit the model 
use sparse kinship to fit the model 
use sparse kinship to fit the model 
use sparse kinship to fit the model 
use sparse kinship to fit the model 
use sparse kinship to fit the model 
use sparse kinship to fit the model 
use sparse kinship to fit the model 
use sparse kinship to fit the model 
use sparse kinship to fit the model 
use sparse kinship to fit the model 
use sparse kinship to fit the model 
use sparse kinship to fit the model 
use sparse kinship to fit the model 
use sparse kinship to fit the model 
use sparse kinship to fit the model 
use sparse kinship to fit the model 
use sparse kinship to fit the model 
use sparse kinship to fit the model 
use sparse kinship to fit the model 
use sparse kinship to fit the model 
use sparse kinship to fit the model 
use sparse kinship to fit the model 
use sparse kinship to fit the model 
use sparse kinship to fit the model 
use sparse kinship to fit the model 
use sparse kinship to fit the model 
use sparse kinship to fit the model 
use sparse kinship to fit the model 
use sparse kinship to fit the model 
use sparse kinship to fit the model 
use sparse kinship to fit the model 
use sparse kinship to fit the model 
use sparse kinship to fit the model 
use sparse kinship to fit the model 
use sparse kinship to fit the model 
use sparse kinship to fit the model 
use sparse kinship to fit the model 
use sparse kinship to fit the model 
use sparse kinship to fit the model 
dim temp_mat_update100 3
YPAPY_update
   3.6459e+02
   3.8352e+02
   3.6371e+02
Trace
   3.9796e+02
   3.7052e+02
   3.8558e+02
[1] "re$YPAPY"
        [,1]
[1,] 364.594
[2,] 383.522
[3,] 363.709
[1] "re$Trace"
         [,1]
[1,] 397.9598
[2,] 370.5160
[3,] 385.5850
Variance component estimates:
[1] 0.9165856 0.0000000 0.0000000

Iteration  1 0.9165856 0 0 :
tau0_v1:  0.9165856 0 0 
use sparse kinship to fit the model 
after Sigma_iY
use sparse kinship to fit the model 
use sparse kinship to fit the model 
Tau:
[1] 0.9165856 0.0000000 0.0000000
Fixed-effect coefficients:
          [,1]
[1,] 1.0728524
[2,] 0.5332978
[1] "alpha"
          [,1]
[1,] 1.0728524
[2,] 0.5332978
t_end_Get_Coef - t_begin_Get_Coef
   user  system elapsed 
  0.002   0.000   0.002 
k1 3
use sparse kinship to fit the model 
use sparse kinship to fit the model 
use sparse kinship to fit the model 
AI
   4.7347e+02   4.9805e+02   4.7232e+02
   4.9805e+02   1.4309e+03   1.4275e+03
   4.7232e+02   1.4275e+03   4.7232e+03
idxtau
        0
        1
        2
use sparse kinship to fit the model 
use sparse kinship to fit the model 
use sparse kinship to fit the model 
use sparse kinship to fit the model 
use sparse kinship to fit the model 
use sparse kinship to fit the model 
use sparse kinship to fit the model 
use sparse kinship to fit the model 
use sparse kinship to fit the model 
use sparse kinship to fit the model 
use sparse kinship to fit the model 
use sparse kinship to fit the model 
use sparse kinship to fit the model 
use sparse kinship to fit the model 
use sparse kinship to fit the model 
use sparse kinship to fit the model 
use sparse kinship to fit the model 
use sparse kinship to fit the model 
use sparse kinship to fit the model 
use sparse kinship to fit the model 
use sparse kinship to fit the model 
use sparse kinship to fit the model 
use sparse kinship to fit the model 
use sparse kinship to fit the model 
use sparse kinship to fit the model 
use sparse kinship to fit the model 
use sparse kinship to fit the model 
use sparse kinship to fit the model 
use sparse kinship to fit the model 
use sparse kinship to fit the model 
use sparse kinship to fit the model 
use sparse kinship to fit the model 
use sparse kinship to fit the model 
use sparse kinship to fit the model 
use sparse kinship to fit the model 
use sparse kinship to fit the model 
use sparse kinship to fit the model 
use sparse kinship to fit the model 
use sparse kinship to fit the model 
use sparse kinship to fit the model 
use sparse kinship to fit the model 
use sparse kinship to fit the model 
use sparse kinship to fit the model 
use sparse kinship to fit the model 
use sparse kinship to fit the model 
use sparse kinship to fit the model 
use sparse kinship to fit the model 
use sparse kinship to fit the model 
use sparse kinship to fit the model 
use sparse kinship to fit the model 
use sparse kinship to fit the model 
use sparse kinship to fit the model 
use sparse kinship to fit the model 
use sparse kinship to fit the model 
use sparse kinship to fit the model 
use sparse kinship to fit the model 
use sparse kinship to fit the model 
use sparse kinship to fit the model 
use sparse kinship to fit the model 
use sparse kinship to fit the model 
use sparse kinship to fit the model 
use sparse kinship to fit the model 
use sparse kinship to fit the model 
use sparse kinship to fit the model 
use sparse kinship to fit the model 
use sparse kinship to fit the model 
use sparse kinship to fit the model 
use sparse kinship to fit the model 
use sparse kinship to fit the model 
use sparse kinship to fit the model 
use sparse kinship to fit the model 
use sparse kinship to fit the model 
use sparse kinship to fit the model 
use sparse kinship to fit the model 
use sparse kinship to fit the model 
use sparse kinship to fit the model 
use sparse kinship to fit the model 
use sparse kinship to fit the model 
use sparse kinship to fit the model 
use sparse kinship to fit the model 
use sparse kinship to fit the model 
use sparse kinship to fit the model 
use sparse kinship to fit the model 
use sparse kinship to fit the model 
use sparse kinship to fit the model 
use sparse kinship to fit the model 
use sparse kinship to fit the model 
use sparse kinship to fit the model 
use sparse kinship to fit the model 
use sparse kinship to fit the model 
use sparse kinship to fit the model 
use sparse kinship to fit the model 
use sparse kinship to fit the model 
use sparse kinship to fit the model 
use sparse kinship to fit the model 
use sparse kinship to fit the model 
use sparse kinship to fit the model 
use sparse kinship to fit the model 
use sparse kinship to fit the model 
use sparse kinship to fit the model 
dim temp_mat_update100 3
YPAPY_update
   4.3397e+02
   4.5650e+02
   4.3292e+02
Trace
   4.3418e+02
   4.0423e+02
   4.2068e+02
YPAPY
   4.3397e+02
   4.5650e+02
   4.3292e+02
Trace
   4.3418e+02
   4.0423e+02
   4.2068e+02
score
   -0.2026
   52.2679
   12.2450
Dtau
  -0.0623
   0.0707
  -0.0126
score1
   -0.2026
   52.2679
   12.2450
AI1
   4.7347e+02   4.9805e+02   4.7232e+02
   4.9805e+02   1.4309e+03   1.4275e+03
   4.7232e+02   1.4275e+03   4.7232e+03
t_end_fitglmmaiRPCG - t_begin_fitglmmaiRPCG
   user  system elapsed 
  0.162   0.000   0.163 
[1] 0.0348005 0.7796112 0.0000000
tau:  0.8542632 0.07074869 0 
tau0:  0.9165856 0 0 

Iteration  2 0.8542632 0.07074869 0 :
tau0_v1:  0.8542632 0.07074869 0 
use sparse kinship to fit the model 
after Sigma_iY
use sparse kinship to fit the model 
use sparse kinship to fit the model 
Tau:
[1] 0.85426319 0.07074869 0.00000000
Fixed-effect coefficients:
          [,1]
[1,] 1.0519526
[2,] 0.5332274
[1] "alpha"
          [,1]
[1,] 1.0519526
[2,] 0.5332274
t_end_Get_Coef - t_begin_Get_Coef
   user  system elapsed 
  0.026   0.000   0.026 
k1 3
use sparse kinship to fit the model 
use sparse kinship to fit the model 
use sparse kinship to fit the model 
AI
   4.6849e+02   4.1727e+02   3.7487e+02
   4.1727e+02   5.5124e+02   5.8587e+02
   3.7487e+02   5.8587e+02   3.7505e+03
idxtau
        0
        1
        2
use sparse kinship to fit the model 
use sparse kinship to fit the model 
use sparse kinship to fit the model 
use sparse kinship to fit the model 
use sparse kinship to fit the model 
use sparse kinship to fit the model 
use sparse kinship to fit the model 
use sparse kinship to fit the model 
use sparse kinship to fit the model 
use sparse kinship to fit the model 
use sparse kinship to fit the model 
use sparse kinship to fit the model 
use sparse kinship to fit the model 
use sparse kinship to fit the model 
use sparse kinship to fit the model 
use sparse kinship to fit the model 
use sparse kinship to fit the model 
use sparse kinship to fit the model 
use sparse kinship to fit the model 
use sparse kinship to fit the model 
use sparse kinship to fit the model 
use sparse kinship to fit the model 
use sparse kinship to fit the model 
use sparse kinship to fit the model 
use sparse kinship to fit the model 
use sparse kinship to fit the model 
use sparse kinship to fit the model 
use sparse kinship to fit the model 
use sparse kinship to fit the model 
use sparse kinship to fit the model 
use sparse kinship to fit the model 
use sparse kinship to fit the model 
use sparse kinship to fit the model 
use sparse kinship to fit the model 
use sparse kinship to fit the model 
use sparse kinship to fit the model 
use sparse kinship to fit the model 
use sparse kinship to fit the model 
use sparse kinship to fit the model 
use sparse kinship to fit the model 
use sparse kinship to fit the model 
use sparse kinship to fit the model 
use sparse kinship to fit the model 
use sparse kinship to fit the model 
use sparse kinship to fit the model 
use sparse kinship to fit the model 
use sparse kinship to fit the model 
use sparse kinship to fit the model 
use sparse kinship to fit the model 
use sparse kinship to fit the model 
use sparse kinship to fit the model 
use sparse kinship to fit the model 
use sparse kinship to fit the model 
use sparse kinship to fit the model 
use sparse kinship to fit the model 
use sparse kinship to fit the model 
use sparse kinship to fit the model 
use sparse kinship to fit the model 
use sparse kinship to fit the model 
use sparse kinship to fit the model 
use sparse kinship to fit the model 
use sparse kinship to fit the model 
use sparse kinship to fit the model 
use sparse kinship to fit the model 
use sparse kinship to fit the model 
use sparse kinship to fit the model 
use sparse kinship to fit the model 
use sparse kinship to fit the model 
use sparse kinship to fit the model 
use sparse kinship to fit the model 
use sparse kinship to fit the model 
use sparse kinship to fit the model 
use sparse kinship to fit the model 
use sparse kinship to fit the model 
use sparse kinship to fit the model 
use sparse kinship to fit the model 
use sparse kinship to fit the model 
use sparse kinship to fit the model 
use sparse kinship to fit the model 
use sparse kinship to fit the model 
use sparse kinship to fit the model 
use sparse kinship to fit the model 
use sparse kinship to fit the model 
use sparse kinship to fit the model 
use sparse kinship to fit the model 
use sparse kinship to fit the model 
use sparse kinship to fit the model 
use sparse kinship to fit the model 
use sparse kinship to fit the model 
use sparse kinship to fit the model 
use sparse kinship to fit the model 
use sparse kinship to fit the model 
use sparse kinship to fit the model 
use sparse kinship to fit the model 
use sparse kinship to fit the model 
use sparse kinship to fit the model 
use sparse kinship to fit the model 
use sparse kinship to fit the model 
use sparse kinship to fit the model 
use sparse kinship to fit the model 
dim temp_mat_update100 3
YPAPY_update
   4.2975e+02
   3.9546e+02
   3.6169e+02
Trace
   4.3361e+02
   3.8885e+02
   4.0020e+02
YPAPY
   4.2975e+02
   3.9546e+02
   3.6169e+02
Trace
   4.3361e+02
   3.8885e+02
   4.0020e+02
score
   -3.8534
    6.6087
  -38.5103
Dtau
  -0.0652
   0.0783
  -0.0160
score1
   -3.8534
    6.6087
  -38.5103
AI1
   4.6849e+02   4.1727e+02   3.7487e+02
   4.1727e+02   5.5124e+02   5.8587e+02
   3.7487e+02   5.8587e+02   3.7505e+03
t_end_fitglmmaiRPCG - t_begin_fitglmmaiRPCG
   user  system elapsed 
  0.917   0.055   0.973 
[1] 0.03920156 0.32663355 0.00000000
tau:  0.7890584 0.1490871 0 
tau0:  0.8542632 0.07074869 0 

Iteration  3 0.7890584 0.1490871 0 :
tau0_v1:  0.7890584 0.1490871 0 
use sparse kinship to fit the model 
after Sigma_iY
use sparse kinship to fit the model 
use sparse kinship to fit the model 
Tau:
[1] 0.7890584 0.1490871 0.0000000
Fixed-effect coefficients:
          [,1]
[1,] 1.0448347
[2,] 0.5331376
[1] "alpha"
          [,1]
[1,] 1.0448347
[2,] 0.5331376
t_end_Get_Coef - t_begin_Get_Coef
   user  system elapsed 
  0.021   0.004   0.026 
k1 3
use sparse kinship to fit the model 
use sparse kinship to fit the model 
use sparse kinship to fit the model 
AI
   4.6550e+02   3.9960e+02   3.4481e+02
   3.9960e+02   4.0807e+02   4.0918e+02
   3.4481e+02   4.0918e+02   3.4505e+03
idxtau
        0
        1
        2
use sparse kinship to fit the model 
use sparse kinship to fit the model 
use sparse kinship to fit the model 
use sparse kinship to fit the model 
use sparse kinship to fit the model 
use sparse kinship to fit the model 
use sparse kinship to fit the model 
use sparse kinship to fit the model 
use sparse kinship to fit the model 
use sparse kinship to fit the model 
use sparse kinship to fit the model 
use sparse kinship to fit the model 
use sparse kinship to fit the model 
use sparse kinship to fit the model 
use sparse kinship to fit the model 
use sparse kinship to fit the model 
use sparse kinship to fit the model 
use sparse kinship to fit the model 
use sparse kinship to fit the model 
use sparse kinship to fit the model 
use sparse kinship to fit the model 
use sparse kinship to fit the model 
use sparse kinship to fit the model 
use sparse kinship to fit the model 
use sparse kinship to fit the model 
use sparse kinship to fit the model 
use sparse kinship to fit the model 
use sparse kinship to fit the model 
use sparse kinship to fit the model 
use sparse kinship to fit the model 
use sparse kinship to fit the model 
use sparse kinship to fit the model 
use sparse kinship to fit the model 
use sparse kinship to fit the model 
use sparse kinship to fit the model 
use sparse kinship to fit the model 
use sparse kinship to fit the model 
use sparse kinship to fit the model 
use sparse kinship to fit the model 
use sparse kinship to fit the model 
use sparse kinship to fit the model 
use sparse kinship to fit the model 
use sparse kinship to fit the model 
use sparse kinship to fit the model 
use sparse kinship to fit the model 
use sparse kinship to fit the model 
use sparse kinship to fit the model 
use sparse kinship to fit the model 
use sparse kinship to fit the model 
use sparse kinship to fit the model 
use sparse kinship to fit the model 
use sparse kinship to fit the model 
use sparse kinship to fit the model 
use sparse kinship to fit the model 
use sparse kinship to fit the model 
use sparse kinship to fit the model 
use sparse kinship to fit the model 
use sparse kinship to fit the model 
use sparse kinship to fit the model 
use sparse kinship to fit the model 
use sparse kinship to fit the model 
use sparse kinship to fit the model 
use sparse kinship to fit the model 
use sparse kinship to fit the model 
use sparse kinship to fit the model 
use sparse kinship to fit the model 
use sparse kinship to fit the model 
use sparse kinship to fit the model 
use sparse kinship to fit the model 
use sparse kinship to fit the model 
use sparse kinship to fit the model 
use sparse kinship to fit the model 
use sparse kinship to fit the model 
use sparse kinship to fit the model 
use sparse kinship to fit the model 
use sparse kinship to fit the model 
use sparse kinship to fit the model 
use sparse kinship to fit the model 
use sparse kinship to fit the model 
use sparse kinship to fit the model 
use sparse kinship to fit the model 
use sparse kinship to fit the model 
use sparse kinship to fit the model 
use sparse kinship to fit the model 
use sparse kinship to fit the model 
use sparse kinship to fit the model 
use sparse kinship to fit the model 
use sparse kinship to fit the model 
use sparse kinship to fit the model 
use sparse kinship to fit the model 
use sparse kinship to fit the model 
use sparse kinship to fit the model 
use sparse kinship to fit the model 
use sparse kinship to fit the model 
use sparse kinship to fit the model 
use sparse kinship to fit the model 
use sparse kinship to fit the model 
use sparse kinship to fit the model 
use sparse kinship to fit the model 
use sparse kinship to fit the model 
dim temp_mat_update100 3
YPAPY_update
   4.2689e+02
   3.7615e+02
   3.3308e+02
Trace
   4.3228e+02
   3.8115e+02
   3.8684e+02
YPAPY
   4.2689e+02
   3.7615e+02
   3.3308e+02
Trace
   4.3228e+02
   3.8115e+02
   3.8684e+02
score
   -5.3947
   -5.0028
  -53.7642
Dtau
  -0.0190
   0.0228
  -0.0164
score1
   -5.3947
   -5.0028
  -53.7642
AI1
   4.6550e+02   3.9960e+02   3.4481e+02
   3.9960e+02   4.0807e+02   4.0918e+02
   3.4481e+02   4.0918e+02   3.4505e+03
t_end_fitglmmaiRPCG - t_begin_fitglmmaiRPCG
   user  system elapsed 
  0.940   0.040   0.979 
[1] 0.01204613 0.06685552 0.00000000
tau:  0.7700364 0.1718828 0 
tau0:  0.7890584 0.1490871 0 

Iteration  4 0.7700364 0.1718828 0 :
tau0_v1:  0.7700364 0.1718828 0 
use sparse kinship to fit the model 
after Sigma_iY
use sparse kinship to fit the model 
use sparse kinship to fit the model 
Tau:
[1] 0.7700364 0.1718828 0.0000000
Fixed-effect coefficients:
          [,1]
[1,] 1.0437325
[2,] 0.5331112
[1] "alpha"
          [,1]
[1,] 1.0437325
[2,] 0.5331112
t_end_Get_Coef - t_begin_Get_Coef
   user  system elapsed 
  0.026   0.001   0.026 
k1 3
use sparse kinship to fit the model 
use sparse kinship to fit the model 
use sparse kinship to fit the model 
AI
   4.6510e+02   3.9723e+02   3.4002e+02
   3.9723e+02   3.9117e+02   3.8504e+02
   3.4002e+02   3.8504e+02   3.4028e+03
idxtau
        0
        1
        2
use sparse kinship to fit the model 
use sparse kinship to fit the model 
use sparse kinship to fit the model 
use sparse kinship to fit the model 
use sparse kinship to fit the model 
use sparse kinship to fit the model 
use sparse kinship to fit the model 
use sparse kinship to fit the model 
use sparse kinship to fit the model 
use sparse kinship to fit the model 
use sparse kinship to fit the model 
use sparse kinship to fit the model 
use sparse kinship to fit the model 
use sparse kinship to fit the model 
use sparse kinship to fit the model 
use sparse kinship to fit the model 
use sparse kinship to fit the model 
use sparse kinship to fit the model 
use sparse kinship to fit the model 
use sparse kinship to fit the model 
use sparse kinship to fit the model 
use sparse kinship to fit the model 
use sparse kinship to fit the model 
use sparse kinship to fit the model 
use sparse kinship to fit the model 
use sparse kinship to fit the model 
use sparse kinship to fit the model 
use sparse kinship to fit the model 
use sparse kinship to fit the model 
use sparse kinship to fit the model 
use sparse kinship to fit the model 
use sparse kinship to fit the model 
use sparse kinship to fit the model 
use sparse kinship to fit the model 
use sparse kinship to fit the model 
use sparse kinship to fit the model 
use sparse kinship to fit the model 
use sparse kinship to fit the model 
use sparse kinship to fit the model 
use sparse kinship to fit the model 
use sparse kinship to fit the model 
use sparse kinship to fit the model 
use sparse kinship to fit the model 
use sparse kinship to fit the model 
use sparse kinship to fit the model 
use sparse kinship to fit the model 
use sparse kinship to fit the model 
use sparse kinship to fit the model 
use sparse kinship to fit the model 
use sparse kinship to fit the model 
use sparse kinship to fit the model 
use sparse kinship to fit the model 
use sparse kinship to fit the model 
use sparse kinship to fit the model 
use sparse kinship to fit the model 
use sparse kinship to fit the model 
use sparse kinship to fit the model 
use sparse kinship to fit the model 
use sparse kinship to fit the model 
use sparse kinship to fit the model 
use sparse kinship to fit the model 
use sparse kinship to fit the model 
use sparse kinship to fit the model 
use sparse kinship to fit the model 
use sparse kinship to fit the model 
use sparse kinship to fit the model 
use sparse kinship to fit the model 
use sparse kinship to fit the model 
use sparse kinship to fit the model 
use sparse kinship to fit the model 
use sparse kinship to fit the model 
use sparse kinship to fit the model 
use sparse kinship to fit the model 
use sparse kinship to fit the model 
use sparse kinship to fit the model 
use sparse kinship to fit the model 
use sparse kinship to fit the model 
use sparse kinship to fit the model 
use sparse kinship to fit the model 
use sparse kinship to fit the model 
use sparse kinship to fit the model 
use sparse kinship to fit the model 
use sparse kinship to fit the model 
use sparse kinship to fit the model 
use sparse kinship to fit the model 
use sparse kinship to fit the model 
use sparse kinship to fit the model 
use sparse kinship to fit the model 
use sparse kinship to fit the model 
use sparse kinship to fit the model 
use sparse kinship to fit the model 
use sparse kinship to fit the model 
use sparse kinship to fit the model 
use sparse kinship to fit the model 
use sparse kinship to fit the model 
use sparse kinship to fit the model 
use sparse kinship to fit the model 
use sparse kinship to fit the model 
use sparse kinship to fit the model 
use sparse kinship to fit the model 
dim temp_mat_update100 3
YPAPY_update
   4.2642e+02
   3.7311e+02
   3.2801e+02
Trace
   4.3201e+02
   3.7964e+02
   3.8391e+02
YPAPY
   4.2642e+02
   3.7311e+02
   3.2801e+02
Trace
   4.3201e+02
   3.7964e+02
   3.8391e+02
score
   -5.5881
   -6.5286
  -55.8977
Dtau
   0.0034
  -0.0041
  -0.0163
score1
   -5.5881
   -6.5286
  -55.8977
AI1
   4.6510e+02   3.9723e+02   3.4002e+02
   3.9723e+02   3.9117e+02   3.8504e+02
   3.4002e+02   3.8504e+02   3.4028e+03
t_end_fitglmmaiRPCG - t_begin_fitglmmaiRPCG
   user  system elapsed 
  0.921   0.055   0.978 
[1] 0.002180788 0.011413038 0.000000000
tau:  0.773446 0.167778 0 
tau0:  0.7700364 0.1718828 0 

Final  0.773446 0.167778 0 :
use sparse kinship to fit the model 
after Sigma_iY
use sparse kinship to fit the model 
use sparse kinship to fit the model 
Tau:
[1] 0.773446 0.167778 0.000000
Fixed-effect coefficients:
          [,1]
[1,] 1.0439113
[2,] 0.5331157
[1] "alpha"
          [,1]
[1,] 1.0439113
[2,] 0.5331157
t_end_null - t_begin, fitting the NULL model without LOCO took
   user  system elapsed 
  3.297   0.155   3.453 
    IID X.Intercept. sex y.repeated IndexPheno IndexGeno covoffset
1     1            1   0       1.83        207         1         0
112   2            1   1       1.43        301         2         0
223   3            1   0       1.29        108         3         0
334   4            1   1       2.04        122         4         0
346   5            1   0       0.68        349         5         0
357   6            1   1       2.00         31         6         0
    sex
1     0
112   1
223   0
334   1
346   0
357   1
[1] 0.5331157
use sparse kinship to fit the model 
use sparse kinship to fit the model 
   user  system elapsed 
  4.588   0.306   4.899 
t_end - t_begin, fitting the NULL model took
   user  system elapsed 
  3.417   0.160   3.578 
Skip estimating variance ratios
closed the plinkFile!
