Loading required package: optparse
R version 4.2.0 (2022-04-22)
Platform: x86_64-pc-linux-gnu (64-bit)
Running under: Ubuntu 18.04.5 LTS

Matrix products: default
BLAS:   /usr/lib/x86_64-linux-gnu/openblas/libblas.so.3
LAPACK: /usr/lib/x86_64-linux-gnu/libopenblasp-r0.2.20.so

locale:
 [1] LC_CTYPE=en_US.UTF-8       LC_NUMERIC=C              
 [3] LC_TIME=en_US.UTF-8        LC_COLLATE=en_US.UTF-8    
 [5] LC_MONETARY=en_US.UTF-8    LC_MESSAGES=en_US.UTF-8   
 [7] LC_PAPER=en_US.UTF-8       LC_NAME=C                 
 [9] LC_ADDRESS=C               LC_TELEPHONE=C            
[11] LC_MEASUREMENT=en_US.UTF-8 LC_IDENTIFICATION=C       

attached base packages:
[1] stats     graphics  grDevices utils     datasets  methods   base     

other attached packages:
[1] optparse_1.7.1 SAIGE_1.1.4   

loaded via a namespace (and not attached):
[1] compiler_4.2.0     Matrix_1.4-1       Rcpp_1.0.7         getopt_1.20.3     
[5] grid_4.2.0         data.table_1.14.2  RcppParallel_5.0.2 lattice_0.20-45   
$plinkFile
[1] ""

$bedFile
[1] ""

$bimFile
[1] ""

$famFile
[1] ""

$phenoFile
[1] "./GMMAT_pheno.txt"

$phenoCol
[1] "disease"

$traitType
[1] "binary"

$invNormalize
[1] FALSE

$covarColList
[1] "age,sex"

$qCovarColList
[1] ""

$sampleIDColinphenoFile
[1] "id"

$tol
[1] 0.02

$maxiter
[1] 20

$tolPCG
[1] 1e-05

$maxiterPCG
[1] 500

$nThreads
[1] 1

$SPAcutoff
[1] 2

$numRandomMarkerforVarianceRatio
[1] 30

$skipModelFitting
[1] FALSE

$skipVarianceRatioEstimation
[1] TRUE

$memoryChunk
[1] 2

$tauInit
[1] "0,0"

$LOCO
[1] TRUE

$isLowMemLOCO
[1] FALSE

$traceCVcutoff
[1] 0.0025

$nrun
[1] 30

$ratioCVcutoff
[1] 0.001

$outputPrefix
[1] "GMMAT_binary_multiV_1.1.4"

$outputPrefix_varRatio
[1] ""

$IsOverwriteVarianceRatioFile
[1] FALSE

$sparseGRMFile
[1] "./GMMAT_GRM.mtx"

$sparseGRMSampleIDFile
[1] "./GMMAT_sampleID.txt"

$isCateVarianceRatio
[1] FALSE

$relatednessCutoff
[1] 0

$cateVarRatioMinMACVecExclude
[1] "10,20.5"

$cateVarRatioMaxMACVecInclude
[1] "20.5"

$isCovariateTransform
[1] FALSE

$isDiagofKinSetAsOne
[1] FALSE

$useSparseGRMtoFitNULL
[1] TRUE

$useSparseGRMforVarRatio
[1] FALSE

$minMAFforGRM
[1] 0.01

$maxMissingRateforGRM
[1] 0.15

$minCovariateCount
[1] -1

$includeNonautoMarkersforVarRatio
[1] FALSE

$FemaleOnly
[1] FALSE

$MaleOnly
[1] FALSE

$sexCol
[1] ""

$FemaleCode
[1] "1"

$MaleCode
[1] "0"

$isCovariateOffset
[1] FALSE

$SampleIDIncludeFile
[1] ""

$VmatFilelist
[1] "GMMAT_M10.mtx"

$VmatSampleFilelist
[1] "./GMMAT_sampleID.txt"

$help
[1] FALSE

tauInit  is  0 0 
cateVarRatioMinMACVecExclude  is  10 20.5 
cateVarRatioMaxMACVecInclude  is  20.5 
Sparse GRM is used to fit the null model and plink file is not specified, so variance ratios won't be estimated
Variance ratio estimation will be skipped
.Leave-one-chromosome-out is not applied
400  samples are in the sparse GRM
formula is  disease~age+sex 
400  samples have non-missing phenotypes
400  samples will be used for analysis
    IID X.Intercept. age sex disease IndexPheno IndexGeno
1     1            1  61   0       1          1         1
112   2            1  50   1       1          2         2
223   3            1  54   0       0          3         3
334   4            1  48   1       1          4         4
346   5            1  49   0       1          5         5
357   6            1  50   1       0          6         6
extract sparse GRM
[1] 160000
set elements in the sparse GRM <=  0  to zero
400  samples have been used to fit the glmm null model
Setting up sparse GRM using  ./GMMAT_GRM.mtx  and  ./GMMAT_sampleID.txt 
Dimension of the sparse GRM is  400 400 
2 locationMat.n_rows 
160000 locationMat.n_cols 
160000 valueVec.n_elem 
1  additional variance covariance matrices are specified
Extract matrix in  GMMAT_M10.mtx 
[1] 4000
400  samples have been used to fit the glmm null model
Kmat_vec.size() 1
Markers in the Plink file with MAF <  0.01  will be removed before constructing GRM
Markers in the Plink file with missing rate >  0.15  will be removed before constructing GRM
disease  is a binary trait
[1] "formula.new"
disease ~ age + sex
<environment: 0x55b0dfb1d878>
[1] "head(data.new)"
    IID X.Intercept. age sex disease IndexPheno IndexGeno covoffset
1     1            1  61   0       1          1         1         0
112   2            1  50   1       1          2         2         0
223   3            1  54   0       0          3         3         0
334   4            1  48   1       1          4         4         0
346   5            1  49   0       1          5         5         0
357   6            1  50   1       0          6         6         0
glm:

Call:  glm(formula = formula.new, family = binomial, data = data.new)

Coefficients:
(Intercept)          age          sex  
   0.382356    -0.006742    -0.085932  

Degrees of Freedom: 399 Total (i.e. Null);  397 Residual
Null Deviance:	    554.5 
Residual Deviance: 554.2 	AIC: 560.2
Start fitting the NULL GLMM
   user  system elapsed 
  1.171   0.135   1.316 
   user  system elapsed 
  1.274   0.135   1.419 
[1] "Start reading genotype plink file here"
Error! fam file not open!time: 0.125
[1] "Genotype reading is done"
tauInit[1] 0 0 0
fixtau  1 0 0 
tauInit  1 0 0 
inital tau is  1 0.1 0.1 
use sparse kinship to fit the model 
tauVec(i+2) 0.1
after Sigma_iY
use sparse kinship to fit the model 
tauVec(i+2) 0.1
use sparse kinship to fit the model 
tauVec(i+2) 0.1
use sparse kinship to fit the model 
tauVec(i+2) 0.1
Tau:
[1] 1.0 0.1 0.1
Fixed-effect coefficients:
             [,1]
[1,]  0.430985510
[2,] -0.007081552
[3,] -0.086137220
[1] "alpha"
             [,1]
[1,]  0.430985510
[2,] -0.007081552
[3,] -0.086137220
k1 3
use sparse kinship to fit the model 
tauVec(i+2) 0.1
use sparse kinship to fit the model 
tauVec(i+2) 0.1
AI
            0            0            0
            0   4.5965e+01   3.7416e+01
            0   3.7416e+01   1.5047e+02
idxtau
        1
        2
use sparse kinship to fit the model 
tauVec(i+2) 0.1
use sparse kinship to fit the model 
tauVec(i+2) 0.1
use sparse kinship to fit the model 
tauVec(i+2) 0.1
use sparse kinship to fit the model 
tauVec(i+2) 0.1
use sparse kinship to fit the model 
tauVec(i+2) 0.1
use sparse kinship to fit the model 
tauVec(i+2) 0.1
use sparse kinship to fit the model 
tauVec(i+2) 0.1
use sparse kinship to fit the model 
tauVec(i+2) 0.1
use sparse kinship to fit the model 
tauVec(i+2) 0.1
use sparse kinship to fit the model 
tauVec(i+2) 0.1
use sparse kinship to fit the model 
tauVec(i+2) 0.1
use sparse kinship to fit the model 
tauVec(i+2) 0.1
use sparse kinship to fit the model 
tauVec(i+2) 0.1
use sparse kinship to fit the model 
tauVec(i+2) 0.1
use sparse kinship to fit the model 
tauVec(i+2) 0.1
use sparse kinship to fit the model 
tauVec(i+2) 0.1
use sparse kinship to fit the model 
tauVec(i+2) 0.1
use sparse kinship to fit the model 
tauVec(i+2) 0.1
use sparse kinship to fit the model 
tauVec(i+2) 0.1
use sparse kinship to fit the model 
tauVec(i+2) 0.1
use sparse kinship to fit the model 
tauVec(i+2) 0.1
use sparse kinship to fit the model 
tauVec(i+2) 0.1
use sparse kinship to fit the model 
tauVec(i+2) 0.1
use sparse kinship to fit the model 
tauVec(i+2) 0.1
use sparse kinship to fit the model 
tauVec(i+2) 0.1
use sparse kinship to fit the model 
tauVec(i+2) 0.1
use sparse kinship to fit the model 
tauVec(i+2) 0.1
use sparse kinship to fit the model 
tauVec(i+2) 0.1
use sparse kinship to fit the model 
tauVec(i+2) 0.1
use sparse kinship to fit the model 
tauVec(i+2) 0.1
dim temp_mat_update30 2
traceCV
   0.0013
   0.0083
temp_mat
            0   8.5403e+01   9.0571e+01
            0   9.1357e+01   6.1957e+01
            0   8.5532e+01   5.7339e+01
            0   8.5901e+01   7.4694e+01
            0   8.8150e+01   7.5033e+01
            0   8.1068e+01   6.0623e+01
            0   8.3181e+01   5.7273e+01
            0   8.1724e+01   4.0831e+01
            0   8.0179e+01   8.3250e+01
            0   9.2159e+01   6.9129e+01
            0   8.1574e+01   7.2802e+01
            0   8.0856e+01   6.1485e+01
            0   8.2607e+01   7.0989e+01
            0   8.7986e+01   9.1443e+01
            0   8.1376e+01   1.0839e+02
            0   8.1320e+01   9.3679e+01
            0   8.5765e+01   1.1617e+02
            0   7.9943e+01   6.8806e+01
            0   8.5033e+01   5.0823e+01
            0   8.1527e+01   5.4515e+01
            0   8.1746e+01   6.0463e+01
            0   8.6008e+01   7.5966e+01
            0   8.7222e+01   6.9814e+01
            0   8.4630e+01   6.4998e+01
            0   8.5623e+01   7.3836e+01
            0   8.5923e+01   7.5467e+01
            0   9.0017e+01   6.1119e+01
            0   8.3648e+01   1.1156e+02
            0   8.3750e+01   5.0830e+01
            0   8.2152e+01   6.8911e+01
YPAPY_update
   90.8156
   81.2779
Trace
   84.4453
   72.4254
Variance component estimates:
[1] 1.0000000 0.1001593 0.1002213

Iteration  1 1 0.1001593 0.1002213 :
tau0_v1:  1 0.1001593 0.1002213 
use sparse kinship to fit the model 
tauVec(i+2) 0.100221
after Sigma_iY
use sparse kinship to fit the model 
tauVec(i+2) 0.100221
use sparse kinship to fit the model 
tauVec(i+2) 0.100221
use sparse kinship to fit the model 
tauVec(i+2) 0.100221
Tau:
[1] 1.0000000 0.1001593 0.1002213
Fixed-effect coefficients:
             [,1]
[1,]  0.431041956
[2,] -0.007082102
[3,] -0.086137161
[1] "alpha"
             [,1]
[1,]  0.431041956
[2,] -0.007082102
[3,] -0.086137161
t_end_Get_Coef - t_begin_Get_Coef
   user  system elapsed 
  0.032   0.004   0.036 
k1 3
use sparse kinship to fit the model 
tauVec(i+2) 0.100221
use sparse kinship to fit the model 
tauVec(i+2) 0.100221
AI
            0            0            0
            0   4.5899e+01   3.7348e+01
            0   3.7348e+01   1.5023e+02
idxtau
        1
        2
use sparse kinship to fit the model 
tauVec(i+2) 0.100221
use sparse kinship to fit the model 
tauVec(i+2) 0.100221
use sparse kinship to fit the model 
tauVec(i+2) 0.100221
use sparse kinship to fit the model 
tauVec(i+2) 0.100221
use sparse kinship to fit the model 
tauVec(i+2) 0.100221
use sparse kinship to fit the model 
tauVec(i+2) 0.100221
use sparse kinship to fit the model 
tauVec(i+2) 0.100221
use sparse kinship to fit the model 
tauVec(i+2) 0.100221
use sparse kinship to fit the model 
tauVec(i+2) 0.100221
use sparse kinship to fit the model 
tauVec(i+2) 0.100221
use sparse kinship to fit the model 
tauVec(i+2) 0.100221
use sparse kinship to fit the model 
tauVec(i+2) 0.100221
use sparse kinship to fit the model 
tauVec(i+2) 0.100221
use sparse kinship to fit the model 
tauVec(i+2) 0.100221
use sparse kinship to fit the model 
tauVec(i+2) 0.100221
use sparse kinship to fit the model 
tauVec(i+2) 0.100221
use sparse kinship to fit the model 
tauVec(i+2) 0.100221
use sparse kinship to fit the model 
tauVec(i+2) 0.100221
use sparse kinship to fit the model 
tauVec(i+2) 0.100221
use sparse kinship to fit the model 
tauVec(i+2) 0.100221
use sparse kinship to fit the model 
tauVec(i+2) 0.100221
use sparse kinship to fit the model 
tauVec(i+2) 0.100221
use sparse kinship to fit the model 
tauVec(i+2) 0.100221
use sparse kinship to fit the model 
tauVec(i+2) 0.100221
use sparse kinship to fit the model 
tauVec(i+2) 0.100221
use sparse kinship to fit the model 
tauVec(i+2) 0.100221
use sparse kinship to fit the model 
tauVec(i+2) 0.100221
use sparse kinship to fit the model 
tauVec(i+2) 0.100221
use sparse kinship to fit the model 
tauVec(i+2) 0.100221
use sparse kinship to fit the model 
tauVec(i+2) 0.100221
dim temp_mat_update30 2
traceCV
   0.0013
   0.0083
temp_mat
            0   8.5392e+01   9.0527e+01
            0   9.1341e+01   6.1925e+01
            0   8.5522e+01   5.7310e+01
            0   8.5889e+01   7.4657e+01
            0   8.8137e+01   7.4996e+01
            0   8.1060e+01   6.0594e+01
            0   8.3172e+01   5.7244e+01
            0   8.1716e+01   4.0810e+01
            0   8.0170e+01   8.3209e+01
            0   9.2143e+01   6.9092e+01
            0   8.1565e+01   7.2767e+01
            0   8.0848e+01   6.1454e+01
            0   8.2597e+01   7.0954e+01
            0   8.7973e+01   9.1398e+01
            0   8.1365e+01   1.0834e+02
            0   8.1309e+01   9.3632e+01
            0   8.5751e+01   1.1611e+02
            0   7.9933e+01   6.8771e+01
            0   8.5022e+01   5.0798e+01
            0   8.1519e+01   5.4488e+01
            0   8.1738e+01   6.0433e+01
            0   8.5996e+01   7.5928e+01
            0   8.7209e+01   6.9779e+01
            0   8.4619e+01   6.4965e+01
            0   8.5612e+01   7.3799e+01
            0   8.5911e+01   7.5430e+01
            0   9.0003e+01   6.1088e+01
            0   8.3636e+01   1.1150e+02
            0   8.3741e+01   5.0804e+01
            0   8.2143e+01   6.8877e+01
YPAPY_update
   90.7849
   81.1970
Trace
   84.4344
   72.3895
YPAPY
   90.7849
   81.1970
Trace
   84.4344
   72.3895
score
   6.3505
   8.8075
Dtau
   0.1136
   0.0304
score1
   6.3505
   8.8075
AI1
   4.5899e+01   3.7348e+01
   3.7348e+01   1.5023e+02
t_end_fitglmmaiRPCG - t_begin_fitglmmaiRPCG
   user  system elapsed 
  0.308   0.016   0.324 
[1] 0.0000000 0.3402872 0.1210998
tau:  1 0.213802 0.1305951 
tau0:  1 0.1001593 0.1002213 

Iteration  2 1 0.213802 0.1305951 :
tau0_v1:  1 0.213802 0.1305951 
use sparse kinship to fit the model 
tauVec(i+2) 0.130595
after Sigma_iY
use sparse kinship to fit the model 
tauVec(i+2) 0.130595
use sparse kinship to fit the model 
tauVec(i+2) 0.130595
use sparse kinship to fit the model 
tauVec(i+2) 0.130595
Tau:
[1] 1.0000000 0.2138020 0.1305951
Fixed-effect coefficients:
             [,1]
[1,]  0.463172078
[2,] -0.007243301
[3,] -0.087311029
[1] "alpha"
             [,1]
[1,]  0.463172078
[2,] -0.007243301
[3,] -0.087311029
t_end_Get_Coef - t_begin_Get_Coef
   user  system elapsed 
  0.032   0.004   0.036 
k1 3
use sparse kinship to fit the model 
tauVec(i+2) 0.130595
use sparse kinship to fit the model 
tauVec(i+2) 0.130595
AI
            0            0            0
            0   2.8542e+01   2.2565e+01
            0   2.2565e+01   1.1165e+02
idxtau
        1
        2
use sparse kinship to fit the model 
tauVec(i+2) 0.130595
use sparse kinship to fit the model 
tauVec(i+2) 0.130595
use sparse kinship to fit the model 
tauVec(i+2) 0.130595
use sparse kinship to fit the model 
tauVec(i+2) 0.130595
use sparse kinship to fit the model 
tauVec(i+2) 0.130595
use sparse kinship to fit the model 
tauVec(i+2) 0.130595
use sparse kinship to fit the model 
tauVec(i+2) 0.130595
use sparse kinship to fit the model 
tauVec(i+2) 0.130595
use sparse kinship to fit the model 
tauVec(i+2) 0.130595
use sparse kinship to fit the model 
tauVec(i+2) 0.130595
use sparse kinship to fit the model 
tauVec(i+2) 0.130595
use sparse kinship to fit the model 
tauVec(i+2) 0.130595
use sparse kinship to fit the model 
tauVec(i+2) 0.130595
use sparse kinship to fit the model 
tauVec(i+2) 0.130595
use sparse kinship to fit the model 
tauVec(i+2) 0.130595
use sparse kinship to fit the model 
tauVec(i+2) 0.130595
use sparse kinship to fit the model 
tauVec(i+2) 0.130595
use sparse kinship to fit the model 
tauVec(i+2) 0.130595
use sparse kinship to fit the model 
tauVec(i+2) 0.130595
use sparse kinship to fit the model 
tauVec(i+2) 0.130595
use sparse kinship to fit the model 
tauVec(i+2) 0.130595
use sparse kinship to fit the model 
tauVec(i+2) 0.130595
use sparse kinship to fit the model 
tauVec(i+2) 0.130595
use sparse kinship to fit the model 
tauVec(i+2) 0.130595
use sparse kinship to fit the model 
tauVec(i+2) 0.130595
use sparse kinship to fit the model 
tauVec(i+2) 0.130595
use sparse kinship to fit the model 
tauVec(i+2) 0.130595
use sparse kinship to fit the model 
tauVec(i+2) 0.130595
use sparse kinship to fit the model 
tauVec(i+2) 0.130595
use sparse kinship to fit the model 
tauVec(i+2) 0.130595
dim temp_mat_update30 2
traceCV
   0.0011
   0.0084
temp_mat
            0   8.1789e+01   8.2545e+01
            0   8.5842e+01   5.5556e+01
            0   8.1972e+01   5.2045e+01
            0   8.1946e+01   6.7861e+01
            0   8.3846e+01   6.8034e+01
            0   7.8066e+01   5.5606e+01
            0   8.0008e+01   5.1909e+01
            0   7.8846e+01   3.7197e+01
            0   7.7216e+01   7.6323e+01
            0   8.6687e+01   6.1720e+01
            0   7.8385e+01   6.6710e+01
            0   7.7914e+01   5.5843e+01
            0   7.9172e+01   6.5049e+01
            0   8.3654e+01   8.3175e+01
            0   7.8119e+01   9.9021e+01
            0   7.8106e+01   8.5515e+01
            0   8.1516e+01   1.0628e+02
            0   7.6784e+01   6.2658e+01
            0   8.1159e+01   4.6090e+01
            0   7.8597e+01   4.9967e+01
            0   7.8687e+01   5.5416e+01
            0   8.2083e+01   6.8922e+01
            0   8.2809e+01   6.3147e+01
            0   8.1184e+01   5.8924e+01
            0   8.1994e+01   6.7083e+01
            0   8.1808e+01   6.8786e+01
            0   8.5159e+01   5.4954e+01
            0   7.9895e+01   1.0191e+02
            0   8.0410e+01   4.6171e+01
            0   7.9081e+01   6.2980e+01
YPAPY_update
   81.3419
   67.0226
Trace
   80.7578
   65.9131
YPAPY
   81.3419
   67.0226
Trace
   80.7578
   65.9131
score
   0.5841
   1.1095
Dtau
   0.0150
   0.0069
score1
   0.5841
   1.1095
AI1
   2.8542e+01   2.2565e+01
   2.2565e+01   1.1165e+02
t_end_fitglmmaiRPCG - t_begin_fitglmmaiRPCG
   user  system elapsed 
  0.304   0.016   0.320 
[1] 0.00000000 0.03243562 0.02396586
tau:  1 0.228807 0.1374996 
tau0:  1 0.213802 0.1305951 

Iteration  3 1 0.228807 0.1374996 :
tau0_v1:  1 0.228807 0.1374996 
use sparse kinship to fit the model 
tauVec(i+2) 0.1375
after Sigma_iY
use sparse kinship to fit the model 
tauVec(i+2) 0.1375
use sparse kinship to fit the model 
tauVec(i+2) 0.1375
use sparse kinship to fit the model 
tauVec(i+2) 0.1375
Tau:
[1] 1.0000000 0.2288070 0.1374996
Fixed-effect coefficients:
             [,1]
[1,]  0.467394590
[2,] -0.007274117
[3,] -0.087503761
[1] "alpha"
             [,1]
[1,]  0.467394590
[2,] -0.007274117
[3,] -0.087503761
t_end_Get_Coef - t_begin_Get_Coef
   user  system elapsed 
  0.036   0.000   0.036 
k1 3
use sparse kinship to fit the model 
tauVec(i+2) 0.1375
use sparse kinship to fit the model 
tauVec(i+2) 0.1375
AI
            0            0            0
            0   2.6982e+01   2.1069e+01
            0   2.1069e+01   1.0631e+02
idxtau
        1
        2
use sparse kinship to fit the model 
tauVec(i+2) 0.1375
use sparse kinship to fit the model 
tauVec(i+2) 0.1375
use sparse kinship to fit the model 
tauVec(i+2) 0.1375
use sparse kinship to fit the model 
tauVec(i+2) 0.1375
use sparse kinship to fit the model 
tauVec(i+2) 0.1375
use sparse kinship to fit the model 
tauVec(i+2) 0.1375
use sparse kinship to fit the model 
tauVec(i+2) 0.1375
use sparse kinship to fit the model 
tauVec(i+2) 0.1375
use sparse kinship to fit the model 
tauVec(i+2) 0.1375
use sparse kinship to fit the model 
tauVec(i+2) 0.1375
use sparse kinship to fit the model 
tauVec(i+2) 0.1375
use sparse kinship to fit the model 
tauVec(i+2) 0.1375
use sparse kinship to fit the model 
tauVec(i+2) 0.1375
use sparse kinship to fit the model 
tauVec(i+2) 0.1375
use sparse kinship to fit the model 
tauVec(i+2) 0.1375
use sparse kinship to fit the model 
tauVec(i+2) 0.1375
use sparse kinship to fit the model 
tauVec(i+2) 0.1375
use sparse kinship to fit the model 
tauVec(i+2) 0.1375
use sparse kinship to fit the model 
tauVec(i+2) 0.1375
use sparse kinship to fit the model 
tauVec(i+2) 0.1375
use sparse kinship to fit the model 
tauVec(i+2) 0.1375
use sparse kinship to fit the model 
tauVec(i+2) 0.1375
use sparse kinship to fit the model 
tauVec(i+2) 0.1375
use sparse kinship to fit the model 
tauVec(i+2) 0.1375
use sparse kinship to fit the model 
tauVec(i+2) 0.1375
use sparse kinship to fit the model 
tauVec(i+2) 0.1375
use sparse kinship to fit the model 
tauVec(i+2) 0.1375
use sparse kinship to fit the model 
tauVec(i+2) 0.1375
use sparse kinship to fit the model 
tauVec(i+2) 0.1375
use sparse kinship to fit the model 
tauVec(i+2) 0.1375
dim temp_mat_update30 2
traceCV
   0.0010
   0.0084
temp_mat
            0   8.1279e+01   8.1190e+01
            0   8.5182e+01   5.4586e+01
            0   8.1483e+01   5.1162e+01
            0   8.1400e+01   6.6710e+01
            0   8.3195e+01   6.6859e+01
            0   7.7634e+01   5.4732e+01
            0   7.9553e+01   5.1009e+01
            0   7.8454e+01   3.6568e+01
            0   7.6792e+01   7.5084e+01
            0   8.5989e+01   6.0574e+01
            0   7.7889e+01   6.5623e+01
            0   7.7502e+01   5.4854e+01
            0   7.8677e+01   6.4006e+01
            0   8.3045e+01   8.1786e+01
            0   7.7585e+01   9.7364e+01
            0   7.7681e+01   8.4114e+01
            0   8.0895e+01   1.0454e+02
            0   7.6431e+01   6.1635e+01
            0   8.0654e+01   4.5309e+01
            0   7.8166e+01   4.9154e+01
            0   7.8246e+01   5.4519e+01
            0   8.1525e+01   6.7738e+01
            0   8.2262e+01   6.2086e+01
            0   8.0709e+01   5.7926e+01
            0   8.1471e+01   6.5953e+01
            0   8.1255e+01   6.7652e+01
            0   8.4522e+01   5.3976e+01
            0   7.9349e+01   1.0022e+02
            0   7.9967e+01   4.5389e+01
            0   7.8662e+01   6.1966e+01
YPAPY_update
   80.2491
   65.0118
Trace
   80.2485
   64.8095
YPAPY
   80.2491
   65.0118
Trace
   80.2485
   64.8095
score
   0.0005
   0.2024
Dtau
  -0.0017
   0.0022
score1
   0.0005
   0.2024
AI1
   2.6982e+01   2.1069e+01
   2.1069e+01   1.0631e+02
t_end_fitglmmaiRPCG - t_begin_fitglmmaiRPCG
   user  system elapsed 
  0.310   0.008   0.318 
[1] 0.000000000 0.003646926 0.007561052
tau:  1 0.2270715 0.1397471 
tau0:  1 0.228807 0.1374996 

Final  1 0.2270715 0.1397471 :
use sparse kinship to fit the model 
tauVec(i+2) 0.139747
after Sigma_iY
use sparse kinship to fit the model 
tauVec(i+2) 0.139747
use sparse kinship to fit the model 
tauVec(i+2) 0.139747
use sparse kinship to fit the model 
tauVec(i+2) 0.139747
Tau:
[1] 1.0000000 0.2270715 0.1397471
Fixed-effect coefficients:
             [,1]
[1,]  0.467339158
[2,] -0.007281055
[3,] -0.087526068
[1] "alpha"
             [,1]
[1,]  0.467339158
[2,] -0.007281055
[3,] -0.087526068
t_end_null - t_begin, fitting the NULL model without LOCO took
   user  system elapsed 
  1.486   0.068   1.556 
Error in data.new %*% (as.vector(modglmm$coefficients[-1])) : 
  non-conformable arguments
Calls: fitNULLGLMM_multiV
Execution halted
