Loading required package: optparse
R version 4.2.0 (2022-04-22)
Platform: x86_64-pc-linux-gnu (64-bit)
Running under: Ubuntu 18.04.5 LTS

Matrix products: default
BLAS:   /usr/lib/x86_64-linux-gnu/openblas/libblas.so.3
LAPACK: /usr/lib/x86_64-linux-gnu/libopenblasp-r0.2.20.so

locale:
 [1] LC_CTYPE=en_US.UTF-8       LC_NUMERIC=C              
 [3] LC_TIME=en_US.UTF-8        LC_COLLATE=en_US.UTF-8    
 [5] LC_MONETARY=en_US.UTF-8    LC_MESSAGES=en_US.UTF-8   
 [7] LC_PAPER=en_US.UTF-8       LC_NAME=C                 
 [9] LC_ADDRESS=C               LC_TELEPHONE=C            
[11] LC_MEASUREMENT=en_US.UTF-8 LC_IDENTIFICATION=C       

attached base packages:
[1] stats     graphics  grDevices utils     datasets  methods   base     

other attached packages:
[1] optparse_1.7.1 SAIGE_1.1.4   

loaded via a namespace (and not attached):
[1] compiler_4.2.0     Matrix_1.4-1       Rcpp_1.0.7         getopt_1.20.3     
[5] grid_4.2.0         data.table_1.14.2  RcppParallel_5.0.2 lattice_0.20-45   
$plinkFile
[1] ""

$bedFile
[1] ""

$bimFile
[1] ""

$famFile
[1] ""

$phenoFile
[1] "./GMMAT_pheno_quantitative.txt"

$phenoCol
[1] "y.repeated"

$traitType
[1] "quantitative"

$invNormalize
[1] FALSE

$covarColList
[1] "sex"

$qCovarColList
[1] ""

$sampleIDColinphenoFile
[1] "id"

$tol
[1] 0.02

$maxiter
[1] 20

$tolPCG
[1] 1e-05

$maxiterPCG
[1] 500

$nThreads
[1] 1

$SPAcutoff
[1] 2

$numRandomMarkerforVarianceRatio
[1] 30

$skipModelFitting
[1] FALSE

$skipVarianceRatioEstimation
[1] TRUE

$memoryChunk
[1] 2

$tauInit
[1] "0,0"

$LOCO
[1] TRUE

$isLowMemLOCO
[1] FALSE

$traceCVcutoff
[1] 0.0025

$nrun
[1] 100

$ratioCVcutoff
[1] 0.001

$outputPrefix
[1] "GMMAT_quantitative_1.1.4"

$outputPrefix_varRatio
[1] ""

$IsOverwriteVarianceRatioFile
[1] FALSE

$sparseGRMFile
[1] "./GMMAT_GRM.mtx"

$sparseGRMSampleIDFile
[1] "./GMMAT_sampleID.txt"

$isCateVarianceRatio
[1] FALSE

$relatednessCutoff
[1] 0

$cateVarRatioMinMACVecExclude
[1] "10,20.5"

$cateVarRatioMaxMACVecInclude
[1] "20.5"

$isCovariateTransform
[1] FALSE

$isDiagofKinSetAsOne
[1] FALSE

$useSparseGRMtoFitNULL
[1] TRUE

$useSparseGRMforVarRatio
[1] FALSE

$minMAFforGRM
[1] 0.01

$maxMissingRateforGRM
[1] 0.15

$minCovariateCount
[1] -1

$includeNonautoMarkersforVarRatio
[1] FALSE

$FemaleOnly
[1] FALSE

$MaleOnly
[1] FALSE

$sexCol
[1] ""

$FemaleCode
[1] "1"

$MaleCode
[1] "0"

$isCovariateOffset
[1] FALSE

$SampleIDIncludeFile
[1] ""

$VmatFilelist
[1] ""

$VmatSampleFilelist
[1] ""

$help
[1] FALSE

tauInit  is  0 0 
cateVarRatioMinMACVecExclude  is  10 20.5 
cateVarRatioMaxMACVecInclude  is  20.5 
Sparse GRM is used to fit the null model and plink file is not specified, so variance ratios won't be estimated
Variance ratio estimation will be skipped
.Leave-one-chromosome-out is not applied
400  samples are in the sparse GRM
formula is  y.repeated~sex 
400  samples have non-missing phenotypes
400  samples in geno file do not have phenotypes
0  samples will be used for analysis
    IID X.Intercept. sex y.repeated IndexPheno IndexGeno
1     1            1   0       1.83        207         1
112   2            1   1       1.43        301         2
223   3            1   0       1.29        108         3
334   4            1   1       2.04        122         4
346   5            1   0       0.68        349         5
357   6            1   1       2.00         31         6
extract sparse GRM
[1] 160000
set elements in the sparse GRM <=  0  to zero
400  samples have been used to fit the glmm null model
Setting up sparse GRM using  ./GMMAT_GRM.mtx  and  ./GMMAT_sampleID.txt 
Dimension of the sparse GRM is  400 400 
2 locationMat.n_rows 
160000 locationMat.n_cols 
160000 valueVec.n_elem 
Markers in the Plink file with MAF <  0.01  will be removed before constructing GRM
Markers in the Plink file with missing rate >  0.15  will be removed before constructing GRM
y.repeated  is a quantitative trait
glm:

Call:  glm(formula = formula.new, family = gaussian(link = "identity"), 
    data = data.new)

Coefficients:
(Intercept)          sex  
     1.0728       0.5333  

Degrees of Freedom: 399 Total (i.e. Null);  398 Residual
Null Deviance:	    393 
Residual Deviance: 364.6 	AIC: 1104
Start fitting the NULL GLMM
   user  system elapsed 
  1.159   0.138   1.277 
   user  system elapsed 
  1.263   0.138   1.381 
[1] "Start reading genotype plink file here"
Error! fam file not open!time: 0.047
[1] "Genotype reading is done"
tauInit[1] 0 0
inital tau is  1 0 
use sparse kinship to fit the model 
after Sigma_iY
use sparse kinship to fit the model 
use sparse kinship to fit the model 
Tau:
[1] 1 0
Fixed-effect coefficients:
          [,1]
[1,] 1.0728501
[2,] 0.5332994
[1] "alpha"
          [,1]
[1,] 1.0728501
[2,] 0.5332994
k1 2
use sparse kinship to fit the model 
use sparse kinship to fit the model 
AI
   3.6459e+02   3.8352e+02
   3.8352e+02   1.1125e+03
idxtau
        0
        1
use sparse kinship to fit the model 
use sparse kinship to fit the model 
use sparse kinship to fit the model 
use sparse kinship to fit the model 
use sparse kinship to fit the model 
use sparse kinship to fit the model 
use sparse kinship to fit the model 
use sparse kinship to fit the model 
use sparse kinship to fit the model 
use sparse kinship to fit the model 
use sparse kinship to fit the model 
use sparse kinship to fit the model 
use sparse kinship to fit the model 
use sparse kinship to fit the model 
use sparse kinship to fit the model 
use sparse kinship to fit the model 
use sparse kinship to fit the model 
use sparse kinship to fit the model 
use sparse kinship to fit the model 
use sparse kinship to fit the model 
use sparse kinship to fit the model 
use sparse kinship to fit the model 
use sparse kinship to fit the model 
use sparse kinship to fit the model 
use sparse kinship to fit the model 
use sparse kinship to fit the model 
use sparse kinship to fit the model 
use sparse kinship to fit the model 
use sparse kinship to fit the model 
use sparse kinship to fit the model 
use sparse kinship to fit the model 
use sparse kinship to fit the model 
use sparse kinship to fit the model 
use sparse kinship to fit the model 
use sparse kinship to fit the model 
use sparse kinship to fit the model 
use sparse kinship to fit the model 
use sparse kinship to fit the model 
use sparse kinship to fit the model 
use sparse kinship to fit the model 
use sparse kinship to fit the model 
use sparse kinship to fit the model 
use sparse kinship to fit the model 
use sparse kinship to fit the model 
use sparse kinship to fit the model 
use sparse kinship to fit the model 
use sparse kinship to fit the model 
use sparse kinship to fit the model 
use sparse kinship to fit the model 
use sparse kinship to fit the model 
use sparse kinship to fit the model 
use sparse kinship to fit the model 
use sparse kinship to fit the model 
use sparse kinship to fit the model 
use sparse kinship to fit the model 
use sparse kinship to fit the model 
use sparse kinship to fit the model 
use sparse kinship to fit the model 
use sparse kinship to fit the model 
use sparse kinship to fit the model 
use sparse kinship to fit the model 
use sparse kinship to fit the model 
use sparse kinship to fit the model 
use sparse kinship to fit the model 
use sparse kinship to fit the model 
use sparse kinship to fit the model 
use sparse kinship to fit the model 
use sparse kinship to fit the model 
use sparse kinship to fit the model 
use sparse kinship to fit the model 
use sparse kinship to fit the model 
use sparse kinship to fit the model 
use sparse kinship to fit the model 
use sparse kinship to fit the model 
use sparse kinship to fit the model 
use sparse kinship to fit the model 
use sparse kinship to fit the model 
use sparse kinship to fit the model 
use sparse kinship to fit the model 
use sparse kinship to fit the model 
use sparse kinship to fit the model 
use sparse kinship to fit the model 
use sparse kinship to fit the model 
use sparse kinship to fit the model 
use sparse kinship to fit the model 
use sparse kinship to fit the model 
use sparse kinship to fit the model 
use sparse kinship to fit the model 
use sparse kinship to fit the model 
use sparse kinship to fit the model 
use sparse kinship to fit the model 
use sparse kinship to fit the model 
use sparse kinship to fit the model 
use sparse kinship to fit the model 
use sparse kinship to fit the model 
use sparse kinship to fit the model 
use sparse kinship to fit the model 
use sparse kinship to fit the model 
use sparse kinship to fit the model 
use sparse kinship to fit the model 
dim temp_mat_update100 2
YPAPY_update
   3.6459e+02
   3.8352e+02
Trace
   3.9796e+02
   3.7052e+02
[1] "re$YPAPY"
        [,1]
[1,] 364.594
[2,] 383.522
[1] "re$Trace"
         [,1]
[1,] 397.9598
[2,] 370.5160
Variance component estimates:
[1] 0.9165856 0.0000000

Iteration  1 0.9165856 0 :
tau0_v1:  0.9165856 0 
use sparse kinship to fit the model 
after Sigma_iY
use sparse kinship to fit the model 
use sparse kinship to fit the model 
Tau:
[1] 0.9165856 0.0000000
Fixed-effect coefficients:
          [,1]
[1,] 1.0728524
[2,] 0.5332978
[1] "alpha"
          [,1]
[1,] 1.0728524
[2,] 0.5332978
t_end_Get_Coef - t_begin_Get_Coef
   user  system elapsed 
  0.002   0.000   0.002 
k1 2
use sparse kinship to fit the model 
use sparse kinship to fit the model 
AI
   4.7347e+02   4.9805e+02
   4.9805e+02   1.4309e+03
idxtau
        0
        1
use sparse kinship to fit the model 
use sparse kinship to fit the model 
use sparse kinship to fit the model 
use sparse kinship to fit the model 
use sparse kinship to fit the model 
use sparse kinship to fit the model 
use sparse kinship to fit the model 
use sparse kinship to fit the model 
use sparse kinship to fit the model 
use sparse kinship to fit the model 
use sparse kinship to fit the model 
use sparse kinship to fit the model 
use sparse kinship to fit the model 
use sparse kinship to fit the model 
use sparse kinship to fit the model 
use sparse kinship to fit the model 
use sparse kinship to fit the model 
use sparse kinship to fit the model 
use sparse kinship to fit the model 
use sparse kinship to fit the model 
use sparse kinship to fit the model 
use sparse kinship to fit the model 
use sparse kinship to fit the model 
use sparse kinship to fit the model 
use sparse kinship to fit the model 
use sparse kinship to fit the model 
use sparse kinship to fit the model 
use sparse kinship to fit the model 
use sparse kinship to fit the model 
use sparse kinship to fit the model 
use sparse kinship to fit the model 
use sparse kinship to fit the model 
use sparse kinship to fit the model 
use sparse kinship to fit the model 
use sparse kinship to fit the model 
use sparse kinship to fit the model 
use sparse kinship to fit the model 
use sparse kinship to fit the model 
use sparse kinship to fit the model 
use sparse kinship to fit the model 
use sparse kinship to fit the model 
use sparse kinship to fit the model 
use sparse kinship to fit the model 
use sparse kinship to fit the model 
use sparse kinship to fit the model 
use sparse kinship to fit the model 
use sparse kinship to fit the model 
use sparse kinship to fit the model 
use sparse kinship to fit the model 
use sparse kinship to fit the model 
use sparse kinship to fit the model 
use sparse kinship to fit the model 
use sparse kinship to fit the model 
use sparse kinship to fit the model 
use sparse kinship to fit the model 
use sparse kinship to fit the model 
use sparse kinship to fit the model 
use sparse kinship to fit the model 
use sparse kinship to fit the model 
use sparse kinship to fit the model 
use sparse kinship to fit the model 
use sparse kinship to fit the model 
use sparse kinship to fit the model 
use sparse kinship to fit the model 
use sparse kinship to fit the model 
use sparse kinship to fit the model 
use sparse kinship to fit the model 
use sparse kinship to fit the model 
use sparse kinship to fit the model 
use sparse kinship to fit the model 
use sparse kinship to fit the model 
use sparse kinship to fit the model 
use sparse kinship to fit the model 
use sparse kinship to fit the model 
use sparse kinship to fit the model 
use sparse kinship to fit the model 
use sparse kinship to fit the model 
use sparse kinship to fit the model 
use sparse kinship to fit the model 
use sparse kinship to fit the model 
use sparse kinship to fit the model 
use sparse kinship to fit the model 
use sparse kinship to fit the model 
use sparse kinship to fit the model 
use sparse kinship to fit the model 
use sparse kinship to fit the model 
use sparse kinship to fit the model 
use sparse kinship to fit the model 
use sparse kinship to fit the model 
use sparse kinship to fit the model 
use sparse kinship to fit the model 
use sparse kinship to fit the model 
use sparse kinship to fit the model 
use sparse kinship to fit the model 
use sparse kinship to fit the model 
use sparse kinship to fit the model 
use sparse kinship to fit the model 
use sparse kinship to fit the model 
use sparse kinship to fit the model 
use sparse kinship to fit the model 
dim temp_mat_update100 2
YPAPY_update
   4.3397e+02
   4.5650e+02
Trace
   4.3418e+02
   4.0423e+02
YPAPY
   4.3397e+02
   4.5650e+02
Trace
   4.3418e+02
   4.0423e+02
score
   -0.2026
   52.2679
Dtau
  -0.0613
   0.0579
score1
   -0.2026
   52.2679
AI1
   4.7347e+02   4.9805e+02
   4.9805e+02   1.4309e+03
t_end_fitglmmaiRPCG - t_begin_fitglmmaiRPCG
   user  system elapsed 
  0.162   0.000   0.162 
[1] 0.03420738 0.74314055
tau:  0.8552902 0.05786359 
tau0:  0.9165856 0 

Iteration  2 0.8552902 0.05786359 :
tau0_v1:  0.8552902 0.05786359 
use sparse kinship to fit the model 
after Sigma_iY
use sparse kinship to fit the model 
use sparse kinship to fit the model 
Tau:
[1] 0.85529023 0.05786359
Fixed-effect coefficients:
         [,1]
[1,] 1.053927
[2,] 0.533241
[1] "alpha"
         [,1]
[1,] 1.053927
[2,] 0.533241
t_end_Get_Coef - t_begin_Get_Coef
   user  system elapsed 
  0.025   0.000   0.026 
k1 2
use sparse kinship to fit the model 
use sparse kinship to fit the model 
AI
   4.8462e+02   4.3672e+02
   4.3672e+02   6.2286e+02
idxtau
        0
        1
use sparse kinship to fit the model 
use sparse kinship to fit the model 
use sparse kinship to fit the model 
use sparse kinship to fit the model 
use sparse kinship to fit the model 
use sparse kinship to fit the model 
use sparse kinship to fit the model 
use sparse kinship to fit the model 
use sparse kinship to fit the model 
use sparse kinship to fit the model 
use sparse kinship to fit the model 
use sparse kinship to fit the model 
use sparse kinship to fit the model 
use sparse kinship to fit the model 
use sparse kinship to fit the model 
use sparse kinship to fit the model 
use sparse kinship to fit the model 
use sparse kinship to fit the model 
use sparse kinship to fit the model 
use sparse kinship to fit the model 
use sparse kinship to fit the model 
use sparse kinship to fit the model 
use sparse kinship to fit the model 
use sparse kinship to fit the model 
use sparse kinship to fit the model 
use sparse kinship to fit the model 
use sparse kinship to fit the model 
use sparse kinship to fit the model 
use sparse kinship to fit the model 
use sparse kinship to fit the model 
use sparse kinship to fit the model 
use sparse kinship to fit the model 
use sparse kinship to fit the model 
use sparse kinship to fit the model 
use sparse kinship to fit the model 
use sparse kinship to fit the model 
use sparse kinship to fit the model 
use sparse kinship to fit the model 
use sparse kinship to fit the model 
use sparse kinship to fit the model 
use sparse kinship to fit the model 
use sparse kinship to fit the model 
use sparse kinship to fit the model 
use sparse kinship to fit the model 
use sparse kinship to fit the model 
use sparse kinship to fit the model 
use sparse kinship to fit the model 
use sparse kinship to fit the model 
use sparse kinship to fit the model 
use sparse kinship to fit the model 
use sparse kinship to fit the model 
use sparse kinship to fit the model 
use sparse kinship to fit the model 
use sparse kinship to fit the model 
use sparse kinship to fit the model 
use sparse kinship to fit the model 
use sparse kinship to fit the model 
use sparse kinship to fit the model 
use sparse kinship to fit the model 
use sparse kinship to fit the model 
use sparse kinship to fit the model 
use sparse kinship to fit the model 
use sparse kinship to fit the model 
use sparse kinship to fit the model 
use sparse kinship to fit the model 
use sparse kinship to fit the model 
use sparse kinship to fit the model 
use sparse kinship to fit the model 
use sparse kinship to fit the model 
use sparse kinship to fit the model 
use sparse kinship to fit the model 
use sparse kinship to fit the model 
use sparse kinship to fit the model 
use sparse kinship to fit the model 
use sparse kinship to fit the model 
use sparse kinship to fit the model 
use sparse kinship to fit the model 
use sparse kinship to fit the model 
use sparse kinship to fit the model 
use sparse kinship to fit the model 
use sparse kinship to fit the model 
use sparse kinship to fit the model 
use sparse kinship to fit the model 
use sparse kinship to fit the model 
use sparse kinship to fit the model 
use sparse kinship to fit the model 
use sparse kinship to fit the model 
use sparse kinship to fit the model 
use sparse kinship to fit the model 
use sparse kinship to fit the model 
use sparse kinship to fit the model 
use sparse kinship to fit the model 
use sparse kinship to fit the model 
use sparse kinship to fit the model 
use sparse kinship to fit the model 
use sparse kinship to fit the model 
use sparse kinship to fit the model 
use sparse kinship to fit the model 
use sparse kinship to fit the model 
use sparse kinship to fit the model 
dim temp_mat_update100 2
YPAPY_update
   4.3978e+02
   4.0957e+02
Trace
   4.3854e+02
   3.9484e+02
YPAPY
   4.3978e+02
   4.0957e+02
Trace
   4.3854e+02
   3.9484e+02
score
    1.2386
   14.7246
Dtau
  -0.0509
   0.0593
score1
    1.2386
   14.7246
AI1
   4.8462e+02   4.3672e+02
   4.3672e+02   6.2286e+02
t_end_fitglmmaiRPCG - t_begin_fitglmmaiRPCG
   user  system elapsed 
  0.927   0.036   0.963 
[1] 0.03031975 0.30423211
tau:  0.8043635 0.1172118 
tau0:  0.8552902 0.05786359 

Iteration  3 0.8043635 0.1172118 :
tau0_v1:  0.8043635 0.1172118 
use sparse kinship to fit the model 
after Sigma_iY
use sparse kinship to fit the model 
use sparse kinship to fit the model 
Tau:
[1] 0.8043635 0.1172118
Fixed-effect coefficients:
          [,1]
[1,] 1.0468168
[2,] 0.5331731
[1] "alpha"
          [,1]
[1,] 1.0468168
[2,] 0.5331731
t_end_Get_Coef - t_begin_Get_Coef
   user  system elapsed 
  0.025   0.000   0.025 
k1 2
use sparse kinship to fit the model 
use sparse kinship to fit the model 
AI
   4.8396e+02   4.1942e+02
   4.1942e+02   4.5844e+02
idxtau
        0
        1
use sparse kinship to fit the model 
use sparse kinship to fit the model 
use sparse kinship to fit the model 
use sparse kinship to fit the model 
use sparse kinship to fit the model 
use sparse kinship to fit the model 
use sparse kinship to fit the model 
use sparse kinship to fit the model 
use sparse kinship to fit the model 
use sparse kinship to fit the model 
use sparse kinship to fit the model 
use sparse kinship to fit the model 
use sparse kinship to fit the model 
use sparse kinship to fit the model 
use sparse kinship to fit the model 
use sparse kinship to fit the model 
use sparse kinship to fit the model 
use sparse kinship to fit the model 
use sparse kinship to fit the model 
use sparse kinship to fit the model 
use sparse kinship to fit the model 
use sparse kinship to fit the model 
use sparse kinship to fit the model 
use sparse kinship to fit the model 
use sparse kinship to fit the model 
use sparse kinship to fit the model 
use sparse kinship to fit the model 
use sparse kinship to fit the model 
use sparse kinship to fit the model 
use sparse kinship to fit the model 
use sparse kinship to fit the model 
use sparse kinship to fit the model 
use sparse kinship to fit the model 
use sparse kinship to fit the model 
use sparse kinship to fit the model 
use sparse kinship to fit the model 
use sparse kinship to fit the model 
use sparse kinship to fit the model 
use sparse kinship to fit the model 
use sparse kinship to fit the model 
use sparse kinship to fit the model 
use sparse kinship to fit the model 
use sparse kinship to fit the model 
use sparse kinship to fit the model 
use sparse kinship to fit the model 
use sparse kinship to fit the model 
use sparse kinship to fit the model 
use sparse kinship to fit the model 
use sparse kinship to fit the model 
use sparse kinship to fit the model 
use sparse kinship to fit the model 
use sparse kinship to fit the model 
use sparse kinship to fit the model 
use sparse kinship to fit the model 
use sparse kinship to fit the model 
use sparse kinship to fit the model 
use sparse kinship to fit the model 
use sparse kinship to fit the model 
use sparse kinship to fit the model 
use sparse kinship to fit the model 
use sparse kinship to fit the model 
use sparse kinship to fit the model 
use sparse kinship to fit the model 
use sparse kinship to fit the model 
use sparse kinship to fit the model 
use sparse kinship to fit the model 
use sparse kinship to fit the model 
use sparse kinship to fit the model 
use sparse kinship to fit the model 
use sparse kinship to fit the model 
use sparse kinship to fit the model 
use sparse kinship to fit the model 
use sparse kinship to fit the model 
use sparse kinship to fit the model 
use sparse kinship to fit the model 
use sparse kinship to fit the model 
use sparse kinship to fit the model 
use sparse kinship to fit the model 
use sparse kinship to fit the model 
use sparse kinship to fit the model 
use sparse kinship to fit the model 
use sparse kinship to fit the model 
use sparse kinship to fit the model 
use sparse kinship to fit the model 
use sparse kinship to fit the model 
use sparse kinship to fit the model 
use sparse kinship to fit the model 
use sparse kinship to fit the model 
use sparse kinship to fit the model 
use sparse kinship to fit the model 
use sparse kinship to fit the model 
use sparse kinship to fit the model 
use sparse kinship to fit the model 
use sparse kinship to fit the model 
use sparse kinship to fit the model 
use sparse kinship to fit the model 
use sparse kinship to fit the model 
use sparse kinship to fit the model 
use sparse kinship to fit the model 
use sparse kinship to fit the model 
dim temp_mat_update100 2
YPAPY_update
   4.3845e+02
   3.9110e+02
Trace
   4.3811e+02
   3.8836e+02
YPAPY
   4.3845e+02
   3.9110e+02
Trace
   4.3811e+02
   3.8836e+02
score
   0.3414
   2.7467
Dtau
  -0.0217
   0.0258
score1
   0.3414
   2.7467
AI1
   4.8396e+02   4.1942e+02
   4.1942e+02   4.5844e+02
t_end_fitglmmaiRPCG - t_begin_fitglmmaiRPCG
   user  system elapsed 
  0.928   0.032   0.960 
[1] 0.01347960 0.09210199
tau:  0.782701 0.1430219 
tau0:  0.8043635 0.1172118 

Iteration  4 0.782701 0.1430219 :
tau0_v1:  0.782701 0.1430219 
use sparse kinship to fit the model 
after Sigma_iY
use sparse kinship to fit the model 
use sparse kinship to fit the model 
Tau:
[1] 0.7827010 0.1430219
Fixed-effect coefficients:
          [,1]
[1,] 1.0450729
[2,] 0.5331423
[1] "alpha"
          [,1]
[1,] 1.0450729
[2,] 0.5331423
t_end_Get_Coef - t_begin_Get_Coef
   user  system elapsed 
  0.021   0.004   0.024 
k1 2
use sparse kinship to fit the model 
use sparse kinship to fit the model 
AI
   4.8349e+02   4.1551e+02
   4.1551e+02   4.2772e+02
idxtau
        0
        1
use sparse kinship to fit the model 
use sparse kinship to fit the model 
use sparse kinship to fit the model 
use sparse kinship to fit the model 
use sparse kinship to fit the model 
use sparse kinship to fit the model 
use sparse kinship to fit the model 
use sparse kinship to fit the model 
use sparse kinship to fit the model 
use sparse kinship to fit the model 
use sparse kinship to fit the model 
use sparse kinship to fit the model 
use sparse kinship to fit the model 
use sparse kinship to fit the model 
use sparse kinship to fit the model 
use sparse kinship to fit the model 
use sparse kinship to fit the model 
use sparse kinship to fit the model 
use sparse kinship to fit the model 
use sparse kinship to fit the model 
use sparse kinship to fit the model 
use sparse kinship to fit the model 
use sparse kinship to fit the model 
use sparse kinship to fit the model 
use sparse kinship to fit the model 
use sparse kinship to fit the model 
use sparse kinship to fit the model 
use sparse kinship to fit the model 
use sparse kinship to fit the model 
use sparse kinship to fit the model 
use sparse kinship to fit the model 
use sparse kinship to fit the model 
use sparse kinship to fit the model 
use sparse kinship to fit the model 
use sparse kinship to fit the model 
use sparse kinship to fit the model 
use sparse kinship to fit the model 
use sparse kinship to fit the model 
use sparse kinship to fit the model 
use sparse kinship to fit the model 
use sparse kinship to fit the model 
use sparse kinship to fit the model 
use sparse kinship to fit the model 
use sparse kinship to fit the model 
use sparse kinship to fit the model 
use sparse kinship to fit the model 
use sparse kinship to fit the model 
use sparse kinship to fit the model 
use sparse kinship to fit the model 
use sparse kinship to fit the model 
use sparse kinship to fit the model 
use sparse kinship to fit the model 
use sparse kinship to fit the model 
use sparse kinship to fit the model 
use sparse kinship to fit the model 
use sparse kinship to fit the model 
use sparse kinship to fit the model 
use sparse kinship to fit the model 
use sparse kinship to fit the model 
use sparse kinship to fit the model 
use sparse kinship to fit the model 
use sparse kinship to fit the model 
use sparse kinship to fit the model 
use sparse kinship to fit the model 
use sparse kinship to fit the model 
use sparse kinship to fit the model 
use sparse kinship to fit the model 
use sparse kinship to fit the model 
use sparse kinship to fit the model 
use sparse kinship to fit the model 
use sparse kinship to fit the model 
use sparse kinship to fit the model 
use sparse kinship to fit the model 
use sparse kinship to fit the model 
use sparse kinship to fit the model 
use sparse kinship to fit the model 
use sparse kinship to fit the model 
use sparse kinship to fit the model 
use sparse kinship to fit the model 
use sparse kinship to fit the model 
use sparse kinship to fit the model 
use sparse kinship to fit the model 
use sparse kinship to fit the model 
use sparse kinship to fit the model 
use sparse kinship to fit the model 
use sparse kinship to fit the model 
use sparse kinship to fit the model 
use sparse kinship to fit the model 
use sparse kinship to fit the model 
use sparse kinship to fit the model 
use sparse kinship to fit the model 
use sparse kinship to fit the model 
use sparse kinship to fit the model 
use sparse kinship to fit the model 
use sparse kinship to fit the model 
use sparse kinship to fit the model 
use sparse kinship to fit the model 
use sparse kinship to fit the model 
use sparse kinship to fit the model 
use sparse kinship to fit the model 
dim temp_mat_update100 2
YPAPY_update
   4.3786e+02
   3.8639e+02
Trace
   4.3781e+02
   3.8629e+02
YPAPY
   4.3786e+02
   3.8639e+02
Trace
   4.3781e+02
   3.8629e+02
score
   0.0546
   0.1081
Dtau
  -0.0006
   0.0009
score1
   0.0546
   0.1081
AI1
   4.8349e+02   4.1551e+02
   4.1551e+02   4.2772e+02
t_end_fitglmmaiRPCG - t_begin_fitglmmaiRPCG
   user  system elapsed 
  0.904   0.044   0.948 
[1] 0.0003984499 0.0028221473
tau:  0.7820695 0.143888 
tau0:  0.782701 0.1430219 

Final  0.7820695 0.143888 :
use sparse kinship to fit the model 
after Sigma_iY
use sparse kinship to fit the model 
use sparse kinship to fit the model 
Tau:
[1] 0.7820695 0.1438880
Fixed-effect coefficients:
          [,1]
[1,] 1.0450233
[2,] 0.5331416
[1] "alpha"
          [,1]
[1,] 1.0450233
[2,] 0.5331416
t_end_null - t_begin, fitting the NULL model without LOCO took
   user  system elapsed 
  3.273   0.116   3.389 
    IID X.Intercept. sex y.repeated IndexPheno IndexGeno covoffset
1     1            1   0       1.83        207         1         0
112   2            1   1       1.43        301         2         0
223   3            1   0       1.29        108         3         0
334   4            1   1       2.04        122         4         0
346   5            1   0       0.68        349         5         0
357   6            1   1       2.00         31         6         0
    sex
1     0
112   1
223   0
334   1
346   0
357   1
[1] 0.5331416
use sparse kinship to fit the model 
use sparse kinship to fit the model 
   user  system elapsed 
  4.556   0.254   4.793 
t_end - t_begin, fitting the NULL model took
   user  system elapsed 
  3.397   0.116   3.516 
Skip estimating variance ratios
closed the plinkFile!
