Loading required package: optparse
R version 4.2.1 (2022-06-23)
Platform: x86_64-pc-linux-gnu (64-bit)
Running under: Ubuntu 18.04.5 LTS

Matrix products: default
BLAS:   /usr/lib/x86_64-linux-gnu/openblas/libblas.so.3
LAPACK: /usr/lib/x86_64-linux-gnu/libopenblasp-r0.2.20.so

locale:
 [1] LC_CTYPE=en_US.UTF-8       LC_NUMERIC=C              
 [3] LC_TIME=en_US.UTF-8        LC_COLLATE=en_US.UTF-8    
 [5] LC_MONETARY=en_US.UTF-8    LC_MESSAGES=en_US.UTF-8   
 [7] LC_PAPER=en_US.UTF-8       LC_NAME=C                 
 [9] LC_ADDRESS=C               LC_TELEPHONE=C            
[11] LC_MEASUREMENT=en_US.UTF-8 LC_IDENTIFICATION=C       

attached base packages:
[1] stats     graphics  grDevices utils     datasets  methods   base     

other attached packages:
[1] optparse_1.7.1 SAIGE_1.1.4   

loaded via a namespace (and not attached):
[1] compiler_4.2.1     Matrix_1.4-1       Rcpp_1.0.7         getopt_1.20.3     
[5] grid_4.2.1         data.table_1.14.2  RcppParallel_5.0.2 lattice_0.20-45   
$plinkFile
[1] "./input/nfam_100_nindep_0_step1_includeMoreRareVariants_poly_22chr"

$bedFile
[1] ""

$bimFile
[1] ""

$famFile
[1] ""

$phenoFile
[1] "./input/pheno_1000samples.txt_withdosages_withBothTraitTypes.txt"

$phenoCol
[1] "y_binary"

$traitType
[1] "binary"

$invNormalize
[1] FALSE

$covarColList
[1] "x1,x2,a9,a10"

$qCovarColList
[1] "a9,a10"

$sampleIDColinphenoFile
[1] "IID"

$tol
[1] 0.02

$maxiter
[1] 20

$tolPCG
[1] 1e-05

$maxiterPCG
[1] 500

$nThreads
[1] 1

$SPAcutoff
[1] 2

$numRandomMarkerforVarianceRatio
[1] 30

$skipModelFitting
[1] FALSE

$skipVarianceRatioEstimation
[1] FALSE

$memoryChunk
[1] 2

$tauInit
[1] "0,0"

$LOCO
[1] TRUE

$isLowMemLOCO
[1] FALSE

$traceCVcutoff
[1] 0.0025

$nrun
[1] 30

$ratioCVcutoff
[1] 0.001

$outputPrefix
[1] "./output/example_binary_sparseGRM_1.1.4"

$outputPrefix_varRatio
[1] ""

$IsOverwriteVarianceRatioFile
[1] TRUE

$sparseGRMFile
[1] "output/sparseGRM_relatednessCutoff_0.125_1000_randomMarkersUsed.sparseGRM.mtx"

$sparseGRMSampleIDFile
[1] "output/sparseGRM_relatednessCutoff_0.125_1000_randomMarkersUsed.sparseGRM.mtx.sampleIDs.txt"

$isCateVarianceRatio
[1] TRUE

$relatednessCutoff
[1] 0

$cateVarRatioMinMACVecExclude
[1] "10,20.5"

$cateVarRatioMaxMACVecInclude
[1] "20.5"

$isCovariateTransform
[1] TRUE

$isDiagofKinSetAsOne
[1] FALSE

$useSparseGRMtoFitNULL
[1] TRUE

$useSparseGRMforVarRatio
[1] FALSE

$minMAFforGRM
[1] 0.01

$maxMissingRateforGRM
[1] 0.15

$minCovariateCount
[1] -1

$includeNonautoMarkersforVarRatio
[1] FALSE

$FemaleOnly
[1] FALSE

$MaleOnly
[1] FALSE

$sexCol
[1] ""

$FemaleCode
[1] "1"

$MaleCode
[1] "0"

$isCovariateOffset
[1] TRUE

$SampleIDIncludeFile
[1] ""

$help
[1] FALSE

tauInit  is  0 0 
cateVarRatioMinMACVecExclude  is  10 20.5 
cateVarRatioMaxMACVecInclude  is  20.5 
The variance ratio file  ./output/example_binary_sparseGRM_1.1.4.varianceRatio.txt  already exists. IsOverwriteVarianceRatioFile=TRUE so the file will be overwritten
sparse GRM will be used to fit the NULL model and nThreads is set to 1
Leave-one-chromosome-out is not applied
1000  samples have genotypes
a9 a10 are categorical covariates
formula is  y_binary~x1+x2+a9+a10 
1000  samples have non-missing phenotypes
1000  samples are in the sparse GRM
1000  samples who have non-missing phenotypes are also in the sparse GRM
[1] "Test"
    IID X.Intercept.          x1 x2 a91 a92 a101 a102 y_binary IndexPheno
1   1a1            1  1.51178117  1   1   0    0    0        0          1
113 1a2            1  0.38984324  1   1   0    1    0        0          2
224 1a3            1 -0.62124058  1   0   0    1    0        0          3
335 1a4            1 -2.21469989  1   1   0    1    0        0          4
446 1a5            1  1.12493092  1   1   0    0    0        0          5
557 1a6            1 -0.04493361  1   1   0    0    0        0          6
    IndexGeno
1           1
113         2
224         3
335         4
446         5
557         6
1000  samples in geno file do not have phenotypes
0  samples will be used for analysis
[1] "Test3"
    IID X.Intercept.          x1 x2 a91 a92 a101 a102 y_binary IndexPheno
1   1a1            1  1.51178117  1   1   0    0    0        0          1
113 1a2            1  0.38984324  1   1   0    1    0        0          2
224 1a3            1 -0.62124058  1   0   0    1    0        0          3
335 1a4            1 -2.21469989  1   1   0    1    0        0          4
446 1a5            1  1.12493092  1   1   0    0    0        0          5
557 1a6            1 -0.04493361  1   1   0    0    0        0          6
    IndexGeno
1           1
113         2
224         3
335         4
446         5
557         6
[1] "Test4"
    IID X.Intercept.          x1 x2 a91 a92 a101 a102 y_binary IndexPheno
1   1a1            1  1.51178117  1   1   0    0    0        0          1
113 1a2            1  0.38984324  1   1   0    1    0        0          2
224 1a3            1 -0.62124058  1   0   0    1    0        0          3
335 1a4            1 -2.21469989  1   1   0    1    0        0          4
446 1a5            1  1.12493092  1   1   0    0    0        0          5
557 1a6            1 -0.04493361  1   1   0    0    0        0          6
    IndexGeno
1           1
113         2
224         3
335         4
446         5
557         6
qr transformation has been performed on covariates
colnames(data.new) is  y_binary minus1 x1 x2 a91 a92 a101 a102 
out.transform$Param.transform$qrr:  7 7 
[1] "isCovariateOffset=TRUE, so fixed effects coefficnets won't be estimated."
extract sparse GRM
[1] 6400
set elements in the sparse GRM <=  0  to zero
1000  samples have been used to fit the glmm null model
numofV  0 
num_Kmat  2 
Categorical variance ratios will be estimated. Please make sure there are at least 200 markers in each MAC category.
ptr_gNULLGENOobj->g_minMACVarRatio 10
ptr_gNULLGENOobj->g_maxMACVarRatio 20.5
Markers in the Plink file with MAF <  0.01  will be removed before constructing GRM
Markers in the Plink file with missing rate >  0.15  will be removed before constructing GRM
y_binary  is a binary trait
[1] "formula.new"
y_binary ~ 1
<environment: 0x56027631c0c0>
[1] "head(data.new)"
    y_binary minus1          x1         x2        a91         a92       a101
1          0     -1 -1.50906738 -0.9445723 -1.1423374 -0.03116058 -0.7961688
113        0     -1 -0.40405771 -0.9708608 -1.0851127 -0.01649437  1.3399560
224        0     -1  0.59177046 -0.9945518  0.9714451  0.84472062  1.2762094
335        0     -1  2.16118701 -1.0318886 -0.9522675  0.01755277  1.4469364
446        0     -1 -1.12805409 -0.9536367 -1.1226060 -0.02610359 -0.7802791
557        0     -1  0.02415905 -0.9810482 -1.0629368 -0.01081087 -0.7322274
           a102    covoffset
1   -0.35899208  1.555572774
113  0.01645743  0.741612976
224  0.06753213  0.003928598
335  0.05052077 -1.186262432
446 -0.35393268  1.269227320
557 -0.33863269  0.403296926
glm:

Call:  glm(formula = formula.new, family = binomial, data = data.new, 
    weights = varWeights, offset = covoffset)

Coefficients:
(Intercept)  
     -2.525  

Degrees of Freedom: 999 Total (i.e. Null);  999 Residual
Null Deviance:	    576.8 
Residual Deviance: 576.8 	AIC: 578.8
[1] "isStoreSigma"
[1] FALSE
Start fitting the NULL GLMM
   user  system elapsed 
  1.488   0.103   1.611 
   user  system elapsed 
  1.576   0.103   1.699 
[1] "Start reading genotype plink file here"
    IID X.Intercept.          x1 x2 a91 a92 a101 a102 y_binary IndexPheno
1   1a1            1  1.51178117  1   1   0    0    0        0          1
113 1a2            1  0.38984324  1   1   0    1    0        0          2
224 1a3            1 -0.62124058  1   0   0    1    0        0          3
335 1a4            1 -2.21469989  1   1   0    1    0        0          4
446 1a5            1  1.12493092  1   1   0    0    0        0          5
557 1a6            1 -0.04493361  1   1   0    0    0        0          6
    IndexGeno
1           1
113         2
224         3
335         4
446         5
557         6
[1] "HEREHRE"
nbyte: 250
nbyte: 250
reserve: 32474736

M: 128868, N: 1000
setgeno mark1
setgeno mark2
109579 markers with MAF >= 0.01 and missing rate <= 0.15
time: 1677.49
[1] "Genotype reading is done"
tauInit[1] 0 0
fixtau  1 0 
tauInit  1 0 
inital tau is  1 0.1 
[1] "tau"
[1] 1.0 0.1
before Sigma_iY
Yvec.n_elem 1000
iter from getPCG1ofSigmaAndVector 3
after Sigma_iY
iter from getPCG1ofSigmaAndVector 2
cov
   0.0126
Tau:
[1] 1.0 0.1
Fixed-effect coefficients:
          [,1]
[1,] -2.523371
[1] "alpha"
          [,1]
[1,] -2.523371
[1] "alpha0"
(Intercept) 
  -2.524673 
[1] "y[1]"
1 
0 
[1] "y[2]"
113 
  0 
[1] "alpha"
          [,1]
[1,] -2.523371
fixtauVec
        1
        0
k1 2
iter from getPCG1ofSigmaAndVector 2
AI
         0         0
         0   16.0495
YPAPY
         0
   83.0403
YPAPY
         0
   83.0403
idxtau
        1
iter from getPCG1ofSigmaAndVector 2
iter from getPCG1ofSigmaAndVector 2
iter from getPCG1ofSigmaAndVector 2
iter from getPCG1ofSigmaAndVector 2
iter from getPCG1ofSigmaAndVector 2
iter from getPCG1ofSigmaAndVector 2
iter from getPCG1ofSigmaAndVector 2
iter from getPCG1ofSigmaAndVector 2
iter from getPCG1ofSigmaAndVector 2
iter from getPCG1ofSigmaAndVector 2
iter from getPCG1ofSigmaAndVector 2
iter from getPCG1ofSigmaAndVector 2
iter from getPCG1ofSigmaAndVector 2
iter from getPCG1ofSigmaAndVector 2
iter from getPCG1ofSigmaAndVector 2
iter from getPCG1ofSigmaAndVector 2
iter from getPCG1ofSigmaAndVector 2
iter from getPCG1ofSigmaAndVector 2
iter from getPCG1ofSigmaAndVector 2
iter from getPCG1ofSigmaAndVector 2
iter from getPCG1ofSigmaAndVector 2
iter from getPCG1ofSigmaAndVector 2
iter from getPCG1ofSigmaAndVector 3
iter from getPCG1ofSigmaAndVector 2
iter from getPCG1ofSigmaAndVector 2
iter from getPCG1ofSigmaAndVector 2
iter from getPCG1ofSigmaAndVector 2
iter from getPCG1ofSigmaAndVector 2
iter from getPCG1ofSigmaAndVector 2
iter from getPCG1ofSigmaAndVector 2
dim temp_mat_update30 1
Trace
   79.2414
[1] "tau0_q2 a"
[1] 0.1
[1] "idxtau"
[1] 2
[1] "re$YPAPY"
         [,1]
[1,] 83.04034
[1] "re$Trace"
         [,1]
[1,] 79.24138
Variance component estimates:
[1] 1.000000 0.100038

Iteration  1 1 0.100038 :
tau0_v1:  1 0.100038 
before Sigma_iY
Yvec.n_elem 1000
iter from getPCG1ofSigmaAndVector 3
after Sigma_iY
iter from getPCG1ofSigmaAndVector 2
cov
   0.0126
Tau:
[1] 1.000000 0.100038
Fixed-effect coefficients:
          [,1]
[1,] -2.523371
[1] "alpha"
          [,1]
[1,] -2.523371
[1] "alpha0"
          [,1]
[1,] -2.523371
[1] "y[1]"
1 
0 
[1] "y[2]"
113 
  0 
[1] "alpha"
          [,1]
[1,] -2.523371
t_end_Get_Coef - t_begin_Get_Coef
   user  system elapsed 
  0.001   0.000   0.000 
check 1
fixtauVec
        1
        0
k1 2
iter from getPCG1ofSigmaAndVector 2
AI
         0         0
         0   16.0493
YPAPY
         0
   83.0392
YPAPY
         0
   83.0392
idxtau
        1
iter from getPCG1ofSigmaAndVector 2
iter from getPCG1ofSigmaAndVector 2
iter from getPCG1ofSigmaAndVector 2
iter from getPCG1ofSigmaAndVector 2
iter from getPCG1ofSigmaAndVector 2
iter from getPCG1ofSigmaAndVector 2
iter from getPCG1ofSigmaAndVector 2
iter from getPCG1ofSigmaAndVector 2
iter from getPCG1ofSigmaAndVector 2
iter from getPCG1ofSigmaAndVector 2
iter from getPCG1ofSigmaAndVector 2
iter from getPCG1ofSigmaAndVector 2
iter from getPCG1ofSigmaAndVector 2
iter from getPCG1ofSigmaAndVector 2
iter from getPCG1ofSigmaAndVector 2
iter from getPCG1ofSigmaAndVector 2
iter from getPCG1ofSigmaAndVector 2
iter from getPCG1ofSigmaAndVector 2
iter from getPCG1ofSigmaAndVector 2
iter from getPCG1ofSigmaAndVector 2
iter from getPCG1ofSigmaAndVector 2
iter from getPCG1ofSigmaAndVector 2
iter from getPCG1ofSigmaAndVector 3
iter from getPCG1ofSigmaAndVector 2
iter from getPCG1ofSigmaAndVector 2
iter from getPCG1ofSigmaAndVector 2
iter from getPCG1ofSigmaAndVector 2
iter from getPCG1ofSigmaAndVector 2
iter from getPCG1ofSigmaAndVector 2
iter from getPCG1ofSigmaAndVector 2
dim temp_mat_update30 1
Trace
   79.2409
check 2
score1
   3.7983
YPAPY
   83.0392
Trace
   79.2409
score
   3.7983
Dtau
   0.2367
score1
   3.7983
AI1
   16.0493
k1 2
fixtauVec
        1
        0
i 0
i 1
Dtau_k1
        0
   0.2367
t_end_fitglmmaiRPCG - t_begin_fitglmmaiRPCG
   user  system elapsed 
  0.004   0.000   0.006 
[1] 0.0000000 0.5181604
tau:  1 0.3367032 
tau0:  1 0.100038 

Iteration  2 1 0.3367032 :
tau0_v1:  1 0.3367032 
before Sigma_iY
Yvec.n_elem 1000
iter from getPCG1ofSigmaAndVector 4
after Sigma_iY
iter from getPCG1ofSigmaAndVector 3
cov
   0.0134
Tau:
[1] 1.0000000 0.3367032
Fixed-effect coefficients:
          [,1]
[1,] -2.523994
[1] "alpha"
          [,1]
[1,] -2.523994
[1] "alpha0"
          [,1]
[1,] -2.523371
[1] "y[1]"
1 
0 
[1] "y[2]"
113 
  0 
[1] "alpha"
          [,1]
[1,] -2.523994
t_end_Get_Coef - t_begin_Get_Coef
   user  system elapsed 
      0       0       0 
check 1
fixtauVec
        1
        0
k1 2
iter from getPCG1ofSigmaAndVector 3
AI
         0         0
         0   14.5765
YPAPY
         0
   76.4364
YPAPY
         0
   76.4364
idxtau
        1
iter from getPCG1ofSigmaAndVector 3
iter from getPCG1ofSigmaAndVector 3
iter from getPCG1ofSigmaAndVector 3
iter from getPCG1ofSigmaAndVector 3
iter from getPCG1ofSigmaAndVector 3
iter from getPCG1ofSigmaAndVector 3
iter from getPCG1ofSigmaAndVector 3
iter from getPCG1ofSigmaAndVector 3
iter from getPCG1ofSigmaAndVector 3
iter from getPCG1ofSigmaAndVector 3
iter from getPCG1ofSigmaAndVector 3
iter from getPCG1ofSigmaAndVector 3
iter from getPCG1ofSigmaAndVector 3
iter from getPCG1ofSigmaAndVector 3
iter from getPCG1ofSigmaAndVector 3
iter from getPCG1ofSigmaAndVector 3
iter from getPCG1ofSigmaAndVector 3
iter from getPCG1ofSigmaAndVector 3
iter from getPCG1ofSigmaAndVector 3
iter from getPCG1ofSigmaAndVector 3
iter from getPCG1ofSigmaAndVector 3
iter from getPCG1ofSigmaAndVector 3
iter from getPCG1ofSigmaAndVector 3
iter from getPCG1ofSigmaAndVector 3
iter from getPCG1ofSigmaAndVector 3
iter from getPCG1ofSigmaAndVector 3
iter from getPCG1ofSigmaAndVector 3
iter from getPCG1ofSigmaAndVector 3
iter from getPCG1ofSigmaAndVector 3
iter from getPCG1ofSigmaAndVector 3
dim temp_mat_update30 1
Trace
   76.0673
check 2
score1
   0.3692
YPAPY
   76.4364
Trace
   76.0673
score
   0.3692
Dtau
   0.0253
score1
   0.3692
AI1
   14.5765
k1 2
fixtauVec
        1
        0
i 0
i 1
Dtau_k1
        0
   0.0253
t_end_fitglmmaiRPCG - t_begin_fitglmmaiRPCG
   user  system elapsed 
  0.005   0.000   0.005 
[1] 0.00000000 0.03523774
tau:  1 0.3620297 
tau0:  1 0.3367032 

Iteration  3 1 0.3620297 :
tau0_v1:  1 0.3620297 
before Sigma_iY
Yvec.n_elem 1000
iter from getPCG1ofSigmaAndVector 4
after Sigma_iY
iter from getPCG1ofSigmaAndVector 3
cov
   0.0135
Tau:
[1] 1.0000000 0.3620297
Fixed-effect coefficients:
          [,1]
[1,] -2.527576
[1] "alpha"
          [,1]
[1,] -2.527576
[1] "alpha0"
          [,1]
[1,] -2.523994
[1] "y[1]"
1 
0 
[1] "y[2]"
113 
  0 
[1] "alpha"
          [,1]
[1,] -2.527576
t_end_Get_Coef - t_begin_Get_Coef
   user  system elapsed 
  0.001   0.000   0.001 
check 1
fixtauVec
        1
        0
k1 2
iter from getPCG1ofSigmaAndVector 3
AI
         0         0
         0   14.1532
YPAPY
         0
   75.1820
YPAPY
         0
   75.1820
idxtau
        1
iter from getPCG1ofSigmaAndVector 3
iter from getPCG1ofSigmaAndVector 3
iter from getPCG1ofSigmaAndVector 3
iter from getPCG1ofSigmaAndVector 3
iter from getPCG1ofSigmaAndVector 3
iter from getPCG1ofSigmaAndVector 3
iter from getPCG1ofSigmaAndVector 3
iter from getPCG1ofSigmaAndVector 3
iter from getPCG1ofSigmaAndVector 3
iter from getPCG1ofSigmaAndVector 3
iter from getPCG1ofSigmaAndVector 3
iter from getPCG1ofSigmaAndVector 3
iter from getPCG1ofSigmaAndVector 3
iter from getPCG1ofSigmaAndVector 3
iter from getPCG1ofSigmaAndVector 3
iter from getPCG1ofSigmaAndVector 3
iter from getPCG1ofSigmaAndVector 3
iter from getPCG1ofSigmaAndVector 3
iter from getPCG1ofSigmaAndVector 3
iter from getPCG1ofSigmaAndVector 3
iter from getPCG1ofSigmaAndVector 3
iter from getPCG1ofSigmaAndVector 3
iter from getPCG1ofSigmaAndVector 3
iter from getPCG1ofSigmaAndVector 3
iter from getPCG1ofSigmaAndVector 3
iter from getPCG1ofSigmaAndVector 3
iter from getPCG1ofSigmaAndVector 3
iter from getPCG1ofSigmaAndVector 3
iter from getPCG1ofSigmaAndVector 3
iter from getPCG1ofSigmaAndVector 3
dim temp_mat_update30 1
Trace
   75.5624
check 2
score1
  -0.3804
YPAPY
   75.1820
Trace
   75.5624
score
  -0.3804
Dtau
  -0.0269
score1
  -0.3804
AI1
   14.1532
k1 2
fixtauVec
        1
        0
i 0
i 1
Dtau_k1
        0
  -0.0269
t_end_fitglmmaiRPCG - t_begin_fitglmmaiRPCG
   user  system elapsed 
  0.004   0.000   0.004 
[1] 0.0000000 0.0374802
tau:  1 0.3351497 
tau0:  1 0.3620297 

Iteration  4 1 0.3351497 :
tau0_v1:  1 0.3351497 
before Sigma_iY
Yvec.n_elem 1000
iter from getPCG1ofSigmaAndVector 4
after Sigma_iY
iter from getPCG1ofSigmaAndVector 3
cov
   0.0134
Tau:
[1] 1.0000000 0.3351497
Fixed-effect coefficients:
          [,1]
[1,] -2.526898
[1] "alpha"
          [,1]
[1,] -2.526898
[1] "alpha0"
          [,1]
[1,] -2.527576
[1] "y[1]"
1 
0 
[1] "y[2]"
113 
  0 
[1] "alpha"
          [,1]
[1,] -2.526898
t_end_Get_Coef - t_begin_Get_Coef
   user  system elapsed 
  0.000   0.000   0.001 
check 1
fixtauVec
        1
        0
k1 2
iter from getPCG1ofSigmaAndVector 3
AI
         0         0
         0   14.2943
YPAPY
         0
   75.8364
YPAPY
         0
   75.8364
idxtau
        1
iter from getPCG1ofSigmaAndVector 3
iter from getPCG1ofSigmaAndVector 3
iter from getPCG1ofSigmaAndVector 3
iter from getPCG1ofSigmaAndVector 3
iter from getPCG1ofSigmaAndVector 3
iter from getPCG1ofSigmaAndVector 3
iter from getPCG1ofSigmaAndVector 3
iter from getPCG1ofSigmaAndVector 3
iter from getPCG1ofSigmaAndVector 3
iter from getPCG1ofSigmaAndVector 3
iter from getPCG1ofSigmaAndVector 3
iter from getPCG1ofSigmaAndVector 3
iter from getPCG1ofSigmaAndVector 3
iter from getPCG1ofSigmaAndVector 3
iter from getPCG1ofSigmaAndVector 3
iter from getPCG1ofSigmaAndVector 3
iter from getPCG1ofSigmaAndVector 3
iter from getPCG1ofSigmaAndVector 3
iter from getPCG1ofSigmaAndVector 3
iter from getPCG1ofSigmaAndVector 3
iter from getPCG1ofSigmaAndVector 3
iter from getPCG1ofSigmaAndVector 3
iter from getPCG1ofSigmaAndVector 3
iter from getPCG1ofSigmaAndVector 3
iter from getPCG1ofSigmaAndVector 3
iter from getPCG1ofSigmaAndVector 3
iter from getPCG1ofSigmaAndVector 3
iter from getPCG1ofSigmaAndVector 3
iter from getPCG1ofSigmaAndVector 3
iter from getPCG1ofSigmaAndVector 3
dim temp_mat_update30 1
Trace
   75.9250
check 2
score1
  -0.0887
YPAPY
   75.8364
Trace
   75.9250
score
  -0.0887
Dtau
  -0.0062
score1
  -0.0887
AI1
   14.2943
k1 2
fixtauVec
        1
        0
i 0
i 1
Dtau_k1
        0
  -0.0062
t_end_fitglmmaiRPCG - t_begin_fitglmmaiRPCG
   user  system elapsed 
  0.005   0.000   0.005 
[1] 0.000000000 0.009068353
tau:  1 0.3289461 
tau0:  1 0.3351497 

Final  1 0.3289461 :
before Sigma_iY
Yvec.n_elem 1000
iter from getPCG1ofSigmaAndVector 4
after Sigma_iY
iter from getPCG1ofSigmaAndVector 3
cov
   0.0134
Tau:
[1] 1.0000000 0.3289461
Fixed-effect coefficients:
          [,1]
[1,] -2.526783
[1] "alpha"
          [,1]
[1,] -2.526783
[1] "alpha0"
          [,1]
[1,] -2.526898
[1] "y[1]"
1 
0 
[1] "y[2]"
113 
  0 
[1] "alpha"
          [,1]
[1,] -2.526783
[1] "y[1:20]"
  1 113 224 335 446 557 668 779 890   2  14  25  36  47  58  69  80  91 102 114 
  0   0   0   0   0   0   0   0   0   0   1   0   0   0   0   0   0   0   0   0 
[1] "mu[1:20]"
 [1] 0.24973022 0.13258929 0.06573175 0.02079679 0.20644315 0.09901722
 [7] 0.04216067 0.08211874 0.16596143 0.14530911 0.11969773 0.03682642
[13] 0.07852587 0.16114553 0.06696708 0.02691154 0.06013923 0.08003854
[19] 0.10009162 0.18846769
[1] "res"
 [1] -0.24973022 -0.13258929 -0.06573175 -0.02079679 -0.20644315 -0.09901722
 [7] -0.04216067 -0.08211874 -0.16596143 -0.14530911  0.88030227 -0.03682642
[13] -0.07852587 -0.16114553 -0.06696708 -0.02691154 -0.06013923 -0.08003854
[19] -0.10009162 -0.18846769
[1] "res_scaled"
 [1] -0.24973022 -0.13258929 -0.06573175 -0.02079679 -0.20644315 -0.09901722
 [7] -0.04216067 -0.08211874 -0.16596143 -0.14530911  0.88030227 -0.03682642
[13] -0.07852587 -0.16114553 -0.06696708 -0.02691154 -0.06013923 -0.08003854
[19] -0.10009162 -0.18846769
[1] "res_scaled2"
 [1] -0.24973022 -0.13258929 -0.06573175 -0.02079679 -0.20644315 -0.09901722
 [7] -0.04216067 -0.08211874 -0.16596143 -0.14530911  0.88030227 -0.03682642
[13] -0.07852587 -0.16114553 -0.06696708 -0.02691154 -0.06013923 -0.08003854
[19] -0.10009162 -0.18846769
t_end_null - t_begin, fitting the NULL model without LOCO took
   user  system elapsed 
  1.689   0.108   1.799 
[1] "CHECK HERE"
[1] "alpha0"
          [,1]
[1,] -2.526783
[1] "modglmm$coefficients"
          [,1]
[1,] -2.526783
   user  system elapsed 
  3.278   0.211   3.514 
t_end - t_begin, fitting the NULL model took
   user  system elapsed 
  1.790   0.108   1.903 
Start estimating variance ratios

Family: binomial 
Link function: logit 

iter from getPCG1ofSigmaAndVector 3
iter from getPCG1ofSigmaAndVector 3
iter from getPCG1ofSigmaAndVector 3
iter from getPCG1ofSigmaAndVector 3
iter from getPCG1ofSigmaAndVector 3
iter from getPCG1ofSigmaAndVector 3
iter from getPCG1ofSigmaAndVector 3
length(MACvector):  109579 
length(MACvector_forVarRatio):  9663 
Categorical variance ratios will be estimated.
10 < MAC <=  20.5 
20.5 < MAC
396 th marker in geno  1 
MAC:  12 
G0 0 0 0 0 0 0 0 0 0 0 
CHR  1 
[1] "W[1:10]"
 [1] 0.18736504 0.11500937 0.06141109 0.02036429 0.16382438 0.08921281
 [7] 0.04038314 0.07537525 0.13841823 0.12419437
[1] "mu.eta[1:10]"
 [1] 0.18736504 0.11500937 0.06141109 0.02036429 0.16382438 0.08921281
 [7] 0.04038314 0.07537525 0.13841823 0.12419437
[1] "obj.glm.null$family$variance(mu)[1:10]"
 [1] 0.18736504 0.11500937 0.06141109 0.02036429 0.16382438 0.08921281
 [7] 0.04038314 0.07537525 0.13841823 0.12419437
[1] "mu[1:10]"
 [1] 0.24973022 0.13258929 0.06573175 0.02079679 0.20644315 0.09901722
 [7] 0.04216067 0.08211874 0.16596143 0.14530911
[1] "mu*(1-mu)[1:10]"
 [1] 0.18736504 0.11500937 0.06141109 0.02036429 0.16382438 0.08921281
 [7] 0.04038314 0.07537525 0.13841823 0.12419437
iter from getPCG1ofSigmaAndVector 2
AC  12 
AC  12 
S  -0.2160483 
var1  0.661141 
var2null  0.6837093 
p_exact  0.357344 
p_approx  0.3654022 
p_approx_true  0 
5316 th marker in geno  1 
MAC:  19 
G0 0 0 0 0 0 0 0 0 0 0 
CHR  12 
[1] "W[1:10]"
 [1] 0.18736504 0.11500937 0.06141109 0.02036429 0.16382438 0.08921281
 [7] 0.04038314 0.07537525 0.13841823 0.12419437
[1] "mu.eta[1:10]"
 [1] 0.18736504 0.11500937 0.06141109 0.02036429 0.16382438 0.08921281
 [7] 0.04038314 0.07537525 0.13841823 0.12419437
[1] "obj.glm.null$family$variance(mu)[1:10]"
 [1] 0.18736504 0.11500937 0.06141109 0.02036429 0.16382438 0.08921281
 [7] 0.04038314 0.07537525 0.13841823 0.12419437
[1] "mu[1:10]"
 [1] 0.24973022 0.13258929 0.06573175 0.02079679 0.20644315 0.09901722
 [7] 0.04216067 0.08211874 0.16596143 0.14530911
[1] "mu*(1-mu)[1:10]"
 [1] 0.18736504 0.11500937 0.06141109 0.02036429 0.16382438 0.08921281
 [7] 0.04038314 0.07537525 0.13841823 0.12419437
iter from getPCG1ofSigmaAndVector 3
AC  19 
AC  19 
S  0.6730798 
var1  1.511095 
var2null  1.6179 
p_exact  0.01700046 
p_approx  0.02107853 
p_approx_true  0 
2172 th marker in geno  1 
MAC:  20 
G0 0 0 0 0 0 0 0 0 0 0 
CHR  5 
[1] "W[1:10]"
 [1] 0.18736504 0.11500937 0.06141109 0.02036429 0.16382438 0.08921281
 [7] 0.04038314 0.07537525 0.13841823 0.12419437
[1] "mu.eta[1:10]"
 [1] 0.18736504 0.11500937 0.06141109 0.02036429 0.16382438 0.08921281
 [7] 0.04038314 0.07537525 0.13841823 0.12419437
[1] "obj.glm.null$family$variance(mu)[1:10]"
 [1] 0.18736504 0.11500937 0.06141109 0.02036429 0.16382438 0.08921281
 [7] 0.04038314 0.07537525 0.13841823 0.12419437
[1] "mu[1:10]"
 [1] 0.24973022 0.13258929 0.06573175 0.02079679 0.20644315 0.09901722
 [7] 0.04216067 0.08211874 0.16596143 0.14530911
[1] "mu*(1-mu)[1:10]"
 [1] 0.18736504 0.11500937 0.06141109 0.02036429 0.16382438 0.08921281
 [7] 0.04038314 0.07537525 0.13841823 0.12419437
iter from getPCG1ofSigmaAndVector 2
AC  20 
AC  20 
S  0.0544115 
var1  1.443129 
var2null  1.514529 
p_exact  0.8394792 
p_approx  0.8432583 
p_approx_true  0 
7193 th marker in geno  1 
MAC:  20 
G0 0 0 0 0 0 0 0 0 0 0 
CHR  17 
[1] "W[1:10]"
 [1] 0.18736504 0.11500937 0.06141109 0.02036429 0.16382438 0.08921281
 [7] 0.04038314 0.07537525 0.13841823 0.12419437
[1] "mu.eta[1:10]"
 [1] 0.18736504 0.11500937 0.06141109 0.02036429 0.16382438 0.08921281
 [7] 0.04038314 0.07537525 0.13841823 0.12419437
[1] "obj.glm.null$family$variance(mu)[1:10]"
 [1] 0.18736504 0.11500937 0.06141109 0.02036429 0.16382438 0.08921281
 [7] 0.04038314 0.07537525 0.13841823 0.12419437
[1] "mu[1:10]"
 [1] 0.24973022 0.13258929 0.06573175 0.02079679 0.20644315 0.09901722
 [7] 0.04216067 0.08211874 0.16596143 0.14530911
[1] "mu*(1-mu)[1:10]"
 [1] 0.18736504 0.11500937 0.06141109 0.02036429 0.16382438 0.08921281
 [7] 0.04038314 0.07537525 0.13841823 0.12419437
iter from getPCG1ofSigmaAndVector 3
AC  20 
AC  20 
S  0.1915033 
var1  1.630974 
var2null  1.749604 
p_exact  0.5024714 
p_approx  0.5173262 
p_approx_true  0 
3918 th marker in geno  1 
MAC:  18 
G0 0 0 0 0 0 0 0 0 0 0 
CHR  9 
[1] "W[1:10]"
 [1] 0.18736504 0.11500937 0.06141109 0.02036429 0.16382438 0.08921281
 [7] 0.04038314 0.07537525 0.13841823 0.12419437
[1] "mu.eta[1:10]"
 [1] 0.18736504 0.11500937 0.06141109 0.02036429 0.16382438 0.08921281
 [7] 0.04038314 0.07537525 0.13841823 0.12419437
[1] "obj.glm.null$family$variance(mu)[1:10]"
 [1] 0.18736504 0.11500937 0.06141109 0.02036429 0.16382438 0.08921281
 [7] 0.04038314 0.07537525 0.13841823 0.12419437
[1] "mu[1:10]"
 [1] 0.24973022 0.13258929 0.06573175 0.02079679 0.20644315 0.09901722
 [7] 0.04216067 0.08211874 0.16596143 0.14530911
[1] "mu*(1-mu)[1:10]"
 [1] 0.18736504 0.11500937 0.06141109 0.02036429 0.16382438 0.08921281
 [7] 0.04038314 0.07537525 0.13841823 0.12419437
iter from getPCG1ofSigmaAndVector 2
AC  18 
AC  18 
S  -0.2518345 
var1  0.9337129 
var2null  0.9647033 
p_exact  0.2688482 
p_approx  0.2766773 
p_approx_true  0 
3429 th marker in geno  1 
MAC:  19 
G0 0 0 0 0 0 0 0 0 0 0 
CHR  8 
[1] "W[1:10]"
 [1] 0.18736504 0.11500937 0.06141109 0.02036429 0.16382438 0.08921281
 [7] 0.04038314 0.07537525 0.13841823 0.12419437
[1] "mu.eta[1:10]"
 [1] 0.18736504 0.11500937 0.06141109 0.02036429 0.16382438 0.08921281
 [7] 0.04038314 0.07537525 0.13841823 0.12419437
[1] "obj.glm.null$family$variance(mu)[1:10]"
 [1] 0.18736504 0.11500937 0.06141109 0.02036429 0.16382438 0.08921281
 [7] 0.04038314 0.07537525 0.13841823 0.12419437
[1] "mu[1:10]"
 [1] 0.24973022 0.13258929 0.06573175 0.02079679 0.20644315 0.09901722
 [7] 0.04216067 0.08211874 0.16596143 0.14530911
[1] "mu*(1-mu)[1:10]"
 [1] 0.18736504 0.11500937 0.06141109 0.02036429 0.16382438 0.08921281
 [7] 0.04038314 0.07537525 0.13841823 0.12419437
iter from getPCG1ofSigmaAndVector 2
AC  19 
AC  19 
S  0.5417514 
var1  1.250569 
var2null  1.324267 
p_exact  0.03471605 
p_approx  0.04016432 
p_approx_true  0 
8891 th marker in geno  1 
MAC:  13 
G0 0 0 0 0 0 0 0 0 0 0 
CHR  21 
[1] "W[1:10]"
 [1] 0.18736504 0.11500937 0.06141109 0.02036429 0.16382438 0.08921281
 [7] 0.04038314 0.07537525 0.13841823 0.12419437
[1] "mu.eta[1:10]"
 [1] 0.18736504 0.11500937 0.06141109 0.02036429 0.16382438 0.08921281
 [7] 0.04038314 0.07537525 0.13841823 0.12419437
[1] "obj.glm.null$family$variance(mu)[1:10]"
 [1] 0.18736504 0.11500937 0.06141109 0.02036429 0.16382438 0.08921281
 [7] 0.04038314 0.07537525 0.13841823 0.12419437
[1] "mu[1:10]"
 [1] 0.24973022 0.13258929 0.06573175 0.02079679 0.20644315 0.09901722
 [7] 0.04216067 0.08211874 0.16596143 0.14530911
[1] "mu*(1-mu)[1:10]"
 [1] 0.18736504 0.11500937 0.06141109 0.02036429 0.16382438 0.08921281
 [7] 0.04038314 0.07537525 0.13841823 0.12419437
iter from getPCG1ofSigmaAndVector 2
AC  13 
AC  13 
S  0.4244941 
var1  1.323826 
var2null  1.396812 
p_exact  0.1834413 
p_approx  0.1953155 
p_approx_true  0 
6425 th marker in geno  1 
MAC:  15 
G0 0 1 1 1 0 0 0 0 0 0 
CHR  15 
[1] "W[1:10]"
 [1] 0.18736504 0.11500937 0.06141109 0.02036429 0.16382438 0.08921281
 [7] 0.04038314 0.07537525 0.13841823 0.12419437
[1] "mu.eta[1:10]"
 [1] 0.18736504 0.11500937 0.06141109 0.02036429 0.16382438 0.08921281
 [7] 0.04038314 0.07537525 0.13841823 0.12419437
[1] "obj.glm.null$family$variance(mu)[1:10]"
 [1] 0.18736504 0.11500937 0.06141109 0.02036429 0.16382438 0.08921281
 [7] 0.04038314 0.07537525 0.13841823 0.12419437
[1] "mu[1:10]"
 [1] 0.24973022 0.13258929 0.06573175 0.02079679 0.20644315 0.09901722
 [7] 0.04216067 0.08211874 0.16596143 0.14530911
[1] "mu*(1-mu)[1:10]"
 [1] 0.18736504 0.11500937 0.06141109 0.02036429 0.16382438 0.08921281
 [7] 0.04038314 0.07537525 0.13841823 0.12419437
iter from getPCG1ofSigmaAndVector 2
AC  15 
AC  15 
S  -0.3233726 
var1  1.025093 
var2null  1.074718 
p_exact  0.2160896 
p_approx  0.2270101 
p_approx_true  0 
3313 th marker in geno  1 
MAC:  16 
G0 0 0 0 0 0 0 0 0 0 0 
CHR  8 
[1] "W[1:10]"
 [1] 0.18736504 0.11500937 0.06141109 0.02036429 0.16382438 0.08921281
 [7] 0.04038314 0.07537525 0.13841823 0.12419437
[1] "mu.eta[1:10]"
 [1] 0.18736504 0.11500937 0.06141109 0.02036429 0.16382438 0.08921281
 [7] 0.04038314 0.07537525 0.13841823 0.12419437
[1] "obj.glm.null$family$variance(mu)[1:10]"
 [1] 0.18736504 0.11500937 0.06141109 0.02036429 0.16382438 0.08921281
 [7] 0.04038314 0.07537525 0.13841823 0.12419437
[1] "mu[1:10]"
 [1] 0.24973022 0.13258929 0.06573175 0.02079679 0.20644315 0.09901722
 [7] 0.04216067 0.08211874 0.16596143 0.14530911
[1] "mu*(1-mu)[1:10]"
 [1] 0.18736504 0.11500937 0.06141109 0.02036429 0.16382438 0.08921281
 [7] 0.04038314 0.07537525 0.13841823 0.12419437
iter from getPCG1ofSigmaAndVector 2
AC  16 
AC  16 
S  -0.2480028 
var1  0.8586143 
var2null  0.8928876 
p_exact  0.2843602 
p_approx  0.2937972 
p_approx_true  0 
9117 th marker in geno  1 
MAC:  11 
G0 0 0 0 0 0 0 0 0 0 0 
CHR  21 
[1] "W[1:10]"
 [1] 0.18736504 0.11500937 0.06141109 0.02036429 0.16382438 0.08921281
 [7] 0.04038314 0.07537525 0.13841823 0.12419437
[1] "mu.eta[1:10]"
 [1] 0.18736504 0.11500937 0.06141109 0.02036429 0.16382438 0.08921281
 [7] 0.04038314 0.07537525 0.13841823 0.12419437
[1] "obj.glm.null$family$variance(mu)[1:10]"
 [1] 0.18736504 0.11500937 0.06141109 0.02036429 0.16382438 0.08921281
 [7] 0.04038314 0.07537525 0.13841823 0.12419437
[1] "mu[1:10]"
 [1] 0.24973022 0.13258929 0.06573175 0.02079679 0.20644315 0.09901722
 [7] 0.04216067 0.08211874 0.16596143 0.14530911
[1] "mu*(1-mu)[1:10]"
 [1] 0.18736504 0.11500937 0.06141109 0.02036429 0.16382438 0.08921281
 [7] 0.04038314 0.07537525 0.13841823 0.12419437
iter from getPCG1ofSigmaAndVector 2
AC  11 
AC  11 
S  -0.2654956 
var1  0.7276821 
var2null  0.7566242 
p_exact  0.3019572 
p_approx  0.3113897 
p_approx_true  0 
4829 th marker in geno  1 
MAC:  11 
G0 0 0 0 0 0 0 0 0 0 0 
CHR  11 
[1] "W[1:10]"
 [1] 0.18736504 0.11500937 0.06141109 0.02036429 0.16382438 0.08921281
 [7] 0.04038314 0.07537525 0.13841823 0.12419437
[1] "mu.eta[1:10]"
 [1] 0.18736504 0.11500937 0.06141109 0.02036429 0.16382438 0.08921281
 [7] 0.04038314 0.07537525 0.13841823 0.12419437
[1] "obj.glm.null$family$variance(mu)[1:10]"
 [1] 0.18736504 0.11500937 0.06141109 0.02036429 0.16382438 0.08921281
 [7] 0.04038314 0.07537525 0.13841823 0.12419437
[1] "mu[1:10]"
 [1] 0.24973022 0.13258929 0.06573175 0.02079679 0.20644315 0.09901722
 [7] 0.04216067 0.08211874 0.16596143 0.14530911
[1] "mu*(1-mu)[1:10]"
 [1] 0.18736504 0.11500937 0.06141109 0.02036429 0.16382438 0.08921281
 [7] 0.04038314 0.07537525 0.13841823 0.12419437
iter from getPCG1ofSigmaAndVector 3
AC  11 
AC  11 
S  -0.152266 
var1  1.076705 
var2null  1.173042 
p_exact  0.6264791 
p_approx  0.6410183 
p_approx_true  0 
5833 th marker in geno  1 
MAC:  12 
G0 0 0 0 0 0 0 0 0 0 0 
CHR  14 
[1] "W[1:10]"
 [1] 0.18736504 0.11500937 0.06141109 0.02036429 0.16382438 0.08921281
 [7] 0.04038314 0.07537525 0.13841823 0.12419437
[1] "mu.eta[1:10]"
 [1] 0.18736504 0.11500937 0.06141109 0.02036429 0.16382438 0.08921281
 [7] 0.04038314 0.07537525 0.13841823 0.12419437
[1] "obj.glm.null$family$variance(mu)[1:10]"
 [1] 0.18736504 0.11500937 0.06141109 0.02036429 0.16382438 0.08921281
 [7] 0.04038314 0.07537525 0.13841823 0.12419437
[1] "mu[1:10]"
 [1] 0.24973022 0.13258929 0.06573175 0.02079679 0.20644315 0.09901722
 [7] 0.04216067 0.08211874 0.16596143 0.14530911
[1] "mu*(1-mu)[1:10]"
 [1] 0.18736504 0.11500937 0.06141109 0.02036429 0.16382438 0.08921281
 [7] 0.04038314 0.07537525 0.13841823 0.12419437
iter from getPCG1ofSigmaAndVector 3
AC  12 
AC  12 
S  -0.1111398 
var1  1.043962 
var2null  1.124314 
p_exact  0.7063177 
p_approx  0.7165363 
p_approx_true  0 
6342 th marker in geno  1 
MAC:  12 
G0 0 0 0 0 0 0 0 0 0 0 
CHR  15 
[1] "W[1:10]"
 [1] 0.18736504 0.11500937 0.06141109 0.02036429 0.16382438 0.08921281
 [7] 0.04038314 0.07537525 0.13841823 0.12419437
[1] "mu.eta[1:10]"
 [1] 0.18736504 0.11500937 0.06141109 0.02036429 0.16382438 0.08921281
 [7] 0.04038314 0.07537525 0.13841823 0.12419437
[1] "obj.glm.null$family$variance(mu)[1:10]"
 [1] 0.18736504 0.11500937 0.06141109 0.02036429 0.16382438 0.08921281
 [7] 0.04038314 0.07537525 0.13841823 0.12419437
[1] "mu[1:10]"
 [1] 0.24973022 0.13258929 0.06573175 0.02079679 0.20644315 0.09901722
 [7] 0.04216067 0.08211874 0.16596143 0.14530911
[1] "mu*(1-mu)[1:10]"
 [1] 0.18736504 0.11500937 0.06141109 0.02036429 0.16382438 0.08921281
 [7] 0.04038314 0.07537525 0.13841823 0.12419437
iter from getPCG1ofSigmaAndVector 2
AC  12 
AC  12 
S  -0.2077078 
var1  0.6324285 
var2null  0.6536311 
p_exact  0.3655878 
p_approx  0.3734802 
p_approx_true  0 
7608 th marker in geno  1 
MAC:  11 
G0 0 0 0 0 0 0 0 0 0 0 
CHR  18 
[1] "W[1:10]"
 [1] 0.18736504 0.11500937 0.06141109 0.02036429 0.16382438 0.08921281
 [7] 0.04038314 0.07537525 0.13841823 0.12419437
[1] "mu.eta[1:10]"
 [1] 0.18736504 0.11500937 0.06141109 0.02036429 0.16382438 0.08921281
 [7] 0.04038314 0.07537525 0.13841823 0.12419437
[1] "obj.glm.null$family$variance(mu)[1:10]"
 [1] 0.18736504 0.11500937 0.06141109 0.02036429 0.16382438 0.08921281
 [7] 0.04038314 0.07537525 0.13841823 0.12419437
[1] "mu[1:10]"
 [1] 0.24973022 0.13258929 0.06573175 0.02079679 0.20644315 0.09901722
 [7] 0.04216067 0.08211874 0.16596143 0.14530911
[1] "mu*(1-mu)[1:10]"
 [1] 0.18736504 0.11500937 0.06141109 0.02036429 0.16382438 0.08921281
 [7] 0.04038314 0.07537525 0.13841823 0.12419437
iter from getPCG1ofSigmaAndVector 2
AC  11 
AC  11 
S  0.06727612 
var1  0.6683241 
var2null  0.6982707 
p_exact  0.784901 
p_approx  0.789453 
p_approx_true  0 
1324 th marker in geno  1 
MAC:  20 
G0 0 0 0 0 0 0 0 0 0 0 
CHR  3 
[1] "W[1:10]"
 [1] 0.18736504 0.11500937 0.06141109 0.02036429 0.16382438 0.08921281
 [7] 0.04038314 0.07537525 0.13841823 0.12419437
[1] "mu.eta[1:10]"
 [1] 0.18736504 0.11500937 0.06141109 0.02036429 0.16382438 0.08921281
 [7] 0.04038314 0.07537525 0.13841823 0.12419437
[1] "obj.glm.null$family$variance(mu)[1:10]"
 [1] 0.18736504 0.11500937 0.06141109 0.02036429 0.16382438 0.08921281
 [7] 0.04038314 0.07537525 0.13841823 0.12419437
[1] "mu[1:10]"
 [1] 0.24973022 0.13258929 0.06573175 0.02079679 0.20644315 0.09901722
 [7] 0.04216067 0.08211874 0.16596143 0.14530911
[1] "mu*(1-mu)[1:10]"
 [1] 0.18736504 0.11500937 0.06141109 0.02036429 0.16382438 0.08921281
 [7] 0.04038314 0.07537525 0.13841823 0.12419437
iter from getPCG1ofSigmaAndVector 3
AC  20 
AC  20 
S  -0.02698423 
var1  1.639498 
var2null  1.746728 
p_exact  0.9249126 
p_approx  0.9272473 
p_approx_true  0 
3906 th marker in geno  1 
MAC:  14 
G0 0 0 0 0 0 0 0 0 0 0 
CHR  9 
[1] "W[1:10]"
 [1] 0.18736504 0.11500937 0.06141109 0.02036429 0.16382438 0.08921281
 [7] 0.04038314 0.07537525 0.13841823 0.12419437
[1] "mu.eta[1:10]"
 [1] 0.18736504 0.11500937 0.06141109 0.02036429 0.16382438 0.08921281
 [7] 0.04038314 0.07537525 0.13841823 0.12419437
[1] "obj.glm.null$family$variance(mu)[1:10]"
 [1] 0.18736504 0.11500937 0.06141109 0.02036429 0.16382438 0.08921281
 [7] 0.04038314 0.07537525 0.13841823 0.12419437
[1] "mu[1:10]"
 [1] 0.24973022 0.13258929 0.06573175 0.02079679 0.20644315 0.09901722
 [7] 0.04216067 0.08211874 0.16596143 0.14530911
[1] "mu*(1-mu)[1:10]"
 [1] 0.18736504 0.11500937 0.06141109 0.02036429 0.16382438 0.08921281
 [7] 0.04038314 0.07537525 0.13841823 0.12419437
iter from getPCG1ofSigmaAndVector 2
AC  14 
AC  14 
S  -0.3199312 
var1  0.9761521 
var2null  1.018214 
p_exact  0.2256627 
p_approx  0.2354968 
p_approx_true  0 
1146 th marker in geno  1 
MAC:  18 
G0 0 0 0 0 0 0 0 0 0 0 
CHR  3 
[1] "W[1:10]"
 [1] 0.18736504 0.11500937 0.06141109 0.02036429 0.16382438 0.08921281
 [7] 0.04038314 0.07537525 0.13841823 0.12419437
[1] "mu.eta[1:10]"
 [1] 0.18736504 0.11500937 0.06141109 0.02036429 0.16382438 0.08921281
 [7] 0.04038314 0.07537525 0.13841823 0.12419437
[1] "obj.glm.null$family$variance(mu)[1:10]"
 [1] 0.18736504 0.11500937 0.06141109 0.02036429 0.16382438 0.08921281
 [7] 0.04038314 0.07537525 0.13841823 0.12419437
[1] "mu[1:10]"
 [1] 0.24973022 0.13258929 0.06573175 0.02079679 0.20644315 0.09901722
 [7] 0.04216067 0.08211874 0.16596143 0.14530911
[1] "mu*(1-mu)[1:10]"
 [1] 0.18736504 0.11500937 0.06141109 0.02036429 0.16382438 0.08921281
 [7] 0.04038314 0.07537525 0.13841823 0.12419437
iter from getPCG1ofSigmaAndVector 3
AC  18 
AC  18 
S  0.07561816 
var1  1.346665 
var2null  1.40981 
p_exact  0.7821946 
p_approx  0.7870079 
p_approx_true  0 
507 th marker in geno  1 
MAC:  16 
G0 0 0 0 0 0 1 0 0 1 1 
CHR  2 
[1] "W[1:10]"
 [1] 0.18736504 0.11500937 0.06141109 0.02036429 0.16382438 0.08921281
 [7] 0.04038314 0.07537525 0.13841823 0.12419437
[1] "mu.eta[1:10]"
 [1] 0.18736504 0.11500937 0.06141109 0.02036429 0.16382438 0.08921281
 [7] 0.04038314 0.07537525 0.13841823 0.12419437
[1] "obj.glm.null$family$variance(mu)[1:10]"
 [1] 0.18736504 0.11500937 0.06141109 0.02036429 0.16382438 0.08921281
 [7] 0.04038314 0.07537525 0.13841823 0.12419437
[1] "mu[1:10]"
 [1] 0.24973022 0.13258929 0.06573175 0.02079679 0.20644315 0.09901722
 [7] 0.04216067 0.08211874 0.16596143 0.14530911
[1] "mu*(1-mu)[1:10]"
 [1] 0.18736504 0.11500937 0.06141109 0.02036429 0.16382438 0.08921281
 [7] 0.04038314 0.07537525 0.13841823 0.12419437
iter from getPCG1ofSigmaAndVector 3
AC  16 
AC  16 
S  0.2235308 
var1  1.566185 
var2null  1.669741 
p_exact  0.4749448 
p_approx  0.4889706 
p_approx_true  0 
4478 th marker in geno  1 
MAC:  17 
G0 0 0 0 0 0 0 0 0 0 0 
CHR  10 
[1] "W[1:10]"
 [1] 0.18736504 0.11500937 0.06141109 0.02036429 0.16382438 0.08921281
 [7] 0.04038314 0.07537525 0.13841823 0.12419437
[1] "mu.eta[1:10]"
 [1] 0.18736504 0.11500937 0.06141109 0.02036429 0.16382438 0.08921281
 [7] 0.04038314 0.07537525 0.13841823 0.12419437
[1] "obj.glm.null$family$variance(mu)[1:10]"
 [1] 0.18736504 0.11500937 0.06141109 0.02036429 0.16382438 0.08921281
 [7] 0.04038314 0.07537525 0.13841823 0.12419437
[1] "mu[1:10]"
 [1] 0.24973022 0.13258929 0.06573175 0.02079679 0.20644315 0.09901722
 [7] 0.04216067 0.08211874 0.16596143 0.14530911
[1] "mu*(1-mu)[1:10]"
 [1] 0.18736504 0.11500937 0.06141109 0.02036429 0.16382438 0.08921281
 [7] 0.04038314 0.07537525 0.13841823 0.12419437
iter from getPCG1ofSigmaAndVector 2
AC  17 
AC  17 
S  0.3824354 
var1  1.112781 
var2null  1.170324 
p_exact  0.1349715 
p_approx  0.144959 
p_approx_true  0 
6454 th marker in geno  1 
MAC:  20 
G0 0 0 0 0 0 0 0 0 0 0 
CHR  15 
[1] "W[1:10]"
 [1] 0.18736504 0.11500937 0.06141109 0.02036429 0.16382438 0.08921281
 [7] 0.04038314 0.07537525 0.13841823 0.12419437
[1] "mu.eta[1:10]"
 [1] 0.18736504 0.11500937 0.06141109 0.02036429 0.16382438 0.08921281
 [7] 0.04038314 0.07537525 0.13841823 0.12419437
[1] "obj.glm.null$family$variance(mu)[1:10]"
 [1] 0.18736504 0.11500937 0.06141109 0.02036429 0.16382438 0.08921281
 [7] 0.04038314 0.07537525 0.13841823 0.12419437
[1] "mu[1:10]"
 [1] 0.24973022 0.13258929 0.06573175 0.02079679 0.20644315 0.09901722
 [7] 0.04216067 0.08211874 0.16596143 0.14530911
[1] "mu*(1-mu)[1:10]"
 [1] 0.18736504 0.11500937 0.06141109 0.02036429 0.16382438 0.08921281
 [7] 0.04038314 0.07537525 0.13841823 0.12419437
iter from getPCG1ofSigmaAndVector 3
AC  20 
AC  20 
S  0.06744575 
var1  1.402648 
var2null  1.466929 
p_exact  0.7989701 
p_approx  0.8033316 
p_approx_true  0 
605 th marker in geno  1 
MAC:  16 
G0 0 0 0 0 0 0 0 0 0 0 
CHR  2 
[1] "W[1:10]"
 [1] 0.18736504 0.11500937 0.06141109 0.02036429 0.16382438 0.08921281
 [7] 0.04038314 0.07537525 0.13841823 0.12419437
[1] "mu.eta[1:10]"
 [1] 0.18736504 0.11500937 0.06141109 0.02036429 0.16382438 0.08921281
 [7] 0.04038314 0.07537525 0.13841823 0.12419437
[1] "obj.glm.null$family$variance(mu)[1:10]"
 [1] 0.18736504 0.11500937 0.06141109 0.02036429 0.16382438 0.08921281
 [7] 0.04038314 0.07537525 0.13841823 0.12419437
[1] "mu[1:10]"
 [1] 0.24973022 0.13258929 0.06573175 0.02079679 0.20644315 0.09901722
 [7] 0.04216067 0.08211874 0.16596143 0.14530911
[1] "mu*(1-mu)[1:10]"
 [1] 0.18736504 0.11500937 0.06141109 0.02036429 0.16382438 0.08921281
 [7] 0.04038314 0.07537525 0.13841823 0.12419437
iter from getPCG1ofSigmaAndVector 3
AC  16 
AC  16 
S  -0.1414311 
var1  1.192844 
var2null  1.290707 
p_exact  0.6044722 
p_approx  0.6185151 
p_approx_true  0 
5574 th marker in geno  1 
MAC:  15 
G0 0 0 0 0 0 0 0 0 0 0 
CHR  13 
[1] "W[1:10]"
 [1] 0.18736504 0.11500937 0.06141109 0.02036429 0.16382438 0.08921281
 [7] 0.04038314 0.07537525 0.13841823 0.12419437
[1] "mu.eta[1:10]"
 [1] 0.18736504 0.11500937 0.06141109 0.02036429 0.16382438 0.08921281
 [7] 0.04038314 0.07537525 0.13841823 0.12419437
[1] "obj.glm.null$family$variance(mu)[1:10]"
 [1] 0.18736504 0.11500937 0.06141109 0.02036429 0.16382438 0.08921281
 [7] 0.04038314 0.07537525 0.13841823 0.12419437
[1] "mu[1:10]"
 [1] 0.24973022 0.13258929 0.06573175 0.02079679 0.20644315 0.09901722
 [7] 0.04216067 0.08211874 0.16596143 0.14530911
[1] "mu*(1-mu)[1:10]"
 [1] 0.18736504 0.11500937 0.06141109 0.02036429 0.16382438 0.08921281
 [7] 0.04038314 0.07537525 0.13841823 0.12419437
iter from getPCG1ofSigmaAndVector 3
AC  15 
AC  15 
S  0.2855115 
var1  1.345931 
var2null  1.431821 
p_exact  0.3405179 
p_approx  0.3554277 
p_approx_true  0 
6539 th marker in geno  1 
MAC:  14 
G0 0 0 0 0 0 1 0 0 0 1 
CHR  15 
[1] "W[1:10]"
 [1] 0.18736504 0.11500937 0.06141109 0.02036429 0.16382438 0.08921281
 [7] 0.04038314 0.07537525 0.13841823 0.12419437
[1] "mu.eta[1:10]"
 [1] 0.18736504 0.11500937 0.06141109 0.02036429 0.16382438 0.08921281
 [7] 0.04038314 0.07537525 0.13841823 0.12419437
[1] "obj.glm.null$family$variance(mu)[1:10]"
 [1] 0.18736504 0.11500937 0.06141109 0.02036429 0.16382438 0.08921281
 [7] 0.04038314 0.07537525 0.13841823 0.12419437
[1] "mu[1:10]"
 [1] 0.24973022 0.13258929 0.06573175 0.02079679 0.20644315 0.09901722
 [7] 0.04216067 0.08211874 0.16596143 0.14530911
[1] "mu*(1-mu)[1:10]"
 [1] 0.18736504 0.11500937 0.06141109 0.02036429 0.16382438 0.08921281
 [7] 0.04038314 0.07537525 0.13841823 0.12419437
iter from getPCG1ofSigmaAndVector 2
AC  14 
AC  14 
S  -0.4683415 
var1  1.372229 
var2null  1.4526 
p_exact  0.13467 
p_approx  0.1459563 
p_approx_true  0 
5153 th marker in geno  1 
MAC:  18 
G0 0 0 0 0 0 0 0 0 0 0 
CHR  12 
[1] "W[1:10]"
 [1] 0.18736504 0.11500937 0.06141109 0.02036429 0.16382438 0.08921281
 [7] 0.04038314 0.07537525 0.13841823 0.12419437
[1] "mu.eta[1:10]"
 [1] 0.18736504 0.11500937 0.06141109 0.02036429 0.16382438 0.08921281
 [7] 0.04038314 0.07537525 0.13841823 0.12419437
[1] "obj.glm.null$family$variance(mu)[1:10]"
 [1] 0.18736504 0.11500937 0.06141109 0.02036429 0.16382438 0.08921281
 [7] 0.04038314 0.07537525 0.13841823 0.12419437
[1] "mu[1:10]"
 [1] 0.24973022 0.13258929 0.06573175 0.02079679 0.20644315 0.09901722
 [7] 0.04216067 0.08211874 0.16596143 0.14530911
[1] "mu*(1-mu)[1:10]"
 [1] 0.18736504 0.11500937 0.06141109 0.02036429 0.16382438 0.08921281
 [7] 0.04038314 0.07537525 0.13841823 0.12419437
iter from getPCG1ofSigmaAndVector 3
AC  18 
AC  18 
S  0.2825016 
var1  1.429177 
var2null  1.51251 
p_exact  0.3160689 
p_approx  0.3297791 
p_approx_true  0 
9416 th marker in geno  1 
MAC:  12 
G0 0 0 0 0 0 0 0 0 0 0 
CHR  22 
[1] "W[1:10]"
 [1] 0.18736504 0.11500937 0.06141109 0.02036429 0.16382438 0.08921281
 [7] 0.04038314 0.07537525 0.13841823 0.12419437
[1] "mu.eta[1:10]"
 [1] 0.18736504 0.11500937 0.06141109 0.02036429 0.16382438 0.08921281
 [7] 0.04038314 0.07537525 0.13841823 0.12419437
[1] "obj.glm.null$family$variance(mu)[1:10]"
 [1] 0.18736504 0.11500937 0.06141109 0.02036429 0.16382438 0.08921281
 [7] 0.04038314 0.07537525 0.13841823 0.12419437
[1] "mu[1:10]"
 [1] 0.24973022 0.13258929 0.06573175 0.02079679 0.20644315 0.09901722
 [7] 0.04216067 0.08211874 0.16596143 0.14530911
[1] "mu*(1-mu)[1:10]"
 [1] 0.18736504 0.11500937 0.06141109 0.02036429 0.16382438 0.08921281
 [7] 0.04038314 0.07537525 0.13841823 0.12419437
iter from getPCG1ofSigmaAndVector 3
AC  12 
AC  12 
S  -0.04692322 
var1  0.9105784 
var2null  0.9616878 
p_exact  0.8647418 
p_approx  0.8683513 
p_approx_true  0 
4859 th marker in geno  1 
MAC:  13 
G0 0 0 0 0 0 0 0 0 0 0 
CHR  11 
[1] "W[1:10]"
 [1] 0.18736504 0.11500937 0.06141109 0.02036429 0.16382438 0.08921281
 [7] 0.04038314 0.07537525 0.13841823 0.12419437
[1] "mu.eta[1:10]"
 [1] 0.18736504 0.11500937 0.06141109 0.02036429 0.16382438 0.08921281
 [7] 0.04038314 0.07537525 0.13841823 0.12419437
[1] "obj.glm.null$family$variance(mu)[1:10]"
 [1] 0.18736504 0.11500937 0.06141109 0.02036429 0.16382438 0.08921281
 [7] 0.04038314 0.07537525 0.13841823 0.12419437
[1] "mu[1:10]"
 [1] 0.24973022 0.13258929 0.06573175 0.02079679 0.20644315 0.09901722
 [7] 0.04216067 0.08211874 0.16596143 0.14530911
[1] "mu*(1-mu)[1:10]"
 [1] 0.18736504 0.11500937 0.06141109 0.02036429 0.16382438 0.08921281
 [7] 0.04038314 0.07537525 0.13841823 0.12419437
iter from getPCG1ofSigmaAndVector 2
AC  13 
AC  13 
S  0.2871185 
var1  0.8219392 
var2null  0.8560443 
p_exact  0.2535121 
p_approx  0.26319 
p_approx_true  0 
6365 th marker in geno  1 
MAC:  20 
G0 0 0 0 0 0 0 0 0 0 0 
CHR  15 
[1] "W[1:10]"
 [1] 0.18736504 0.11500937 0.06141109 0.02036429 0.16382438 0.08921281
 [7] 0.04038314 0.07537525 0.13841823 0.12419437
[1] "mu.eta[1:10]"
 [1] 0.18736504 0.11500937 0.06141109 0.02036429 0.16382438 0.08921281
 [7] 0.04038314 0.07537525 0.13841823 0.12419437
[1] "obj.glm.null$family$variance(mu)[1:10]"
 [1] 0.18736504 0.11500937 0.06141109 0.02036429 0.16382438 0.08921281
 [7] 0.04038314 0.07537525 0.13841823 0.12419437
[1] "mu[1:10]"
 [1] 0.24973022 0.13258929 0.06573175 0.02079679 0.20644315 0.09901722
 [7] 0.04216067 0.08211874 0.16596143 0.14530911
[1] "mu*(1-mu)[1:10]"
 [1] 0.18736504 0.11500937 0.06141109 0.02036429 0.16382438 0.08921281
 [7] 0.04038314 0.07537525 0.13841823 0.12419437
iter from getPCG1ofSigmaAndVector 3
AC  20 
AC  20 
S  -0.3871798 
var1  1.814951 
var2null  1.955792 
p_exact  0.1986971 
p_approx  0.2156678 
p_approx_true  0 
7251 th marker in geno  1 
MAC:  13 
G0 0 0 0 0 0 0 0 0 0 0 
CHR  17 
[1] "W[1:10]"
 [1] 0.18736504 0.11500937 0.06141109 0.02036429 0.16382438 0.08921281
 [7] 0.04038314 0.07537525 0.13841823 0.12419437
[1] "mu.eta[1:10]"
 [1] 0.18736504 0.11500937 0.06141109 0.02036429 0.16382438 0.08921281
 [7] 0.04038314 0.07537525 0.13841823 0.12419437
[1] "obj.glm.null$family$variance(mu)[1:10]"
 [1] 0.18736504 0.11500937 0.06141109 0.02036429 0.16382438 0.08921281
 [7] 0.04038314 0.07537525 0.13841823 0.12419437
[1] "mu[1:10]"
 [1] 0.24973022 0.13258929 0.06573175 0.02079679 0.20644315 0.09901722
 [7] 0.04216067 0.08211874 0.16596143 0.14530911
[1] "mu*(1-mu)[1:10]"
 [1] 0.18736504 0.11500937 0.06141109 0.02036429 0.16382438 0.08921281
 [7] 0.04038314 0.07537525 0.13841823 0.12419437
iter from getPCG1ofSigmaAndVector 2
AC  13 
AC  13 
S  -0.001253315 
var1  0.8512158 
var2null  0.891715 
p_exact  0.996092 
p_approx  0.9961818 
p_approx_true  0.02798514 
3071 th marker in geno  1 
MAC:  14 
G0 0 0 0 0 0 0 0 0 0 0 
CHR  7 
[1] "W[1:10]"
 [1] 0.18736504 0.11500937 0.06141109 0.02036429 0.16382438 0.08921281
 [7] 0.04038314 0.07537525 0.13841823 0.12419437
[1] "mu.eta[1:10]"
 [1] 0.18736504 0.11500937 0.06141109 0.02036429 0.16382438 0.08921281
 [7] 0.04038314 0.07537525 0.13841823 0.12419437
[1] "obj.glm.null$family$variance(mu)[1:10]"
 [1] 0.18736504 0.11500937 0.06141109 0.02036429 0.16382438 0.08921281
 [7] 0.04038314 0.07537525 0.13841823 0.12419437
[1] "mu[1:10]"
 [1] 0.24973022 0.13258929 0.06573175 0.02079679 0.20644315 0.09901722
 [7] 0.04216067 0.08211874 0.16596143 0.14530911
[1] "mu*(1-mu)[1:10]"
 [1] 0.18736504 0.11500937 0.06141109 0.02036429 0.16382438 0.08921281
 [7] 0.04038314 0.07537525 0.13841823 0.12419437
iter from getPCG1ofSigmaAndVector 2
AC  14 
AC  14 
S  0.2083031 
var1  0.9778862 
var2null  1.026719 
p_exact  0.4306019 
p_approx  0.4417802 
p_approx_true  0 
2727 th marker in geno  1 
MAC:  19 
G0 0 0 0 0 0 0 0 0 0 0 
CHR  7 
[1] "W[1:10]"
 [1] 0.18736504 0.11500937 0.06141109 0.02036429 0.16382438 0.08921281
 [7] 0.04038314 0.07537525 0.13841823 0.12419437
[1] "mu.eta[1:10]"
 [1] 0.18736504 0.11500937 0.06141109 0.02036429 0.16382438 0.08921281
 [7] 0.04038314 0.07537525 0.13841823 0.12419437
[1] "obj.glm.null$family$variance(mu)[1:10]"
 [1] 0.18736504 0.11500937 0.06141109 0.02036429 0.16382438 0.08921281
 [7] 0.04038314 0.07537525 0.13841823 0.12419437
[1] "mu[1:10]"
 [1] 0.24973022 0.13258929 0.06573175 0.02079679 0.20644315 0.09901722
 [7] 0.04216067 0.08211874 0.16596143 0.14530911
[1] "mu*(1-mu)[1:10]"
 [1] 0.18736504 0.11500937 0.06141109 0.02036429 0.16382438 0.08921281
 [7] 0.04038314 0.07537525 0.13841823 0.12419437
iter from getPCG1ofSigmaAndVector 3
AC  19 
AC  19 
S  0.399164 
var1  1.62757 
var2null  1.73443 
p_exact  0.172623 
p_approx  0.1864537 
p_approx_true  0 
[1] "varRatio_NULL_vec"
 [1] 0.9669913 0.9669913 0.9339858 0.9339858 0.9528566 0.9528566 0.9321964
 [8] 0.9321964 0.9678757 0.9678757 0.9443479 0.9443479 0.9477484 0.9477484
[15] 0.9538250 0.9538250 0.9616151 0.9616151 0.9617484 0.9617484 0.9178743
[22] 0.9178743 0.9285325 0.9285325 0.9675618 0.9675618 0.9571132 0.9571132
[29] 0.9386106 0.9386106 0.9586901 0.9586901 0.9552105 0.9552105 0.9379806
[36] 0.9379806 0.9508318 0.9508318 0.9561801 0.9561801 0.9241783 0.9241783
[43] 0.9400136 0.9400136 0.9446711 0.9446711 0.9449038 0.9449038 0.9468545
[50] 0.9468545 0.9601597 0.9601597 0.9279876 0.9279876 0.9545828 0.9545828
[57] 0.9524382 0.9524382 0.9383893 0.9383893
CV for variance ratio estimate using  30  markers is  0.000233073  <  0.001 
varRatio_sparse 1 
varRatio_null 0.9475318 
6347 th marker in geno  1 
MAC:  107 
G0 0 0 0 0 0 0 0 0 0 0 
CHR  15 
[1] "W[1:10]"
 [1] 0.18736504 0.11500937 0.06141109 0.02036429 0.16382438 0.08921281
 [7] 0.04038314 0.07537525 0.13841823 0.12419437
[1] "mu.eta[1:10]"
 [1] 0.18736504 0.11500937 0.06141109 0.02036429 0.16382438 0.08921281
 [7] 0.04038314 0.07537525 0.13841823 0.12419437
[1] "obj.glm.null$family$variance(mu)[1:10]"
 [1] 0.18736504 0.11500937 0.06141109 0.02036429 0.16382438 0.08921281
 [7] 0.04038314 0.07537525 0.13841823 0.12419437
[1] "mu[1:10]"
 [1] 0.24973022 0.13258929 0.06573175 0.02079679 0.20644315 0.09901722
 [7] 0.04216067 0.08211874 0.16596143 0.14530911
[1] "mu*(1-mu)[1:10]"
 [1] 0.18736504 0.11500937 0.06141109 0.02036429 0.16382438 0.08921281
 [7] 0.04038314 0.07537525 0.13841823 0.12419437
iter from getPCG1ofSigmaAndVector 3
AC  107 
AC  107 
S  0.234274 
var1  7.716347 
var2null  8.181648 
p_exact  0.3829963 
p_approx  0.3968732 
p_approx_true  0 
1924 th marker in geno  1 
MAC:  175 
G0 0 1 0 0 1 0 0 1 0 0 
CHR  5 
[1] "W[1:10]"
 [1] 0.18736504 0.11500937 0.06141109 0.02036429 0.16382438 0.08921281
 [7] 0.04038314 0.07537525 0.13841823 0.12419437
[1] "mu.eta[1:10]"
 [1] 0.18736504 0.11500937 0.06141109 0.02036429 0.16382438 0.08921281
 [7] 0.04038314 0.07537525 0.13841823 0.12419437
[1] "obj.glm.null$family$variance(mu)[1:10]"
 [1] 0.18736504 0.11500937 0.06141109 0.02036429 0.16382438 0.08921281
 [7] 0.04038314 0.07537525 0.13841823 0.12419437
[1] "mu[1:10]"
 [1] 0.24973022 0.13258929 0.06573175 0.02079679 0.20644315 0.09901722
 [7] 0.04216067 0.08211874 0.16596143 0.14530911
[1] "mu*(1-mu)[1:10]"
 [1] 0.18736504 0.11500937 0.06141109 0.02036429 0.16382438 0.08921281
 [7] 0.04038314 0.07537525 0.13841823 0.12419437
iter from getPCG1ofSigmaAndVector 3
AC  175 
AC  175 
S  0.3244887 
var1  11.50966 
var2null  12.18588 
p_exact  0.2057702 
p_approx  0.218819 
p_approx_true  0 
3854 th marker in geno  1 
MAC:  201 
G0 0 0 0 0 0 0 0 0 0 0 
CHR  9 
[1] "W[1:10]"
 [1] 0.18736504 0.11500937 0.06141109 0.02036429 0.16382438 0.08921281
 [7] 0.04038314 0.07537525 0.13841823 0.12419437
[1] "mu.eta[1:10]"
 [1] 0.18736504 0.11500937 0.06141109 0.02036429 0.16382438 0.08921281
 [7] 0.04038314 0.07537525 0.13841823 0.12419437
[1] "obj.glm.null$family$variance(mu)[1:10]"
 [1] 0.18736504 0.11500937 0.06141109 0.02036429 0.16382438 0.08921281
 [7] 0.04038314 0.07537525 0.13841823 0.12419437
[1] "mu[1:10]"
 [1] 0.24973022 0.13258929 0.06573175 0.02079679 0.20644315 0.09901722
 [7] 0.04216067 0.08211874 0.16596143 0.14530911
[1] "mu*(1-mu)[1:10]"
 [1] 0.18736504 0.11500937 0.06141109 0.02036429 0.16382438 0.08921281
 [7] 0.04038314 0.07537525 0.13841823 0.12419437
iter from getPCG1ofSigmaAndVector 3
AC  201 
AC  201 
S  0.1789463 
var1  13.50466 
var2null  14.29353 
p_exact  0.4899644 
p_approx  0.5021924 
p_approx_true  0 
3140 th marker in geno  1 
MAC:  57 
G0 0 0 0 0 0 0 0 0 0 0 
CHR  7 
[1] "W[1:10]"
 [1] 0.18736504 0.11500937 0.06141109 0.02036429 0.16382438 0.08921281
 [7] 0.04038314 0.07537525 0.13841823 0.12419437
[1] "mu.eta[1:10]"
 [1] 0.18736504 0.11500937 0.06141109 0.02036429 0.16382438 0.08921281
 [7] 0.04038314 0.07537525 0.13841823 0.12419437
[1] "obj.glm.null$family$variance(mu)[1:10]"
 [1] 0.18736504 0.11500937 0.06141109 0.02036429 0.16382438 0.08921281
 [7] 0.04038314 0.07537525 0.13841823 0.12419437
[1] "mu[1:10]"
 [1] 0.24973022 0.13258929 0.06573175 0.02079679 0.20644315 0.09901722
 [7] 0.04216067 0.08211874 0.16596143 0.14530911
[1] "mu*(1-mu)[1:10]"
 [1] 0.18736504 0.11500937 0.06141109 0.02036429 0.16382438 0.08921281
 [7] 0.04038314 0.07537525 0.13841823 0.12419437
iter from getPCG1ofSigmaAndVector 3
AC  57 
AC  57 
S  -0.4003999 
var1  3.889112 
var2null  4.115168 
p_exact  0.1253072 
p_approx  0.136178 
p_approx_true  0 
4041 th marker in geno  1 
MAC:  21 
G0 0 0 0 0 0 0 0 0 0 0 
CHR  9 
[1] "W[1:10]"
 [1] 0.18736504 0.11500937 0.06141109 0.02036429 0.16382438 0.08921281
 [7] 0.04038314 0.07537525 0.13841823 0.12419437
[1] "mu.eta[1:10]"
 [1] 0.18736504 0.11500937 0.06141109 0.02036429 0.16382438 0.08921281
 [7] 0.04038314 0.07537525 0.13841823 0.12419437
[1] "obj.glm.null$family$variance(mu)[1:10]"
 [1] 0.18736504 0.11500937 0.06141109 0.02036429 0.16382438 0.08921281
 [7] 0.04038314 0.07537525 0.13841823 0.12419437
[1] "mu[1:10]"
 [1] 0.24973022 0.13258929 0.06573175 0.02079679 0.20644315 0.09901722
 [7] 0.04216067 0.08211874 0.16596143 0.14530911
[1] "mu*(1-mu)[1:10]"
 [1] 0.18736504 0.11500937 0.06141109 0.02036429 0.16382438 0.08921281
 [7] 0.04038314 0.07537525 0.13841823 0.12419437
iter from getPCG1ofSigmaAndVector 3
AC  21 
AC  21 
S  0.06824965 
var1  1.878079 
var2null  2.052165 
p_exact  0.8194754 
p_approx  0.8271757 
p_approx_true  0 
3779 th marker in geno  1 
MAC:  26 
G0 0 0 0 0 0 0 0 0 0 0 
CHR  9 
[1] "W[1:10]"
 [1] 0.18736504 0.11500937 0.06141109 0.02036429 0.16382438 0.08921281
 [7] 0.04038314 0.07537525 0.13841823 0.12419437
[1] "mu.eta[1:10]"
 [1] 0.18736504 0.11500937 0.06141109 0.02036429 0.16382438 0.08921281
 [7] 0.04038314 0.07537525 0.13841823 0.12419437
[1] "obj.glm.null$family$variance(mu)[1:10]"
 [1] 0.18736504 0.11500937 0.06141109 0.02036429 0.16382438 0.08921281
 [7] 0.04038314 0.07537525 0.13841823 0.12419437
[1] "mu[1:10]"
 [1] 0.24973022 0.13258929 0.06573175 0.02079679 0.20644315 0.09901722
 [7] 0.04216067 0.08211874 0.16596143 0.14530911
[1] "mu*(1-mu)[1:10]"
 [1] 0.18736504 0.11500937 0.06141109 0.02036429 0.16382438 0.08921281
 [7] 0.04038314 0.07537525 0.13841823 0.12419437
iter from getPCG1ofSigmaAndVector 3
AC  26 
AC  26 
S  -0.053302 
var1  1.930851 
var2null  2.029036 
p_exact  0.8449279 
p_approx  0.8486799 
p_approx_true  0 
8009 th marker in geno  1 
MAC:  127 
G0 0 1 1 0 0 0 0 1 0 0 
CHR  19 
[1] "W[1:10]"
 [1] 0.18736504 0.11500937 0.06141109 0.02036429 0.16382438 0.08921281
 [7] 0.04038314 0.07537525 0.13841823 0.12419437
[1] "mu.eta[1:10]"
 [1] 0.18736504 0.11500937 0.06141109 0.02036429 0.16382438 0.08921281
 [7] 0.04038314 0.07537525 0.13841823 0.12419437
[1] "obj.glm.null$family$variance(mu)[1:10]"
 [1] 0.18736504 0.11500937 0.06141109 0.02036429 0.16382438 0.08921281
 [7] 0.04038314 0.07537525 0.13841823 0.12419437
[1] "mu[1:10]"
 [1] 0.24973022 0.13258929 0.06573175 0.02079679 0.20644315 0.09901722
 [7] 0.04216067 0.08211874 0.16596143 0.14530911
[1] "mu*(1-mu)[1:10]"
 [1] 0.18736504 0.11500937 0.06141109 0.02036429 0.16382438 0.08921281
 [7] 0.04038314 0.07537525 0.13841823 0.12419437
iter from getPCG1ofSigmaAndVector 3
AC  127 
AC  127 
S  -0.2078541 
var1  8.887826 
var2null  9.371294 
p_exact  0.4320371 
p_approx  0.4441676 
p_approx_true  0 
2716 th marker in geno  1 
MAC:  28 
G0 0 0 0 0 0 0 0 0 0 0 
CHR  7 
[1] "W[1:10]"
 [1] 0.18736504 0.11500937 0.06141109 0.02036429 0.16382438 0.08921281
 [7] 0.04038314 0.07537525 0.13841823 0.12419437
[1] "mu.eta[1:10]"
 [1] 0.18736504 0.11500937 0.06141109 0.02036429 0.16382438 0.08921281
 [7] 0.04038314 0.07537525 0.13841823 0.12419437
[1] "obj.glm.null$family$variance(mu)[1:10]"
 [1] 0.18736504 0.11500937 0.06141109 0.02036429 0.16382438 0.08921281
 [7] 0.04038314 0.07537525 0.13841823 0.12419437
[1] "mu[1:10]"
 [1] 0.24973022 0.13258929 0.06573175 0.02079679 0.20644315 0.09901722
 [7] 0.04216067 0.08211874 0.16596143 0.14530911
[1] "mu*(1-mu)[1:10]"
 [1] 0.18736504 0.11500937 0.06141109 0.02036429 0.16382438 0.08921281
 [7] 0.04038314 0.07537525 0.13841823 0.12419437
iter from getPCG1ofSigmaAndVector 3
AC  28 
AC  28 
S  0.1529576 
var1  2.21074 
var2null  2.389808 
p_exact  0.5861981 
p_approx  0.6005829 
p_approx_true  0 
3034 th marker in geno  1 
MAC:  812 
G0 1 1 1 1 1 2 1 1 2 2 
CHR  7 
[1] "W[1:10]"
 [1] 0.18736504 0.11500937 0.06141109 0.02036429 0.16382438 0.08921281
 [7] 0.04038314 0.07537525 0.13841823 0.12419437
[1] "mu.eta[1:10]"
 [1] 0.18736504 0.11500937 0.06141109 0.02036429 0.16382438 0.08921281
 [7] 0.04038314 0.07537525 0.13841823 0.12419437
[1] "obj.glm.null$family$variance(mu)[1:10]"
 [1] 0.18736504 0.11500937 0.06141109 0.02036429 0.16382438 0.08921281
 [7] 0.04038314 0.07537525 0.13841823 0.12419437
[1] "mu[1:10]"
 [1] 0.24973022 0.13258929 0.06573175 0.02079679 0.20644315 0.09901722
 [7] 0.04216067 0.08211874 0.16596143 0.14530911
[1] "mu*(1-mu)[1:10]"
 [1] 0.18736504 0.11500937 0.06141109 0.02036429 0.16382438 0.08921281
 [7] 0.04038314 0.07537525 0.13841823 0.12419437
iter from getPCG1ofSigmaAndVector 3
AC  812 
AC  812 
S  0.4637423 
var1  36.92132 
var2null  39.18988 
p_exact  0.02964633 
p_approx  0.03478089 
p_approx_true  0 
3464 th marker in geno  1 
MAC:  29 
G0 0 1 1 1 0 0 0 0 0 0 
CHR  8 
[1] "W[1:10]"
 [1] 0.18736504 0.11500937 0.06141109 0.02036429 0.16382438 0.08921281
 [7] 0.04038314 0.07537525 0.13841823 0.12419437
[1] "mu.eta[1:10]"
 [1] 0.18736504 0.11500937 0.06141109 0.02036429 0.16382438 0.08921281
 [7] 0.04038314 0.07537525 0.13841823 0.12419437
[1] "obj.glm.null$family$variance(mu)[1:10]"
 [1] 0.18736504 0.11500937 0.06141109 0.02036429 0.16382438 0.08921281
 [7] 0.04038314 0.07537525 0.13841823 0.12419437
[1] "mu[1:10]"
 [1] 0.24973022 0.13258929 0.06573175 0.02079679 0.20644315 0.09901722
 [7] 0.04216067 0.08211874 0.16596143 0.14530911
[1] "mu*(1-mu)[1:10]"
 [1] 0.18736504 0.11500937 0.06141109 0.02036429 0.16382438 0.08921281
 [7] 0.04038314 0.07537525 0.13841823 0.12419437
iter from getPCG1ofSigmaAndVector 3
AC  29 
AC  29 
S  -0.09090056 
var1  2.011461 
var2null  2.116809 
p_exact  0.7299805 
p_approx  0.7365291 
p_approx_true  0 
6270 th marker in geno  1 
MAC:  61 
G0 0 0 0 0 0 0 0 0 0 0 
CHR  15 
[1] "W[1:10]"
 [1] 0.18736504 0.11500937 0.06141109 0.02036429 0.16382438 0.08921281
 [7] 0.04038314 0.07537525 0.13841823 0.12419437
[1] "mu.eta[1:10]"
 [1] 0.18736504 0.11500937 0.06141109 0.02036429 0.16382438 0.08921281
 [7] 0.04038314 0.07537525 0.13841823 0.12419437
[1] "obj.glm.null$family$variance(mu)[1:10]"
 [1] 0.18736504 0.11500937 0.06141109 0.02036429 0.16382438 0.08921281
 [7] 0.04038314 0.07537525 0.13841823 0.12419437
[1] "mu[1:10]"
 [1] 0.24973022 0.13258929 0.06573175 0.02079679 0.20644315 0.09901722
 [7] 0.04216067 0.08211874 0.16596143 0.14530911
[1] "mu*(1-mu)[1:10]"
 [1] 0.18736504 0.11500937 0.06141109 0.02036429 0.16382438 0.08921281
 [7] 0.04038314 0.07537525 0.13841823 0.12419437
iter from getPCG1ofSigmaAndVector 3
AC  61 
AC  61 
S  0.3912506 
var1  3.79638 
var2null  4.000828 
p_exact  0.1168061 
p_approx  0.126581 
p_approx_true  0 
1765 th marker in geno  1 
MAC:  120 
G0 0 0 0 0 0 0 0 0 0 0 
CHR  4 
[1] "W[1:10]"
 [1] 0.18736504 0.11500937 0.06141109 0.02036429 0.16382438 0.08921281
 [7] 0.04038314 0.07537525 0.13841823 0.12419437
[1] "mu.eta[1:10]"
 [1] 0.18736504 0.11500937 0.06141109 0.02036429 0.16382438 0.08921281
 [7] 0.04038314 0.07537525 0.13841823 0.12419437
[1] "obj.glm.null$family$variance(mu)[1:10]"
 [1] 0.18736504 0.11500937 0.06141109 0.02036429 0.16382438 0.08921281
 [7] 0.04038314 0.07537525 0.13841823 0.12419437
[1] "mu[1:10]"
 [1] 0.24973022 0.13258929 0.06573175 0.02079679 0.20644315 0.09901722
 [7] 0.04216067 0.08211874 0.16596143 0.14530911
[1] "mu*(1-mu)[1:10]"
 [1] 0.18736504 0.11500937 0.06141109 0.02036429 0.16382438 0.08921281
 [7] 0.04038314 0.07537525 0.13841823 0.12419437
iter from getPCG1ofSigmaAndVector 3
AC  120 
AC  120 
S  0.002771779 
var1  8.556992 
var2null  9.073372 
p_exact  0.9917183 
p_approx  0.9919574 
p_approx_true  3.676868e-06 
4677 th marker in geno  1 
MAC:  93 
G0 0 0 0 0 0 0 0 0 0 0 
CHR  11 
[1] "W[1:10]"
 [1] 0.18736504 0.11500937 0.06141109 0.02036429 0.16382438 0.08921281
 [7] 0.04038314 0.07537525 0.13841823 0.12419437
[1] "mu.eta[1:10]"
 [1] 0.18736504 0.11500937 0.06141109 0.02036429 0.16382438 0.08921281
 [7] 0.04038314 0.07537525 0.13841823 0.12419437
[1] "obj.glm.null$family$variance(mu)[1:10]"
 [1] 0.18736504 0.11500937 0.06141109 0.02036429 0.16382438 0.08921281
 [7] 0.04038314 0.07537525 0.13841823 0.12419437
[1] "mu[1:10]"
 [1] 0.24973022 0.13258929 0.06573175 0.02079679 0.20644315 0.09901722
 [7] 0.04216067 0.08211874 0.16596143 0.14530911
[1] "mu*(1-mu)[1:10]"
 [1] 0.18736504 0.11500937 0.06141109 0.02036429 0.16382438 0.08921281
 [7] 0.04038314 0.07537525 0.13841823 0.12419437
iter from getPCG1ofSigmaAndVector 3
AC  93 
AC  93 
S  -0.4466185 
var1  6.662402 
var2null  7.069222 
p_exact  0.09518866 
p_approx  0.1052504 
p_approx_true  0 
3298 th marker in geno  1 
MAC:  224 
G0 1 0 0 1 1 0 1 0 1 0 
CHR  8 
[1] "W[1:10]"
 [1] 0.18736504 0.11500937 0.06141109 0.02036429 0.16382438 0.08921281
 [7] 0.04038314 0.07537525 0.13841823 0.12419437
[1] "mu.eta[1:10]"
 [1] 0.18736504 0.11500937 0.06141109 0.02036429 0.16382438 0.08921281
 [7] 0.04038314 0.07537525 0.13841823 0.12419437
[1] "obj.glm.null$family$variance(mu)[1:10]"
 [1] 0.18736504 0.11500937 0.06141109 0.02036429 0.16382438 0.08921281
 [7] 0.04038314 0.07537525 0.13841823 0.12419437
[1] "mu[1:10]"
 [1] 0.24973022 0.13258929 0.06573175 0.02079679 0.20644315 0.09901722
 [7] 0.04216067 0.08211874 0.16596143 0.14530911
[1] "mu*(1-mu)[1:10]"
 [1] 0.18736504 0.11500937 0.06141109 0.02036429 0.16382438 0.08921281
 [7] 0.04038314 0.07537525 0.13841823 0.12419437
iter from getPCG1ofSigmaAndVector 3
AC  224 
AC  224 
S  -0.3778889 
var1  15.27229 
var2null  16.19893 
p_exact  0.1478339 
p_approx  0.1599553 
p_approx_true  0 
2713 th marker in geno  1 
MAC:  98 
G0 0 0 0 0 1 0 1 1 0 0 
CHR  6 
[1] "W[1:10]"
 [1] 0.18736504 0.11500937 0.06141109 0.02036429 0.16382438 0.08921281
 [7] 0.04038314 0.07537525 0.13841823 0.12419437
[1] "mu.eta[1:10]"
 [1] 0.18736504 0.11500937 0.06141109 0.02036429 0.16382438 0.08921281
 [7] 0.04038314 0.07537525 0.13841823 0.12419437
[1] "obj.glm.null$family$variance(mu)[1:10]"
 [1] 0.18736504 0.11500937 0.06141109 0.02036429 0.16382438 0.08921281
 [7] 0.04038314 0.07537525 0.13841823 0.12419437
[1] "mu[1:10]"
 [1] 0.24973022 0.13258929 0.06573175 0.02079679 0.20644315 0.09901722
 [7] 0.04216067 0.08211874 0.16596143 0.14530911
[1] "mu*(1-mu)[1:10]"
 [1] 0.18736504 0.11500937 0.06141109 0.02036429 0.16382438 0.08921281
 [7] 0.04038314 0.07537525 0.13841823 0.12419437
iter from getPCG1ofSigmaAndVector 3
AC  98 
AC  98 
S  0.1144198 
var1  7.362926 
var2null  7.862357 
p_exact  0.67636 
p_approx  0.6862424 
p_approx_true  0 
6203 th marker in geno  1 
MAC:  56 
G0 0 0 0 0 0 0 0 0 0 0 
CHR  15 
[1] "W[1:10]"
 [1] 0.18736504 0.11500937 0.06141109 0.02036429 0.16382438 0.08921281
 [7] 0.04038314 0.07537525 0.13841823 0.12419437
[1] "mu.eta[1:10]"
 [1] 0.18736504 0.11500937 0.06141109 0.02036429 0.16382438 0.08921281
 [7] 0.04038314 0.07537525 0.13841823 0.12419437
[1] "obj.glm.null$family$variance(mu)[1:10]"
 [1] 0.18736504 0.11500937 0.06141109 0.02036429 0.16382438 0.08921281
 [7] 0.04038314 0.07537525 0.13841823 0.12419437
[1] "mu[1:10]"
 [1] 0.24973022 0.13258929 0.06573175 0.02079679 0.20644315 0.09901722
 [7] 0.04216067 0.08211874 0.16596143 0.14530911
[1] "mu*(1-mu)[1:10]"
 [1] 0.18736504 0.11500937 0.06141109 0.02036429 0.16382438 0.08921281
 [7] 0.04038314 0.07537525 0.13841823 0.12419437
iter from getPCG1ofSigmaAndVector 3
AC  56 
AC  56 
S  0.3072935 
var1  3.679714 
var2null  3.878448 
p_exact  0.2306126 
p_approx  0.2429417 
p_approx_true  0 
9657 th marker in geno  1 
MAC:  201 
G0 0 1 0 0 0 0 0 0 0 0 
CHR  22 
[1] "W[1:10]"
 [1] 0.18736504 0.11500937 0.06141109 0.02036429 0.16382438 0.08921281
 [7] 0.04038314 0.07537525 0.13841823 0.12419437
[1] "mu.eta[1:10]"
 [1] 0.18736504 0.11500937 0.06141109 0.02036429 0.16382438 0.08921281
 [7] 0.04038314 0.07537525 0.13841823 0.12419437
[1] "obj.glm.null$family$variance(mu)[1:10]"
 [1] 0.18736504 0.11500937 0.06141109 0.02036429 0.16382438 0.08921281
 [7] 0.04038314 0.07537525 0.13841823 0.12419437
[1] "mu[1:10]"
 [1] 0.24973022 0.13258929 0.06573175 0.02079679 0.20644315 0.09901722
 [7] 0.04216067 0.08211874 0.16596143 0.14530911
[1] "mu*(1-mu)[1:10]"
 [1] 0.18736504 0.11500937 0.06141109 0.02036429 0.16382438 0.08921281
 [7] 0.04038314 0.07537525 0.13841823 0.12419437
iter from getPCG1ofSigmaAndVector 3
AC  201 
AC  201 
S  0.02644003 
var1  14.31103 
var2null  15.1935 
p_exact  0.9210678 
p_approx  0.9233871 
p_approx_true  0 
2191 th marker in geno  1 
MAC:  225 
G0 0 0 0 0 0 1 0 0 1 1 
CHR  5 
[1] "W[1:10]"
 [1] 0.18736504 0.11500937 0.06141109 0.02036429 0.16382438 0.08921281
 [7] 0.04038314 0.07537525 0.13841823 0.12419437
[1] "mu.eta[1:10]"
 [1] 0.18736504 0.11500937 0.06141109 0.02036429 0.16382438 0.08921281
 [7] 0.04038314 0.07537525 0.13841823 0.12419437
[1] "obj.glm.null$family$variance(mu)[1:10]"
 [1] 0.18736504 0.11500937 0.06141109 0.02036429 0.16382438 0.08921281
 [7] 0.04038314 0.07537525 0.13841823 0.12419437
[1] "mu[1:10]"
 [1] 0.24973022 0.13258929 0.06573175 0.02079679 0.20644315 0.09901722
 [7] 0.04216067 0.08211874 0.16596143 0.14530911
[1] "mu*(1-mu)[1:10]"
 [1] 0.18736504 0.11500937 0.06141109 0.02036429 0.16382438 0.08921281
 [7] 0.04038314 0.07537525 0.13841823 0.12419437
iter from getPCG1ofSigmaAndVector 3
AC  225 
AC  225 
S  0.6705521 
var1  15.39196 
var2null  16.36713 
p_exact  0.01035461 
p_approx  0.01291124 
p_approx_true  0 
4925 th marker in geno  1 
MAC:  174 
G0 0 0 0 0 0 0 0 0 0 0 
CHR  11 
[1] "W[1:10]"
 [1] 0.18736504 0.11500937 0.06141109 0.02036429 0.16382438 0.08921281
 [7] 0.04038314 0.07537525 0.13841823 0.12419437
[1] "mu.eta[1:10]"
 [1] 0.18736504 0.11500937 0.06141109 0.02036429 0.16382438 0.08921281
 [7] 0.04038314 0.07537525 0.13841823 0.12419437
[1] "obj.glm.null$family$variance(mu)[1:10]"
 [1] 0.18736504 0.11500937 0.06141109 0.02036429 0.16382438 0.08921281
 [7] 0.04038314 0.07537525 0.13841823 0.12419437
[1] "mu[1:10]"
 [1] 0.24973022 0.13258929 0.06573175 0.02079679 0.20644315 0.09901722
 [7] 0.04216067 0.08211874 0.16596143 0.14530911
[1] "mu*(1-mu)[1:10]"
 [1] 0.18736504 0.11500937 0.06141109 0.02036429 0.16382438 0.08921281
 [7] 0.04038314 0.07537525 0.13841823 0.12419437
iter from getPCG1ofSigmaAndVector 3
AC  174 
AC  174 
S  0.0053059 
var1  11.60335 
var2null  12.2946 
p_exact  0.9836073 
p_approx  0.9840747 
p_approx_true  4.903524e-20 
1015 th marker in geno  1 
MAC:  30 
G0 0 0 0 0 0 0 0 0 0 0 
CHR  3 
[1] "W[1:10]"
 [1] 0.18736504 0.11500937 0.06141109 0.02036429 0.16382438 0.08921281
 [7] 0.04038314 0.07537525 0.13841823 0.12419437
[1] "mu.eta[1:10]"
 [1] 0.18736504 0.11500937 0.06141109 0.02036429 0.16382438 0.08921281
 [7] 0.04038314 0.07537525 0.13841823 0.12419437
[1] "obj.glm.null$family$variance(mu)[1:10]"
 [1] 0.18736504 0.11500937 0.06141109 0.02036429 0.16382438 0.08921281
 [7] 0.04038314 0.07537525 0.13841823 0.12419437
[1] "mu[1:10]"
 [1] 0.24973022 0.13258929 0.06573175 0.02079679 0.20644315 0.09901722
 [7] 0.04216067 0.08211874 0.16596143 0.14530911
[1] "mu*(1-mu)[1:10]"
 [1] 0.18736504 0.11500937 0.06141109 0.02036429 0.16382438 0.08921281
 [7] 0.04038314 0.07537525 0.13841823 0.12419437
iter from getPCG1ofSigmaAndVector 3
AC  30 
AC  30 
S  0.004533111 
var1  2.270642 
var2null  2.414705 
p_exact  0.9868537 
p_approx  0.9872519 
p_approx_true  2.18007e-13 
7344 th marker in geno  1 
MAC:  39 
G0 0 0 0 0 0 0 0 0 0 0 
CHR  17 
[1] "W[1:10]"
 [1] 0.18736504 0.11500937 0.06141109 0.02036429 0.16382438 0.08921281
 [7] 0.04038314 0.07537525 0.13841823 0.12419437
[1] "mu.eta[1:10]"
 [1] 0.18736504 0.11500937 0.06141109 0.02036429 0.16382438 0.08921281
 [7] 0.04038314 0.07537525 0.13841823 0.12419437
[1] "obj.glm.null$family$variance(mu)[1:10]"
 [1] 0.18736504 0.11500937 0.06141109 0.02036429 0.16382438 0.08921281
 [7] 0.04038314 0.07537525 0.13841823 0.12419437
[1] "mu[1:10]"
 [1] 0.24973022 0.13258929 0.06573175 0.02079679 0.20644315 0.09901722
 [7] 0.04216067 0.08211874 0.16596143 0.14530911
[1] "mu*(1-mu)[1:10]"
 [1] 0.18736504 0.11500937 0.06141109 0.02036429 0.16382438 0.08921281
 [7] 0.04038314 0.07537525 0.13841823 0.12419437
iter from getPCG1ofSigmaAndVector 3
AC  39 
AC  39 
S  -0.2119664 
var1  2.751681 
var2null  2.887395 
p_exact  0.4248732 
p_approx  0.4359704 
p_approx_true  0 
4035 th marker in geno  1 
MAC:  52 
G0 0 0 0 0 0 0 0 0 0 0 
CHR  9 
[1] "W[1:10]"
 [1] 0.18736504 0.11500937 0.06141109 0.02036429 0.16382438 0.08921281
 [7] 0.04038314 0.07537525 0.13841823 0.12419437
[1] "mu.eta[1:10]"
 [1] 0.18736504 0.11500937 0.06141109 0.02036429 0.16382438 0.08921281
 [7] 0.04038314 0.07537525 0.13841823 0.12419437
[1] "obj.glm.null$family$variance(mu)[1:10]"
 [1] 0.18736504 0.11500937 0.06141109 0.02036429 0.16382438 0.08921281
 [7] 0.04038314 0.07537525 0.13841823 0.12419437
[1] "mu[1:10]"
 [1] 0.24973022 0.13258929 0.06573175 0.02079679 0.20644315 0.09901722
 [7] 0.04216067 0.08211874 0.16596143 0.14530911
[1] "mu*(1-mu)[1:10]"
 [1] 0.18736504 0.11500937 0.06141109 0.02036429 0.16382438 0.08921281
 [7] 0.04038314 0.07537525 0.13841823 0.12419437
iter from getPCG1ofSigmaAndVector 3
AC  52 
AC  52 
S  -0.3877291 
var1  3.627172 
var2null  3.836045 
p_exact  0.1420859 
p_approx  0.1534244 
p_approx_true  0 
8106 th marker in geno  1 
MAC:  57 
G0 0 0 0 0 0 0 0 0 0 0 
CHR  19 
[1] "W[1:10]"
 [1] 0.18736504 0.11500937 0.06141109 0.02036429 0.16382438 0.08921281
 [7] 0.04038314 0.07537525 0.13841823 0.12419437
[1] "mu.eta[1:10]"
 [1] 0.18736504 0.11500937 0.06141109 0.02036429 0.16382438 0.08921281
 [7] 0.04038314 0.07537525 0.13841823 0.12419437
[1] "obj.glm.null$family$variance(mu)[1:10]"
 [1] 0.18736504 0.11500937 0.06141109 0.02036429 0.16382438 0.08921281
 [7] 0.04038314 0.07537525 0.13841823 0.12419437
[1] "mu[1:10]"
 [1] 0.24973022 0.13258929 0.06573175 0.02079679 0.20644315 0.09901722
 [7] 0.04216067 0.08211874 0.16596143 0.14530911
[1] "mu*(1-mu)[1:10]"
 [1] 0.18736504 0.11500937 0.06141109 0.02036429 0.16382438 0.08921281
 [7] 0.04038314 0.07537525 0.13841823 0.12419437
iter from getPCG1ofSigmaAndVector 3
AC  57 
AC  57 
S  -0.3063421 
var1  4.361863 
var2null  4.671928 
p_exact  0.268117 
p_approx  0.2846056 
p_approx_true  0 
3657 th marker in geno  1 
MAC:  61 
G0 0 0 0 0 0 0 0 0 0 0 
CHR  9 
[1] "W[1:10]"
 [1] 0.18736504 0.11500937 0.06141109 0.02036429 0.16382438 0.08921281
 [7] 0.04038314 0.07537525 0.13841823 0.12419437
[1] "mu.eta[1:10]"
 [1] 0.18736504 0.11500937 0.06141109 0.02036429 0.16382438 0.08921281
 [7] 0.04038314 0.07537525 0.13841823 0.12419437
[1] "obj.glm.null$family$variance(mu)[1:10]"
 [1] 0.18736504 0.11500937 0.06141109 0.02036429 0.16382438 0.08921281
 [7] 0.04038314 0.07537525 0.13841823 0.12419437
[1] "mu[1:10]"
 [1] 0.24973022 0.13258929 0.06573175 0.02079679 0.20644315 0.09901722
 [7] 0.04216067 0.08211874 0.16596143 0.14530911
[1] "mu*(1-mu)[1:10]"
 [1] 0.18736504 0.11500937 0.06141109 0.02036429 0.16382438 0.08921281
 [7] 0.04038314 0.07537525 0.13841823 0.12419437
iter from getPCG1ofSigmaAndVector 3
AC  61 
AC  61 
S  -0.201572 
var1  4.729827 
var2null  5.040515 
p_exact  0.4691334 
p_approx  0.4831623 
p_approx_true  0 
4898 th marker in geno  1 
MAC:  30 
G0 0 0 0 0 0 0 0 0 0 0 
CHR  11 
[1] "W[1:10]"
 [1] 0.18736504 0.11500937 0.06141109 0.02036429 0.16382438 0.08921281
 [7] 0.04038314 0.07537525 0.13841823 0.12419437
[1] "mu.eta[1:10]"
 [1] 0.18736504 0.11500937 0.06141109 0.02036429 0.16382438 0.08921281
 [7] 0.04038314 0.07537525 0.13841823 0.12419437
[1] "obj.glm.null$family$variance(mu)[1:10]"
 [1] 0.18736504 0.11500937 0.06141109 0.02036429 0.16382438 0.08921281
 [7] 0.04038314 0.07537525 0.13841823 0.12419437
[1] "mu[1:10]"
 [1] 0.24973022 0.13258929 0.06573175 0.02079679 0.20644315 0.09901722
 [7] 0.04216067 0.08211874 0.16596143 0.14530911
[1] "mu*(1-mu)[1:10]"
 [1] 0.18736504 0.11500937 0.06141109 0.02036429 0.16382438 0.08921281
 [7] 0.04038314 0.07537525 0.13841823 0.12419437
iter from getPCG1ofSigmaAndVector 3
AC  30 
AC  30 
S  0.08107701 
var1  2.613836 
var2null  2.786692 
p_exact  0.7835659 
p_approx  0.790224 
p_approx_true  0 
7098 th marker in geno  1 
MAC:  67 
G0 0 0 0 0 0 0 0 0 0 0 
CHR  17 
[1] "W[1:10]"
 [1] 0.18736504 0.11500937 0.06141109 0.02036429 0.16382438 0.08921281
 [7] 0.04038314 0.07537525 0.13841823 0.12419437
[1] "mu.eta[1:10]"
 [1] 0.18736504 0.11500937 0.06141109 0.02036429 0.16382438 0.08921281
 [7] 0.04038314 0.07537525 0.13841823 0.12419437
[1] "obj.glm.null$family$variance(mu)[1:10]"
 [1] 0.18736504 0.11500937 0.06141109 0.02036429 0.16382438 0.08921281
 [7] 0.04038314 0.07537525 0.13841823 0.12419437
[1] "mu[1:10]"
 [1] 0.24973022 0.13258929 0.06573175 0.02079679 0.20644315 0.09901722
 [7] 0.04216067 0.08211874 0.16596143 0.14530911
[1] "mu*(1-mu)[1:10]"
 [1] 0.18736504 0.11500937 0.06141109 0.02036429 0.16382438 0.08921281
 [7] 0.04038314 0.07537525 0.13841823 0.12419437
iter from getPCG1ofSigmaAndVector 3
AC  67 
AC  67 
S  -0.1594417 
var1  5.107294 
var2null  5.422592 
p_exact  0.5636091 
p_approx  0.5751735 
p_approx_true  0 
3037 th marker in geno  1 
MAC:  274 
G0 1 0 0 0 0 1 0 0 1 0 
CHR  7 
[1] "W[1:10]"
 [1] 0.18736504 0.11500937 0.06141109 0.02036429 0.16382438 0.08921281
 [7] 0.04038314 0.07537525 0.13841823 0.12419437
[1] "mu.eta[1:10]"
 [1] 0.18736504 0.11500937 0.06141109 0.02036429 0.16382438 0.08921281
 [7] 0.04038314 0.07537525 0.13841823 0.12419437
[1] "obj.glm.null$family$variance(mu)[1:10]"
 [1] 0.18736504 0.11500937 0.06141109 0.02036429 0.16382438 0.08921281
 [7] 0.04038314 0.07537525 0.13841823 0.12419437
[1] "mu[1:10]"
 [1] 0.24973022 0.13258929 0.06573175 0.02079679 0.20644315 0.09901722
 [7] 0.04216067 0.08211874 0.16596143 0.14530911
[1] "mu*(1-mu)[1:10]"
 [1] 0.18736504 0.11500937 0.06141109 0.02036429 0.16382438 0.08921281
 [7] 0.04038314 0.07537525 0.13841823 0.12419437
iter from getPCG1ofSigmaAndVector 3
AC  274 
AC  274 
S  0.02562571 
var1  18.8915 
var2null  20.05466 
p_exact  0.9222556 
p_approx  0.9245369 
p_approx_true  0 
4380 th marker in geno  1 
MAC:  106 
G0 0 0 0 0 0 0 0 0 0 0 
CHR  10 
[1] "W[1:10]"
 [1] 0.18736504 0.11500937 0.06141109 0.02036429 0.16382438 0.08921281
 [7] 0.04038314 0.07537525 0.13841823 0.12419437
[1] "mu.eta[1:10]"
 [1] 0.18736504 0.11500937 0.06141109 0.02036429 0.16382438 0.08921281
 [7] 0.04038314 0.07537525 0.13841823 0.12419437
[1] "obj.glm.null$family$variance(mu)[1:10]"
 [1] 0.18736504 0.11500937 0.06141109 0.02036429 0.16382438 0.08921281
 [7] 0.04038314 0.07537525 0.13841823 0.12419437
[1] "mu[1:10]"
 [1] 0.24973022 0.13258929 0.06573175 0.02079679 0.20644315 0.09901722
 [7] 0.04216067 0.08211874 0.16596143 0.14530911
[1] "mu*(1-mu)[1:10]"
 [1] 0.18736504 0.11500937 0.06141109 0.02036429 0.16382438 0.08921281
 [7] 0.04038314 0.07537525 0.13841823 0.12419437
iter from getPCG1ofSigmaAndVector 3
AC  106 
AC  106 
S  0.6083518 
var1  8.320008 
var2null  8.843053 
p_exact  0.02989868 
p_approx  0.03518403 
p_approx_true  0 
5945 th marker in geno  1 
MAC:  73 
G0 0 0 0 0 0 0 0 0 0 0 
CHR  14 
[1] "W[1:10]"
 [1] 0.18736504 0.11500937 0.06141109 0.02036429 0.16382438 0.08921281
 [7] 0.04038314 0.07537525 0.13841823 0.12419437
[1] "mu.eta[1:10]"
 [1] 0.18736504 0.11500937 0.06141109 0.02036429 0.16382438 0.08921281
 [7] 0.04038314 0.07537525 0.13841823 0.12419437
[1] "obj.glm.null$family$variance(mu)[1:10]"
 [1] 0.18736504 0.11500937 0.06141109 0.02036429 0.16382438 0.08921281
 [7] 0.04038314 0.07537525 0.13841823 0.12419437
[1] "mu[1:10]"
 [1] 0.24973022 0.13258929 0.06573175 0.02079679 0.20644315 0.09901722
 [7] 0.04216067 0.08211874 0.16596143 0.14530911
[1] "mu*(1-mu)[1:10]"
 [1] 0.18736504 0.11500937 0.06141109 0.02036429 0.16382438 0.08921281
 [7] 0.04038314 0.07537525 0.13841823 0.12419437
iter from getPCG1ofSigmaAndVector 3
AC  73 
AC  73 
S  0.3067753 
var1  5.143992 
var2null  5.444144 
p_exact  0.2478185 
p_approx  0.2612868 
p_approx_true  0 
2009 th marker in geno  1 
MAC:  873 
G0 1 1 1 1 2 0 1 1 1 1 
CHR  5 
[1] "W[1:10]"
 [1] 0.18736504 0.11500937 0.06141109 0.02036429 0.16382438 0.08921281
 [7] 0.04038314 0.07537525 0.13841823 0.12419437
[1] "mu.eta[1:10]"
 [1] 0.18736504 0.11500937 0.06141109 0.02036429 0.16382438 0.08921281
 [7] 0.04038314 0.07537525 0.13841823 0.12419437
[1] "obj.glm.null$family$variance(mu)[1:10]"
 [1] 0.18736504 0.11500937 0.06141109 0.02036429 0.16382438 0.08921281
 [7] 0.04038314 0.07537525 0.13841823 0.12419437
[1] "mu[1:10]"
 [1] 0.24973022 0.13258929 0.06573175 0.02079679 0.20644315 0.09901722
 [7] 0.04216067 0.08211874 0.16596143 0.14530911
[1] "mu*(1-mu)[1:10]"
 [1] 0.18736504 0.11500937 0.06141109 0.02036429 0.16382438 0.08921281
 [7] 0.04038314 0.07537525 0.13841823 0.12419437
iter from getPCG1ofSigmaAndVector 3
AC  873 
AC  873 
S  -0.04064204 
var1  33.3466 
var2null  35.21007 
p_exact  0.8352688 
p_approx  0.8396264 
p_approx_true  0 
[1] "varRatio_NULL_vec"
 [1] 0.9431286 0.9431286 0.9445078 0.9445078 0.9448089 0.9448089 0.9450675
 [8] 0.9450675 0.9151695 0.9151695 0.9516102 0.9516102 0.9484096 0.9484096
[15] 0.9250699 0.9250699 0.9421136 0.9421136 0.9502326 0.9502326 0.9488986
[22] 0.9488986 0.9430884 0.9430884 0.9424520 0.9424520 0.9427962 0.9427962
[29] 0.9364783 0.9364783 0.9487594 0.9487594 0.9419180 0.9419180 0.9404189
[36] 0.9404189 0.9437757 0.9437757 0.9403393 0.9403393 0.9529978 0.9529978
[43] 0.9455497 0.9455497 0.9336323 0.9336323 0.9383619 0.9383619 0.9379708
[50] 0.9379708 0.9418547 0.9418547 0.9420003 0.9420003 0.9408525 0.9408525
[57] 0.9448670 0.9448670 0.9470756 0.9470756
CV for variance ratio estimate using  30  markers is  0.0001316814  <  0.001 
varRatio_sparse 1 
varRatio_null 0.9421402 
         V1     V2 V3
1 1.0000000 sparse  1
2 0.9475318   null  1
3 1.0000000 sparse  2
4 0.9421402   null  2
