Loading required package: optparse
R version 4.2.1 (2022-06-23)
Platform: x86_64-pc-linux-gnu (64-bit)
Running under: Ubuntu 18.04.5 LTS

Matrix products: default
BLAS:   /usr/lib/x86_64-linux-gnu/openblas/libblas.so.3
LAPACK: /usr/lib/x86_64-linux-gnu/libopenblasp-r0.2.20.so

locale:
 [1] LC_CTYPE=en_US.UTF-8       LC_NUMERIC=C              
 [3] LC_TIME=en_US.UTF-8        LC_COLLATE=en_US.UTF-8    
 [5] LC_MONETARY=en_US.UTF-8    LC_MESSAGES=en_US.UTF-8   
 [7] LC_PAPER=en_US.UTF-8       LC_NAME=C                 
 [9] LC_ADDRESS=C               LC_TELEPHONE=C            
[11] LC_MEASUREMENT=en_US.UTF-8 LC_IDENTIFICATION=C       

attached base packages:
[1] stats     graphics  grDevices utils     datasets  methods   base     

other attached packages:
[1] optparse_1.7.1 SAIGE_1.1.4   

loaded via a namespace (and not attached):
[1] compiler_4.2.1     Matrix_1.4-1       Rcpp_1.0.7         getopt_1.20.3     
[5] grid_4.2.1         data.table_1.14.2  RcppParallel_5.0.2 lattice_0.20-45   
$plinkFile
[1] ""

$bedFile
[1] ""

$bimFile
[1] ""

$famFile
[1] ""

$phenoFile
[1] "./GMMAT_pheno_quantitative_repeat.txt_withwts"

$phenoCol
[1] "y.repeated"

$traitType
[1] "quantitative"

$invNormalize
[1] FALSE

$covarColList
[1] "sex"

$longlCol
[1] ""

$qCovarColList
[1] ""

$sampleIDColinphenoFile
[1] "id"

$tol
[1] 0.02

$maxiter
[1] 20

$tolPCG
[1] 1e-05

$maxiterPCG
[1] 500

$nThreads
[1] 1

$SPAcutoff
[1] 2

$numRandomMarkerforVarianceRatio
[1] 30

$skipModelFitting
[1] FALSE

$skipVarianceRatioEstimation
[1] TRUE

$memoryChunk
[1] 2

$tauInit
[1] "0,0"

$LOCO
[1] TRUE

$isLowMemLOCO
[1] FALSE

$traceCVcutoff
[1] 0.0025

$nrun
[1] 30

$ratioCVcutoff
[1] 0.001

$outputPrefix
[1] "GMMAT_quantitative_1.1.4"

$outputPrefix_varRatio
[1] ""

$IsOverwriteVarianceRatioFile
[1] FALSE

$sparseGRMFile
[1] "./GMMAT_GRM.mtx"

$sparseGRMSampleIDFile
[1] "./GMMAT_sampleID.txt"

$isCateVarianceRatio
[1] FALSE

$relatednessCutoff
[1] 0

$cateVarRatioMinMACVecExclude
[1] "10,20.5"

$cateVarRatioMaxMACVecInclude
[1] "20.5"

$isCovariateTransform
[1] FALSE

$isDiagofKinSetAsOne
[1] FALSE

$useSparseGRMtoFitNULL
[1] TRUE

$useSparseGRMforVarRatio
[1] FALSE

$minMAFforGRM
[1] 0.01

$maxMissingRateforGRM
[1] 0.15

$minCovariateCount
[1] -1

$includeNonautoMarkersforVarRatio
[1] FALSE

$FemaleOnly
[1] FALSE

$MaleOnly
[1] FALSE

$sexCol
[1] ""

$FemaleCode
[1] "1"

$MaleCode
[1] "0"

$isCovariateOffset
[1] FALSE

$SampleIDIncludeFile
[1] ""

$VmatFilelist
[1] ""

$VmatSampleFilelist
[1] ""

$useGRMtoFitNULL
[1] TRUE

$varWeightsCol
[1] "wts"

$help
[1] FALSE

tauInit  is  0 0 
cateVarRatioMinMACVecExclude  is  10 20.5 
cateVarRatioMaxMACVecInclude  is  20.5 
Sparse GRM is used to fit the null model and plink file is not specified, so variance ratios won't be estimated
Variance ratio estimation will be skipped
.Leave-one-chromosome-out is not applied
400  samples are in the sparse GRM
wts  is the weights for variance
formula is  y.repeated~sex 
2000  samples have non-missing phenotypes
400  samples are in the sparse GRM
2000  samples who have non-missing phenotypes are also in the sparse GRM
Duplicated sample IDs are detected in the phenotype file. Assuming repeated measurements
[1] "Test"
    IID X.Intercept. sex y.repeated       wts IndexPheno IndexGeno
1     1            1   0       1.74 0.4012430        752         1
2     1            1   0       1.58 0.4055685       1537         1
3     1            1   0       2.20 0.6520266        885         1
4     1            1   0       2.41 0.6367061       1117         1
5     1            1   0       1.83 0.3287380       1036         1
556   2            1   1       2.11 0.4557400       1517         2
400  samples in geno file do not have phenotypes
0  samples will be used for analysis
2000  observations will be used for analysis
[1] "Test3"
    IID X.Intercept. sex y.repeated       wts IndexPheno IndexGeno
1     1            1   0       1.74 0.4012430        752         1
2     1            1   0       1.58 0.4055685       1537         1
3     1            1   0       2.20 0.6520266        885         1
4     1            1   0       2.41 0.6367061       1117         1
5     1            1   0       1.83 0.3287380       1036         1
556   2            1   1       2.11 0.4557400       1517         2
[1] "Test4"
    IID X.Intercept. sex y.repeated       wts IndexPheno IndexGeno
1     1            1   0       1.74 0.4012430        752         1
2     1            1   0       1.58 0.4055685       1537         1
3     1            1   0       2.20 0.6520266        885         1
4     1            1   0       2.41 0.6367061       1117         1
5     1            1   0       1.83 0.3287380       1036         1
556   2            1   1       2.11 0.4557400       1517         2
extract sparse GRM
[1] 160000
set elements in the sparse GRM <=  0  to zero
400  samples have been used to fit the glmm null model
numofV  0 
num_Kmat  3 
Markers in the Plink file with MAF <  0.01  will be removed before constructing GRM
Markers in the Plink file with missing rate >  0.15  will be removed before constructing GRM
y.repeated  is a quantitative trait
glm:

Call:  glm(formula = formula.new, family = gaussian(link = "identity"), 
    data = data.new, weights = varWeights)

Coefficients:
(Intercept)          sex  
     0.9905       0.6446  

Degrees of Freedom: 1999 Total (i.e. Null);  1998 Residual
Null Deviance:	    1678 
Residual Deviance: 1511 	AIC: 6395
[1] "isStoreSigma"
[1] FALSE
Start fitting the NULL GLMM
   user  system elapsed 
  1.561   0.128   1.705 
   user  system elapsed 
  1.702   0.128   1.846 
[1] "Start reading genotype plink file here"
    IID X.Intercept. sex y.repeated       wts IndexPheno IndexGeno
1     1            1   0       1.74 0.4012430        752         1
2     1            1   0       1.58 0.4055685       1537         1
3     1            1   0       2.20 0.6520266        885         1
4     1            1   0       2.41 0.6367061       1117         1
5     1            1   0       1.83 0.3287380       1036         1
556   2            1   1       2.11 0.4557400       1517         2
[1] "Genotype reading is done"
tauInit[1] 0 0 0
inital tau is  0.3461869 0.3461869 0.3461869 
[1] "tau"
[1] 0.3461869 0.3461869 0.3461869
before Sigma_iY
Yvec.n_elem 2000
iter from getPCG1ofSigmaAndVector 39
after Sigma_iY
iter from getPCG1ofSigmaAndVector 21
iter from getPCG1ofSigmaAndVector 30
cov
   0.0343  -0.0036
  -0.0036   0.0073
Tau:
[1] 0.3461869 0.3461869 0.3461869
Fixed-effect coefficients:
          [,1]
[1,] 0.9709123
[2,] 0.6362407
[1] "alpha"
          [,1]
[1,] 0.9709123
[2,] 0.6362407
[1] "alpha0"
(Intercept)         sex 
  0.9905220   0.6446444 
[1] "y[1]"
   1 
1.74 
[1] "y[2]"
   2 
1.58 
[1] "alpha"
          [,1]
[1,] 0.9709123
[2,] 0.6362407
fixtauVec
        0
        0
        0
k1 3
Ibvec.n_elem 400
g_I_longl_mat.n_rows 2000
iter from getPCG1ofSigmaAndVector 42
GRM_I_bvec.n_elem 400
iter from getPCG1ofSigmaAndVector 32
iter from getPCG1ofSigmaAndVector 31
AI
   1.9692e+04   2.0190e+02   2.4152e+02
   2.0190e+02   4.2587e+02   4.8182e+02
   2.4152e+02   4.8182e+02   5.7377e+02
YPAPY
   5.3630e+03
   3.6015e+02
   4.2027e+02
YPAPY
   5.3630e+03
   3.6015e+02
   4.2027e+02
idxtau
        0
        1
        2
iter from getPCG1ofSigmaAndVector 40
iter from getPCG1ofSigmaAndVector 40
iter from getPCG1ofSigmaAndVector 40
iter from getPCG1ofSigmaAndVector 43
iter from getPCG1ofSigmaAndVector 43
iter from getPCG1ofSigmaAndVector 40
iter from getPCG1ofSigmaAndVector 41
iter from getPCG1ofSigmaAndVector 42
iter from getPCG1ofSigmaAndVector 41
iter from getPCG1ofSigmaAndVector 41
iter from getPCG1ofSigmaAndVector 41
iter from getPCG1ofSigmaAndVector 40
iter from getPCG1ofSigmaAndVector 41
iter from getPCG1ofSigmaAndVector 40
iter from getPCG1ofSigmaAndVector 40
iter from getPCG1ofSigmaAndVector 41
iter from getPCG1ofSigmaAndVector 41
iter from getPCG1ofSigmaAndVector 40
iter from getPCG1ofSigmaAndVector 40
iter from getPCG1ofSigmaAndVector 41
iter from getPCG1ofSigmaAndVector 40
iter from getPCG1ofSigmaAndVector 41
iter from getPCG1ofSigmaAndVector 41
iter from getPCG1ofSigmaAndVector 40
iter from getPCG1ofSigmaAndVector 40
iter from getPCG1ofSigmaAndVector 40
iter from getPCG1ofSigmaAndVector 41
iter from getPCG1ofSigmaAndVector 40
iter from getPCG1ofSigmaAndVector 40
iter from getPCG1ofSigmaAndVector 40
dim temp_mat_update30 3
Trace
   3.4343e+03
   4.6279e+02
   5.3614e+02
[1] "tau0_q2 a"
[1] 0.3461869 0.3461869 0.3461869
[1] "idxtau"
[1] 1 2 3
[1] "re$YPAPY"
          [,1]
[1,] 5363.0088
[2,]  360.1546
[3,]  420.2689
[1] "re$Trace"
          [,1]
[1,] 3434.3469
[2,]  462.7943
[3,]  536.1450
Variance component estimates:
[1] 0.4617575 0.3400364 0.3392433

Iteration  1 0.4617575 0.3400364 0.3392433 :
tau0_v1:  0.4617575 0.3400364 0.3392433 
before Sigma_iY
Yvec.n_elem 2000
iter from getPCG1ofSigmaAndVector 32
after Sigma_iY
iter from getPCG1ofSigmaAndVector 19
iter from getPCG1ofSigmaAndVector 25
cov
   0.0339  -0.0037
  -0.0037   0.0075
Tau:
[1] 0.4617575 0.3400364 0.3392433
Fixed-effect coefficients:
          [,1]
[1,] 0.9706548
[2,] 0.6364797
[1] "alpha"
          [,1]
[1,] 0.9706548
[2,] 0.6364797
[1] "alpha0"
          [,1]
[1,] 0.9709123
[2,] 0.6362407
[1] "y[1]"
   1 
1.74 
[1] "y[2]"
   2 
1.58 
[1] "alpha"
          [,1]
[1,] 0.9706548
[2,] 0.6364797
t_end_Get_Coef - t_begin_Get_Coef
   user  system elapsed 
  0.036   0.000   0.036 
check 1
fixtauVec
        0
        0
        0
k1 3
Ibvec.n_elem 400
g_I_longl_mat.n_rows 2000
iter from getPCG1ofSigmaAndVector 34
GRM_I_bvec.n_elem 400
iter from getPCG1ofSigmaAndVector 27
iter from getPCG1ofSigmaAndVector 27
AI
   8.4248e+03   1.7382e+02   2.0750e+02
   1.7382e+02   3.9696e+02   4.4658e+02
   2.0750e+02   4.4658e+02   5.3113e+02
YPAPY
   3.0799e+03
   3.4237e+02
   3.9869e+02
YPAPY
   3.0799e+03
   3.4237e+02
   3.9869e+02
idxtau
        0
        1
        2
iter from getPCG1ofSigmaAndVector 36
iter from getPCG1ofSigmaAndVector 35
iter from getPCG1ofSigmaAndVector 33
iter from getPCG1ofSigmaAndVector 33
iter from getPCG1ofSigmaAndVector 34
iter from getPCG1ofSigmaAndVector 34
iter from getPCG1ofSigmaAndVector 34
iter from getPCG1ofSigmaAndVector 34
iter from getPCG1ofSigmaAndVector 34
iter from getPCG1ofSigmaAndVector 34
iter from getPCG1ofSigmaAndVector 35
iter from getPCG1ofSigmaAndVector 36
iter from getPCG1ofSigmaAndVector 34
iter from getPCG1ofSigmaAndVector 34
iter from getPCG1ofSigmaAndVector 33
iter from getPCG1ofSigmaAndVector 34
iter from getPCG1ofSigmaAndVector 34
iter from getPCG1ofSigmaAndVector 34
iter from getPCG1ofSigmaAndVector 33
iter from getPCG1ofSigmaAndVector 34
iter from getPCG1ofSigmaAndVector 34
iter from getPCG1ofSigmaAndVector 34
iter from getPCG1ofSigmaAndVector 33
iter from getPCG1ofSigmaAndVector 34
iter from getPCG1ofSigmaAndVector 34
iter from getPCG1ofSigmaAndVector 34
iter from getPCG1ofSigmaAndVector 34
iter from getPCG1ofSigmaAndVector 35
iter from getPCG1ofSigmaAndVector 34
iter from getPCG1ofSigmaAndVector 34
dim temp_mat_update30 3
Trace
   2.6105e+03
   4.5131e+02
   5.2232e+02
check 2
score1
   4.6942e+02
  -1.0894e+02
  -1.2363e+02
YPAPY
   3.0799e+03
   3.4237e+02
   3.9869e+02
Trace
   2.6105e+03
   4.5131e+02
   5.2232e+02
score
   4.6942e+02
  -1.0894e+02
  -1.2363e+02
Dtau
   0.0620
  -0.2304
  -0.0633
score1
   4.6942e+02
  -1.0894e+02
  -1.2363e+02
AI1
   8.4248e+03   1.7382e+02   2.0750e+02
   1.7382e+02   3.9696e+02   4.4658e+02
   2.0750e+02   4.4658e+02   5.3113e+02
k1 3
fixtauVec
        0
        0
        0
i 0
i 1
i 2
Dtau_k1
   0.0620
  -0.2304
  -0.0633
t_end_fitglmmaiRPCG - t_begin_fitglmmaiRPCG
   user  system elapsed 
  0.524   0.000   0.525 
[1] 0.06168933 0.49041567 0.09968170
tau:  0.5237889 0.1096801 0.2759283 
tau0:  0.4617575 0.3400364 0.3392433 

Iteration  2 0.5237889 0.1096801 0.2759283 :
tau0_v1:  0.5237889 0.1096801 0.2759283 
before Sigma_iY
Yvec.n_elem 2000
iter from getPCG1ofSigmaAndVector 19
after Sigma_iY
iter from getPCG1ofSigmaAndVector 12
iter from getPCG1ofSigmaAndVector 16
cov
   0.0124  -0.0025
  -0.0025   0.0051
Tau:
[1] 0.5237889 0.1096801 0.2759283
Fixed-effect coefficients:
          [,1]
[1,] 0.9734728
[2,] 0.6376270
[1] "alpha"
          [,1]
[1,] 0.9734728
[2,] 0.6376270
[1] "alpha0"
          [,1]
[1,] 0.9706548
[2,] 0.6364797
[1] "y[1]"
   1 
1.74 
[1] "y[2]"
   2 
1.58 
[1] "alpha"
          [,1]
[1,] 0.9734728
[2,] 0.6376270
t_end_Get_Coef - t_begin_Get_Coef
   user  system elapsed 
  0.022   0.000   0.023 
check 1
fixtauVec
        0
        0
        0
k1 3
Ibvec.n_elem 400
g_I_longl_mat.n_rows 2000
iter from getPCG1ofSigmaAndVector 20
GRM_I_bvec.n_elem 400
iter from getPCG1ofSigmaAndVector 18
iter from getPCG1ofSigmaAndVector 18
AI
   6.1327e+03   5.1423e+02   5.9862e+02
   5.1423e+02   1.5428e+03   1.4835e+03
   5.9862e+02   1.4835e+03   1.7155e+03
YPAPY
   2.5972e+03
   7.8018e+02
   8.6996e+02
YPAPY
   2.5972e+03
   7.8018e+02
   8.6996e+02
idxtau
        0
        1
        2
iter from getPCG1ofSigmaAndVector 19
iter from getPCG1ofSigmaAndVector 19
iter from getPCG1ofSigmaAndVector 19
iter from getPCG1ofSigmaAndVector 19
iter from getPCG1ofSigmaAndVector 19
iter from getPCG1ofSigmaAndVector 19
iter from getPCG1ofSigmaAndVector 19
iter from getPCG1ofSigmaAndVector 19
iter from getPCG1ofSigmaAndVector 19
iter from getPCG1ofSigmaAndVector 19
iter from getPCG1ofSigmaAndVector 19
iter from getPCG1ofSigmaAndVector 19
iter from getPCG1ofSigmaAndVector 19
iter from getPCG1ofSigmaAndVector 19
iter from getPCG1ofSigmaAndVector 19
iter from getPCG1ofSigmaAndVector 19
iter from getPCG1ofSigmaAndVector 19
iter from getPCG1ofSigmaAndVector 19
iter from getPCG1ofSigmaAndVector 19
iter from getPCG1ofSigmaAndVector 19
iter from getPCG1ofSigmaAndVector 19
iter from getPCG1ofSigmaAndVector 19
iter from getPCG1ofSigmaAndVector 19
iter from getPCG1ofSigmaAndVector 19
iter from getPCG1ofSigmaAndVector 19
iter from getPCG1ofSigmaAndVector 19
iter from getPCG1ofSigmaAndVector 19
iter from getPCG1ofSigmaAndVector 19
iter from getPCG1ofSigmaAndVector 19
iter from getPCG1ofSigmaAndVector 19
dim temp_mat_update30 3
Trace
   2.3931e+03
   6.7881e+02
   7.7075e+02
check 2
score1
   2.0408e+02
   1.0137e+02
   9.9208e+01
YPAPY
   2.5972e+03
   7.8018e+02
   8.6996e+02
Trace
   2.3931e+03
   6.7881e+02
   7.7075e+02
score
   2.0408e+02
   1.0137e+02
   9.9208e+01
Dtau
   0.0286
   0.0603
  -0.0043
score1
   2.0408e+02
   1.0137e+02
   9.9208e+01
AI1
   6.1327e+03   5.1423e+02   5.9862e+02
   5.1423e+02   1.5428e+03   1.4835e+03
   5.9862e+02   1.4835e+03   1.7155e+03
k1 3
fixtauVec
        0
        0
        0
i 0
i 1
i 2
Dtau_k1
   0.0286
   0.0603
  -0.0043
t_end_fitglmmaiRPCG - t_begin_fitglmmaiRPCG
   user  system elapsed 
  0.298   0.004   0.301 
[1] 0.02612829 0.20122653 0.00759427
tau:  0.5524313 0.1699796 0.2716182 
tau0:  0.5237889 0.1096801 0.2759283 

Iteration  3 0.5524313 0.1699796 0.2716182 :
tau0_v1:  0.5524313 0.1699796 0.2716182 
before Sigma_iY
Yvec.n_elem 2000
iter from getPCG1ofSigmaAndVector 22
after Sigma_iY
iter from getPCG1ofSigmaAndVector 15
iter from getPCG1ofSigmaAndVector 18
cov
   0.0180  -0.0028
  -0.0028   0.0056
Tau:
[1] 0.5524313 0.1699796 0.2716182
Fixed-effect coefficients:
          [,1]
[1,] 0.9714586
[2,] 0.6373030
[1] "alpha"
          [,1]
[1,] 0.9714586
[2,] 0.6373030
[1] "alpha0"
          [,1]
[1,] 0.9734728
[2,] 0.6376270
[1] "y[1]"
   1 
1.74 
[1] "y[2]"
   2 
1.58 
[1] "alpha"
          [,1]
[1,] 0.9714586
[2,] 0.6373030
t_end_Get_Coef - t_begin_Get_Coef
   user  system elapsed 
  0.025   0.000   0.026 
check 1
fixtauVec
        0
        0
        0
k1 3
Ibvec.n_elem 400
g_I_longl_mat.n_rows 2000
iter from getPCG1ofSigmaAndVector 22
GRM_I_bvec.n_elem 400
iter from getPCG1ofSigmaAndVector 19
iter from getPCG1ofSigmaAndVector 19
AI
   5.1828e+03   3.7711e+02   4.4464e+02
   3.7711e+02   1.0241e+03   1.0755e+03
   4.4464e+02   1.0755e+03   1.2624e+03
YPAPY
   2.3092e+03
   6.2119e+02
   7.0823e+02
YPAPY
   2.3092e+03
   6.2119e+02
   7.0823e+02
idxtau
        0
        1
        2
iter from getPCG1ofSigmaAndVector 22
iter from getPCG1ofSigmaAndVector 21
iter from getPCG1ofSigmaAndVector 22
iter from getPCG1ofSigmaAndVector 22
iter from getPCG1ofSigmaAndVector 21
iter from getPCG1ofSigmaAndVector 22
iter from getPCG1ofSigmaAndVector 22
iter from getPCG1ofSigmaAndVector 21
iter from getPCG1ofSigmaAndVector 23
iter from getPCG1ofSigmaAndVector 22
iter from getPCG1ofSigmaAndVector 21
iter from getPCG1ofSigmaAndVector 22
iter from getPCG1ofSigmaAndVector 22
iter from getPCG1ofSigmaAndVector 22
iter from getPCG1ofSigmaAndVector 21
iter from getPCG1ofSigmaAndVector 22
iter from getPCG1ofSigmaAndVector 22
iter from getPCG1ofSigmaAndVector 21
iter from getPCG1ofSigmaAndVector 21
iter from getPCG1ofSigmaAndVector 21
iter from getPCG1ofSigmaAndVector 21
iter from getPCG1ofSigmaAndVector 22
iter from getPCG1ofSigmaAndVector 21
iter from getPCG1ofSigmaAndVector 21
iter from getPCG1ofSigmaAndVector 21
iter from getPCG1ofSigmaAndVector 23
iter from getPCG1ofSigmaAndVector 22
iter from getPCG1ofSigmaAndVector 21
iter from getPCG1ofSigmaAndVector 21
iter from getPCG1ofSigmaAndVector 22
dim temp_mat_update30 3
Trace
   2.2587e+03
   6.0734e+02
   6.9586e+02
check 2
score1
   50.4868
   13.8511
   12.3665
YPAPY
   2.3092e+03
   6.2119e+02
   7.0823e+02
Trace
   2.2587e+03
   6.0734e+02
   6.9586e+02
score
   50.4868
   13.8511
   12.3665
Dtau
   0.0092
   0.0309
  -0.0198
score1
   50.4868
   13.8511
   12.3665
AI1
   5.1828e+03   3.7711e+02   4.4464e+02
   3.7711e+02   1.0241e+03   1.0755e+03
   4.4464e+02   1.0755e+03   1.2624e+03
k1 3
fixtauVec
        0
        0
        0
i 0
i 1
i 2
Dtau_k1
   0.0092
   0.0309
  -0.0198
t_end_fitglmmaiRPCG - t_begin_fitglmmaiRPCG
   user  system elapsed 
  0.339   0.000   0.339 
[1] 0.008102502 0.079037206 0.036355709
tau:  0.5616199 0.2008713 0.2518597 
tau0:  0.5524313 0.1699796 0.2716182 

Iteration  4 0.5616199 0.2008713 0.2518597 :
tau0_v1:  0.5616199 0.2008713 0.2518597 
before Sigma_iY
Yvec.n_elem 2000
iter from getPCG1ofSigmaAndVector 24
after Sigma_iY
iter from getPCG1ofSigmaAndVector 15
iter from getPCG1ofSigmaAndVector 18
cov
   0.0207  -0.0028
  -0.0028   0.0057
Tau:
[1] 0.5616199 0.2008713 0.2518597
Fixed-effect coefficients:
          [,1]
[1,] 0.9706769
[2,] 0.6371835
[1] "alpha"
          [,1]
[1,] 0.9706769
[2,] 0.6371835
[1] "alpha0"
          [,1]
[1,] 0.9714586
[2,] 0.6373030
[1] "y[1]"
   1 
1.74 
[1] "y[2]"
   2 
1.58 
[1] "alpha"
          [,1]
[1,] 0.9706769
[2,] 0.6371835
t_end_Get_Coef - t_begin_Get_Coef
   user  system elapsed 
  0.028   0.000   0.027 
check 1
fixtauVec
        0
        0
        0
k1 3
Ibvec.n_elem 400
g_I_longl_mat.n_rows 2000
iter from getPCG1ofSigmaAndVector 23
GRM_I_bvec.n_elem 400
iter from getPCG1ofSigmaAndVector 20
iter from getPCG1ofSigmaAndVector 20
AI
   4.9334e+03   3.5863e+02   4.2467e+02
   3.5863e+02   9.4450e+02   1.0219e+03
   4.2467e+02   1.0219e+03   1.2059e+03
YPAPY
   2.2347e+03
   5.9688e+02
   6.8628e+02
YPAPY
   2.2347e+03
   5.9688e+02
   6.8628e+02
idxtau
        0
        1
        2
iter from getPCG1ofSigmaAndVector 24
iter from getPCG1ofSigmaAndVector 24
iter from getPCG1ofSigmaAndVector 25
iter from getPCG1ofSigmaAndVector 23
iter from getPCG1ofSigmaAndVector 25
iter from getPCG1ofSigmaAndVector 24
iter from getPCG1ofSigmaAndVector 24
iter from getPCG1ofSigmaAndVector 25
iter from getPCG1ofSigmaAndVector 24
iter from getPCG1ofSigmaAndVector 24
iter from getPCG1ofSigmaAndVector 24
iter from getPCG1ofSigmaAndVector 24
iter from getPCG1ofSigmaAndVector 24
iter from getPCG1ofSigmaAndVector 25
iter from getPCG1ofSigmaAndVector 24
iter from getPCG1ofSigmaAndVector 25
iter from getPCG1ofSigmaAndVector 24
iter from getPCG1ofSigmaAndVector 25
iter from getPCG1ofSigmaAndVector 24
iter from getPCG1ofSigmaAndVector 24
iter from getPCG1ofSigmaAndVector 22
iter from getPCG1ofSigmaAndVector 23
iter from getPCG1ofSigmaAndVector 23
iter from getPCG1ofSigmaAndVector 23
iter from getPCG1ofSigmaAndVector 23
iter from getPCG1ofSigmaAndVector 23
iter from getPCG1ofSigmaAndVector 24
iter from getPCG1ofSigmaAndVector 24
iter from getPCG1ofSigmaAndVector 24
iter from getPCG1ofSigmaAndVector 24
dim temp_mat_update30 3
Trace
   2.2220e+03
   5.9556e+02
   6.8505e+02
check 2
score1
   12.7788
    1.3215
    1.2371
YPAPY
   2.2347e+03
   5.9688e+02
   6.8628e+02
Trace
   2.2220e+03
   5.9556e+02
   6.8505e+02
score
   12.7788
    1.3215
    1.2371
Dtau
   0.0026
   0.0035
  -0.0029
score1
   12.7788
    1.3215
    1.2371
AI1
   4.9334e+03   3.5863e+02   4.2467e+02
   3.5863e+02   9.4450e+02   1.0219e+03
   4.2467e+02   1.0219e+03   1.2059e+03
k1 3
fixtauVec
        0
        0
        0
i 0
i 1
i 2
Dtau_k1
   0.0026
   0.0035
  -0.0029
t_end_fitglmmaiRPCG - t_begin_fitglmmaiRPCG
   user  system elapsed 
  0.370   0.000   0.371 
[1] 0.002252638 0.008284702 0.005508176
tau:  0.5642011 0.2043945 0.2489907 
tau0:  0.5616199 0.2008713 0.2518597 

Final  0.5642011 0.2043945 0.2489907 :
before Sigma_iY
Yvec.n_elem 2000
iter from getPCG1ofSigmaAndVector 23
after Sigma_iY
iter from getPCG1ofSigmaAndVector 15
iter from getPCG1ofSigmaAndVector 18
cov
   0.0210  -0.0029
  -0.0029   0.0057
Tau:
[1] 0.5642011 0.2043945 0.2489907
Fixed-effect coefficients:
          [,1]
[1,] 0.9705930
[2,] 0.6371758
[1] "alpha"
          [,1]
[1,] 0.9705930
[2,] 0.6371758
[1] "alpha0"
          [,1]
[1,] 0.9706769
[2,] 0.6371835
[1] "y[1]"
   1 
1.74 
[1] "y[2]"
   2 
1.58 
[1] "alpha"
          [,1]
[1,] 0.9705930
[2,] 0.6371758
t_end_null - t_begin, fitting the NULL model without LOCO took
   user  system elapsed 
  2.347   0.016   2.366 
    IID X.Intercept. sex y.repeated       wts IndexPheno IndexGeno covoffset
1     1            1   0       1.74 0.4012430        752         1         0
2     1            1   0       1.58 0.4055685       1537         1         0
3     1            1   0       2.20 0.6520266        885         1         0
4     1            1   0       2.41 0.6367061       1117         1         0
5     1            1   0       1.83 0.3287380       1036         1         0
556   2            1   1       2.11 0.4557400       1517         2         0
    sex
1     0
2     0
3     0
4     0
5     0
556   1
[1] 0.6371758
iter from getPCG1ofSigmaAndVector 8
iter from getPCG1ofSigmaAndVector 9
   user  system elapsed 
  4.075   0.148   4.243 
t_end - t_begin, fitting the NULL model took
   user  system elapsed 
  2.514   0.020   2.538 
Skip estimating variance ratios
