* installing *source* package 'SAIGE' ...
staged installation is only possible with locking
** using non-staged installation
** libs
x86_64-conda-linux-gnu-c++ -std=gnu++11 -I"/stanley/genetics/users/wzhou/.conda/envs/RSAIGE/lib/R/include" -DNDEBUG -I ../thirdParty/cget/include -I ../thirdParty/cget/lib -I ../thirdParty/cget/lib64 -D SQLITE_ENABLE_COLUMN_METADATA -O3 -fpic -Wall -Wextra -pedantic  -DARMA_64BIT_WORD=1 -D__STDC_FORMAT_MACROS -I'/stanley/genetics/users/wzhou/.conda/envs/RSAIGE/lib/R/library/Rcpp/include' -I'/stanley/genetics/users/wzhou/.conda/envs/RSAIGE/lib/R/library/RcppArmadillo/include' -I'/stanley/genetics/users/wzhou/.conda/envs/RSAIGE/lib/R/library/RcppParallel/include' -I'/stanley/genetics/users/wzhou/.conda/envs/RSAIGE/lib/R/library/data.table/include' -I'/stanley/genetics/users/wzhou/.conda/envs/RSAIGE/lib/R/library/SPAtest/include' -I'/stanley/genetics/users/wzhou/.conda/envs/RSAIGE/lib/R/library/RcppEigen/include' -I'/stanley/genetics/users/wzhou/.conda/envs/RSAIGE/lib/R/library/Matrix/include' -I'/stanley/genetics/users/wzhou/.conda/envs/RSAIGE/lib/R/library/methods/include' -I'/stanley/genetics/users/wzhou/.conda/envs/RSAIGE/lib/R/library/BH/include' -I'/stanley/genetics/users/wzhou/.conda/envs/RSAIGE/lib/R/library/optparse/include' -I'/stanley/genetics/users/wzhou/.conda/envs/RSAIGE/lib/R/library/SKAT/include' -I'/stanley/genetics/users/wzhou/.conda/envs/RSAIGE/lib/R/library/MetaSKAT/include' -I'/stanley/genetics/users/wzhou/.conda/envs/RSAIGE/lib/R/library/qlcMatrix/include' -I'/stanley/genetics/users/wzhou/.conda/envs/RSAIGE/lib/R/library/RhpcBLASctl/include' -I'/stanley/genetics/users/wzhou/.conda/envs/RSAIGE/lib/R/library/RSQLite/include' -I'/stanley/genetics/users/wzhou/.conda/envs/RSAIGE/lib/R/library/dplyr/include' -I'/stanley/genetics/users/wzhou/.conda/envs/RSAIGE/lib/R/library/nlme/include' -I'/stanley/genetics/users/wzhou/.conda/envs/RSAIGE/lib/R/library/MASS/include' -I'/stanley/genetics/users/wzhou/.conda/envs/RSAIGE/lib/R/library/RcppNumerical/include' -DNDEBUG -D_FORTIFY_SOURCE=2 -O2 -isystem /stanley/genetics/users/wzhou/.conda/envs/RSAIGE/include -I/stanley/genetics/users/wzhou/.conda/envs/RSAIGE/include -Wl,-rpath-link,/stanley/genetics/users/wzhou/.conda/envs/RSAIGE/lib   -fpic  -fvisibility-inlines-hidden  -fmessage-length=0 -march=nocona -mtune=haswell -ftree-vectorize -fPIC -fstack-protector-strong -fno-plt -O2 -ffunction-sections -pipe -isystem /stanley/genetics/users/wzhou/.conda/envs/RSAIGE/include -fdebug-prefix-map=/home/conda/feedstock_root/build_artifacts/r-base-split_1648745733215/work=/usr/local/src/conda/r-base-4.1.3 -fdebug-prefix-map=/stanley/genetics/users/wzhou/.conda/envs/RSAIGE=/usr/local/src/conda-prefix  -c SAIGE_test.cpp -o SAIGE_test.o
In file included from /stanley/genetics/users/wzhou/.conda/envs/RSAIGE/lib/R/library/Rcpp/include/RcppCommon.h:127,
                 from /stanley/genetics/users/wzhou/.conda/envs/RSAIGE/lib/R/library/RcppArmadillo/include/RcppArmadilloForward.h:25,
                 from /stanley/genetics/users/wzhou/.conda/envs/RSAIGE/lib/R/library/RcppArmadillo/include/RcppArmadillo.h:29,
                 from SAIGE_test.cpp:6:
/stanley/genetics/users/wzhou/.conda/envs/RSAIGE/lib/R/library/Rcpp/include/Rcpp/routines.h: In function 'const char* Rcpp::type2name(SEXP)':
/stanley/genetics/users/wzhou/.conda/envs/RSAIGE/lib/R/library/Rcpp/include/Rcpp/routines.h:82:35: warning: cast between incompatible function types from 'DL_FUNC' {aka 'void* (*)()'} to 'Fun' {aka 'const char* (*)(SEXPREC*)'} [-Wcast-function-type]
   82 |     #define GET_CALLABLE(__FUN__) (Fun) R_GetCCallable( "Rcpp", __FUN__ )
      |                                   ^~~~~~~~~~~~~~~~~~~~~~~~~~~~~~~~~~~~~~~
/stanley/genetics/users/wzhou/.conda/envs/RSAIGE/lib/R/library/Rcpp/include/Rcpp/routines.h:86:26: note: in expansion of macro 'GET_CALLABLE'
   86 |         static Fun fun = GET_CALLABLE("type2name");
      |                          ^~~~~~~~~~~~
/stanley/genetics/users/wzhou/.conda/envs/RSAIGE/lib/R/library/Rcpp/include/Rcpp/routines.h: In function 'long unsigned int Rcpp::internal::enterRNGScope()':
/stanley/genetics/users/wzhou/.conda/envs/RSAIGE/lib/R/library/Rcpp/include/Rcpp/routines.h:82:35: warning: cast between incompatible function types from 'DL_FUNC' {aka 'void* (*)()'} to 'Fun' {aka 'long unsigned int (*)()'} [-Wcast-function-type]
   82 |     #define GET_CALLABLE(__FUN__) (Fun) R_GetCCallable( "Rcpp", __FUN__ )
      |                                   ^~~~~~~~~~~~~~~~~~~~~~~~~~~~~~~~~~~~~~~
/stanley/genetics/users/wzhou/.conda/envs/RSAIGE/lib/R/library/Rcpp/include/Rcpp/routines.h:93:30: note: in expansion of macro 'GET_CALLABLE'
   93 |             static Fun fun = GET_CALLABLE("enterRNGScope");
      |                              ^~~~~~~~~~~~
/stanley/genetics/users/wzhou/.conda/envs/RSAIGE/lib/R/library/Rcpp/include/Rcpp/routines.h: In function 'long unsigned int Rcpp::internal::exitRNGScope()':
/stanley/genetics/users/wzhou/.conda/envs/RSAIGE/lib/R/library/Rcpp/include/Rcpp/routines.h:82:35: warning: cast between incompatible function types from 'DL_FUNC' {aka 'void* (*)()'} to 'Fun' {aka 'long unsigned int (*)()'} [-Wcast-function-type]
   82 |     #define GET_CALLABLE(__FUN__) (Fun) R_GetCCallable( "Rcpp", __FUN__ )
      |                                   ^~~~~~~~~~~~~~~~~~~~~~~~~~~~~~~~~~~~~~~
/stanley/genetics/users/wzhou/.conda/envs/RSAIGE/lib/R/library/Rcpp/include/Rcpp/routines.h:99:30: note: in expansion of macro 'GET_CALLABLE'
   99 |             static Fun fun = GET_CALLABLE("exitRNGScope");
      |                              ^~~~~~~~~~~~
/stanley/genetics/users/wzhou/.conda/envs/RSAIGE/lib/R/library/Rcpp/include/Rcpp/routines.h: In function 'long unsigned int Rcpp::internal::beginSuspendRNGSynchronization()':
/stanley/genetics/users/wzhou/.conda/envs/RSAIGE/lib/R/library/Rcpp/include/Rcpp/routines.h:82:35: warning: cast between incompatible function types from 'DL_FUNC' {aka 'void* (*)()'} to 'Fun' {aka 'long unsigned int (*)()'} [-Wcast-function-type]
   82 |     #define GET_CALLABLE(__FUN__) (Fun) R_GetCCallable( "Rcpp", __FUN__ )
      |                                   ^~~~~~~~~~~~~~~~~~~~~~~~~~~~~~~~~~~~~~~
/stanley/genetics/users/wzhou/.conda/envs/RSAIGE/lib/R/library/Rcpp/include/Rcpp/routines.h:105:30: note: in expansion of macro 'GET_CALLABLE'
  105 |             static Fun fun = GET_CALLABLE("beginSuspendRNGSynchronization");
      |                              ^~~~~~~~~~~~
/stanley/genetics/users/wzhou/.conda/envs/RSAIGE/lib/R/library/Rcpp/include/Rcpp/routines.h: In function 'long unsigned int Rcpp::internal::endSuspendRNGSynchronization()':
/stanley/genetics/users/wzhou/.conda/envs/RSAIGE/lib/R/library/Rcpp/include/Rcpp/routines.h:82:35: warning: cast between incompatible function types from 'DL_FUNC' {aka 'void* (*)()'} to 'Fun' {aka 'long unsigned int (*)()'} [-Wcast-function-type]
   82 |     #define GET_CALLABLE(__FUN__) (Fun) R_GetCCallable( "Rcpp", __FUN__ )
      |                                   ^~~~~~~~~~~~~~~~~~~~~~~~~~~~~~~~~~~~~~~
/stanley/genetics/users/wzhou/.conda/envs/RSAIGE/lib/R/library/Rcpp/include/Rcpp/routines.h:111:30: note: in expansion of macro 'GET_CALLABLE'
  111 |             static Fun fun = GET_CALLABLE("endSuspendRNGSynchronization");
      |                              ^~~~~~~~~~~~
/stanley/genetics/users/wzhou/.conda/envs/RSAIGE/lib/R/library/Rcpp/include/Rcpp/routines.h: In function 'double Rcpp::mktime00(tm&)':
/stanley/genetics/users/wzhou/.conda/envs/RSAIGE/lib/R/library/Rcpp/include/Rcpp/routines.h:82:35: warning: cast between incompatible function types from 'DL_FUNC' {aka 'void* (*)()'} to 'Fun' {aka 'double (*)(tm&)'} [-Wcast-function-type]
   82 |     #define GET_CALLABLE(__FUN__) (Fun) R_GetCCallable( "Rcpp", __FUN__ )
      |                                   ^~~~~~~~~~~~~~~~~~~~~~~~~~~~~~~~~~~~~~~
/stanley/genetics/users/wzhou/.conda/envs/RSAIGE/lib/R/library/Rcpp/include/Rcpp/routines.h:132:26: note: in expansion of macro 'GET_CALLABLE'
  132 |         static Fun fun = GET_CALLABLE("mktime00");
      |                          ^~~~~~~~~~~~
/stanley/genetics/users/wzhou/.conda/envs/RSAIGE/lib/R/library/Rcpp/include/Rcpp/routines.h: In function 'tm* Rcpp::gmtime_(const time_t*)':
/stanley/genetics/users/wzhou/.conda/envs/RSAIGE/lib/R/library/Rcpp/include/Rcpp/routines.h:82:35: warning: cast between incompatible function types from 'DL_FUNC' {aka 'void* (*)()'} to 'Fun' {aka 'tm* (*)(const long int*)'} [-Wcast-function-type]
   82 |     #define GET_CALLABLE(__FUN__) (Fun) R_GetCCallable( "Rcpp", __FUN__ )
      |                                   ^~~~~~~~~~~~~~~~~~~~~~~~~~~~~~~~~~~~~~~
/stanley/genetics/users/wzhou/.conda/envs/RSAIGE/lib/R/library/Rcpp/include/Rcpp/routines.h:138:27: note: in expansion of macro 'GET_CALLABLE'
  138 |         static Fun fun =  GET_CALLABLE("gmtime_");
      |                           ^~~~~~~~~~~~
/stanley/genetics/users/wzhou/.conda/envs/RSAIGE/lib/R/library/Rcpp/include/Rcpp/routines.h: In function 'SEXPREC* Rcpp::Rcpp_precious_preserve(SEXP)':
/stanley/genetics/users/wzhou/.conda/envs/RSAIGE/lib/R/library/Rcpp/include/Rcpp/routines.h:82:35: warning: cast between incompatible function types from 'DL_FUNC' {aka 'void* (*)()'} to 'Fun' {aka 'SEXPREC* (*)(SEXPREC*)'} [-Wcast-function-type]
   82 |     #define GET_CALLABLE(__FUN__) (Fun) R_GetCCallable( "Rcpp", __FUN__ )
      |                                   ^~~~~~~~~~~~~~~~~~~~~~~~~~~~~~~~~~~~~~~
/stanley/genetics/users/wzhou/.conda/envs/RSAIGE/lib/R/library/Rcpp/include/Rcpp/routines.h:154:26: note: in expansion of macro 'GET_CALLABLE'
  154 |         static Fun fun = GET_CALLABLE("Rcpp_precious_preserve");
      |                          ^~~~~~~~~~~~
/stanley/genetics/users/wzhou/.conda/envs/RSAIGE/lib/R/library/Rcpp/include/Rcpp/routines.h: In function 'void Rcpp::Rcpp_precious_remove(SEXP)':
/stanley/genetics/users/wzhou/.conda/envs/RSAIGE/lib/R/library/Rcpp/include/Rcpp/routines.h:82:35: warning: cast between incompatible function types from 'DL_FUNC' {aka 'void* (*)()'} to 'Fun' {aka 'void (*)(SEXPREC*)'} [-Wcast-function-type]
   82 |     #define GET_CALLABLE(__FUN__) (Fun) R_GetCCallable( "Rcpp", __FUN__ )
      |                                   ^~~~~~~~~~~~~~~~~~~~~~~~~~~~~~~~~~~~~~~
/stanley/genetics/users/wzhou/.conda/envs/RSAIGE/lib/R/library/Rcpp/include/Rcpp/routines.h:159:26: note: in expansion of macro 'GET_CALLABLE'
  159 |         static Fun fun = GET_CALLABLE("Rcpp_precious_remove");
      |                          ^~~~~~~~~~~~
/stanley/genetics/users/wzhou/.conda/envs/RSAIGE/lib/R/library/Rcpp/include/Rcpp/routines.h: In function 'Rcpp::Rostream<true>& Rcpp::Rcpp_cout_get()':
/stanley/genetics/users/wzhou/.conda/envs/RSAIGE/lib/R/library/Rcpp/include/Rcpp/routines.h:82:35: warning: cast between incompatible function types from 'DL_FUNC' {aka 'void* (*)()'} to 'Fun' {aka 'Rcpp::Rostream<true>& (*)()'} [-Wcast-function-type]
   82 |     #define GET_CALLABLE(__FUN__) (Fun) R_GetCCallable( "Rcpp", __FUN__ )
      |                                   ^~~~~~~~~~~~~~~~~~~~~~~~~~~~~~~~~~~~~~~
/stanley/genetics/users/wzhou/.conda/envs/RSAIGE/lib/R/library/Rcpp/include/Rcpp/routines.h:165:26: note: in expansion of macro 'GET_CALLABLE'
  165 |         static Fun fun = GET_CALLABLE("Rcpp_cout_get");
      |                          ^~~~~~~~~~~~
/stanley/genetics/users/wzhou/.conda/envs/RSAIGE/lib/R/library/Rcpp/include/Rcpp/routines.h: In function 'Rcpp::Rostream<false>& Rcpp::Rcpp_cerr_get()':
/stanley/genetics/users/wzhou/.conda/envs/RSAIGE/lib/R/library/Rcpp/include/Rcpp/routines.h:82:35: warning: cast between incompatible function types from 'DL_FUNC' {aka 'void* (*)()'} to 'Fun' {aka 'Rcpp::Rostream<false>& (*)()'} [-Wcast-function-type]
   82 |     #define GET_CALLABLE(__FUN__) (Fun) R_GetCCallable( "Rcpp", __FUN__ )
      |                                   ^~~~~~~~~~~~~~~~~~~~~~~~~~~~~~~~~~~~~~~
/stanley/genetics/users/wzhou/.conda/envs/RSAIGE/lib/R/library/Rcpp/include/Rcpp/routines.h:170:26: note: in expansion of macro 'GET_CALLABLE'
  170 |         static Fun fun = GET_CALLABLE("Rcpp_cerr_get");
      |                          ^~~~~~~~~~~~
/stanley/genetics/users/wzhou/.conda/envs/RSAIGE/lib/R/library/Rcpp/include/Rcpp/routines.h: In function 'SEXPREC* rcpp_set_stack_trace(SEXP)':
/stanley/genetics/users/wzhou/.conda/envs/RSAIGE/lib/R/library/Rcpp/include/Rcpp/routines.h:82:35: warning: cast between incompatible function types from 'DL_FUNC' {aka 'void* (*)()'} to 'Fun' {aka 'SEXPREC* (*)(SEXPREC*)'} [-Wcast-function-type]
   82 |     #define GET_CALLABLE(__FUN__) (Fun) R_GetCCallable( "Rcpp", __FUN__ )
      |                                   ^~~~~~~~~~~~~~~~~~~~~~~~~~~~~~~~~~~~~~~
/stanley/genetics/users/wzhou/.conda/envs/RSAIGE/lib/R/library/Rcpp/include/Rcpp/routines.h:188:23: note: in expansion of macro 'GET_CALLABLE'
  188 |     static Fun fun =  GET_CALLABLE("rcpp_set_stack_trace");
      |                       ^~~~~~~~~~~~
/stanley/genetics/users/wzhou/.conda/envs/RSAIGE/lib/R/library/Rcpp/include/Rcpp/routines.h: In function 'std::string demangle(const string&)':
/stanley/genetics/users/wzhou/.conda/envs/RSAIGE/lib/R/library/Rcpp/include/Rcpp/routines.h:82:35: warning: cast between incompatible function types from 'DL_FUNC' {aka 'void* (*)()'} to 'Fun' {aka 'std::__cxx11::basic_string<char> (*)(const std::__cxx11::basic_string<char>&)'} [-Wcast-function-type]
   82 |     #define GET_CALLABLE(__FUN__) (Fun) R_GetCCallable( "Rcpp", __FUN__ )
      |                                   ^~~~~~~~~~~~~~~~~~~~~~~~~~~~~~~~~~~~~~~
/stanley/genetics/users/wzhou/.conda/envs/RSAIGE/lib/R/library/Rcpp/include/Rcpp/routines.h:194:22: note: in expansion of macro 'GET_CALLABLE'
  194 |     static Fun fun = GET_CALLABLE("demangle");
      |                      ^~~~~~~~~~~~
/stanley/genetics/users/wzhou/.conda/envs/RSAIGE/lib/R/library/Rcpp/include/Rcpp/routines.h: In function 'const char* short_file_name(const char*)':
/stanley/genetics/users/wzhou/.conda/envs/RSAIGE/lib/R/library/Rcpp/include/Rcpp/routines.h:82:35: warning: cast between incompatible function types from 'DL_FUNC' {aka 'void* (*)()'} to 'Fun' {aka 'const char* (*)(const char*)'} [-Wcast-function-type]
   82 |     #define GET_CALLABLE(__FUN__) (Fun) R_GetCCallable( "Rcpp", __FUN__ )
      |                                   ^~~~~~~~~~~~~~~~~~~~~~~~~~~~~~~~~~~~~~~
/stanley/genetics/users/wzhou/.conda/envs/RSAIGE/lib/R/library/Rcpp/include/Rcpp/routines.h:200:22: note: in expansion of macro 'GET_CALLABLE'
  200 |     static Fun fun = GET_CALLABLE("short_file_name");
      |                      ^~~~~~~~~~~~
/stanley/genetics/users/wzhou/.conda/envs/RSAIGE/lib/R/library/Rcpp/include/Rcpp/routines.h: In function 'SEXPREC* stack_trace(const char*, int)':
/stanley/genetics/users/wzhou/.conda/envs/RSAIGE/lib/R/library/Rcpp/include/Rcpp/routines.h:82:35: warning: cast between incompatible function types from 'DL_FUNC' {aka 'void* (*)()'} to 'Fun' {aka 'SEXPREC* (*)(const char*, int)'} [-Wcast-function-type]
   82 |     #define GET_CALLABLE(__FUN__) (Fun) R_GetCCallable( "Rcpp", __FUN__ )
      |                                   ^~~~~~~~~~~~~~~~~~~~~~~~~~~~~~~~~~~~~~~
/stanley/genetics/users/wzhou/.conda/envs/RSAIGE/lib/R/library/Rcpp/include/Rcpp/routines.h:206:22: note: in expansion of macro 'GET_CALLABLE'
  206 |     static Fun fun = GET_CALLABLE("stack_trace");
      |                      ^~~~~~~~~~~~
/stanley/genetics/users/wzhou/.conda/envs/RSAIGE/lib/R/library/Rcpp/include/Rcpp/routines.h: In function 'SEXPREC* get_string_elt(SEXP, R_xlen_t)':
/stanley/genetics/users/wzhou/.conda/envs/RSAIGE/lib/R/library/Rcpp/include/Rcpp/routines.h:82:35: warning: cast between incompatible function types from 'DL_FUNC' {aka 'void* (*)()'} to 'Fun' {aka 'SEXPREC* (*)(SEXPREC*, long int)'} [-Wcast-function-type]
   82 |     #define GET_CALLABLE(__FUN__) (Fun) R_GetCCallable( "Rcpp", __FUN__ )
      |                                   ^~~~~~~~~~~~~~~~~~~~~~~~~~~~~~~~~~~~~~~
/stanley/genetics/users/wzhou/.conda/envs/RSAIGE/lib/R/library/Rcpp/include/Rcpp/routines.h:212:22: note: in expansion of macro 'GET_CALLABLE'
  212 |     static Fun fun = GET_CALLABLE("get_string_elt");
      |                      ^~~~~~~~~~~~
/stanley/genetics/users/wzhou/.conda/envs/RSAIGE/lib/R/library/Rcpp/include/Rcpp/routines.h: In function 'const char* char_get_string_elt(SEXP, R_xlen_t)':
/stanley/genetics/users/wzhou/.conda/envs/RSAIGE/lib/R/library/Rcpp/include/Rcpp/routines.h:82:35: warning: cast between incompatible function types from 'DL_FUNC' {aka 'void* (*)()'} to 'Fun' {aka 'const char* (*)(SEXPREC*, long int)'} [-Wcast-function-type]
   82 |     #define GET_CALLABLE(__FUN__) (Fun) R_GetCCallable( "Rcpp", __FUN__ )
      |                                   ^~~~~~~~~~~~~~~~~~~~~~~~~~~~~~~~~~~~~~~
/stanley/genetics/users/wzhou/.conda/envs/RSAIGE/lib/R/library/Rcpp/include/Rcpp/routines.h:218:22: note: in expansion of macro 'GET_CALLABLE'
  218 |     static Fun fun = GET_CALLABLE("char_get_string_elt");
      |                      ^~~~~~~~~~~~
/stanley/genetics/users/wzhou/.conda/envs/RSAIGE/lib/R/library/Rcpp/include/Rcpp/routines.h: In function 'void set_string_elt(SEXP, R_xlen_t, SEXP)':
/stanley/genetics/users/wzhou/.conda/envs/RSAIGE/lib/R/library/Rcpp/include/Rcpp/routines.h:82:35: warning: cast between incompatible function types from 'DL_FUNC' {aka 'void* (*)()'} to 'Fun' {aka 'void (*)(SEXPREC*, long int, SEXPREC*)'} [-Wcast-function-type]
   82 |     #define GET_CALLABLE(__FUN__) (Fun) R_GetCCallable( "Rcpp", __FUN__ )
      |                                   ^~~~~~~~~~~~~~~~~~~~~~~~~~~~~~~~~~~~~~~
/stanley/genetics/users/wzhou/.conda/envs/RSAIGE/lib/R/library/Rcpp/include/Rcpp/routines.h:224:22: note: in expansion of macro 'GET_CALLABLE'
  224 |     static Fun fun = GET_CALLABLE("set_string_elt");
      |                      ^~~~~~~~~~~~
/stanley/genetics/users/wzhou/.conda/envs/RSAIGE/lib/R/library/Rcpp/include/Rcpp/routines.h: In function 'void char_set_string_elt(SEXP, R_xlen_t, const char*)':
/stanley/genetics/users/wzhou/.conda/envs/RSAIGE/lib/R/library/Rcpp/include/Rcpp/routines.h:82:35: warning: cast between incompatible function types from 'DL_FUNC' {aka 'void* (*)()'} to 'Fun' {aka 'void (*)(SEXPREC*, long int, const char*)'} [-Wcast-function-type]
   82 |     #define GET_CALLABLE(__FUN__) (Fun) R_GetCCallable( "Rcpp", __FUN__ )
      |                                   ^~~~~~~~~~~~~~~~~~~~~~~~~~~~~~~~~~~~~~~
/stanley/genetics/users/wzhou/.conda/envs/RSAIGE/lib/R/library/Rcpp/include/Rcpp/routines.h:230:22: note: in expansion of macro 'GET_CALLABLE'
  230 |     static Fun fun = GET_CALLABLE("char_set_string_elt");
      |                      ^~~~~~~~~~~~
/stanley/genetics/users/wzhou/.conda/envs/RSAIGE/lib/R/library/Rcpp/include/Rcpp/routines.h: In function 'SEXPREC** get_string_ptr(SEXP)':
/stanley/genetics/users/wzhou/.conda/envs/RSAIGE/lib/R/library/Rcpp/include/Rcpp/routines.h:82:35: warning: cast between incompatible function types from 'DL_FUNC' {aka 'void* (*)()'} to 'Fun' {aka 'SEXPREC** (*)(SEXPREC*)'} [-Wcast-function-type]
   82 |     #define GET_CALLABLE(__FUN__) (Fun) R_GetCCallable( "Rcpp", __FUN__ )
      |                                   ^~~~~~~~~~~~~~~~~~~~~~~~~~~~~~~~~~~~~~~
/stanley/genetics/users/wzhou/.conda/envs/RSAIGE/lib/R/library/Rcpp/include/Rcpp/routines.h:236:22: note: in expansion of macro 'GET_CALLABLE'
  236 |     static Fun fun = GET_CALLABLE("get_string_ptr");
      |                      ^~~~~~~~~~~~
/stanley/genetics/users/wzhou/.conda/envs/RSAIGE/lib/R/library/Rcpp/include/Rcpp/routines.h: In function 'SEXPREC* get_vector_elt(SEXP, R_xlen_t)':
/stanley/genetics/users/wzhou/.conda/envs/RSAIGE/lib/R/library/Rcpp/include/Rcpp/routines.h:82:35: warning: cast between incompatible function types from 'DL_FUNC' {aka 'void* (*)()'} to 'Fun' {aka 'SEXPREC* (*)(SEXPREC*, long int)'} [-Wcast-function-type]
   82 |     #define GET_CALLABLE(__FUN__) (Fun) R_GetCCallable( "Rcpp", __FUN__ )
      |                                   ^~~~~~~~~~~~~~~~~~~~~~~~~~~~~~~~~~~~~~~
/stanley/genetics/users/wzhou/.conda/envs/RSAIGE/lib/R/library/Rcpp/include/Rcpp/routines.h:242:22: note: in expansion of macro 'GET_CALLABLE'
  242 |     static Fun fun = GET_CALLABLE("get_vector_elt");
      |                      ^~~~~~~~~~~~
/stanley/genetics/users/wzhou/.conda/envs/RSAIGE/lib/R/library/Rcpp/include/Rcpp/routines.h: In function 'void set_vector_elt(SEXP, R_xlen_t, SEXP)':
/stanley/genetics/users/wzhou/.conda/envs/RSAIGE/lib/R/library/Rcpp/include/Rcpp/routines.h:82:35: warning: cast between incompatible function types from 'DL_FUNC' {aka 'void* (*)()'} to 'Fun' {aka 'void (*)(SEXPREC*, long int, SEXPREC*)'} [-Wcast-function-type]
   82 |     #define GET_CALLABLE(__FUN__) (Fun) R_GetCCallable( "Rcpp", __FUN__ )
      |                                   ^~~~~~~~~~~~~~~~~~~~~~~~~~~~~~~~~~~~~~~
/stanley/genetics/users/wzhou/.conda/envs/RSAIGE/lib/R/library/Rcpp/include/Rcpp/routines.h:248:22: note: in expansion of macro 'GET_CALLABLE'
  248 |     static Fun fun = GET_CALLABLE("set_vector_elt");
      |                      ^~~~~~~~~~~~
/stanley/genetics/users/wzhou/.conda/envs/RSAIGE/lib/R/library/Rcpp/include/Rcpp/routines.h: In function 'SEXPREC** get_vector_ptr(SEXP)':
/stanley/genetics/users/wzhou/.conda/envs/RSAIGE/lib/R/library/Rcpp/include/Rcpp/routines.h:82:35: warning: cast between incompatible function types from 'DL_FUNC' {aka 'void* (*)()'} to 'Fun' {aka 'SEXPREC** (*)(SEXPREC*)'} [-Wcast-function-type]
   82 |     #define GET_CALLABLE(__FUN__) (Fun) R_GetCCallable( "Rcpp", __FUN__ )
      |                                   ^~~~~~~~~~~~~~~~~~~~~~~~~~~~~~~~~~~~~~~
/stanley/genetics/users/wzhou/.conda/envs/RSAIGE/lib/R/library/Rcpp/include/Rcpp/routines.h:254:22: note: in expansion of macro 'GET_CALLABLE'
  254 |     static Fun fun = GET_CALLABLE("get_vector_ptr");
      |                      ^~~~~~~~~~~~
/stanley/genetics/users/wzhou/.conda/envs/RSAIGE/lib/R/library/Rcpp/include/Rcpp/routines.h: In function 'const char* char_nocheck(SEXP)':
/stanley/genetics/users/wzhou/.conda/envs/RSAIGE/lib/R/library/Rcpp/include/Rcpp/routines.h:82:35: warning: cast between incompatible function types from 'DL_FUNC' {aka 'void* (*)()'} to 'Fun' {aka 'const char* (*)(SEXPREC*)'} [-Wcast-function-type]
   82 |     #define GET_CALLABLE(__FUN__) (Fun) R_GetCCallable( "Rcpp", __FUN__ )
      |                                   ^~~~~~~~~~~~~~~~~~~~~~~~~~~~~~~~~~~~~~~
/stanley/genetics/users/wzhou/.conda/envs/RSAIGE/lib/R/library/Rcpp/include/Rcpp/routines.h:260:22: note: in expansion of macro 'GET_CALLABLE'
  260 |     static Fun fun = GET_CALLABLE("char_nocheck");
      |                      ^~~~~~~~~~~~
/stanley/genetics/users/wzhou/.conda/envs/RSAIGE/lib/R/library/Rcpp/include/Rcpp/routines.h: In function 'void* dataptr(SEXP)':
/stanley/genetics/users/wzhou/.conda/envs/RSAIGE/lib/R/library/Rcpp/include/Rcpp/routines.h:82:35: warning: cast between incompatible function types from 'DL_FUNC' {aka 'void* (*)()'} to 'Fun' {aka 'void* (*)(SEXPREC*)'} [-Wcast-function-type]
   82 |     #define GET_CALLABLE(__FUN__) (Fun) R_GetCCallable( "Rcpp", __FUN__ )
      |                                   ^~~~~~~~~~~~~~~~~~~~~~~~~~~~~~~~~~~~~~~
/stanley/genetics/users/wzhou/.conda/envs/RSAIGE/lib/R/library/Rcpp/include/Rcpp/routines.h:266:22: note: in expansion of macro 'GET_CALLABLE'
  266 |     static Fun fun = GET_CALLABLE("dataptr");
      |                      ^~~~~~~~~~~~
/stanley/genetics/users/wzhou/.conda/envs/RSAIGE/lib/R/library/Rcpp/include/Rcpp/routines.h: In function 'void setCurrentScope(Rcpp::Module*)':
/stanley/genetics/users/wzhou/.conda/envs/RSAIGE/lib/R/library/Rcpp/include/Rcpp/routines.h:82:35: warning: cast between incompatible function types from 'DL_FUNC' {aka 'void* (*)()'} to 'Fun' {aka 'void (*)(Rcpp::Module*)'} [-Wcast-function-type]
   82 |     #define GET_CALLABLE(__FUN__) (Fun) R_GetCCallable( "Rcpp", __FUN__ )
      |                                   ^~~~~~~~~~~~~~~~~~~~~~~~~~~~~~~~~~~~~~~
/stanley/genetics/users/wzhou/.conda/envs/RSAIGE/lib/R/library/Rcpp/include/Rcpp/routines.h:278:22: note: in expansion of macro 'GET_CALLABLE'
  278 |     static Fun fun = GET_CALLABLE("setCurrentScope");
      |                      ^~~~~~~~~~~~
/stanley/genetics/users/wzhou/.conda/envs/RSAIGE/lib/R/library/Rcpp/include/Rcpp/routines.h: In function 'int* get_cache(int)':
/stanley/genetics/users/wzhou/.conda/envs/RSAIGE/lib/R/library/Rcpp/include/Rcpp/routines.h:82:35: warning: cast between incompatible function types from 'DL_FUNC' {aka 'void* (*)()'} to 'Fun' {aka 'int* (*)(int)'} [-Wcast-function-type]
   82 |     #define GET_CALLABLE(__FUN__) (Fun) R_GetCCallable( "Rcpp", __FUN__ )
      |                                   ^~~~~~~~~~~~~~~~~~~~~~~~~~~~~~~~~~~~~~~
/stanley/genetics/users/wzhou/.conda/envs/RSAIGE/lib/R/library/Rcpp/include/Rcpp/routines.h:284:22: note: in expansion of macro 'GET_CALLABLE'
  284 |     static Fun fun = GET_CALLABLE("get_cache");
      |                      ^~~~~~~~~~~~
/stanley/genetics/users/wzhou/.conda/envs/RSAIGE/lib/R/library/Rcpp/include/Rcpp/routines.h: In function 'int error_occured()':
/stanley/genetics/users/wzhou/.conda/envs/RSAIGE/lib/R/library/Rcpp/include/Rcpp/routines.h:82:35: warning: cast between incompatible function types from 'DL_FUNC' {aka 'void* (*)()'} to 'Fun' {aka 'int (*)()'} [-Wcast-function-type]
   82 |     #define GET_CALLABLE(__FUN__) (Fun) R_GetCCallable( "Rcpp", __FUN__ )
      |                                   ^~~~~~~~~~~~~~~~~~~~~~~~~~~~~~~~~~~~~~~
/stanley/genetics/users/wzhou/.conda/envs/RSAIGE/lib/R/library/Rcpp/include/Rcpp/routines.h:296:22: note: in expansion of macro 'GET_CALLABLE'
  296 |     static Fun fun = GET_CALLABLE("error_occured");
      |                      ^~~~~~~~~~~~
In file included from /stanley/genetics/users/wzhou/.conda/envs/RSAIGE/lib/R/library/BH/include/boost/mpl/aux_/na_assert.hpp:23,
                 from /stanley/genetics/users/wzhou/.conda/envs/RSAIGE/lib/R/library/BH/include/boost/mpl/arg.hpp:25,
                 from /stanley/genetics/users/wzhou/.conda/envs/RSAIGE/lib/R/library/BH/include/boost/mpl/placeholders.hpp:24,
                 from /stanley/genetics/users/wzhou/.conda/envs/RSAIGE/lib/R/library/BH/include/boost/iterator/iterator_categories.hpp:16,
                 from /stanley/genetics/users/wzhou/.conda/envs/RSAIGE/lib/R/library/BH/include/boost/iterator/iterator_facade.hpp:13,
                 from /stanley/genetics/users/wzhou/.conda/envs/RSAIGE/lib/R/library/BH/include/boost/range/iterator_range_core.hpp:27,
                 from /stanley/genetics/users/wzhou/.conda/envs/RSAIGE/lib/R/library/BH/include/boost/range/iterator_range.hpp:13,
                 from /stanley/genetics/users/wzhou/.conda/envs/RSAIGE/lib/R/library/BH/include/boost/iostreams/traits.hpp:38,
                 from /stanley/genetics/users/wzhou/.conda/envs/RSAIGE/lib/R/library/BH/include/boost/iostreams/detail/dispatch.hpp:17,
                 from /stanley/genetics/users/wzhou/.conda/envs/RSAIGE/lib/R/library/BH/include/boost/iostreams/read.hpp:19,
                 from /stanley/genetics/users/wzhou/.conda/envs/RSAIGE/lib/R/library/BH/include/boost/iostreams/detail/buffer.hpp:20,
                 from /stanley/genetics/users/wzhou/.conda/envs/RSAIGE/lib/R/library/BH/include/boost/iostreams/filter/symmetric.hpp:49,
                 from /stanley/genetics/users/wzhou/.conda/envs/RSAIGE/lib/R/library/BH/include/boost/iostreams/filter/zstd.hpp:27,
                 from SAIGE_test.cpp:19:
/stanley/genetics/users/wzhou/.conda/envs/RSAIGE/lib/R/library/BH/include/boost/mpl/assert.hpp: At global scope:
/stanley/genetics/users/wzhou/.conda/envs/RSAIGE/lib/R/library/BH/include/boost/mpl/assert.hpp:194:21: warning: unnecessary parentheses in declaration of 'assert_arg' [-Wparentheses]
  194 | failed ************ (Pred::************
      |                     ^
/stanley/genetics/users/wzhou/.conda/envs/RSAIGE/lib/R/library/BH/include/boost/mpl/assert.hpp:199:21: warning: unnecessary parentheses in declaration of 'assert_not_arg' [-Wparentheses]
  199 | failed ************ (boost::mpl::not_<Pred>::************
      |                     ^
In file included from /stanley/genetics/users/wzhou/.conda/envs/RSAIGE/lib/R/library/BH/include/boost/smart_ptr/shared_ptr.hpp:17,
                 from /stanley/genetics/users/wzhou/.conda/envs/RSAIGE/lib/R/library/BH/include/boost/shared_ptr.hpp:17,
                 from /stanley/genetics/users/wzhou/.conda/envs/RSAIGE/lib/R/library/BH/include/boost/iostreams/filter/symmetric.hpp:61,
                 from /stanley/genetics/users/wzhou/.conda/envs/RSAIGE/lib/R/library/BH/include/boost/iostreams/filter/zstd.hpp:27,
                 from SAIGE_test.cpp:19:
/stanley/genetics/users/wzhou/.conda/envs/RSAIGE/lib/R/library/BH/include/boost/smart_ptr/detail/shared_count.hpp:361:33: warning: 'template<class> class std::auto_ptr' is deprecated [-Wdeprecated-declarations]
  361 |     explicit shared_count( std::auto_ptr<Y> & r ): pi_( new sp_counted_impl_p<Y>( r.get() ) )
      |                                 ^~~~~~~~
In file included from /stanley/genetics/users/wzhou/.conda/envs/RSAIGE/x86_64-conda-linux-gnu/include/c++/10.3.0/bits/locale_conv.h:41,
                 from /stanley/genetics/users/wzhou/.conda/envs/RSAIGE/x86_64-conda-linux-gnu/include/c++/10.3.0/locale:43,
                 from /stanley/genetics/users/wzhou/.conda/envs/RSAIGE/x86_64-conda-linux-gnu/include/c++/10.3.0/iomanip:43,
                 from /stanley/genetics/users/wzhou/.conda/envs/RSAIGE/lib/R/library/Rcpp/include/RcppCommon.h:53,
                 from /stanley/genetics/users/wzhou/.conda/envs/RSAIGE/lib/R/library/RcppArmadillo/include/RcppArmadilloForward.h:25,
                 from /stanley/genetics/users/wzhou/.conda/envs/RSAIGE/lib/R/library/RcppArmadillo/include/RcppArmadillo.h:29,
                 from SAIGE_test.cpp:6:
/stanley/genetics/users/wzhou/.conda/envs/RSAIGE/x86_64-conda-linux-gnu/include/c++/10.3.0/bits/unique_ptr.h:57:28: note: declared here
   57 |   template<typename> class auto_ptr;
      |                            ^~~~~~~~
In file included from /stanley/genetics/users/wzhou/.conda/envs/RSAIGE/lib/R/library/BH/include/boost/shared_ptr.hpp:17,
                 from /stanley/genetics/users/wzhou/.conda/envs/RSAIGE/lib/R/library/BH/include/boost/iostreams/filter/symmetric.hpp:61,
                 from /stanley/genetics/users/wzhou/.conda/envs/RSAIGE/lib/R/library/BH/include/boost/iostreams/filter/zstd.hpp:27,
                 from SAIGE_test.cpp:19:
/stanley/genetics/users/wzhou/.conda/envs/RSAIGE/lib/R/library/BH/include/boost/smart_ptr/shared_ptr.hpp:250:65: warning: 'template<class> class std::auto_ptr' is deprecated [-Wdeprecated-declarations]
  250 | template< class T, class R > struct sp_enable_if_auto_ptr< std::auto_ptr< T >, R >
      |                                                                 ^~~~~~~~
In file included from /stanley/genetics/users/wzhou/.conda/envs/RSAIGE/x86_64-conda-linux-gnu/include/c++/10.3.0/bits/locale_conv.h:41,
                 from /stanley/genetics/users/wzhou/.conda/envs/RSAIGE/x86_64-conda-linux-gnu/include/c++/10.3.0/locale:43,
                 from /stanley/genetics/users/wzhou/.conda/envs/RSAIGE/x86_64-conda-linux-gnu/include/c++/10.3.0/iomanip:43,
                 from /stanley/genetics/users/wzhou/.conda/envs/RSAIGE/lib/R/library/Rcpp/include/RcppCommon.h:53,
                 from /stanley/genetics/users/wzhou/.conda/envs/RSAIGE/lib/R/library/RcppArmadillo/include/RcppArmadilloForward.h:25,
                 from /stanley/genetics/users/wzhou/.conda/envs/RSAIGE/lib/R/library/RcppArmadillo/include/RcppArmadillo.h:29,
                 from SAIGE_test.cpp:6:
/stanley/genetics/users/wzhou/.conda/envs/RSAIGE/x86_64-conda-linux-gnu/include/c++/10.3.0/bits/unique_ptr.h:57:28: note: declared here
   57 |   template<typename> class auto_ptr;
      |                            ^~~~~~~~
In file included from /stanley/genetics/users/wzhou/.conda/envs/RSAIGE/lib/R/library/BH/include/boost/shared_ptr.hpp:17,
                 from /stanley/genetics/users/wzhou/.conda/envs/RSAIGE/lib/R/library/BH/include/boost/iostreams/filter/symmetric.hpp:61,
                 from /stanley/genetics/users/wzhou/.conda/envs/RSAIGE/lib/R/library/BH/include/boost/iostreams/filter/zstd.hpp:27,
                 from SAIGE_test.cpp:19:
/stanley/genetics/users/wzhou/.conda/envs/RSAIGE/lib/R/library/BH/include/boost/smart_ptr/shared_ptr.hpp:507:31: warning: 'template<class> class std::auto_ptr' is deprecated [-Wdeprecated-declarations]
  507 |     explicit shared_ptr( std::auto_ptr<Y> & r ): px(r.get()), pn()
      |                               ^~~~~~~~
In file included from /stanley/genetics/users/wzhou/.conda/envs/RSAIGE/x86_64-conda-linux-gnu/include/c++/10.3.0/bits/locale_conv.h:41,
                 from /stanley/genetics/users/wzhou/.conda/envs/RSAIGE/x86_64-conda-linux-gnu/include/c++/10.3.0/locale:43,
                 from /stanley/genetics/users/wzhou/.conda/envs/RSAIGE/x86_64-conda-linux-gnu/include/c++/10.3.0/iomanip:43,
                 from /stanley/genetics/users/wzhou/.conda/envs/RSAIGE/lib/R/library/Rcpp/include/RcppCommon.h:53,
                 from /stanley/genetics/users/wzhou/.conda/envs/RSAIGE/lib/R/library/RcppArmadillo/include/RcppArmadilloForward.h:25,
                 from /stanley/genetics/users/wzhou/.conda/envs/RSAIGE/lib/R/library/RcppArmadillo/include/RcppArmadillo.h:29,
                 from SAIGE_test.cpp:6:
/stanley/genetics/users/wzhou/.conda/envs/RSAIGE/x86_64-conda-linux-gnu/include/c++/10.3.0/bits/unique_ptr.h:57:28: note: declared here
   57 |   template<typename> class auto_ptr;
      |                            ^~~~~~~~
In file included from /stanley/genetics/users/wzhou/.conda/envs/RSAIGE/lib/R/library/BH/include/boost/shared_ptr.hpp:17,
                 from /stanley/genetics/users/wzhou/.conda/envs/RSAIGE/lib/R/library/BH/include/boost/iostreams/filter/symmetric.hpp:61,
                 from /stanley/genetics/users/wzhou/.conda/envs/RSAIGE/lib/R/library/BH/include/boost/iostreams/filter/zstd.hpp:27,
                 from SAIGE_test.cpp:19:
/stanley/genetics/users/wzhou/.conda/envs/RSAIGE/lib/R/library/BH/include/boost/smart_ptr/shared_ptr.hpp:520:22: warning: 'template<class> class std::auto_ptr' is deprecated [-Wdeprecated-declarations]
  520 |     shared_ptr( std::auto_ptr<Y> && r ): px(r.get()), pn()
      |                      ^~~~~~~~
In file included from /stanley/genetics/users/wzhou/.conda/envs/RSAIGE/x86_64-conda-linux-gnu/include/c++/10.3.0/bits/locale_conv.h:41,
                 from /stanley/genetics/users/wzhou/.conda/envs/RSAIGE/x86_64-conda-linux-gnu/include/c++/10.3.0/locale:43,
                 from /stanley/genetics/users/wzhou/.conda/envs/RSAIGE/x86_64-conda-linux-gnu/include/c++/10.3.0/iomanip:43,
                 from /stanley/genetics/users/wzhou/.conda/envs/RSAIGE/lib/R/library/Rcpp/include/RcppCommon.h:53,
                 from /stanley/genetics/users/wzhou/.conda/envs/RSAIGE/lib/R/library/RcppArmadillo/include/RcppArmadilloForward.h:25,
                 from /stanley/genetics/users/wzhou/.conda/envs/RSAIGE/lib/R/library/RcppArmadillo/include/RcppArmadillo.h:29,
                 from SAIGE_test.cpp:6:
/stanley/genetics/users/wzhou/.conda/envs/RSAIGE/x86_64-conda-linux-gnu/include/c++/10.3.0/bits/unique_ptr.h:57:28: note: declared here
   57 |   template<typename> class auto_ptr;
      |                            ^~~~~~~~
In file included from /stanley/genetics/users/wzhou/.conda/envs/RSAIGE/lib/R/library/BH/include/boost/shared_ptr.hpp:17,
                 from /stanley/genetics/users/wzhou/.conda/envs/RSAIGE/lib/R/library/BH/include/boost/iostreams/filter/symmetric.hpp:61,
                 from /stanley/genetics/users/wzhou/.conda/envs/RSAIGE/lib/R/library/BH/include/boost/iostreams/filter/zstd.hpp:27,
                 from SAIGE_test.cpp:19:
/stanley/genetics/users/wzhou/.conda/envs/RSAIGE/lib/R/library/BH/include/boost/smart_ptr/shared_ptr.hpp:603:34: warning: 'template<class> class std::auto_ptr' is deprecated [-Wdeprecated-declarations]
  603 |     shared_ptr & operator=( std::auto_ptr<Y> & r )
      |                                  ^~~~~~~~
In file included from /stanley/genetics/users/wzhou/.conda/envs/RSAIGE/x86_64-conda-linux-gnu/include/c++/10.3.0/bits/locale_conv.h:41,
                 from /stanley/genetics/users/wzhou/.conda/envs/RSAIGE/x86_64-conda-linux-gnu/include/c++/10.3.0/locale:43,
                 from /stanley/genetics/users/wzhou/.conda/envs/RSAIGE/x86_64-conda-linux-gnu/include/c++/10.3.0/iomanip:43,
                 from /stanley/genetics/users/wzhou/.conda/envs/RSAIGE/lib/R/library/Rcpp/include/RcppCommon.h:53,
                 from /stanley/genetics/users/wzhou/.conda/envs/RSAIGE/lib/R/library/RcppArmadillo/include/RcppArmadilloForward.h:25,
                 from /stanley/genetics/users/wzhou/.conda/envs/RSAIGE/lib/R/library/RcppArmadillo/include/RcppArmadillo.h:29,
                 from SAIGE_test.cpp:6:
/stanley/genetics/users/wzhou/.conda/envs/RSAIGE/x86_64-conda-linux-gnu/include/c++/10.3.0/bits/unique_ptr.h:57:28: note: declared here
   57 |   template<typename> class auto_ptr;
      |                            ^~~~~~~~
In file included from /stanley/genetics/users/wzhou/.conda/envs/RSAIGE/lib/R/library/BH/include/boost/shared_ptr.hpp:17,
                 from /stanley/genetics/users/wzhou/.conda/envs/RSAIGE/lib/R/library/BH/include/boost/iostreams/filter/symmetric.hpp:61,
                 from /stanley/genetics/users/wzhou/.conda/envs/RSAIGE/lib/R/library/BH/include/boost/iostreams/filter/zstd.hpp:27,
                 from SAIGE_test.cpp:19:
/stanley/genetics/users/wzhou/.conda/envs/RSAIGE/lib/R/library/BH/include/boost/smart_ptr/shared_ptr.hpp:612:34: warning: 'template<class> class std::auto_ptr' is deprecated [-Wdeprecated-declarations]
  612 |     shared_ptr & operator=( std::auto_ptr<Y> && r )
      |                                  ^~~~~~~~
In file included from /stanley/genetics/users/wzhou/.conda/envs/RSAIGE/x86_64-conda-linux-gnu/include/c++/10.3.0/bits/locale_conv.h:41,
                 from /stanley/genetics/users/wzhou/.conda/envs/RSAIGE/x86_64-conda-linux-gnu/include/c++/10.3.0/locale:43,
                 from /stanley/genetics/users/wzhou/.conda/envs/RSAIGE/x86_64-conda-linux-gnu/include/c++/10.3.0/iomanip:43,
                 from /stanley/genetics/users/wzhou/.conda/envs/RSAIGE/lib/R/library/Rcpp/include/RcppCommon.h:53,
                 from /stanley/genetics/users/wzhou/.conda/envs/RSAIGE/lib/R/library/RcppArmadillo/include/RcppArmadilloForward.h:25,
                 from /stanley/genetics/users/wzhou/.conda/envs/RSAIGE/lib/R/library/RcppArmadillo/include/RcppArmadillo.h:29,
                 from SAIGE_test.cpp:6:
/stanley/genetics/users/wzhou/.conda/envs/RSAIGE/x86_64-conda-linux-gnu/include/c++/10.3.0/bits/unique_ptr.h:57:28: note: declared here
   57 |   template<typename> class auto_ptr;
      |                            ^~~~~~~~
In file included from /stanley/genetics/users/wzhou/.conda/envs/RSAIGE/lib/R/library/BH/include/boost/shared_ptr.hpp:17,
                 from /stanley/genetics/users/wzhou/.conda/envs/RSAIGE/lib/R/library/BH/include/boost/iostreams/filter/symmetric.hpp:61,
                 from /stanley/genetics/users/wzhou/.conda/envs/RSAIGE/lib/R/library/BH/include/boost/iostreams/filter/zstd.hpp:27,
                 from SAIGE_test.cpp:19:
/stanley/genetics/users/wzhou/.conda/envs/RSAIGE/lib/R/library/BH/include/boost/smart_ptr/shared_ptr.hpp: In member function 'boost::shared_ptr<T>& boost::shared_ptr<T>::operator=(std::auto_ptr<_Up>&&)':
/stanley/genetics/users/wzhou/.conda/envs/RSAIGE/lib/R/library/BH/include/boost/smart_ptr/shared_ptr.hpp:614:38: warning: 'template<class> class std::auto_ptr' is deprecated [-Wdeprecated-declarations]
  614 |         this_type( static_cast< std::auto_ptr<Y> && >( r ) ).swap( *this );
      |                                      ^~~~~~~~
In file included from /stanley/genetics/users/wzhou/.conda/envs/RSAIGE/x86_64-conda-linux-gnu/include/c++/10.3.0/bits/locale_conv.h:41,
                 from /stanley/genetics/users/wzhou/.conda/envs/RSAIGE/x86_64-conda-linux-gnu/include/c++/10.3.0/locale:43,
                 from /stanley/genetics/users/wzhou/.conda/envs/RSAIGE/x86_64-conda-linux-gnu/include/c++/10.3.0/iomanip:43,
                 from /stanley/genetics/users/wzhou/.conda/envs/RSAIGE/lib/R/library/Rcpp/include/RcppCommon.h:53,
                 from /stanley/genetics/users/wzhou/.conda/envs/RSAIGE/lib/R/library/RcppArmadillo/include/RcppArmadilloForward.h:25,
                 from /stanley/genetics/users/wzhou/.conda/envs/RSAIGE/lib/R/library/RcppArmadillo/include/RcppArmadillo.h:29,
                 from SAIGE_test.cpp:6:
/stanley/genetics/users/wzhou/.conda/envs/RSAIGE/x86_64-conda-linux-gnu/include/c++/10.3.0/bits/unique_ptr.h:57:28: note: declared here
   57 |   template<typename> class auto_ptr;
      |                            ^~~~~~~~
In file included from /stanley/genetics/users/wzhou/.conda/envs/RSAIGE/lib/R/library/BH/include/boost/bind/mem_fn.hpp:25,
                 from /stanley/genetics/users/wzhou/.conda/envs/RSAIGE/lib/R/library/BH/include/boost/mem_fn.hpp:22,
                 from /stanley/genetics/users/wzhou/.conda/envs/RSAIGE/lib/R/library/BH/include/boost/function/detail/prologue.hpp:18,
                 from /stanley/genetics/users/wzhou/.conda/envs/RSAIGE/lib/R/library/BH/include/boost/function.hpp:30,
                 from /stanley/genetics/users/wzhou/.conda/envs/RSAIGE/lib/R/library/BH/include/boost/algorithm/string/detail/find_iterator.hpp:18,
                 from /stanley/genetics/users/wzhou/.conda/envs/RSAIGE/lib/R/library/BH/include/boost/algorithm/string/find_iterator.hpp:24,
                 from /stanley/genetics/users/wzhou/.conda/envs/RSAIGE/lib/R/library/BH/include/boost/algorithm/string/iter_find.hpp:27,
                 from /stanley/genetics/users/wzhou/.conda/envs/RSAIGE/lib/R/library/BH/include/boost/algorithm/string/split.hpp:16,
                 from /stanley/genetics/users/wzhou/.conda/envs/RSAIGE/lib/R/library/BH/include/boost/algorithm/string.hpp:23,
                 from /stanley/genetics/users/wzhou/.conda/envs/RSAIGE/lib/R/library/BH/include/boost/date_time/tz_db_base.hpp:24,
                 from /stanley/genetics/users/wzhou/.conda/envs/RSAIGE/lib/R/library/BH/include/boost/date_time/local_time/tz_database.hpp:14,
                 from /stanley/genetics/users/wzhou/.conda/envs/RSAIGE/lib/R/library/BH/include/boost/date_time/local_time/local_time.hpp:19,
                 from /stanley/genetics/users/wzhou/.conda/envs/RSAIGE/lib/R/library/BH/include/boost/date_time.hpp:15,
                 from SAIGE_test.cpp:20:
/stanley/genetics/users/wzhou/.conda/envs/RSAIGE/lib/R/library/BH/include/boost/get_pointer.hpp: At global scope:
/stanley/genetics/users/wzhou/.conda/envs/RSAIGE/lib/R/library/BH/include/boost/get_pointer.hpp:48:40: warning: 'template<class> class std::auto_ptr' is deprecated [-Wdeprecated-declarations]
   48 | template<class T> T * get_pointer(std::auto_ptr<T> const& p)
      |                                        ^~~~~~~~
In file included from /stanley/genetics/users/wzhou/.conda/envs/RSAIGE/x86_64-conda-linux-gnu/include/c++/10.3.0/bits/locale_conv.h:41,
                 from /stanley/genetics/users/wzhou/.conda/envs/RSAIGE/x86_64-conda-linux-gnu/include/c++/10.3.0/locale:43,
                 from /stanley/genetics/users/wzhou/.conda/envs/RSAIGE/x86_64-conda-linux-gnu/include/c++/10.3.0/iomanip:43,
                 from /stanley/genetics/users/wzhou/.conda/envs/RSAIGE/lib/R/library/Rcpp/include/RcppCommon.h:53,
                 from /stanley/genetics/users/wzhou/.conda/envs/RSAIGE/lib/R/library/RcppArmadillo/include/RcppArmadilloForward.h:25,
                 from /stanley/genetics/users/wzhou/.conda/envs/RSAIGE/lib/R/library/RcppArmadillo/include/RcppArmadillo.h:29,
                 from SAIGE_test.cpp:6:
/stanley/genetics/users/wzhou/.conda/envs/RSAIGE/x86_64-conda-linux-gnu/include/c++/10.3.0/bits/unique_ptr.h:57:28: note: declared here
   57 |   template<typename> class auto_ptr;
      |                            ^~~~~~~~
SAIGE_test.cpp: In member function 'void SAIGE::SAIGEClass::scoreTest(arma::vec&, double&, double&, std::string&, double, double&, double&, double&, arma::vec&, arma::vec&, double&, bool, arma::uvec&, double&)':
SAIGE_test.cpp:215:29: warning: unused parameter 't_altFreq' [-Wunused-parameter]
  215 |                      double t_altFreq,
      |                      ~~~~~~~^~~~~~~~~
SAIGE_test.cpp: In member function 'void SAIGE::SAIGEClass::scoreTestFast(arma::vec&, arma::uvec&, double&, double&, std::string&, double, double&, double&, double&, double&)':
SAIGE_test.cpp:314:29: warning: unused parameter 't_altFreq' [-Wunused-parameter]
  314 |                      double t_altFreq,
      |                      ~~~~~~~^~~~~~~~~
SAIGE_test.cpp: In member function 'void SAIGE::SAIGEClass::scoreTestFast_noadjCov(arma::vec&, arma::uvec&, double&, double&, std::string&, double, double&, double&, double&)':
SAIGE_test.cpp:401:35: warning: unused parameter 't_indexForNonZero' [-Wunused-parameter]
  401 |                      arma::uvec & t_indexForNonZero,
      |                      ~~~~~~~~~~~~~^~~~~~~~~~~~~~~~~
SAIGE_test.cpp:405:29: warning: unused parameter 't_altFreq' [-Wunused-parameter]
  405 |                      double t_altFreq,
      |                      ~~~~~~~^~~~~~~~~
SAIGE_test.cpp: In member function 'void SAIGE::SAIGEClass::scoreTestFast_noadjCov_multiTrait(arma::vec&, arma::uvec&, double&, double&, std::string&, double, double&, double&, double&)':
SAIGE_test.cpp:460:35: warning: unused parameter 't_indexForNonZero' [-Wunused-parameter]
  460 |                      arma::uvec & t_indexForNonZero,
      |                      ~~~~~~~~~~~~~^~~~~~~~~~~~~~~~~
SAIGE_test.cpp:464:29: warning: unused parameter 't_altFreq' [-Wunused-parameter]
  464 |                      double t_altFreq,
      |                      ~~~~~~~^~~~~~~~~
SAIGE_test.cpp: In member function 'void SAIGE::SAIGEClass::getadjGFast(arma::vec&, arma::vec&, arma::uvec&)':
SAIGE_test.cpp:549:20: warning: comparison of integer expressions of different signedness: 'int' and 'const uword' {aka 'const long long unsigned int'} [-Wsign-compare]
  549 |   for(int i = 0; i < indexNonZeroVec0_arma.n_elem; i++){
      |                  ~~^~~~~~~~~~~~~~~~~~~~~~~~~~~~~~
SAIGE_test.cpp: In member function 'void SAIGE::SAIGEClass::getMarkerPval(arma::vec&, arma::uvec&, arma::uvec&, double&, double&, double&, double&, double, double&, double&, double&, bool&, arma::vec&, bool&, bool, arma::vec&, bool, double&, double&, double&, double&, double&, double&, arma::rowvec&, bool&, bool&, bool, bool, bool)':
SAIGE_test.cpp:652:15: warning: unused variable 'nonzero' [-Wunused-variable]
  652 |  unsigned int nonzero = indexNonZeroVec0_arma.n_elem;
      |               ^~~~~~~
SAIGE_test.cpp:653:15: warning: unused variable 'nGvec' [-Wunused-variable]
  653 |  unsigned int nGvec = t_GVec0.n_elem;
      |               ^~~~~
SAIGE_test.cpp:666:15: warning: unused variable 'nonzero' [-Wunused-variable]
  666 |  unsigned int nonzero = iIndex.n_elem;
      |               ^~~~~~~
SAIGE_test.cpp:667:15: warning: unused variable 'nGvec' [-Wunused-variable]
  667 |  unsigned int nGvec = t_GVec.n_elem;
      |               ^~~~~
SAIGE_test.cpp:716:9: warning: variable 'hasVarRatio' set but not used [-Wunused-but-set-variable]
  716 |    bool hasVarRatio;
      |         ^~~~~~~~~~~
SAIGE_test.cpp:761:16: warning: unused variable 'j1' [-Wunused-variable]
  761 |   unsigned int j1 = 0;
      |                ^~
SAIGE_test.cpp:762:16: warning: unused variable 'j2' [-Wunused-variable]
  762 |   unsigned int j2 = 0;
      |                ^~
SAIGE_test.cpp:903:19: warning: suggest parentheses around comparison in operand of '&' [-Wparentheses]
  903 |    if(m_traitType == "binary" & m_is_Firth_beta & t_pval <= m_pCutoffforFirth){
      |       ~~~~~~~~~~~~^~~~~~~~~~~
SAIGE_test.cpp:903:58: warning: suggest parentheses around comparison in operand of '&' [-Wparentheses]
  903 |    if(m_traitType == "binary" & m_is_Firth_beta & t_pval <= m_pCutoffforFirth){
      |                                                   ~~~~~~~^~~~~~~~~~~~~~~~~~~~
SAIGE_test.cpp: In member function 'void SAIGE::SAIGEClass::fast_logistf_fit_simple(arma::mat&, arma::vec&, arma::vec&, bool, arma::vec, int, int, int, double, double, double, double&, double&, bool&)':
SAIGE_test.cpp:1381:13: warning: unused parameter 'maxhs' [-Wunused-parameter]
 1381 |         int maxhs,
      |         ~~~~^~~~~
SAIGE_test.cpp:1382:16: warning: unused parameter 'lconv' [-Wunused-parameter]
 1382 |         double lconv,
      |         ~~~~~~~^~~~~
SAIGE_test.cpp: In member function 'arma::vec SAIGE::SAIGEClass::getDiagOfSigma_V()':
SAIGE_test.cpp:1523:32: warning: comparison of integer expressions of different signedness: 'unsigned int' and 'int' [-Wsign-compare]
 1523 |         for(unsigned int i=0; i< Nnomissing; i++){
      |                               ~^~~~~~~~~~~~
SAIGE_test.cpp:1479:9: warning: unused variable 'tauVal0' [-Wunused-variable]
 1479 |  double tauVal0 = m_tauvec(0);
      |         ^~~~~~~
SAIGE_test.cpp: In member function 'arma::vec SAIGE::SAIGEClass::getCrossprod_V(arma::vec&)':
SAIGE_test.cpp:1542:9: warning: unused variable 'tauVal0' [-Wunused-variable]
 1542 |  double tauVal0 = m_tauvec(0);
      |         ^~~~~~~
SAIGE_test.cpp: In member function 'void SAIGE::SAIGEClass::getMarkerPval_multi(arma::mat&, arma::vec&, arma::vec&, std::vector<double>&, std::vector<double>&, std::vector<double>&, std::vector<double>&, std::vector<double>&, std::vector<double>&, std::vector<std::__cxx11::basic_string<char> >&)':
SAIGE_test.cpp:1986:22: warning: comparison of integer expressions of different signedness: 'int' and 'const uword' {aka 'const long long unsigned int'} [-Wsign-compare]
 1986 |     for(int i = 0; i < t_SPAind_vec.n_elem; i++){
      |                    ~~^~~~~~~~~~~~~~~~~~~~~
SAIGE_test.cpp:1957:44: warning: variable 'p_iIndexComVecSize' set but not used [-Wunused-but-set-variable]
 1957 |   double q, qinv, m1, NAmu, NAsigma, tol1, p_iIndexComVecSize;
      |                                            ^~~~~~~~~~~~~~~~~~
SAIGE_test.cpp:1961:54: warning: unused variable 't_altFreq0_val' [-Wunused-variable]
 1961 |   double gmuNB, t_SPApval, t_Beta_val, t_seBeta_val, t_altFreq0_val, t_Tstat_val, t_var1_val, t_var2_val, t_pval_val;
      |                                                      ^~~~~~~~~~~~~~
SAIGE_test.cpp:1961:70: warning: unused variable 't_Tstat_val' [-Wunused-variable]
 1961 |   double gmuNB, t_SPApval, t_Beta_val, t_seBeta_val, t_altFreq0_val, t_Tstat_val, t_var1_val, t_var2_val, t_pval_val;
      |                                                                      ^~~~~~~~~~~
SAIGE_test.cpp:1961:83: warning: unused variable 't_var1_val' [-Wunused-variable]
 1961 |   double gmuNB, t_SPApval, t_Beta_val, t_seBeta_val, t_altFreq0_val, t_Tstat_val, t_var1_val, t_var2_val, t_pval_val;
      |                                                                                   ^~~~~~~~~~
SAIGE_test.cpp:1961:95: warning: unused variable 't_var2_val' [-Wunused-variable]
 1961 |   double gmuNB, t_SPApval, t_Beta_val, t_seBeta_val, t_altFreq0_val, t_Tstat_val, t_var1_val, t_var2_val, t_pval_val;
      |                                                                                               ^~~~~~~~~~
SAIGE_test.cpp:1966:8: warning: variable 'hasVarRatio' set but not used [-Wunused-but-set-variable]
 1966 |   bool hasVarRatio;
      |        ^~~~~~~~~~~
SAIGE_test.cpp: In member function 'void SAIGE::SAIGEClass::scoreTest_multi(arma::mat&, arma::vec&, arma::vec&, std::vector<std::__cxx11::basic_string<char> >&, arma::vec&, arma::vec&, arma::vec&, arma::vec&, arma::mat&, arma::vec&, arma::vec&, bool)':
SAIGE_test.cpp:2253:19: warning: comparison of integer expressions of different signedness: 'int' and 'const uword' {aka 'const long long unsigned int'} [-Wsign-compare]
 2253 |  for(int i = 0; i < t_GMat_tilde.n_cols; i++){
      |                 ~~^~~~~~~~~~~~~~~~~~~~~
SAIGE_test.cpp:2280:20: warning: comparison of integer expressions of different signedness: 'int' and 'const uword' {aka 'const long long unsigned int'} [-Wsign-compare]
 2280 |   for(int i = 0; i < t_GMat_tilde.n_cols; i++){
      |                  ~~^~~~~~~~~~~~~~~~~~~~~
SAIGE_test.cpp:2218:12: warning: unused variable 'var2' [-Wunused-variable]
 2218 |     double var2;
      |            ^~~~
SAIGE_test.cpp:2233:16: warning: variable 'varRatioVal_var2' set but not used [-Wunused-but-set-variable]
 2233 |         double varRatioVal_var2 = m_varRatioVal;
      |                ^~~~~~~~~~~~~~~~
SAIGE_test.cpp:2212:34: warning: unused parameter 't_var2_vec' [-Wunused-parameter]
 2212 |                      arma::vec & t_var2_vec,
      |                      ~~~~~~~~~~~~^~~~~~~~~~
SAIGE_test.cpp: In member function 'void SAIGE::SAIGEClass::assign_for_trait_i(unsigned int)':
SAIGE_test.cpp:2340:22: warning: unused variable 'endip' [-Wunused-variable]
 2340 |         unsigned int endip = startip + m_p - 1;
      |                      ^~~~~
SAIGE_test.cpp:2342:22: warning: unused variable 'endin' [-Wunused-variable]
 2342 |         unsigned int endin = startin + m_n - 1;
      |                      ^~~~~
SAIGE_test.cpp: In member function 'void SAIGE::SAIGEClass::getMarkerPval_gxe(arma::vec&, arma::uvec&, arma::uvec&, double&, double&, double&, double&, double, double&, double&, double&, bool&, arma::vec&, bool&, bool, arma::vec&, bool, double&, double&, double&, double&, double&, double&, arma::rowvec&, bool&, bool&, bool, bool, bool)':
SAIGE_test.cpp:2437:18: warning: unused variable 't_SPApval' [-Wunused-variable]
 2437 |   double t_var2, t_SPApval;
      |                  ^~~~~~~~~
SAIGE_test.cpp:2438:10: warning: unused variable 'altFreq0' [-Wunused-variable]
 2438 |   double altFreq0;
      |          ^~~~~~~~
SAIGE_test.cpp:2534:8: warning: unused variable 'q' [-Wunused-variable]
 2534 | double q, qinv, m1, NAmu, NAsigma, tol1, p_iIndexComVecSize;
      |        ^
SAIGE_test.cpp:2534:11: warning: unused variable 'qinv' [-Wunused-variable]
 2534 | double q, qinv, m1, NAmu, NAsigma, tol1, p_iIndexComVecSize;
      |           ^~~~
SAIGE_test.cpp:2534:17: warning: unused variable 'm1' [-Wunused-variable]
 2534 | double q, qinv, m1, NAmu, NAsigma, tol1, p_iIndexComVecSize;
      |                 ^~
SAIGE_test.cpp:2534:21: warning: unused variable 'NAmu' [-Wunused-variable]
 2534 | double q, qinv, m1, NAmu, NAsigma, tol1, p_iIndexComVecSize;
      |                     ^~~~
SAIGE_test.cpp:2534:27: warning: unused variable 'NAsigma' [-Wunused-variable]
 2534 | double q, qinv, m1, NAmu, NAsigma, tol1, p_iIndexComVecSize;
      |                           ^~~~~~~
SAIGE_test.cpp:2534:36: warning: unused variable 'tol1' [-Wunused-variable]
 2534 | double q, qinv, m1, NAmu, NAsigma, tol1, p_iIndexComVecSize;
      |                                    ^~~~
SAIGE_test.cpp:2534:42: warning: unused variable 'p_iIndexComVecSize' [-Wunused-variable]
 2534 | double q, qinv, m1, NAmu, NAsigma, tol1, p_iIndexComVecSize;
      |                                          ^~~~~~~~~~~~~~~~~~
SAIGE_test.cpp:2536:10: warning: unused variable 'gmuNB' [-Wunused-variable]
 2536 |   double gmuNB;;
      |          ^~~~~
SAIGE_test.cpp:2412:40: warning: unused parameter 't_pval_noSPA' [-Wunused-parameter]
 2412 |                                double& t_pval_noSPA,
      |                                ~~~~~~~~^~~~~~~~~~~~
SAIGE_test.cpp:2417:39: warning: unused parameter 't_isSPAConverge' [-Wunused-parameter]
 2417 |                                bool & t_isSPAConverge,
      |                                ~~~~~~~^~~~~~~~~~~~~~~
SAIGE_test.cpp:2422:37: warning: unused parameter 't_isCondition' [-Wunused-parameter]
 2422 |                                bool t_isCondition,
      |                                ~~~~~^~~~~~~~~~~~~
SAIGE_test.cpp:2430:40: warning: unused parameter 't_isFirth' [-Wunused-parameter]
 2430 |                                 bool & t_isFirth,
      |                                 ~~~~~~~^~~~~~~~~
SAIGE_test.cpp:2431:40: warning: unused parameter 't_isFirthConverge' [-Wunused-parameter]
 2431 |                                 bool & t_isFirthConverge,
      |                                 ~~~~~~~^~~~~~~~~~~~~~~~~
SAIGE_test.cpp:2432:38: warning: unused parameter 't_isER' [-Wunused-parameter]
 2432 |                                 bool t_isER,
      |                                 ~~~~~^~~~~~
SAIGE_test.cpp:2433:38: warning: unused parameter 't_isnoadjCov' [-Wunused-parameter]
 2433 |                                 bool t_isnoadjCov,
      |                                 ~~~~~^~~~~~~~~~~~
SAIGE_test.cpp:2434:38: warning: unused parameter 't_isSparseGRM' [-Wunused-parameter]
 2434 |                                 bool t_isSparseGRM){
      |                                 ~~~~~^~~~~~~~~~~~~
SAIGE_test.cpp: In member function 'void SAIGE::SAIGEClass::getadjGFast_gxe(arma::vec&, arma::vec&, arma::uvec&)':
SAIGE_test.cpp:2624:20: warning: comparison of integer expressions of different signedness: 'int' and 'const uword' {aka 'const long long unsigned int'} [-Wsign-compare]
 2624 |   for(int i = 0; i < indexNonZeroVec0_arma.n_elem; i++){
      |                  ~~^~~~~~~~~~~~~~~~~~~~~~~~~~~~~~
SAIGE_test.cpp: In member function 'void SAIGE::SAIGEClass::scoreTest_gxe(arma::vec&, double&, double&, std::string&, double, double&, double&, double&, arma::vec&, arma::vec&, double&, bool, arma::uvec&, double&)':
SAIGE_test.cpp:2635:35: warning: unused parameter 't_pval_str' [-Wunused-parameter]
 2635 |                      std::string& t_pval_str,
      |                      ~~~~~~~~~~~~~^~~~~~~~~~
SAIGE_test.cpp:2636:29: warning: unused parameter 't_altFreq' [-Wunused-parameter]
 2636 |                      double t_altFreq,
      |                      ~~~~~~~^~~~~~~~~
SAIGE_test.cpp: In member function 'void SAIGE::SAIGEClass::scoreTestFast_gxe(arma::vec&, arma::uvec&, double&, double&, std::string&, double, double&, double&, double&, double&)':
SAIGE_test.cpp:2736:29: warning: unused parameter 't_altFreq' [-Wunused-parameter]
 2736 |                      double t_altFreq,
      |                      ~~~~~~~^~~~~~~~~
SAIGE_test.cpp:2785:10: warning: 'var2' may be used uninitialized in this function [-Wmaybe-uninitialized]
 2785 |     var1 = var2 * m_varRatioVal;
      |     ~~~~~^~~~~~~~~~~~~~~~~~~~~~
SAIGE_test.cpp: In member function 'void SAIGE::SAIGEClass::scoreTestFast(arma::vec&, arma::uvec&, double&, double&, std::string&, double, double&, double&, double&, double&)':
SAIGE_test.cpp:348:10: warning: 'var2' may be used uninitialized in this function [-Wmaybe-uninitialized]
  348 |     var1 = var2 * m_varRatioVal;
      |     ~~~~~^~~~~~~~~~~~~~~~~~~~~~
SAIGE_test.cpp: In member function 'void SAIGE::SAIGEClass::getMarkerPval(arma::vec&, arma::uvec&, arma::uvec&, double&, double&, double&, double&, double, double&, double&, double&, bool&, arma::vec&, bool&, bool, arma::vec&, bool, double&, double&, double&, double&, double&, double&, arma::rowvec&, bool&, bool&, bool, bool, bool)':
SAIGE_test.cpp:657:17: warning: 'altFreq0' may be used uninitialized in this function [-Wmaybe-uninitialized]
  657 |    scoreTestFast(t_GVec0, indexNonZeroVec0_arma, t_Beta, t_seBeta, t_pval_str, altFreq0, t_Tstat, t_var1, t_var2, t_pval);
      |    ~~~~~~~~~~~~~^~~~~~~~~~~~~~~~~~~~~~~~~~~~~~~~~~~~~~~~~~~~~~~~~~~~~~~~~~~~~~~~~~~~~~~~~~~~~~~~~~~~~~~~~~~~~~~~~~~~~~~~~
SAIGE_test.cpp:1026:25: warning: 'pval_noadj_c' may be used uninitialized in this function [-Wmaybe-uninitialized]
 1026 |                 SPA_fast(m_mu_vec, t_gtilde, q_c, qinv_c, pval_noadj_c, false, gNA, gNB, muNA, muNB, NAmu, NAsigma, tol1, m_traitType, SPApval_c, t_isSPAConverge_c);
      |                 ~~~~~~~~^~~~~~~~~~~~~~~~~~~~~~~~~~~~~~~~~~~~~~~~~~~~~~~~~~~~~~~~~~~~~~~~~~~~~~~~~~~~~~~~~~~~~~~~~~~~~~~~~~~~~~~~~~~~~~~~~~~~~~~~~~~~~~~~~~~~~~~~~~~~
SAIGE_test.cpp:1030:20: warning: 'qinv_c' may be used uninitialized in this function [-Wmaybe-uninitialized]
 1030 |                 SPA(m_mu_vec, t_gtilde, q_c, qinv_c, pval_noadj_c, tol1, logp, m_traitType, SPApval_c, t_isSPAConverge_c);
      |                 ~~~^~~~~~~~~~~~~~~~~~~~~~~~~~~~~~~~~~~~~~~~~~~~~~~~~~~~~~~~~~~~~~~~~~~~~~~~~~~~~~~~~~~~~~~~~~~~~~~~~~~~~~
SAIGE_test.cpp:1030:20: warning: 'q_c' may be used uninitialized in this function [-Wmaybe-uninitialized]
SAIGE_test.cpp:1024:9: warning: 'p_iIndexComVecSize' may be used uninitialized in this function [-Wmaybe-uninitialized]
 1024 |         if(p_iIndexComVecSize >= 0.5){
      |         ^~
SAIGE_test.cpp:1026:25: warning: 'NAsigma' may be used uninitialized in this function [-Wmaybe-uninitialized]
 1026 |                 SPA_fast(m_mu_vec, t_gtilde, q_c, qinv_c, pval_noadj_c, false, gNA, gNB, muNA, muNB, NAmu, NAsigma, tol1, m_traitType, SPApval_c, t_isSPAConverge_c);
      |                 ~~~~~~~~^~~~~~~~~~~~~~~~~~~~~~~~~~~~~~~~~~~~~~~~~~~~~~~~~~~~~~~~~~~~~~~~~~~~~~~~~~~~~~~~~~~~~~~~~~~~~~~~~~~~~~~~~~~~~~~~~~~~~~~~~~~~~~~~~~~~~~~~~~~~
SAIGE_test.cpp:1026:25: warning: 'NAmu' may be used uninitialized in this function [-Wmaybe-uninitialized]
SAIGE_test.cpp:1012:32: warning: 'm1' may be used uninitialized in this function [-Wmaybe-uninitialized]
 1012 |                         qinv_c = -1 * std::abs(q_c-m1) + m1;
      |                         ~~~~~~~^~~~~~~~~~~~~~~~~~~~~~~~~~~~
SAIGE_test.cpp:806:18: warning: 'qinv' may be used uninitialized in this function [-Wmaybe-uninitialized]
  806 |          SPA_fast(mu_vec, t_gtilde, q, qinv, pval_noadj, logp, gNA, gNB, muNA, muNB, NAmu, NAsigma, tol1, m_traitType, t_SPApval, t_isSPAConverge);
      |          ~~~~~~~~^~~~~~~~~~~~~~~~~~~~~~~~~~~~~~~~~~~~~~~~~~~~~~~~~~~~~~~~~~~~~~~~~~~~~~~~~~~~~~~~~~~~~~~~~~~~~~~~~~~~~~~~~~~~~~~~~~~~~~~~~~~~~~~~~
SAIGE_test.cpp:806:18: warning: 'q' may be used uninitialized in this function [-Wmaybe-uninitialized]
SAIGE_test.cpp: In member function 'void SAIGE::SAIGEClass::getMarkerPval_multi(arma::mat&, arma::vec&, arma::vec&, std::vector<double>&, std::vector<double>&, std::vector<double>&, std::vector<double>&, std::vector<double>&, std::vector<double>&, std::vector<std::__cxx11::basic_string<char> >&)':
SAIGE_test.cpp:2049:17: warning: 'NAsigma' may be used uninitialized in this function [-Wmaybe-uninitialized]
 2049 |         SPA_fast(m_mu, t_gtilde, q, qinv, pval_noadj, logp, gNA, gNB, muNA, muNB, NAmu, NAsigma, tol1, m_traitType, t_SPApval, t_isSPAConverge);
      |         ~~~~~~~~^~~~~~~~~~~~~~~~~~~~~~~~~~~~~~~~~~~~~~~~~~~~~~~~~~~~~~~~~~~~~~~~~~~~~~~~~~~~~~~~~~~~~~~~~~~~~~~~~~~~~~~~~~~~~~~~~~~~~~~~~~~~~~~
SAIGE_test.cpp:2049:17: warning: 'qinv' may be used uninitialized in this function [-Wmaybe-uninitialized]
SAIGE_test.cpp:2049:17: warning: 'q' may be used uninitialized in this function [-Wmaybe-uninitialized]
x86_64-conda-linux-gnu-c++ -std=gnu++11 -shared -L/stanley/genetics/users/wzhou/.conda/envs/RSAIGE/lib/R/lib -Wl,-O2 -Wl,--sort-common -Wl,--as-needed -Wl,-z,relro -Wl,-z,now -Wl,--disable-new-dtags -Wl,--gc-sections -Wl,--allow-shlib-undefined -Wl,-rpath,/stanley/genetics/users/wzhou/.conda/envs/RSAIGE/lib -Wl,-rpath-link,/stanley/genetics/users/wzhou/.conda/envs/RSAIGE/lib -L/stanley/genetics/users/wzhou/.conda/envs/RSAIGE/lib -o SAIGE.so RcppExports.o GENO_null.o getMem.o VCF.o BGEN.o PLINK.o SAIGE_test.o SPA_binary.o SPA.o SPA_survival.o UTIL.o Main.o test.o CCT.o Binary_HyperGeo.o Binary_ComputeExact.o Binary_global.o Binary_ComputeExactSKATO.o Binary_resampling.o Binary_Permu_SKAT.o ER_binary_func.o LDmat.o SKATO.o qfc.o -llapack -lblas -lgfortran -lm -lquadmath -L../thirdParty/cget/lib/ -L../thirdParty/cget/lib64/ -lsuperlu -lzstd -L../lib64 -llapack -L/stanley/genetics/users/wzhou/.conda/envs/RSAIGE/lib/R/lib -lR
installing to /humgen/atgu1/fin/wzhou/projects/eQTL_method_dev/tool_dev/installs_test_2.1.2_gxe/SAIGE/libs
** R
** byte-compile and prepare package for lazy loading
** help
*** installing help indices
** building package indices
** testing if installed package can be loaded
* DONE (SAIGE)
